

================================================================
== Vivado HLS Report for 'myproject_axi'
================================================================
* Date:           Sat Apr  2 23:58:31 2022

* Version:        2019.2.1 (Build 2724168 on Thu Dec 05 05:19:09 MST 2019)
* Project:        myproject_prj
* Solution:       solution1
* Product family: zynq
* Target device:  xc7z020-clg400-1


================================================================
== Performance Estimates
================================================================
+ Timing: 
    * Summary: 
    +--------+---------+----------+------------+
    |  Clock |  Target | Estimated| Uncertainty|
    +--------+---------+----------+------------+
    |ap_clk  | 5.00 ns | 4.429 ns |   0.62 ns  |
    +--------+---------+----------+------------+

+ Latency: 
    * Summary: 
    +---------+---------+----------+----------+-------+-------+----------+
    |  Latency (cycles) |  Latency (absolute) |    Interval   | Pipeline |
    |   min   |   max   |    min   |    max   |  min  |  max  |   Type   |
    +---------+---------+----------+----------+-------+-------+----------+
    |    96019|    96170| 0.480 ms | 0.481 ms |  11266|  95949| dataflow |
    +---------+---------+----------+----------+-------+-------+----------+

    + Detail: 
        * Instance: 
        +-------------------+----------------+---------+---------+-----------+-----------+-------+-------+----------+
        |                   |                |  Latency (cycles) |   Latency (absolute)  |    Interval   | Pipeline |
        |      Instance     |     Module     |   min   |   max   |    min    |    max    |  min  |  max  |   Type   |
        +-------------------+----------------+---------+---------+-----------+-----------+-------+-------+----------+
        |myproject_U0       |myproject       |    96014|    96165|  0.480 ms |  0.481 ms |   4625|  95949| dataflow |
        |Loop_2_proc_U0     |Loop_2_proc     |    11265|    11265| 56.325 us | 56.325 us |  11265|  11265|   none   |
        |Loop_1_proc574_U0  |Loop_1_proc574  |     7169|     7169| 35.845 us | 35.845 us |   7169|   7169|   none   |
        +-------------------+----------------+---------+---------+-----------+-----------+-------+-------+----------+

        * Loop: 
        N/A



================================================================
== Utilization Estimates
================================================================
* Summary: 
+-----------------+---------+-------+--------+-------+-----+
|       Name      | BRAM_18K| DSP48E|   FF   |  LUT  | URAM|
+-----------------+---------+-------+--------+-------+-----+
|DSP              |        -|      -|       -|      -|    -|
|Expression       |        -|      -|       0|      2|    -|
|FIFO             |        4|      -|     137|    224|    -|
|Instance         |      285|    118|   53120|  35463|    -|
|Memory           |        -|      -|       -|      -|    -|
|Multiplexer      |        -|      -|       -|      -|    -|
|Register         |        -|      -|       -|      -|    -|
+-----------------+---------+-------+--------+-------+-----+
|Total            |      289|    118|   53257|  35689|    0|
+-----------------+---------+-------+--------+-------+-----+
|Available        |      280|    220|  106400|  53200|    0|
+-----------------+---------+-------+--------+-------+-----+
|Utilization (%)  |      103|     53|      50|     67|    0|
+-----------------+---------+-------+--------+-------+-----+

+ Detail: 
    * Instance: 
    +-------------------+----------------+---------+-------+-------+-------+-----+
    |      Instance     |     Module     | BRAM_18K| DSP48E|   FF  |  LUT  | URAM|
    +-------------------+----------------+---------+-------+-------+-------+-----+
    |Loop_1_proc574_U0  |Loop_1_proc574  |        0|      0|    877|   1019|    0|
    |Loop_2_proc_U0     |Loop_2_proc     |        0|      0|    829|   1079|    0|
    |myproject_U0       |myproject       |      285|    118|  51414|  33365|    0|
    +-------------------+----------------+---------+-------+-------+-------+-----+
    |Total              |                |      285|    118|  53120|  35463|    0|
    +-------------------+----------------+---------+-------+-------+-------+-----+

    * DSP48E: 
    N/A

    * Memory: 
    N/A

    * FIFO: 
    +------------------------+---------+----+----+-----+------+-----+---------+
    |          Name          | BRAM_18K| FF | LUT| URAM| Depth| Bits| Size:D*B|
    +------------------------+---------+----+----+-----+------+-----+---------+
    |in_local_V_data_0_V_U   |        2|  66|   0|    -|  1024|   32|    32768|
    |is_last_0_i_loc_c_U     |        0|   5|   0|    -|     3|    1|        3|
    |out_local_V_data_0_V_U  |        2|  66|   0|    -|  1024|   32|    32768|
    +------------------------+---------+----+----+-----+------+-----+---------+
    |Total                   |        4| 137|   0|    0|  2051|   65|    65539|
    +------------------------+---------+----+----+-----+------+-----+---------+

    * Expression: 
    +--------------------------------+----------+-------+---+----+------------+------------+
    |          Variable Name         | Operation| DSP48E| FF| LUT| Bitwidth P0| Bitwidth P1|
    +--------------------------------+----------+-------+---+----+------------+------------+
    |Loop_1_proc574_U0_start_full_n  |    and   |      0|  0|   2|           1|           1|
    +--------------------------------+----------+-------+---+----+------------+------------+
    |Total                           |          |      0|  0|   2|           1|           1|
    +--------------------------------+----------+-------+---+----+------------+------------+

    * Multiplexer: 
    N/A

    * Register: 
    N/A



================================================================
== Interface
================================================================
* Summary: 
+--------------+-----+-----+--------------+---------------+--------------+
|   RTL Ports  | Dir | Bits|   Protocol   | Source Object |    C Type    |
+--------------+-----+-----+--------------+---------------+--------------+
|in_r_TDATA    |  in |   32|     axis     |    in_data    |    pointer   |
|in_r_TVALID   |  in |    1|     axis     |    in_data    |    pointer   |
|in_r_TREADY   | out |    1|     axis     |    in_data    |    pointer   |
|in_r_TLAST    |  in |    1|     axis     |   in_last_V   |    pointer   |
|out_r_TDATA   | out |   32|     axis     |    out_data   |    pointer   |
|out_r_TLAST   | out |    1|     axis     |   out_last_V  |    pointer   |
|out_r_TVALID  | out |    1|     axis     |   out_last_V  |    pointer   |
|out_r_TREADY  |  in |    1|     axis     |   out_last_V  |    pointer   |
|ap_clk        |  in |    1| ap_ctrl_none | myproject_axi | return value |
|ap_rst_n      |  in |    1| ap_ctrl_none | myproject_axi | return value |
+--------------+-----+-----+--------------+---------------+--------------+

