

================================================================
== Vivado HLS Report for 'relu_array_array_ap_fixed_8u_relu_config18_s'
================================================================
* Date:           Sat Apr  2 23:58:24 2022

* Version:        2019.2.1 (Build 2724168 on Thu Dec 05 05:19:09 MST 2019)
* Project:        myproject_prj
* Solution:       solution1
* Product family: zynq
* Target device:  xc7z020-clg400-1


================================================================
== Performance Estimates
================================================================
+ Timing: 
    * Summary: 
    +--------+---------+----------+------------+
    |  Clock |  Target | Estimated| Uncertainty|
    +--------+---------+----------+------------+
    |ap_clk  | 5.00 ns | 3.171 ns |   0.62 ns  |
    +--------+---------+----------+------------+

+ Latency: 
    * Summary: 
    +---------+---------+----------+----------+-----+-----+---------+
    |  Latency (cycles) |  Latency (absolute) |  Interval | Pipeline|
    |   min   |   max   |    min   |    max   | min | max |   Type  |
    +---------+---------+----------+----------+-----+-----+---------+
    |      260|      260| 1.300 us | 1.300 us |  260|  260|   none  |
    +---------+---------+----------+----------+-----+-----+---------+

    + Detail: 
        * Instance: 
        N/A

        * Loop: 
        +---------------+---------+---------+----------+-----------+-----------+------+----------+
        |               |  Latency (cycles) | Iteration|  Initiation Interval  | Trip |          |
        |   Loop Name   |   min   |   max   |  Latency |  achieved |   target  | Count| Pipelined|
        +---------------+---------+---------+----------+-----------+-----------+------+----------+
        |- ReLUActLoop  |      258|      258|         4|          1|          1|   256|    yes   |
        +---------------+---------+---------+----------+-----------+-----------+------+----------+



================================================================
== Utilization Estimates
================================================================
* Summary: 
+-----------------+---------+-------+--------+-------+-----+
|       Name      | BRAM_18K| DSP48E|   FF   |  LUT  | URAM|
+-----------------+---------+-------+--------+-------+-----+
|DSP              |        -|      -|       -|      -|    -|
|Expression       |        -|      -|       0|    444|    -|
|FIFO             |        -|      -|       -|      -|    -|
|Instance         |        -|      -|       -|      -|    -|
|Memory           |        -|      -|       -|      -|    -|
|Multiplexer      |        -|      -|       -|    210|    -|
|Register         |        0|      -|     595|     32|    -|
+-----------------+---------+-------+--------+-------+-----+
|Total            |        0|      0|     595|    686|    0|
+-----------------+---------+-------+--------+-------+-----+
|Available        |      280|    220|  106400|  53200|    0|
+-----------------+---------+-------+--------+-------+-----+
|Utilization (%)  |        0|      0|   ~0   |      1|    0|
+-----------------+---------+-------+--------+-------+-----+

+ Detail: 
    * Instance: 
    N/A

    * DSP48E: 
    N/A

    * Memory: 
    N/A

    * FIFO: 
    N/A

    * Expression: 
    +----------------------------------+----------+-------+---+----+------------+------------+
    |           Variable Name          | Operation| DSP48E| FF| LUT| Bitwidth P0| Bitwidth P1|
    +----------------------------------+----------+-------+---+----+------------+------------+
    |i_fu_139_p2                       |     +    |      0|  0|  15|           9|           1|
    |ap_block_state3_pp0_stage0_iter1  |    and   |      0|  0|   2|           1|           1|
    |ap_block_state5_pp0_stage0_iter3  |    and   |      0|  0|   2|           1|           1|
    |io_acc_block_signal_op29          |    and   |      0|  0|   2|           1|           1|
    |io_acc_block_signal_op57          |    and   |      0|  0|   2|           1|           1|
    |icmp_ln1494_1_fu_189_p2           |   icmp   |      0|  0|  18|          32|           1|
    |icmp_ln1494_2_fu_201_p2           |   icmp   |      0|  0|  18|          32|           1|
    |icmp_ln1494_3_fu_213_p2           |   icmp   |      0|  0|  18|          32|           1|
    |icmp_ln1494_4_fu_225_p2           |   icmp   |      0|  0|  18|          32|           1|
    |icmp_ln1494_5_fu_237_p2           |   icmp   |      0|  0|  18|          32|           1|
    |icmp_ln1494_6_fu_249_p2           |   icmp   |      0|  0|  18|          32|           1|
    |icmp_ln1494_7_fu_261_p2           |   icmp   |      0|  0|  18|          32|           1|
    |icmp_ln1494_fu_177_p2             |   icmp   |      0|  0|  18|          32|           1|
    |icmp_ln60_fu_133_p2               |   icmp   |      0|  0|  13|           9|          10|
    |ap_block_pp0_stage0_01001         |    or    |      0|  0|   2|           1|           1|
    |ap_block_state1                   |    or    |      0|  0|   2|           1|           1|
    |tmp_data_0_V_fu_182_p3            |  select  |      0|  0|  32|           1|          32|
    |tmp_data_1_V_fu_194_p3            |  select  |      0|  0|  32|           1|          32|
    |tmp_data_2_V_fu_206_p3            |  select  |      0|  0|  32|           1|          32|
    |tmp_data_3_V_fu_218_p3            |  select  |      0|  0|  32|           1|          32|
    |tmp_data_4_V_fu_230_p3            |  select  |      0|  0|  32|           1|          32|
    |tmp_data_5_V_fu_242_p3            |  select  |      0|  0|  32|           1|          32|
    |tmp_data_6_V_fu_254_p3            |  select  |      0|  0|  32|           1|          32|
    |tmp_data_7_V_fu_266_p3            |  select  |      0|  0|  32|           1|          32|
    |ap_enable_pp0                     |    xor   |      0|  0|   2|           1|           2|
    |ap_enable_reg_pp0_iter1           |    xor   |      0|  0|   2|           2|           1|
    +----------------------------------+----------+-------+---+----+------------+------------+
    |Total                             |          |      0|  0| 444|         291|         284|
    +----------------------------------+----------+-------+---+----+------------+------------+

    * Multiplexer: 
    +-------------------------+----+-----------+-----+-----------+
    |           Name          | LUT| Input Size| Bits| Total Bits|
    +-------------------------+----+-----------+-----+-----------+
    |ap_NS_fsm                |  21|          4|    1|          4|
    |ap_done                  |   9|          2|    1|          2|
    |ap_enable_reg_pp0_iter1  |   9|          2|    1|          2|
    |ap_enable_reg_pp0_iter3  |   9|          2|    1|          2|
    |data_V_data_0_V_blk_n    |   9|          2|    1|          2|
    |data_V_data_1_V_blk_n    |   9|          2|    1|          2|
    |data_V_data_2_V_blk_n    |   9|          2|    1|          2|
    |data_V_data_3_V_blk_n    |   9|          2|    1|          2|
    |data_V_data_4_V_blk_n    |   9|          2|    1|          2|
    |data_V_data_5_V_blk_n    |   9|          2|    1|          2|
    |data_V_data_6_V_blk_n    |   9|          2|    1|          2|
    |data_V_data_7_V_blk_n    |   9|          2|    1|          2|
    |i_0_reg_122              |   9|          2|    9|         18|
    |real_start               |   9|          2|    1|          2|
    |res_V_data_0_V_blk_n     |   9|          2|    1|          2|
    |res_V_data_1_V_blk_n     |   9|          2|    1|          2|
    |res_V_data_2_V_blk_n     |   9|          2|    1|          2|
    |res_V_data_3_V_blk_n     |   9|          2|    1|          2|
    |res_V_data_4_V_blk_n     |   9|          2|    1|          2|
    |res_V_data_5_V_blk_n     |   9|          2|    1|          2|
    |res_V_data_6_V_blk_n     |   9|          2|    1|          2|
    |res_V_data_7_V_blk_n     |   9|          2|    1|          2|
    +-------------------------+----+-----------+-----+-----------+
    |Total                    | 210|         46|   30|         62|
    +-------------------------+----+-----------+-----+-----------+

    * Register: 
    +-------------------------+----+----+-----+-----------+
    |           Name          | FF | LUT| Bits| Const Bits|
    +-------------------------+----+----+-----+-----------+
    |ap_CS_fsm                |   3|   0|    3|          0|
    |ap_done_reg              |   1|   0|    1|          0|
    |ap_enable_reg_pp0_iter0  |   1|   0|    1|          0|
    |ap_enable_reg_pp0_iter1  |   1|   0|    1|          0|
    |ap_enable_reg_pp0_iter2  |   1|   0|    1|          0|
    |ap_enable_reg_pp0_iter3  |   1|   0|    1|          0|
    |i_0_reg_122              |   9|   0|    9|          0|
    |icmp_ln60_reg_273        |   1|   0|    1|          0|
    |start_once_reg           |   1|   0|    1|          0|
    |tmp_data_0_V_reg_330     |  32|   0|   32|          0|
    |tmp_data_1_V_reg_335     |  32|   0|   32|          0|
    |tmp_data_2_V_reg_340     |  32|   0|   32|          0|
    |tmp_data_3_V_reg_345     |  32|   0|   32|          0|
    |tmp_data_4_V_reg_350     |  32|   0|   32|          0|
    |tmp_data_5_V_reg_355     |  32|   0|   32|          0|
    |tmp_data_6_V_reg_360     |  32|   0|   32|          0|
    |tmp_data_7_V_reg_365     |  32|   0|   32|          0|
    |tmp_data_V_0_reg_282     |  32|   0|   32|          0|
    |tmp_data_V_1_reg_288     |  32|   0|   32|          0|
    |tmp_data_V_2_reg_294     |  32|   0|   32|          0|
    |tmp_data_V_3_reg_300     |  32|   0|   32|          0|
    |tmp_data_V_4_reg_306     |  32|   0|   32|          0|
    |tmp_data_V_5_reg_312     |  32|   0|   32|          0|
    |tmp_data_V_6_reg_318     |  32|   0|   32|          0|
    |tmp_data_V_7_reg_324     |  32|   0|   32|          0|
    |icmp_ln60_reg_273        |  64|  32|    1|          0|
    +-------------------------+----+----+-----+-----------+
    |Total                    | 595|  32|  532|          0|
    +-------------------------+----+----+-----+-----------+



================================================================
== Interface
================================================================
* Summary: 
+-------------------------+-----+-----+------------+----------------------------------------------+--------------+
|        RTL Ports        | Dir | Bits|  Protocol  |                 Source Object                |    C Type    |
+-------------------------+-----+-----+------------+----------------------------------------------+--------------+
|ap_clk                   |  in |    1| ap_ctrl_hs | relu<array,array<ap_fixed,8u>,relu_config18> | return value |
|ap_rst                   |  in |    1| ap_ctrl_hs | relu<array,array<ap_fixed,8u>,relu_config18> | return value |
|ap_start                 |  in |    1| ap_ctrl_hs | relu<array,array<ap_fixed,8u>,relu_config18> | return value |
|start_full_n             |  in |    1| ap_ctrl_hs | relu<array,array<ap_fixed,8u>,relu_config18> | return value |
|ap_done                  | out |    1| ap_ctrl_hs | relu<array,array<ap_fixed,8u>,relu_config18> | return value |
|ap_continue              |  in |    1| ap_ctrl_hs | relu<array,array<ap_fixed,8u>,relu_config18> | return value |
|ap_idle                  | out |    1| ap_ctrl_hs | relu<array,array<ap_fixed,8u>,relu_config18> | return value |
|ap_ready                 | out |    1| ap_ctrl_hs | relu<array,array<ap_fixed,8u>,relu_config18> | return value |
|start_out                | out |    1| ap_ctrl_hs | relu<array,array<ap_fixed,8u>,relu_config18> | return value |
|start_write              | out |    1| ap_ctrl_hs | relu<array,array<ap_fixed,8u>,relu_config18> | return value |
|data_V_data_0_V_dout     |  in |   32|   ap_fifo  |                data_V_data_0_V               |    pointer   |
|data_V_data_0_V_empty_n  |  in |    1|   ap_fifo  |                data_V_data_0_V               |    pointer   |
|data_V_data_0_V_read     | out |    1|   ap_fifo  |                data_V_data_0_V               |    pointer   |
|data_V_data_1_V_dout     |  in |   32|   ap_fifo  |                data_V_data_1_V               |    pointer   |
|data_V_data_1_V_empty_n  |  in |    1|   ap_fifo  |                data_V_data_1_V               |    pointer   |
|data_V_data_1_V_read     | out |    1|   ap_fifo  |                data_V_data_1_V               |    pointer   |
|data_V_data_2_V_dout     |  in |   32|   ap_fifo  |                data_V_data_2_V               |    pointer   |
|data_V_data_2_V_empty_n  |  in |    1|   ap_fifo  |                data_V_data_2_V               |    pointer   |
|data_V_data_2_V_read     | out |    1|   ap_fifo  |                data_V_data_2_V               |    pointer   |
|data_V_data_3_V_dout     |  in |   32|   ap_fifo  |                data_V_data_3_V               |    pointer   |
|data_V_data_3_V_empty_n  |  in |    1|   ap_fifo  |                data_V_data_3_V               |    pointer   |
|data_V_data_3_V_read     | out |    1|   ap_fifo  |                data_V_data_3_V               |    pointer   |
|data_V_data_4_V_dout     |  in |   32|   ap_fifo  |                data_V_data_4_V               |    pointer   |
|data_V_data_4_V_empty_n  |  in |    1|   ap_fifo  |                data_V_data_4_V               |    pointer   |
|data_V_data_4_V_read     | out |    1|   ap_fifo  |                data_V_data_4_V               |    pointer   |
|data_V_data_5_V_dout     |  in |   32|   ap_fifo  |                data_V_data_5_V               |    pointer   |
|data_V_data_5_V_empty_n  |  in |    1|   ap_fifo  |                data_V_data_5_V               |    pointer   |
|data_V_data_5_V_read     | out |    1|   ap_fifo  |                data_V_data_5_V               |    pointer   |
|data_V_data_6_V_dout     |  in |   32|   ap_fifo  |                data_V_data_6_V               |    pointer   |
|data_V_data_6_V_empty_n  |  in |    1|   ap_fifo  |                data_V_data_6_V               |    pointer   |
|data_V_data_6_V_read     | out |    1|   ap_fifo  |                data_V_data_6_V               |    pointer   |
|data_V_data_7_V_dout     |  in |   32|   ap_fifo  |                data_V_data_7_V               |    pointer   |
|data_V_data_7_V_empty_n  |  in |    1|   ap_fifo  |                data_V_data_7_V               |    pointer   |
|data_V_data_7_V_read     | out |    1|   ap_fifo  |                data_V_data_7_V               |    pointer   |
|res_V_data_0_V_din       | out |   32|   ap_fifo  |                res_V_data_0_V                |    pointer   |
|res_V_data_0_V_full_n    |  in |    1|   ap_fifo  |                res_V_data_0_V                |    pointer   |
|res_V_data_0_V_write     | out |    1|   ap_fifo  |                res_V_data_0_V                |    pointer   |
|res_V_data_1_V_din       | out |   32|   ap_fifo  |                res_V_data_1_V                |    pointer   |
|res_V_data_1_V_full_n    |  in |    1|   ap_fifo  |                res_V_data_1_V                |    pointer   |
|res_V_data_1_V_write     | out |    1|   ap_fifo  |                res_V_data_1_V                |    pointer   |
|res_V_data_2_V_din       | out |   32|   ap_fifo  |                res_V_data_2_V                |    pointer   |
|res_V_data_2_V_full_n    |  in |    1|   ap_fifo  |                res_V_data_2_V                |    pointer   |
|res_V_data_2_V_write     | out |    1|   ap_fifo  |                res_V_data_2_V                |    pointer   |
|res_V_data_3_V_din       | out |   32|   ap_fifo  |                res_V_data_3_V                |    pointer   |
|res_V_data_3_V_full_n    |  in |    1|   ap_fifo  |                res_V_data_3_V                |    pointer   |
|res_V_data_3_V_write     | out |    1|   ap_fifo  |                res_V_data_3_V                |    pointer   |
|res_V_data_4_V_din       | out |   32|   ap_fifo  |                res_V_data_4_V                |    pointer   |
|res_V_data_4_V_full_n    |  in |    1|   ap_fifo  |                res_V_data_4_V                |    pointer   |
|res_V_data_4_V_write     | out |    1|   ap_fifo  |                res_V_data_4_V                |    pointer   |
|res_V_data_5_V_din       | out |   32|   ap_fifo  |                res_V_data_5_V                |    pointer   |
|res_V_data_5_V_full_n    |  in |    1|   ap_fifo  |                res_V_data_5_V                |    pointer   |
|res_V_data_5_V_write     | out |    1|   ap_fifo  |                res_V_data_5_V                |    pointer   |
|res_V_data_6_V_din       | out |   32|   ap_fifo  |                res_V_data_6_V                |    pointer   |
|res_V_data_6_V_full_n    |  in |    1|   ap_fifo  |                res_V_data_6_V                |    pointer   |
|res_V_data_6_V_write     | out |    1|   ap_fifo  |                res_V_data_6_V                |    pointer   |
|res_V_data_7_V_din       | out |   32|   ap_fifo  |                res_V_data_7_V                |    pointer   |
|res_V_data_7_V_full_n    |  in |    1|   ap_fifo  |                res_V_data_7_V                |    pointer   |
|res_V_data_7_V_write     | out |    1|   ap_fifo  |                res_V_data_7_V                |    pointer   |
+-------------------------+-----+-----+------------+----------------------------------------------+--------------+

