

================================================================
== Vivado HLS Report for 'relu_array_array_ap_fixed_4u_relu_config15_s'
================================================================
* Date:           Sat Apr  2 23:58:22 2022

* Version:        2019.2.1 (Build 2724168 on Thu Dec 05 05:19:09 MST 2019)
* Project:        myproject_prj
* Solution:       solution1
* Product family: zynq
* Target device:  xc7z020-clg400-1


================================================================
== Performance Estimates
================================================================
+ Timing: 
    * Summary: 
    +--------+---------+----------+------------+
    |  Clock |  Target | Estimated| Uncertainty|
    +--------+---------+----------+------------+
    |ap_clk  | 5.00 ns | 3.171 ns |   0.62 ns  |
    +--------+---------+----------+------------+

+ Latency: 
    * Summary: 
    +---------+---------+----------+----------+-----+-----+---------+
    |  Latency (cycles) |  Latency (absolute) |  Interval | Pipeline|
    |   min   |   max   |    min   |    max   | min | max |   Type  |
    +---------+---------+----------+----------+-----+-----+---------+
    |       68|       68| 0.340 us | 0.340 us |   68|   68|   none  |
    +---------+---------+----------+----------+-----+-----+---------+

    + Detail: 
        * Instance: 
        N/A

        * Loop: 
        +---------------+---------+---------+----------+-----------+-----------+------+----------+
        |               |  Latency (cycles) | Iteration|  Initiation Interval  | Trip |          |
        |   Loop Name   |   min   |   max   |  Latency |  achieved |   target  | Count| Pipelined|
        +---------------+---------+---------+----------+-----------+-----------+------+----------+
        |- ReLUActLoop  |       66|       66|         4|          1|          1|    64|    yes   |
        +---------------+---------+---------+----------+-----------+-----------+------+----------+



================================================================
== Utilization Estimates
================================================================
* Summary: 
+-----------------+---------+-------+--------+-------+-----+
|       Name      | BRAM_18K| DSP48E|   FF   |  LUT  | URAM|
+-----------------+---------+-------+--------+-------+-----+
|DSP              |        -|      -|       -|      -|    -|
|Expression       |        -|      -|       0|    242|    -|
|FIFO             |        -|      -|       -|      -|    -|
|Instance         |        -|      -|       -|      -|    -|
|Memory           |        -|      -|       -|      -|    -|
|Multiplexer      |        -|      -|       -|    138|    -|
|Register         |        0|      -|     337|     32|    -|
+-----------------+---------+-------+--------+-------+-----+
|Total            |        0|      0|     337|    412|    0|
+-----------------+---------+-------+--------+-------+-----+
|Available        |      280|    220|  106400|  53200|    0|
+-----------------+---------+-------+--------+-------+-----+
|Utilization (%)  |        0|      0|   ~0   |   ~0  |    0|
+-----------------+---------+-------+--------+-------+-----+

+ Detail: 
    * Instance: 
    N/A

    * DSP48E: 
    N/A

    * Memory: 
    N/A

    * FIFO: 
    N/A

    * Expression: 
    +----------------------------------+----------+-------+---+----+------------+------------+
    |           Variable Name          | Operation| DSP48E| FF| LUT| Bitwidth P0| Bitwidth P1|
    +----------------------------------+----------+-------+---+----+------------+------------+
    |i_fu_103_p2                       |     +    |      0|  0|  15|           7|           1|
    |ap_block_state3_pp0_stage0_iter1  |    and   |      0|  0|   2|           1|           1|
    |ap_block_state5_pp0_stage0_iter3  |    and   |      0|  0|   2|           1|           1|
    |io_acc_block_signal_op21          |    and   |      0|  0|   2|           1|           1|
    |io_acc_block_signal_op37          |    and   |      0|  0|   2|           1|           1|
    |icmp_ln1494_1_fu_137_p2           |   icmp   |      0|  0|  18|          32|           1|
    |icmp_ln1494_2_fu_149_p2           |   icmp   |      0|  0|  18|          32|           1|
    |icmp_ln1494_3_fu_161_p2           |   icmp   |      0|  0|  18|          32|           1|
    |icmp_ln1494_fu_125_p2             |   icmp   |      0|  0|  18|          32|           1|
    |icmp_ln60_fu_97_p2                |   icmp   |      0|  0|  11|           7|           8|
    |ap_block_pp0_stage0_01001         |    or    |      0|  0|   2|           1|           1|
    |ap_block_state1                   |    or    |      0|  0|   2|           1|           1|
    |tmp_data_0_V_28_fu_130_p3         |  select  |      0|  0|  32|           1|          32|
    |tmp_data_1_V_28_fu_142_p3         |  select  |      0|  0|  32|           1|          32|
    |tmp_data_2_V_28_fu_154_p3         |  select  |      0|  0|  32|           1|          32|
    |tmp_data_3_V_28_fu_166_p3         |  select  |      0|  0|  32|           1|          32|
    |ap_enable_pp0                     |    xor   |      0|  0|   2|           1|           2|
    |ap_enable_reg_pp0_iter1           |    xor   |      0|  0|   2|           2|           1|
    +----------------------------------+----------+-------+---+----+------------+------------+
    |Total                             |          |      0|  0| 242|         155|         150|
    +----------------------------------+----------+-------+---+----+------------+------------+

    * Multiplexer: 
    +-------------------------+----+-----------+-----+-----------+
    |           Name          | LUT| Input Size| Bits| Total Bits|
    +-------------------------+----+-----------+-----+-----------+
    |ap_NS_fsm                |  21|          4|    1|          4|
    |ap_done                  |   9|          2|    1|          2|
    |ap_enable_reg_pp0_iter1  |   9|          2|    1|          2|
    |ap_enable_reg_pp0_iter3  |   9|          2|    1|          2|
    |data_V_data_0_V_blk_n    |   9|          2|    1|          2|
    |data_V_data_1_V_blk_n    |   9|          2|    1|          2|
    |data_V_data_2_V_blk_n    |   9|          2|    1|          2|
    |data_V_data_3_V_blk_n    |   9|          2|    1|          2|
    |i_0_reg_86               |   9|          2|    7|         14|
    |real_start               |   9|          2|    1|          2|
    |res_V_data_0_V_blk_n     |   9|          2|    1|          2|
    |res_V_data_1_V_blk_n     |   9|          2|    1|          2|
    |res_V_data_2_V_blk_n     |   9|          2|    1|          2|
    |res_V_data_3_V_blk_n     |   9|          2|    1|          2|
    +-------------------------+----+-----------+-----+-----------+
    |Total                    | 138|         30|   20|         42|
    +-------------------------+----+-----------+-----+-----------+

    * Register: 
    +-------------------------+----+----+-----+-----------+
    |           Name          | FF | LUT| Bits| Const Bits|
    +-------------------------+----+----+-----+-----------+
    |ap_CS_fsm                |   3|   0|    3|          0|
    |ap_done_reg              |   1|   0|    1|          0|
    |ap_enable_reg_pp0_iter0  |   1|   0|    1|          0|
    |ap_enable_reg_pp0_iter1  |   1|   0|    1|          0|
    |ap_enable_reg_pp0_iter2  |   1|   0|    1|          0|
    |ap_enable_reg_pp0_iter3  |   1|   0|    1|          0|
    |i_0_reg_86               |   7|   0|    7|          0|
    |icmp_ln60_reg_173        |   1|   0|    1|          0|
    |start_once_reg           |   1|   0|    1|          0|
    |tmp_data_0_V_28_reg_206  |  32|   0|   32|          0|
    |tmp_data_0_V_reg_182     |  32|   0|   32|          0|
    |tmp_data_1_V_28_reg_211  |  32|   0|   32|          0|
    |tmp_data_1_V_reg_188     |  32|   0|   32|          0|
    |tmp_data_2_V_28_reg_216  |  32|   0|   32|          0|
    |tmp_data_2_V_reg_194     |  32|   0|   32|          0|
    |tmp_data_3_V_28_reg_221  |  32|   0|   32|          0|
    |tmp_data_3_V_reg_200     |  32|   0|   32|          0|
    |icmp_ln60_reg_173        |  64|  32|    1|          0|
    +-------------------------+----+----+-----+-----------+
    |Total                    | 337|  32|  274|          0|
    +-------------------------+----+----+-----+-----------+



================================================================
== Interface
================================================================
* Summary: 
+-------------------------+-----+-----+------------+----------------------------------------------+--------------+
|        RTL Ports        | Dir | Bits|  Protocol  |                 Source Object                |    C Type    |
+-------------------------+-----+-----+------------+----------------------------------------------+--------------+
|ap_clk                   |  in |    1| ap_ctrl_hs | relu<array,array<ap_fixed,4u>,relu_config15> | return value |
|ap_rst                   |  in |    1| ap_ctrl_hs | relu<array,array<ap_fixed,4u>,relu_config15> | return value |
|ap_start                 |  in |    1| ap_ctrl_hs | relu<array,array<ap_fixed,4u>,relu_config15> | return value |
|start_full_n             |  in |    1| ap_ctrl_hs | relu<array,array<ap_fixed,4u>,relu_config15> | return value |
|ap_done                  | out |    1| ap_ctrl_hs | relu<array,array<ap_fixed,4u>,relu_config15> | return value |
|ap_continue              |  in |    1| ap_ctrl_hs | relu<array,array<ap_fixed,4u>,relu_config15> | return value |
|ap_idle                  | out |    1| ap_ctrl_hs | relu<array,array<ap_fixed,4u>,relu_config15> | return value |
|ap_ready                 | out |    1| ap_ctrl_hs | relu<array,array<ap_fixed,4u>,relu_config15> | return value |
|start_out                | out |    1| ap_ctrl_hs | relu<array,array<ap_fixed,4u>,relu_config15> | return value |
|start_write              | out |    1| ap_ctrl_hs | relu<array,array<ap_fixed,4u>,relu_config15> | return value |
|data_V_data_0_V_dout     |  in |   32|   ap_fifo  |                data_V_data_0_V               |    pointer   |
|data_V_data_0_V_empty_n  |  in |    1|   ap_fifo  |                data_V_data_0_V               |    pointer   |
|data_V_data_0_V_read     | out |    1|   ap_fifo  |                data_V_data_0_V               |    pointer   |
|data_V_data_1_V_dout     |  in |   32|   ap_fifo  |                data_V_data_1_V               |    pointer   |
|data_V_data_1_V_empty_n  |  in |    1|   ap_fifo  |                data_V_data_1_V               |    pointer   |
|data_V_data_1_V_read     | out |    1|   ap_fifo  |                data_V_data_1_V               |    pointer   |
|data_V_data_2_V_dout     |  in |   32|   ap_fifo  |                data_V_data_2_V               |    pointer   |
|data_V_data_2_V_empty_n  |  in |    1|   ap_fifo  |                data_V_data_2_V               |    pointer   |
|data_V_data_2_V_read     | out |    1|   ap_fifo  |                data_V_data_2_V               |    pointer   |
|data_V_data_3_V_dout     |  in |   32|   ap_fifo  |                data_V_data_3_V               |    pointer   |
|data_V_data_3_V_empty_n  |  in |    1|   ap_fifo  |                data_V_data_3_V               |    pointer   |
|data_V_data_3_V_read     | out |    1|   ap_fifo  |                data_V_data_3_V               |    pointer   |
|res_V_data_0_V_din       | out |   32|   ap_fifo  |                res_V_data_0_V                |    pointer   |
|res_V_data_0_V_full_n    |  in |    1|   ap_fifo  |                res_V_data_0_V                |    pointer   |
|res_V_data_0_V_write     | out |    1|   ap_fifo  |                res_V_data_0_V                |    pointer   |
|res_V_data_1_V_din       | out |   32|   ap_fifo  |                res_V_data_1_V                |    pointer   |
|res_V_data_1_V_full_n    |  in |    1|   ap_fifo  |                res_V_data_1_V                |    pointer   |
|res_V_data_1_V_write     | out |    1|   ap_fifo  |                res_V_data_1_V                |    pointer   |
|res_V_data_2_V_din       | out |   32|   ap_fifo  |                res_V_data_2_V                |    pointer   |
|res_V_data_2_V_full_n    |  in |    1|   ap_fifo  |                res_V_data_2_V                |    pointer   |
|res_V_data_2_V_write     | out |    1|   ap_fifo  |                res_V_data_2_V                |    pointer   |
|res_V_data_3_V_din       | out |   32|   ap_fifo  |                res_V_data_3_V                |    pointer   |
|res_V_data_3_V_full_n    |  in |    1|   ap_fifo  |                res_V_data_3_V                |    pointer   |
|res_V_data_3_V_write     | out |    1|   ap_fifo  |                res_V_data_3_V                |    pointer   |
+-------------------------+-----+-----+------------+----------------------------------------------+--------------+

