

================================================================
== Vivado HLS Report for 'resize_nearest_array_ap_fixed_4u_config13_s'
================================================================
* Date:           Sat Apr  2 23:58:20 2022

* Version:        2019.2.1 (Build 2724168 on Thu Dec 05 05:19:09 MST 2019)
* Project:        myproject_prj
* Solution:       solution1
* Product family: zynq
* Target device:  xc7z020-clg400-1


================================================================
== Performance Estimates
================================================================
+ Timing: 
    * Summary: 
    +--------+---------+----------+------------+
    |  Clock |  Target | Estimated| Uncertainty|
    +--------+---------+----------+------------+
    |ap_clk  | 5.00 ns | 4.375 ns |   0.62 ns  |
    +--------+---------+----------+------------+

+ Latency: 
    * Summary: 
    +---------+---------+----------+----------+-----+-----+---------+
    |  Latency (cycles) |  Latency (absolute) |  Interval | Pipeline|
    |   min   |   max   |    min   |    max   | min | max |   Type  |
    +---------+---------+----------+----------+-----+-----+---------+
    |       66|       66| 0.330 us | 0.330 us |   66|   66|   none  |
    +---------+---------+----------+----------+-----+-----+---------+

    + Detail: 
        * Instance: 
        N/A

        * Loop: 
        +----------+---------+---------+----------+-----------+-----------+------+----------+
        |          |  Latency (cycles) | Iteration|  Initiation Interval  | Trip |          |
        | Loop Name|   min   |   max   |  Latency |  achieved |   target  | Count| Pipelined|
        +----------+---------+---------+----------+-----------+-----------+------+----------+
        |- Loop 1  |       64|       64|        17|         16|          1|     4|    yes   |
        +----------+---------+---------+----------+-----------+-----------+------+----------+



================================================================
== Utilization Estimates
================================================================
* Summary: 
+-----------------+---------+-------+--------+-------+-----+
|       Name      | BRAM_18K| DSP48E|   FF   |  LUT  | URAM|
+-----------------+---------+-------+--------+-------+-----+
|DSP              |        -|      -|       -|      -|    -|
|Expression       |        -|      -|       0|     93|    -|
|FIFO             |        -|      -|       -|      -|    -|
|Instance         |        -|      -|       -|      -|    -|
|Memory           |        -|      -|       -|      -|    -|
|Multiplexer      |        -|      -|       -|    342|    -|
|Register         |        -|      -|     541|      -|    -|
+-----------------+---------+-------+--------+-------+-----+
|Total            |        0|      0|     541|    435|    0|
+-----------------+---------+-------+--------+-------+-----+
|Available        |      280|    220|  106400|  53200|    0|
+-----------------+---------+-------+--------+-------+-----+
|Utilization (%)  |        0|      0|   ~0   |   ~0  |    0|
+-----------------+---------+-------+--------+-------+-----+

+ Detail: 
    * Instance: 
    N/A

    * DSP48E: 
    N/A

    * Memory: 
    N/A

    * FIFO: 
    N/A

    * Expression: 
    +------------------------------------+----------+-------+---+----+------------+------------+
    |            Variable Name           | Operation| DSP48E| FF| LUT| Bitwidth P0| Bitwidth P1|
    +------------------------------------+----------+-------+---+----+------------+------------+
    |h_fu_121_p2                         |     +    |      0|  0|  12|           3|           1|
    |ap_block_pp0_stage0_01001           |    and   |      0|  0|   2|           1|           1|
    |ap_block_pp0_stage10_01001          |    and   |      0|  0|   2|           1|           1|
    |ap_block_pp0_stage11_01001          |    and   |      0|  0|   2|           1|           1|
    |ap_block_pp0_stage12_01001          |    and   |      0|  0|   2|           1|           1|
    |ap_block_pp0_stage13_01001          |    and   |      0|  0|   2|           1|           1|
    |ap_block_pp0_stage14_01001          |    and   |      0|  0|   2|           1|           1|
    |ap_block_pp0_stage15_01001          |    and   |      0|  0|   2|           1|           1|
    |ap_block_pp0_stage1_01001           |    and   |      0|  0|   2|           1|           1|
    |ap_block_pp0_stage2_01001           |    and   |      0|  0|   2|           1|           1|
    |ap_block_pp0_stage3_01001           |    and   |      0|  0|   2|           1|           1|
    |ap_block_pp0_stage4_01001           |    and   |      0|  0|   2|           1|           1|
    |ap_block_pp0_stage5_01001           |    and   |      0|  0|   2|           1|           1|
    |ap_block_pp0_stage6_01001           |    and   |      0|  0|   2|           1|           1|
    |ap_block_pp0_stage7_01001           |    and   |      0|  0|   2|           1|           1|
    |ap_block_pp0_stage8_01001           |    and   |      0|  0|   2|           1|           1|
    |ap_block_pp0_stage9_01001           |    and   |      0|  0|   2|           1|           1|
    |ap_block_state10_pp0_stage8_iter0   |    and   |      0|  0|   2|           1|           1|
    |ap_block_state11_pp0_stage9_iter0   |    and   |      0|  0|   2|           1|           1|
    |ap_block_state12_pp0_stage10_iter0  |    and   |      0|  0|   2|           1|           1|
    |ap_block_state13_pp0_stage11_iter0  |    and   |      0|  0|   2|           1|           1|
    |ap_block_state14_pp0_stage12_iter0  |    and   |      0|  0|   2|           1|           1|
    |ap_block_state15_pp0_stage13_iter0  |    and   |      0|  0|   2|           1|           1|
    |ap_block_state16_pp0_stage14_iter0  |    and   |      0|  0|   2|           1|           1|
    |ap_block_state17_pp0_stage15_iter0  |    and   |      0|  0|   2|           1|           1|
    |ap_block_state18_pp0_stage0_iter1   |    and   |      0|  0|   2|           1|           1|
    |ap_block_state4_pp0_stage2_iter0    |    and   |      0|  0|   2|           1|           1|
    |ap_block_state6_pp0_stage4_iter0    |    and   |      0|  0|   2|           1|           1|
    |ap_block_state8_pp0_stage6_iter0    |    and   |      0|  0|   2|           1|           1|
    |io_acc_block_signal_op34            |    and   |      0|  0|   2|           1|           1|
    |io_acc_block_signal_op39            |    and   |      0|  0|   2|           1|           1|
    |icmp_ln54_fu_115_p2                 |   icmp   |      0|  0|   9|           3|           4|
    |ap_block_state1                     |    or    |      0|  0|   2|           1|           1|
    |ap_block_state3_pp0_stage1_iter0    |    or    |      0|  0|   2|           1|           1|
    |ap_block_state5_pp0_stage3_iter0    |    or    |      0|  0|   2|           1|           1|
    |ap_block_state7_pp0_stage5_iter0    |    or    |      0|  0|   2|           1|           1|
    |ap_block_state9_pp0_stage7_iter0    |    or    |      0|  0|   2|           1|           1|
    |ap_enable_pp0                       |    xor   |      0|  0|   2|           1|           2|
    +------------------------------------+----------+-------+---+----+------------+------------+
    |Total                               |          |      0|  0|  93|          42|          42|
    +------------------------------------+----------+-------+---+----+------------+------------+

    * Multiplexer: 
    +-----------------------------+----+-----------+-----+-----------+
    |             Name            | LUT| Input Size| Bits| Total Bits|
    +-----------------------------+----+-----------+-----+-----------+
    |ap_NS_fsm                    |  93|         19|    1|         19|
    |ap_done                      |   9|          2|    1|          2|
    |ap_enable_reg_pp0_iter1      |   9|          2|    1|          2|
    |ap_phi_mux_h_0_phi_fu_88_p4  |   9|          2|    3|          6|
    |h_0_reg_84                   |   9|          2|    3|          6|
    |image_V_data_0_V_blk_n       |   9|          2|    1|          2|
    |image_V_data_1_V_blk_n       |   9|          2|    1|          2|
    |image_V_data_2_V_blk_n       |   9|          2|    1|          2|
    |image_V_data_3_V_blk_n       |   9|          2|    1|          2|
    |real_start                   |   9|          2|    1|          2|
    |resized_V_data_0_V_blk_n     |   9|          2|    1|          2|
    |resized_V_data_0_V_din       |  33|          6|   32|        192|
    |resized_V_data_1_V_blk_n     |   9|          2|    1|          2|
    |resized_V_data_1_V_din       |  33|          6|   32|        192|
    |resized_V_data_2_V_blk_n     |   9|          2|    1|          2|
    |resized_V_data_2_V_din       |  33|          6|   32|        192|
    |resized_V_data_3_V_blk_n     |   9|          2|    1|          2|
    |resized_V_data_3_V_din       |  33|          6|   32|        192|
    +-----------------------------+----+-----------+-----+-----------+
    |Total                        | 342|         69|  146|        821|
    +-----------------------------+----+-----------+-----+-----------+

    * Register: 
    +-------------------------+----+----+-----+-----------+
    |           Name          | FF | LUT| Bits| Const Bits|
    +-------------------------+----+----+-----+-----------+
    |ap_CS_fsm                |  18|   0|   18|          0|
    |ap_done_reg              |   1|   0|    1|          0|
    |ap_enable_reg_pp0_iter0  |   1|   0|    1|          0|
    |ap_enable_reg_pp0_iter1  |   1|   0|    1|          0|
    |h_0_reg_84               |   3|   0|    3|          0|
    |h_reg_131                |   3|   0|    3|          0|
    |icmp_ln54_reg_127        |   1|   0|    1|          0|
    |start_once_reg           |   1|   0|    1|          0|
    |tmp_data_0_V_23_reg_156  |  32|   0|   32|          0|
    |tmp_data_0_V_24_reg_176  |  32|   0|   32|          0|
    |tmp_data_0_V_25_reg_196  |  32|   0|   32|          0|
    |tmp_data_0_V_reg_136     |  32|   0|   32|          0|
    |tmp_data_1_V_23_reg_161  |  32|   0|   32|          0|
    |tmp_data_1_V_24_reg_181  |  32|   0|   32|          0|
    |tmp_data_1_V_25_reg_201  |  32|   0|   32|          0|
    |tmp_data_1_V_reg_141     |  32|   0|   32|          0|
    |tmp_data_2_V_23_reg_166  |  32|   0|   32|          0|
    |tmp_data_2_V_24_reg_186  |  32|   0|   32|          0|
    |tmp_data_2_V_25_reg_206  |  32|   0|   32|          0|
    |tmp_data_2_V_reg_146     |  32|   0|   32|          0|
    |tmp_data_3_V_23_reg_171  |  32|   0|   32|          0|
    |tmp_data_3_V_24_reg_191  |  32|   0|   32|          0|
    |tmp_data_3_V_25_reg_211  |  32|   0|   32|          0|
    |tmp_data_3_V_reg_151     |  32|   0|   32|          0|
    +-------------------------+----+----+-----+-----------+
    |Total                    | 541|   0|  541|          0|
    +-------------------------+----+----+-----+-----------+



================================================================
== Interface
================================================================
* Summary: 
+---------------------------+-----+-----+------------+---------------------------------------------+--------------+
|         RTL Ports         | Dir | Bits|  Protocol  |                Source Object                |    C Type    |
+---------------------------+-----+-----+------------+---------------------------------------------+--------------+
|ap_clk                     |  in |    1| ap_ctrl_hs | resize_nearest<array<ap_fixed,4u>,config13> | return value |
|ap_rst                     |  in |    1| ap_ctrl_hs | resize_nearest<array<ap_fixed,4u>,config13> | return value |
|ap_start                   |  in |    1| ap_ctrl_hs | resize_nearest<array<ap_fixed,4u>,config13> | return value |
|start_full_n               |  in |    1| ap_ctrl_hs | resize_nearest<array<ap_fixed,4u>,config13> | return value |
|ap_done                    | out |    1| ap_ctrl_hs | resize_nearest<array<ap_fixed,4u>,config13> | return value |
|ap_continue                |  in |    1| ap_ctrl_hs | resize_nearest<array<ap_fixed,4u>,config13> | return value |
|ap_idle                    | out |    1| ap_ctrl_hs | resize_nearest<array<ap_fixed,4u>,config13> | return value |
|ap_ready                   | out |    1| ap_ctrl_hs | resize_nearest<array<ap_fixed,4u>,config13> | return value |
|start_out                  | out |    1| ap_ctrl_hs | resize_nearest<array<ap_fixed,4u>,config13> | return value |
|start_write                | out |    1| ap_ctrl_hs | resize_nearest<array<ap_fixed,4u>,config13> | return value |
|image_V_data_0_V_dout      |  in |   32|   ap_fifo  |               image_V_data_0_V              |    pointer   |
|image_V_data_0_V_empty_n   |  in |    1|   ap_fifo  |               image_V_data_0_V              |    pointer   |
|image_V_data_0_V_read      | out |    1|   ap_fifo  |               image_V_data_0_V              |    pointer   |
|image_V_data_1_V_dout      |  in |   32|   ap_fifo  |               image_V_data_1_V              |    pointer   |
|image_V_data_1_V_empty_n   |  in |    1|   ap_fifo  |               image_V_data_1_V              |    pointer   |
|image_V_data_1_V_read      | out |    1|   ap_fifo  |               image_V_data_1_V              |    pointer   |
|image_V_data_2_V_dout      |  in |   32|   ap_fifo  |               image_V_data_2_V              |    pointer   |
|image_V_data_2_V_empty_n   |  in |    1|   ap_fifo  |               image_V_data_2_V              |    pointer   |
|image_V_data_2_V_read      | out |    1|   ap_fifo  |               image_V_data_2_V              |    pointer   |
|image_V_data_3_V_dout      |  in |   32|   ap_fifo  |               image_V_data_3_V              |    pointer   |
|image_V_data_3_V_empty_n   |  in |    1|   ap_fifo  |               image_V_data_3_V              |    pointer   |
|image_V_data_3_V_read      | out |    1|   ap_fifo  |               image_V_data_3_V              |    pointer   |
|resized_V_data_0_V_din     | out |   32|   ap_fifo  |              resized_V_data_0_V             |    pointer   |
|resized_V_data_0_V_full_n  |  in |    1|   ap_fifo  |              resized_V_data_0_V             |    pointer   |
|resized_V_data_0_V_write   | out |    1|   ap_fifo  |              resized_V_data_0_V             |    pointer   |
|resized_V_data_1_V_din     | out |   32|   ap_fifo  |              resized_V_data_1_V             |    pointer   |
|resized_V_data_1_V_full_n  |  in |    1|   ap_fifo  |              resized_V_data_1_V             |    pointer   |
|resized_V_data_1_V_write   | out |    1|   ap_fifo  |              resized_V_data_1_V             |    pointer   |
|resized_V_data_2_V_din     | out |   32|   ap_fifo  |              resized_V_data_2_V             |    pointer   |
|resized_V_data_2_V_full_n  |  in |    1|   ap_fifo  |              resized_V_data_2_V             |    pointer   |
|resized_V_data_2_V_write   | out |    1|   ap_fifo  |              resized_V_data_2_V             |    pointer   |
|resized_V_data_3_V_din     | out |   32|   ap_fifo  |              resized_V_data_3_V             |    pointer   |
|resized_V_data_3_V_full_n  |  in |    1|   ap_fifo  |              resized_V_data_3_V             |    pointer   |
|resized_V_data_3_V_write   | out |    1|   ap_fifo  |              resized_V_data_3_V             |    pointer   |
+---------------------------+-----+-----+------------+---------------------------------------------+--------------+

