

================================================================
== Vivado HLS Report for 'shift_line_buffer_array_ap_fixed_8u_config5_s'
================================================================
* Date:           Sat Apr  2 23:58:14 2022

* Version:        2019.2.1 (Build 2724168 on Thu Dec 05 05:19:09 MST 2019)
* Project:        myproject_prj
* Solution:       solution1
* Product family: zynq
* Target device:  xc7z020-clg400-1


================================================================
== Performance Estimates
================================================================
+ Timing: 
    * Summary: 
    +--------+---------+----------+------------+
    |  Clock |  Target | Estimated| Uncertainty|
    +--------+---------+----------+------------+
    |ap_clk  | 5.00 ns | 3.245 ns |   0.62 ns  |
    +--------+---------+----------+------------+

+ Latency: 
    * Summary: 
    +---------+---------+----------+----------+-----+-----+----------+
    |  Latency (cycles) |  Latency (absolute) |  Interval | Pipeline |
    |   min   |   max   |    min   |    max   | min | max |   Type   |
    +---------+---------+----------+----------+-----+-----+----------+
    |        0|        0|   0 ns   |   0 ns   |    1|    1| function |
    +---------+---------+----------+----------+-----+-----+----------+

    + Detail: 
        * Instance: 
        N/A

        * Loop: 
        N/A



================================================================
== Utilization Estimates
================================================================
* Summary: 
+-----------------+---------+-------+--------+-------+-----+
|       Name      | BRAM_18K| DSP48E|   FF   |  LUT  | URAM|
+-----------------+---------+-------+--------+-------+-----+
|DSP              |        -|      -|       -|      -|    -|
|Expression       |        -|      -|       -|      -|    -|
|FIFO             |        -|      -|       -|      -|    -|
|Instance         |        -|      -|       -|      -|    -|
|Memory           |        0|      -|    1024|    512|    -|
|Multiplexer      |        -|      -|       -|      -|    -|
|Register         |        -|      -|       1|      -|    -|
+-----------------+---------+-------+--------+-------+-----+
|Total            |        0|      0|    1025|    512|    0|
+-----------------+---------+-------+--------+-------+-----+
|Available        |      280|    220|  106400|  53200|    0|
+-----------------+---------+-------+--------+-------+-----+
|Utilization (%)  |        0|      0|   ~0   |   ~0  |    0|
+-----------------+---------+-------+--------+-------+-----+

+ Detail: 
    * Instance: 
    N/A

    * DSP48E: 
    N/A

    * Memory: 
    +-----------------------------+--------------------------------------------------------------+---------+----+----+-----+------+-----+------+-------------+
    |            Memory           |                            Module                            | BRAM_18K| FF | LUT| URAM| Words| Bits| Banks| W*Bits*Banks|
    +-----------------------------+--------------------------------------------------------------+---------+----+----+-----+------+-----+------+-------------+
    |line_buffer_Array_V_6_0_0_U  |shift_line_buffer_array_ap_fixed_8u_config5_s_line_bufferlbW  |        0|  64|  32|    0|    18|   32|     1|          576|
    |line_buffer_Array_V_6_1_0_U  |shift_line_buffer_array_ap_fixed_8u_config5_s_line_bufferlbW  |        0|  64|  32|    0|    18|   32|     1|          576|
    |line_buffer_Array_V_6_0_1_U  |shift_line_buffer_array_ap_fixed_8u_config5_s_line_bufferlbW  |        0|  64|  32|    0|    18|   32|     1|          576|
    |line_buffer_Array_V_6_1_1_U  |shift_line_buffer_array_ap_fixed_8u_config5_s_line_bufferlbW  |        0|  64|  32|    0|    18|   32|     1|          576|
    |line_buffer_Array_V_6_0_2_U  |shift_line_buffer_array_ap_fixed_8u_config5_s_line_bufferlbW  |        0|  64|  32|    0|    18|   32|     1|          576|
    |line_buffer_Array_V_6_1_2_U  |shift_line_buffer_array_ap_fixed_8u_config5_s_line_bufferlbW  |        0|  64|  32|    0|    18|   32|     1|          576|
    |line_buffer_Array_V_6_0_3_U  |shift_line_buffer_array_ap_fixed_8u_config5_s_line_bufferlbW  |        0|  64|  32|    0|    18|   32|     1|          576|
    |line_buffer_Array_V_6_1_3_U  |shift_line_buffer_array_ap_fixed_8u_config5_s_line_bufferlbW  |        0|  64|  32|    0|    18|   32|     1|          576|
    |line_buffer_Array_V_6_0_4_U  |shift_line_buffer_array_ap_fixed_8u_config5_s_line_bufferlbW  |        0|  64|  32|    0|    18|   32|     1|          576|
    |line_buffer_Array_V_6_1_4_U  |shift_line_buffer_array_ap_fixed_8u_config5_s_line_bufferlbW  |        0|  64|  32|    0|    18|   32|     1|          576|
    |line_buffer_Array_V_6_0_5_U  |shift_line_buffer_array_ap_fixed_8u_config5_s_line_bufferlbW  |        0|  64|  32|    0|    18|   32|     1|          576|
    |line_buffer_Array_V_6_1_5_U  |shift_line_buffer_array_ap_fixed_8u_config5_s_line_bufferlbW  |        0|  64|  32|    0|    18|   32|     1|          576|
    |line_buffer_Array_V_6_0_6_U  |shift_line_buffer_array_ap_fixed_8u_config5_s_line_bufferlbW  |        0|  64|  32|    0|    18|   32|     1|          576|
    |line_buffer_Array_V_6_1_6_U  |shift_line_buffer_array_ap_fixed_8u_config5_s_line_bufferlbW  |        0|  64|  32|    0|    18|   32|     1|          576|
    |line_buffer_Array_V_6_0_7_U  |shift_line_buffer_array_ap_fixed_8u_config5_s_line_bufferlbW  |        0|  64|  32|    0|    18|   32|     1|          576|
    |line_buffer_Array_V_6_1_7_U  |shift_line_buffer_array_ap_fixed_8u_config5_s_line_bufferlbW  |        0|  64|  32|    0|    18|   32|     1|          576|
    +-----------------------------+--------------------------------------------------------------+---------+----+----+-----+------+-----+------+-------------+
    |Total                        |                                                              |        0|1024| 512|    0|   288|  512|    16|         9216|
    +-----------------------------+--------------------------------------------------------------+---------+----+----+-----+------+-----+------+-------------+

    * FIFO: 
    N/A

    * Expression: 
    N/A

    * Multiplexer: 
    N/A

    * Register: 
    +-----------+---+----+-----+-----------+
    |    Name   | FF| LUT| Bits| Const Bits|
    +-----------+---+----+-----+-----------+
    |ap_CS_fsm  |  1|   0|    1|          0|
    +-----------+---+----+-----+-----------+
    |Total      |  1|   0|    1|          0|
    +-----------+---+----+-----+-----------+



================================================================
== Interface
================================================================
* Summary: 
+-------------------------+-----+-----+------------+-----------------------------------------------+--------------+
|        RTL Ports        | Dir | Bits|  Protocol  |                 Source Object                 |    C Type    |
+-------------------------+-----+-----+------------+-----------------------------------------------+--------------+
|ap_clk                   |  in |    1| ap_ctrl_hs | shift_line_buffer<array<ap_fixed,8u>,config5> | return value |
|ap_rst                   |  in |    1| ap_ctrl_hs | shift_line_buffer<array<ap_fixed,8u>,config5> | return value |
|ap_start                 |  in |    1| ap_ctrl_hs | shift_line_buffer<array<ap_fixed,8u>,config5> | return value |
|ap_done                  | out |    1| ap_ctrl_hs | shift_line_buffer<array<ap_fixed,8u>,config5> | return value |
|ap_idle                  | out |    1| ap_ctrl_hs | shift_line_buffer<array<ap_fixed,8u>,config5> | return value |
|ap_ready                 | out |    1| ap_ctrl_hs | shift_line_buffer<array<ap_fixed,8u>,config5> | return value |
|ap_return_0              | out |   32| ap_ctrl_hs | shift_line_buffer<array<ap_fixed,8u>,config5> | return value |
|ap_return_1              | out |   32| ap_ctrl_hs | shift_line_buffer<array<ap_fixed,8u>,config5> | return value |
|ap_return_2              | out |   32| ap_ctrl_hs | shift_line_buffer<array<ap_fixed,8u>,config5> | return value |
|ap_return_3              | out |   32| ap_ctrl_hs | shift_line_buffer<array<ap_fixed,8u>,config5> | return value |
|ap_return_4              | out |   32| ap_ctrl_hs | shift_line_buffer<array<ap_fixed,8u>,config5> | return value |
|ap_return_5              | out |   32| ap_ctrl_hs | shift_line_buffer<array<ap_fixed,8u>,config5> | return value |
|ap_return_6              | out |   32| ap_ctrl_hs | shift_line_buffer<array<ap_fixed,8u>,config5> | return value |
|ap_return_7              | out |   32| ap_ctrl_hs | shift_line_buffer<array<ap_fixed,8u>,config5> | return value |
|ap_return_8              | out |   32| ap_ctrl_hs | shift_line_buffer<array<ap_fixed,8u>,config5> | return value |
|ap_return_9              | out |   32| ap_ctrl_hs | shift_line_buffer<array<ap_fixed,8u>,config5> | return value |
|ap_return_10             | out |   32| ap_ctrl_hs | shift_line_buffer<array<ap_fixed,8u>,config5> | return value |
|ap_return_11             | out |   32| ap_ctrl_hs | shift_line_buffer<array<ap_fixed,8u>,config5> | return value |
|ap_return_12             | out |   32| ap_ctrl_hs | shift_line_buffer<array<ap_fixed,8u>,config5> | return value |
|ap_return_13             | out |   32| ap_ctrl_hs | shift_line_buffer<array<ap_fixed,8u>,config5> | return value |
|ap_return_14             | out |   32| ap_ctrl_hs | shift_line_buffer<array<ap_fixed,8u>,config5> | return value |
|ap_return_15             | out |   32| ap_ctrl_hs | shift_line_buffer<array<ap_fixed,8u>,config5> | return value |
|ap_return_16             | out |   32| ap_ctrl_hs | shift_line_buffer<array<ap_fixed,8u>,config5> | return value |
|ap_return_17             | out |   32| ap_ctrl_hs | shift_line_buffer<array<ap_fixed,8u>,config5> | return value |
|ap_return_18             | out |   32| ap_ctrl_hs | shift_line_buffer<array<ap_fixed,8u>,config5> | return value |
|ap_return_19             | out |   32| ap_ctrl_hs | shift_line_buffer<array<ap_fixed,8u>,config5> | return value |
|ap_return_20             | out |   32| ap_ctrl_hs | shift_line_buffer<array<ap_fixed,8u>,config5> | return value |
|ap_return_21             | out |   32| ap_ctrl_hs | shift_line_buffer<array<ap_fixed,8u>,config5> | return value |
|ap_return_22             | out |   32| ap_ctrl_hs | shift_line_buffer<array<ap_fixed,8u>,config5> | return value |
|ap_return_23             | out |   32| ap_ctrl_hs | shift_line_buffer<array<ap_fixed,8u>,config5> | return value |
|ap_return_24             | out |   32| ap_ctrl_hs | shift_line_buffer<array<ap_fixed,8u>,config5> | return value |
|ap_return_25             | out |   32| ap_ctrl_hs | shift_line_buffer<array<ap_fixed,8u>,config5> | return value |
|ap_return_26             | out |   32| ap_ctrl_hs | shift_line_buffer<array<ap_fixed,8u>,config5> | return value |
|ap_return_27             | out |   32| ap_ctrl_hs | shift_line_buffer<array<ap_fixed,8u>,config5> | return value |
|ap_return_28             | out |   32| ap_ctrl_hs | shift_line_buffer<array<ap_fixed,8u>,config5> | return value |
|ap_return_29             | out |   32| ap_ctrl_hs | shift_line_buffer<array<ap_fixed,8u>,config5> | return value |
|ap_return_30             | out |   32| ap_ctrl_hs | shift_line_buffer<array<ap_fixed,8u>,config5> | return value |
|ap_return_31             | out |   32| ap_ctrl_hs | shift_line_buffer<array<ap_fixed,8u>,config5> | return value |
|ap_return_32             | out |   32| ap_ctrl_hs | shift_line_buffer<array<ap_fixed,8u>,config5> | return value |
|ap_return_33             | out |   32| ap_ctrl_hs | shift_line_buffer<array<ap_fixed,8u>,config5> | return value |
|ap_return_34             | out |   32| ap_ctrl_hs | shift_line_buffer<array<ap_fixed,8u>,config5> | return value |
|ap_return_35             | out |   32| ap_ctrl_hs | shift_line_buffer<array<ap_fixed,8u>,config5> | return value |
|ap_return_36             | out |   32| ap_ctrl_hs | shift_line_buffer<array<ap_fixed,8u>,config5> | return value |
|ap_return_37             | out |   32| ap_ctrl_hs | shift_line_buffer<array<ap_fixed,8u>,config5> | return value |
|ap_return_38             | out |   32| ap_ctrl_hs | shift_line_buffer<array<ap_fixed,8u>,config5> | return value |
|ap_return_39             | out |   32| ap_ctrl_hs | shift_line_buffer<array<ap_fixed,8u>,config5> | return value |
|ap_return_40             | out |   32| ap_ctrl_hs | shift_line_buffer<array<ap_fixed,8u>,config5> | return value |
|ap_return_41             | out |   32| ap_ctrl_hs | shift_line_buffer<array<ap_fixed,8u>,config5> | return value |
|ap_return_42             | out |   32| ap_ctrl_hs | shift_line_buffer<array<ap_fixed,8u>,config5> | return value |
|ap_return_43             | out |   32| ap_ctrl_hs | shift_line_buffer<array<ap_fixed,8u>,config5> | return value |
|ap_return_44             | out |   32| ap_ctrl_hs | shift_line_buffer<array<ap_fixed,8u>,config5> | return value |
|ap_return_45             | out |   32| ap_ctrl_hs | shift_line_buffer<array<ap_fixed,8u>,config5> | return value |
|ap_return_46             | out |   32| ap_ctrl_hs | shift_line_buffer<array<ap_fixed,8u>,config5> | return value |
|ap_return_47             | out |   32| ap_ctrl_hs | shift_line_buffer<array<ap_fixed,8u>,config5> | return value |
|ap_return_48             | out |   32| ap_ctrl_hs | shift_line_buffer<array<ap_fixed,8u>,config5> | return value |
|ap_return_49             | out |   32| ap_ctrl_hs | shift_line_buffer<array<ap_fixed,8u>,config5> | return value |
|ap_return_50             | out |   32| ap_ctrl_hs | shift_line_buffer<array<ap_fixed,8u>,config5> | return value |
|ap_return_51             | out |   32| ap_ctrl_hs | shift_line_buffer<array<ap_fixed,8u>,config5> | return value |
|ap_return_52             | out |   32| ap_ctrl_hs | shift_line_buffer<array<ap_fixed,8u>,config5> | return value |
|ap_return_53             | out |   32| ap_ctrl_hs | shift_line_buffer<array<ap_fixed,8u>,config5> | return value |
|ap_return_54             | out |   32| ap_ctrl_hs | shift_line_buffer<array<ap_fixed,8u>,config5> | return value |
|ap_return_55             | out |   32| ap_ctrl_hs | shift_line_buffer<array<ap_fixed,8u>,config5> | return value |
|ap_return_56             | out |   32| ap_ctrl_hs | shift_line_buffer<array<ap_fixed,8u>,config5> | return value |
|ap_return_57             | out |   32| ap_ctrl_hs | shift_line_buffer<array<ap_fixed,8u>,config5> | return value |
|ap_return_58             | out |   32| ap_ctrl_hs | shift_line_buffer<array<ap_fixed,8u>,config5> | return value |
|ap_return_59             | out |   32| ap_ctrl_hs | shift_line_buffer<array<ap_fixed,8u>,config5> | return value |
|ap_return_60             | out |   32| ap_ctrl_hs | shift_line_buffer<array<ap_fixed,8u>,config5> | return value |
|ap_return_61             | out |   32| ap_ctrl_hs | shift_line_buffer<array<ap_fixed,8u>,config5> | return value |
|ap_return_62             | out |   32| ap_ctrl_hs | shift_line_buffer<array<ap_fixed,8u>,config5> | return value |
|ap_return_63             | out |   32| ap_ctrl_hs | shift_line_buffer<array<ap_fixed,8u>,config5> | return value |
|ap_return_64             | out |   32| ap_ctrl_hs | shift_line_buffer<array<ap_fixed,8u>,config5> | return value |
|ap_return_65             | out |   32| ap_ctrl_hs | shift_line_buffer<array<ap_fixed,8u>,config5> | return value |
|ap_return_66             | out |   32| ap_ctrl_hs | shift_line_buffer<array<ap_fixed,8u>,config5> | return value |
|ap_return_67             | out |   32| ap_ctrl_hs | shift_line_buffer<array<ap_fixed,8u>,config5> | return value |
|ap_return_68             | out |   32| ap_ctrl_hs | shift_line_buffer<array<ap_fixed,8u>,config5> | return value |
|ap_return_69             | out |   32| ap_ctrl_hs | shift_line_buffer<array<ap_fixed,8u>,config5> | return value |
|ap_return_70             | out |   32| ap_ctrl_hs | shift_line_buffer<array<ap_fixed,8u>,config5> | return value |
|ap_return_71             | out |   32| ap_ctrl_hs | shift_line_buffer<array<ap_fixed,8u>,config5> | return value |
|in_elem_data_0_V_read    |  in |   32|   ap_none  |             in_elem_data_0_V_read             |    scalar    |
|in_elem_data_1_V_read    |  in |   32|   ap_none  |             in_elem_data_1_V_read             |    scalar    |
|in_elem_data_2_V_read    |  in |   32|   ap_none  |             in_elem_data_2_V_read             |    scalar    |
|in_elem_data_3_V_read    |  in |   32|   ap_none  |             in_elem_data_3_V_read             |    scalar    |
|in_elem_data_4_V_read    |  in |   32|   ap_none  |             in_elem_data_4_V_read             |    scalar    |
|in_elem_data_5_V_read    |  in |   32|   ap_none  |             in_elem_data_5_V_read             |    scalar    |
|in_elem_data_6_V_read    |  in |   32|   ap_none  |             in_elem_data_6_V_read             |    scalar    |
|in_elem_data_7_V_read    |  in |   32|   ap_none  |             in_elem_data_7_V_read             |    scalar    |
|kernel_window_8_V_read   |  in |   32|   ap_none  |             kernel_window_8_V_read            |    scalar    |
|kernel_window_9_V_read   |  in |   32|   ap_none  |             kernel_window_9_V_read            |    scalar    |
|kernel_window_10_V_read  |  in |   32|   ap_none  |            kernel_window_10_V_read            |    scalar    |
|kernel_window_11_V_read  |  in |   32|   ap_none  |            kernel_window_11_V_read            |    scalar    |
|kernel_window_12_V_read  |  in |   32|   ap_none  |            kernel_window_12_V_read            |    scalar    |
|kernel_window_13_V_read  |  in |   32|   ap_none  |            kernel_window_13_V_read            |    scalar    |
|kernel_window_14_V_read  |  in |   32|   ap_none  |            kernel_window_14_V_read            |    scalar    |
|kernel_window_15_V_read  |  in |   32|   ap_none  |            kernel_window_15_V_read            |    scalar    |
|kernel_window_16_V_read  |  in |   32|   ap_none  |            kernel_window_16_V_read            |    scalar    |
|kernel_window_17_V_read  |  in |   32|   ap_none  |            kernel_window_17_V_read            |    scalar    |
|kernel_window_18_V_read  |  in |   32|   ap_none  |            kernel_window_18_V_read            |    scalar    |
|kernel_window_19_V_read  |  in |   32|   ap_none  |            kernel_window_19_V_read            |    scalar    |
|kernel_window_20_V_read  |  in |   32|   ap_none  |            kernel_window_20_V_read            |    scalar    |
|kernel_window_21_V_read  |  in |   32|   ap_none  |            kernel_window_21_V_read            |    scalar    |
|kernel_window_22_V_read  |  in |   32|   ap_none  |            kernel_window_22_V_read            |    scalar    |
|kernel_window_23_V_read  |  in |   32|   ap_none  |            kernel_window_23_V_read            |    scalar    |
|kernel_window_32_V_read  |  in |   32|   ap_none  |            kernel_window_32_V_read            |    scalar    |
|kernel_window_33_V_read  |  in |   32|   ap_none  |            kernel_window_33_V_read            |    scalar    |
|kernel_window_34_V_read  |  in |   32|   ap_none  |            kernel_window_34_V_read            |    scalar    |
|kernel_window_35_V_read  |  in |   32|   ap_none  |            kernel_window_35_V_read            |    scalar    |
|kernel_window_36_V_read  |  in |   32|   ap_none  |            kernel_window_36_V_read            |    scalar    |
|kernel_window_37_V_read  |  in |   32|   ap_none  |            kernel_window_37_V_read            |    scalar    |
|kernel_window_38_V_read  |  in |   32|   ap_none  |            kernel_window_38_V_read            |    scalar    |
|kernel_window_39_V_read  |  in |   32|   ap_none  |            kernel_window_39_V_read            |    scalar    |
|kernel_window_40_V_read  |  in |   32|   ap_none  |            kernel_window_40_V_read            |    scalar    |
|kernel_window_41_V_read  |  in |   32|   ap_none  |            kernel_window_41_V_read            |    scalar    |
|kernel_window_42_V_read  |  in |   32|   ap_none  |            kernel_window_42_V_read            |    scalar    |
|kernel_window_43_V_read  |  in |   32|   ap_none  |            kernel_window_43_V_read            |    scalar    |
|kernel_window_44_V_read  |  in |   32|   ap_none  |            kernel_window_44_V_read            |    scalar    |
|kernel_window_45_V_read  |  in |   32|   ap_none  |            kernel_window_45_V_read            |    scalar    |
|kernel_window_46_V_read  |  in |   32|   ap_none  |            kernel_window_46_V_read            |    scalar    |
|kernel_window_47_V_read  |  in |   32|   ap_none  |            kernel_window_47_V_read            |    scalar    |
|kernel_window_56_V_read  |  in |   32|   ap_none  |            kernel_window_56_V_read            |    scalar    |
|kernel_window_57_V_read  |  in |   32|   ap_none  |            kernel_window_57_V_read            |    scalar    |
|kernel_window_58_V_read  |  in |   32|   ap_none  |            kernel_window_58_V_read            |    scalar    |
|kernel_window_59_V_read  |  in |   32|   ap_none  |            kernel_window_59_V_read            |    scalar    |
|kernel_window_60_V_read  |  in |   32|   ap_none  |            kernel_window_60_V_read            |    scalar    |
|kernel_window_61_V_read  |  in |   32|   ap_none  |            kernel_window_61_V_read            |    scalar    |
|kernel_window_62_V_read  |  in |   32|   ap_none  |            kernel_window_62_V_read            |    scalar    |
|kernel_window_63_V_read  |  in |   32|   ap_none  |            kernel_window_63_V_read            |    scalar    |
|kernel_window_64_V_read  |  in |   32|   ap_none  |            kernel_window_64_V_read            |    scalar    |
|kernel_window_65_V_read  |  in |   32|   ap_none  |            kernel_window_65_V_read            |    scalar    |
|kernel_window_66_V_read  |  in |   32|   ap_none  |            kernel_window_66_V_read            |    scalar    |
|kernel_window_67_V_read  |  in |   32|   ap_none  |            kernel_window_67_V_read            |    scalar    |
|kernel_window_68_V_read  |  in |   32|   ap_none  |            kernel_window_68_V_read            |    scalar    |
|kernel_window_69_V_read  |  in |   32|   ap_none  |            kernel_window_69_V_read            |    scalar    |
|kernel_window_70_V_read  |  in |   32|   ap_none  |            kernel_window_70_V_read            |    scalar    |
|kernel_window_71_V_read  |  in |   32|   ap_none  |            kernel_window_71_V_read            |    scalar    |
+-------------------------+-----+-----+------------+-----------------------------------------------+--------------+

