

================================================================
== Vivado HLS Report for 'pooling2d_cl_array_array_ap_fixed_4u_config10_s'
================================================================
* Date:           Sat Apr  2 23:57:56 2022

* Version:        2019.2.1 (Build 2724168 on Thu Dec 05 05:19:09 MST 2019)
* Project:        myproject_prj
* Solution:       solution1
* Product family: zynq
* Target device:  xc7z020-clg400-1


================================================================
== Performance Estimates
================================================================
+ Timing: 
    * Summary: 
    +--------+---------+----------+------------+
    |  Clock |  Target | Estimated| Uncertainty|
    +--------+---------+----------+------------+
    |ap_clk  | 5.00 ns | 4.429 ns |   0.62 ns  |
    +--------+---------+----------+------------+

+ Latency: 
    * Summary: 
    +---------+---------+----------+----------+-----+-----+---------+
    |  Latency (cycles) |  Latency (absolute) |  Interval | Pipeline|
    |   min   |   max   |    min   |    max   | min | max |   Type  |
    +---------+---------+----------+----------+-----+-----+---------+
    |      132|      132| 0.660 us | 0.660 us |  132|  132|   none  |
    +---------+---------+----------+----------+-----+-----+---------+

    + Detail: 
        * Instance: 
        N/A

        * Loop: 
        +----------------------------------+---------+---------+----------+-----------+-----------+------+----------+
        |                                  |  Latency (cycles) | Iteration|  Initiation Interval  | Trip |          |
        |             Loop Name            |   min   |   max   |  Latency |  achieved |   target  | Count| Pipelined|
        +----------------------------------+---------+---------+----------+-----------+-----------+------+----------+
        |- ReadInputHeight_ReadInputWidth  |      130|      130|         5|          2|          1|    64|    yes   |
        +----------------------------------+---------+---------+----------+-----------+-----------+------+----------+

============================================================
+ Verbose Summary: Synthesis Manager
============================================================
InlineROM: 1
ExposeGlobal: 0
============================================================
+ Verbose Summary: CDFG Model
============================================================
IsTopModel: 0
ResetActiveHigh: 1
IsCombinational: 2
IsDatapathOnly: 0
HasWiredReturn: 1
HasMFsm: 0
HasVarLatency: 1
IsPipeline: 0
IsRtlPipelined: 0
IsInstanceOverlapped: 0
IsDontTouch: 0
HasImplIP: 0
IsGatedGlobalClock: 0

+ Individual pipeline summary: 
  * Pipeline-0: initiation interval (II) = 2, depth = 5


============================================================
+ Verbose Summary: Schedule
============================================================
* Number of FSM states : 7
* Pipeline : 1
  Pipeline-0 : II = 2, D = 5, States = { 2 3 4 5 6 }
* Dataflow Pipeline: 0

* FSM state transitions: 
1 --> 2 
2 --> 7 3 
3 --> 4 
4 --> 5 
5 --> 6 
6 --> 2 
7 --> 

* FSM state operations: 

State 1 <SV = 0> <Delay = 1.76>
ST_1 : Operation 8 [1/1] (0.00ns)   --->   "call void (...)* @_ssdm_op_SpecInterface(i32* %res_V_data_3_V, [8 x i8]* @ap_fifo_str, i32 0, i32 0, [1 x i8]* @p_str, i32 0, i32 0, [1 x i8]* @p_str, [1 x i8]* @p_str, [1 x i8]* @p_str, i32 2, i32 2, i32 16, i32 16, [1 x i8]* @p_str, [1 x i8]* @p_str)"   --->   Operation 8 'specinterface' <Predicate = true> <Delay = 0.00>
ST_1 : Operation 9 [1/1] (0.00ns)   --->   "call void (...)* @_ssdm_op_SpecInterface(i32* %res_V_data_2_V, [8 x i8]* @ap_fifo_str, i32 0, i32 0, [1 x i8]* @p_str, i32 0, i32 0, [1 x i8]* @p_str, [1 x i8]* @p_str, [1 x i8]* @p_str, i32 2, i32 2, i32 16, i32 16, [1 x i8]* @p_str, [1 x i8]* @p_str)"   --->   Operation 9 'specinterface' <Predicate = true> <Delay = 0.00>
ST_1 : Operation 10 [1/1] (0.00ns)   --->   "call void (...)* @_ssdm_op_SpecInterface(i32* %res_V_data_1_V, [8 x i8]* @ap_fifo_str, i32 0, i32 0, [1 x i8]* @p_str, i32 0, i32 0, [1 x i8]* @p_str, [1 x i8]* @p_str, [1 x i8]* @p_str, i32 2, i32 2, i32 16, i32 16, [1 x i8]* @p_str, [1 x i8]* @p_str)"   --->   Operation 10 'specinterface' <Predicate = true> <Delay = 0.00>
ST_1 : Operation 11 [1/1] (0.00ns)   --->   "call void (...)* @_ssdm_op_SpecInterface(i32* %res_V_data_0_V, [8 x i8]* @ap_fifo_str, i32 0, i32 0, [1 x i8]* @p_str, i32 0, i32 0, [1 x i8]* @p_str, [1 x i8]* @p_str, [1 x i8]* @p_str, i32 2, i32 2, i32 16, i32 16, [1 x i8]* @p_str, [1 x i8]* @p_str)"   --->   Operation 11 'specinterface' <Predicate = true> <Delay = 0.00>
ST_1 : Operation 12 [1/1] (0.00ns)   --->   "call void (...)* @_ssdm_op_SpecInterface(i32* %data_V_data_3_V, [8 x i8]* @ap_fifo_str, i32 0, i32 0, [1 x i8]* @p_str, i32 0, i32 0, [1 x i8]* @p_str, [1 x i8]* @p_str, [1 x i8]* @p_str, i32 2, i32 2, i32 16, i32 16, [1 x i8]* @p_str, [1 x i8]* @p_str)"   --->   Operation 12 'specinterface' <Predicate = true> <Delay = 0.00>
ST_1 : Operation 13 [1/1] (0.00ns)   --->   "call void (...)* @_ssdm_op_SpecInterface(i32* %data_V_data_2_V, [8 x i8]* @ap_fifo_str, i32 0, i32 0, [1 x i8]* @p_str, i32 0, i32 0, [1 x i8]* @p_str, [1 x i8]* @p_str, [1 x i8]* @p_str, i32 2, i32 2, i32 16, i32 16, [1 x i8]* @p_str, [1 x i8]* @p_str)"   --->   Operation 13 'specinterface' <Predicate = true> <Delay = 0.00>
ST_1 : Operation 14 [1/1] (0.00ns)   --->   "call void (...)* @_ssdm_op_SpecInterface(i32* %data_V_data_1_V, [8 x i8]* @ap_fifo_str, i32 0, i32 0, [1 x i8]* @p_str, i32 0, i32 0, [1 x i8]* @p_str, [1 x i8]* @p_str, [1 x i8]* @p_str, i32 2, i32 2, i32 16, i32 16, [1 x i8]* @p_str, [1 x i8]* @p_str)"   --->   Operation 14 'specinterface' <Predicate = true> <Delay = 0.00>
ST_1 : Operation 15 [1/1] (0.00ns)   --->   "call void (...)* @_ssdm_op_SpecInterface(i32* %data_V_data_0_V, [8 x i8]* @ap_fifo_str, i32 0, i32 0, [1 x i8]* @p_str, i32 0, i32 0, [1 x i8]* @p_str, [1 x i8]* @p_str, [1 x i8]* @p_str, i32 2, i32 2, i32 16, i32 16, [1 x i8]* @p_str, [1 x i8]* @p_str)"   --->   Operation 15 'specinterface' <Predicate = true> <Delay = 0.00>
ST_1 : Operation 16 [1/1] (1.76ns)   --->   "br label %0" [firmware/nnet_utils/nnet_pooling_stream.h:233->firmware/nnet_utils/nnet_pooling_stream.h:251]   --->   Operation 16 'br' <Predicate = true> <Delay = 1.76>

State 2 <SV = 1> <Delay = 1.87>
ST_2 : Operation 17 [1/1] (0.00ns)   --->   "%indvar_flatten = phi i7 [ 0, %codeRepl ], [ %add_ln233, %ReadInputWidth_end ]" [firmware/nnet_utils/nnet_pooling_stream.h:233->firmware/nnet_utils/nnet_pooling_stream.h:251]   --->   Operation 17 'phi' 'indvar_flatten' <Predicate = true> <Delay = 0.00>
ST_2 : Operation 18 [1/1] (1.48ns)   --->   "%icmp_ln233 = icmp eq i7 %indvar_flatten, -64" [firmware/nnet_utils/nnet_pooling_stream.h:233->firmware/nnet_utils/nnet_pooling_stream.h:251]   --->   Operation 18 'icmp' 'icmp_ln233' <Predicate = true> <Delay = 1.48> <Core = "Cmp">   --->   Core 25 'Cmp' <Latency = 0> <II = 1> <Delay = 2.47> <FuncUnit> <Opcode : 'icmp'> <InPorts = 2> <OutPorts = 1>
ST_2 : Operation 19 [1/1] (1.87ns)   --->   "%add_ln233 = add i7 %indvar_flatten, 1" [firmware/nnet_utils/nnet_pooling_stream.h:233->firmware/nnet_utils/nnet_pooling_stream.h:251]   --->   Operation 19 'add' 'add_ln233' <Predicate = true> <Delay = 1.87> <Core = "AddSub">   --->   Core 14 'AddSub' <Latency = 0> <II = 1> <Delay = 2.55> <FuncUnit> <Opcode : 'add' 'sub'> <InPorts = 2> <OutPorts = 1>
ST_2 : Operation 20 [1/1] (0.00ns)   --->   "br i1 %icmp_ln233, label %"pooling2d_buffer_cl<array<ap_fixed<32, 16, 5, 3, 0>, 4u>, array<ap_fixed<32, 16, 5, 3, 0>, 4u>, config10>.exit", label %ReadInputWidth_begin" [firmware/nnet_utils/nnet_pooling_stream.h:233->firmware/nnet_utils/nnet_pooling_stream.h:251]   --->   Operation 20 'br' <Predicate = true> <Delay = 0.00>

State 3 <SV = 2> <Delay = 2.18>
ST_3 : Operation 21 [1/1] (2.18ns)   --->   "%empty_122 = call { i32, i32, i32, i32 } @_ssdm_op_Read.ap_fifo.volatile.i32P.i32P.i32P.i32P(i32* %data_V_data_0_V, i32* %data_V_data_1_V, i32* %data_V_data_2_V, i32* %data_V_data_3_V)" [firmware/nnet_utils/nnet_pooling_stream.h:238->firmware/nnet_utils/nnet_pooling_stream.h:251]   --->   Operation 21 'read' 'empty_122' <Predicate = (!icmp_ln233)> <Delay = 2.18> <Core = "FIFO">   --->   Core 32 'FIFO' <Latency = 0> <II = 1> <Delay = 3.63> <Storage> <Opcode : 'read' 'write' 'nbread' 'nbwrite'> <Ports = 0> <Width = 32> <Depth = 3> <FIFO>
ST_3 : Operation 22 [1/1] (0.00ns)   --->   "%tmp_data_0_V = extractvalue { i32, i32, i32, i32 } %empty_122, 0" [firmware/nnet_utils/nnet_pooling_stream.h:238->firmware/nnet_utils/nnet_pooling_stream.h:251]   --->   Operation 22 'extractvalue' 'tmp_data_0_V' <Predicate = (!icmp_ln233)> <Delay = 0.00>
ST_3 : Operation 23 [1/1] (0.00ns)   --->   "%tmp_data_1_V = extractvalue { i32, i32, i32, i32 } %empty_122, 1" [firmware/nnet_utils/nnet_pooling_stream.h:238->firmware/nnet_utils/nnet_pooling_stream.h:251]   --->   Operation 23 'extractvalue' 'tmp_data_1_V' <Predicate = (!icmp_ln233)> <Delay = 0.00>
ST_3 : Operation 24 [1/1] (0.00ns)   --->   "%tmp_data_2_V = extractvalue { i32, i32, i32, i32 } %empty_122, 2" [firmware/nnet_utils/nnet_pooling_stream.h:238->firmware/nnet_utils/nnet_pooling_stream.h:251]   --->   Operation 24 'extractvalue' 'tmp_data_2_V' <Predicate = (!icmp_ln233)> <Delay = 0.00>
ST_3 : Operation 25 [1/1] (0.00ns)   --->   "%tmp_data_3_V = extractvalue { i32, i32, i32, i32 } %empty_122, 3" [firmware/nnet_utils/nnet_pooling_stream.h:238->firmware/nnet_utils/nnet_pooling_stream.h:251]   --->   Operation 25 'extractvalue' 'tmp_data_3_V' <Predicate = (!icmp_ln233)> <Delay = 0.00>

State 4 <SV = 3> <Delay = 4.42>
ST_4 : Operation 26 [1/1] (0.00ns)   --->   "%kernel_data_V_7_4_load = load i32* @kernel_data_V_7_4, align 4" [firmware/nnet_utils/nnet_pooling_stream.h:182->firmware/nnet_utils/nnet_pooling_stream.h:238->firmware/nnet_utils/nnet_pooling_stream.h:251]   --->   Operation 26 'load' 'kernel_data_V_7_4_load' <Predicate = (!icmp_ln233)> <Delay = 0.00>
ST_4 : Operation 27 [1/1] (0.00ns)   --->   "%kernel_data_V_7_5_load = load i32* @kernel_data_V_7_5, align 4" [firmware/nnet_utils/nnet_pooling_stream.h:182->firmware/nnet_utils/nnet_pooling_stream.h:238->firmware/nnet_utils/nnet_pooling_stream.h:251]   --->   Operation 27 'load' 'kernel_data_V_7_5_load' <Predicate = (!icmp_ln233)> <Delay = 0.00>
ST_4 : Operation 28 [1/1] (0.00ns)   --->   "%kernel_data_V_7_6_load = load i32* @kernel_data_V_7_6, align 4" [firmware/nnet_utils/nnet_pooling_stream.h:182->firmware/nnet_utils/nnet_pooling_stream.h:238->firmware/nnet_utils/nnet_pooling_stream.h:251]   --->   Operation 28 'load' 'kernel_data_V_7_6_load' <Predicate = (!icmp_ln233)> <Delay = 0.00>
ST_4 : Operation 29 [1/1] (0.00ns)   --->   "%kernel_data_V_7_7_load = load i32* @kernel_data_V_7_7, align 4" [firmware/nnet_utils/nnet_pooling_stream.h:182->firmware/nnet_utils/nnet_pooling_stream.h:238->firmware/nnet_utils/nnet_pooling_stream.h:251]   --->   Operation 29 'load' 'kernel_data_V_7_7_load' <Predicate = (!icmp_ln233)> <Delay = 0.00>
ST_4 : Operation 30 [1/1] (0.00ns)   --->   "%kernel_data_V_7_12_load = load i32* @kernel_data_V_7_12, align 4" [firmware/nnet_utils/nnet_pooling_stream.h:182->firmware/nnet_utils/nnet_pooling_stream.h:238->firmware/nnet_utils/nnet_pooling_stream.h:251]   --->   Operation 30 'load' 'kernel_data_V_7_12_load' <Predicate = (!icmp_ln233)> <Delay = 0.00>
ST_4 : Operation 31 [1/1] (0.00ns)   --->   "%kernel_data_V_7_13_load = load i32* @kernel_data_V_7_13, align 4" [firmware/nnet_utils/nnet_pooling_stream.h:182->firmware/nnet_utils/nnet_pooling_stream.h:238->firmware/nnet_utils/nnet_pooling_stream.h:251]   --->   Operation 31 'load' 'kernel_data_V_7_13_load' <Predicate = (!icmp_ln233)> <Delay = 0.00>
ST_4 : Operation 32 [1/1] (0.00ns)   --->   "%kernel_data_V_7_14_load = load i32* @kernel_data_V_7_14, align 4" [firmware/nnet_utils/nnet_pooling_stream.h:182->firmware/nnet_utils/nnet_pooling_stream.h:238->firmware/nnet_utils/nnet_pooling_stream.h:251]   --->   Operation 32 'load' 'kernel_data_V_7_14_load' <Predicate = (!icmp_ln233)> <Delay = 0.00>
ST_4 : Operation 33 [1/1] (0.00ns)   --->   "%kernel_data_V_7_15_load = load i32* @kernel_data_V_7_15, align 4" [firmware/nnet_utils/nnet_pooling_stream.h:182->firmware/nnet_utils/nnet_pooling_stream.h:238->firmware/nnet_utils/nnet_pooling_stream.h:251]   --->   Operation 33 'load' 'kernel_data_V_7_15_load' <Predicate = (!icmp_ln233)> <Delay = 0.00>
ST_4 : Operation 34 [1/1] (1.61ns)   --->   "%call_ret = call fastcc { i32, i32, i32, i32, i32, i32, i32, i32, i32, i32, i32, i32, i32, i32, i32, i32 } @"shift_line_buffer<array<ap_fixed,4u>,config10>"(i32 %tmp_data_0_V, i32 %tmp_data_1_V, i32 %tmp_data_2_V, i32 %tmp_data_3_V, i32 %kernel_data_V_7_4_load, i32 %kernel_data_V_7_5_load, i32 %kernel_data_V_7_6_load, i32 %kernel_data_V_7_7_load, i32 %kernel_data_V_7_12_load, i32 %kernel_data_V_7_13_load, i32 %kernel_data_V_7_14_load, i32 %kernel_data_V_7_15_load)" [firmware/nnet_utils/nnet_pooling_stream.h:182->firmware/nnet_utils/nnet_pooling_stream.h:238->firmware/nnet_utils/nnet_pooling_stream.h:251]   --->   Operation 34 'call' 'call_ret' <Predicate = (!icmp_ln233)> <Delay = 1.61> <CoreType = "Generic">   --->   Core 0 '' <Latency = 0> <II = 1> <Delay = 1.00> <Generic> <Opcode : >
ST_4 : Operation 35 [1/1] (0.00ns)   --->   "%pool_window_2_V_10 = extractvalue { i32, i32, i32, i32, i32, i32, i32, i32, i32, i32, i32, i32, i32, i32, i32, i32 } %call_ret, 7" [firmware/nnet_utils/nnet_pooling_stream.h:182->firmware/nnet_utils/nnet_pooling_stream.h:238->firmware/nnet_utils/nnet_pooling_stream.h:251]   --->   Operation 35 'extractvalue' 'pool_window_2_V_10' <Predicate = (!icmp_ln233)> <Delay = 0.00>
ST_4 : Operation 36 [1/1] (0.00ns)   --->   "%pool_window_2_V_2 = extractvalue { i32, i32, i32, i32, i32, i32, i32, i32, i32, i32, i32, i32, i32, i32, i32, i32 } %call_ret, 6" [firmware/nnet_utils/nnet_pooling_stream.h:182->firmware/nnet_utils/nnet_pooling_stream.h:238->firmware/nnet_utils/nnet_pooling_stream.h:251]   --->   Operation 36 'extractvalue' 'pool_window_2_V_2' <Predicate = (!icmp_ln233)> <Delay = 0.00>
ST_4 : Operation 37 [1/1] (0.00ns)   --->   "%pool_window_2_V = extractvalue { i32, i32, i32, i32, i32, i32, i32, i32, i32, i32, i32, i32, i32, i32, i32, i32 } %call_ret, 5" [firmware/nnet_utils/nnet_pooling_stream.h:182->firmware/nnet_utils/nnet_pooling_stream.h:238->firmware/nnet_utils/nnet_pooling_stream.h:251]   --->   Operation 37 'extractvalue' 'pool_window_2_V' <Predicate = (!icmp_ln233)> <Delay = 0.00>
ST_4 : Operation 38 [1/1] (0.00ns)   --->   "%pool_window_2_V_3 = extractvalue { i32, i32, i32, i32, i32, i32, i32, i32, i32, i32, i32, i32, i32, i32, i32, i32 } %call_ret, 4" [firmware/nnet_utils/nnet_pooling_stream.h:182->firmware/nnet_utils/nnet_pooling_stream.h:238->firmware/nnet_utils/nnet_pooling_stream.h:251]   --->   Operation 38 'extractvalue' 'pool_window_2_V_3' <Predicate = (!icmp_ln233)> <Delay = 0.00>
ST_4 : Operation 39 [1/1] (0.00ns)   --->   "%pool_window_0_V_10 = extractvalue { i32, i32, i32, i32, i32, i32, i32, i32, i32, i32, i32, i32, i32, i32, i32, i32 } %call_ret, 3" [firmware/nnet_utils/nnet_pooling_stream.h:182->firmware/nnet_utils/nnet_pooling_stream.h:238->firmware/nnet_utils/nnet_pooling_stream.h:251]   --->   Operation 39 'extractvalue' 'pool_window_0_V_10' <Predicate = (!icmp_ln233)> <Delay = 0.00>
ST_4 : Operation 40 [1/1] (0.00ns)   --->   "%pool_window_0_V_2 = extractvalue { i32, i32, i32, i32, i32, i32, i32, i32, i32, i32, i32, i32, i32, i32, i32, i32 } %call_ret, 2" [firmware/nnet_utils/nnet_pooling_stream.h:182->firmware/nnet_utils/nnet_pooling_stream.h:238->firmware/nnet_utils/nnet_pooling_stream.h:251]   --->   Operation 40 'extractvalue' 'pool_window_0_V_2' <Predicate = (!icmp_ln233)> <Delay = 0.00>
ST_4 : Operation 41 [1/1] (0.00ns)   --->   "%pool_window_0_V = extractvalue { i32, i32, i32, i32, i32, i32, i32, i32, i32, i32, i32, i32, i32, i32, i32, i32 } %call_ret, 1" [firmware/nnet_utils/nnet_pooling_stream.h:182->firmware/nnet_utils/nnet_pooling_stream.h:238->firmware/nnet_utils/nnet_pooling_stream.h:251]   --->   Operation 41 'extractvalue' 'pool_window_0_V' <Predicate = (!icmp_ln233)> <Delay = 0.00>
ST_4 : Operation 42 [1/1] (0.00ns)   --->   "%pool_window_0_V_3 = extractvalue { i32, i32, i32, i32, i32, i32, i32, i32, i32, i32, i32, i32, i32, i32, i32, i32 } %call_ret, 0" [firmware/nnet_utils/nnet_pooling_stream.h:182->firmware/nnet_utils/nnet_pooling_stream.h:238->firmware/nnet_utils/nnet_pooling_stream.h:251]   --->   Operation 42 'extractvalue' 'pool_window_0_V_3' <Predicate = (!icmp_ln233)> <Delay = 0.00>
ST_4 : Operation 43 [1/1] (0.00ns)   --->   "%pool_window_1_V_10 = extractvalue { i32, i32, i32, i32, i32, i32, i32, i32, i32, i32, i32, i32, i32, i32, i32, i32 } %call_ret, 8" [firmware/nnet_utils/nnet_pooling_stream.h:182->firmware/nnet_utils/nnet_pooling_stream.h:238->firmware/nnet_utils/nnet_pooling_stream.h:251]   --->   Operation 43 'extractvalue' 'pool_window_1_V_10' <Predicate = (!icmp_ln233)> <Delay = 0.00>
ST_4 : Operation 44 [1/1] (0.00ns)   --->   "store i32 %pool_window_1_V_10, i32* @kernel_data_V_7_4, align 4" [firmware/nnet_utils/nnet_pooling_stream.h:182->firmware/nnet_utils/nnet_pooling_stream.h:238->firmware/nnet_utils/nnet_pooling_stream.h:251]   --->   Operation 44 'store' <Predicate = (!icmp_ln233)> <Delay = 0.00>
ST_4 : Operation 45 [1/1] (0.00ns)   --->   "%pool_window_1_V = extractvalue { i32, i32, i32, i32, i32, i32, i32, i32, i32, i32, i32, i32, i32, i32, i32, i32 } %call_ret, 9" [firmware/nnet_utils/nnet_pooling_stream.h:182->firmware/nnet_utils/nnet_pooling_stream.h:238->firmware/nnet_utils/nnet_pooling_stream.h:251]   --->   Operation 45 'extractvalue' 'pool_window_1_V' <Predicate = (!icmp_ln233)> <Delay = 0.00>
ST_4 : Operation 46 [1/1] (0.00ns)   --->   "store i32 %pool_window_1_V, i32* @kernel_data_V_7_5, align 4" [firmware/nnet_utils/nnet_pooling_stream.h:182->firmware/nnet_utils/nnet_pooling_stream.h:238->firmware/nnet_utils/nnet_pooling_stream.h:251]   --->   Operation 46 'store' <Predicate = (!icmp_ln233)> <Delay = 0.00>
ST_4 : Operation 47 [1/1] (0.00ns)   --->   "%pool_window_1_V_2 = extractvalue { i32, i32, i32, i32, i32, i32, i32, i32, i32, i32, i32, i32, i32, i32, i32, i32 } %call_ret, 10" [firmware/nnet_utils/nnet_pooling_stream.h:182->firmware/nnet_utils/nnet_pooling_stream.h:238->firmware/nnet_utils/nnet_pooling_stream.h:251]   --->   Operation 47 'extractvalue' 'pool_window_1_V_2' <Predicate = (!icmp_ln233)> <Delay = 0.00>
ST_4 : Operation 48 [1/1] (0.00ns)   --->   "store i32 %pool_window_1_V_2, i32* @kernel_data_V_7_6, align 4" [firmware/nnet_utils/nnet_pooling_stream.h:182->firmware/nnet_utils/nnet_pooling_stream.h:238->firmware/nnet_utils/nnet_pooling_stream.h:251]   --->   Operation 48 'store' <Predicate = (!icmp_ln233)> <Delay = 0.00>
ST_4 : Operation 49 [1/1] (0.00ns)   --->   "%pool_window_1_V_3 = extractvalue { i32, i32, i32, i32, i32, i32, i32, i32, i32, i32, i32, i32, i32, i32, i32, i32 } %call_ret, 11" [firmware/nnet_utils/nnet_pooling_stream.h:182->firmware/nnet_utils/nnet_pooling_stream.h:238->firmware/nnet_utils/nnet_pooling_stream.h:251]   --->   Operation 49 'extractvalue' 'pool_window_1_V_3' <Predicate = (!icmp_ln233)> <Delay = 0.00>
ST_4 : Operation 50 [1/1] (0.00ns)   --->   "store i32 %pool_window_1_V_3, i32* @kernel_data_V_7_7, align 4" [firmware/nnet_utils/nnet_pooling_stream.h:182->firmware/nnet_utils/nnet_pooling_stream.h:238->firmware/nnet_utils/nnet_pooling_stream.h:251]   --->   Operation 50 'store' <Predicate = (!icmp_ln233)> <Delay = 0.00>
ST_4 : Operation 51 [1/1] (0.00ns)   --->   "%pool_window_3_V_10 = extractvalue { i32, i32, i32, i32, i32, i32, i32, i32, i32, i32, i32, i32, i32, i32, i32, i32 } %call_ret, 12" [firmware/nnet_utils/nnet_pooling_stream.h:182->firmware/nnet_utils/nnet_pooling_stream.h:238->firmware/nnet_utils/nnet_pooling_stream.h:251]   --->   Operation 51 'extractvalue' 'pool_window_3_V_10' <Predicate = (!icmp_ln233)> <Delay = 0.00>
ST_4 : Operation 52 [1/1] (0.00ns)   --->   "store i32 %pool_window_3_V_10, i32* @kernel_data_V_7_12, align 4" [firmware/nnet_utils/nnet_pooling_stream.h:182->firmware/nnet_utils/nnet_pooling_stream.h:238->firmware/nnet_utils/nnet_pooling_stream.h:251]   --->   Operation 52 'store' <Predicate = (!icmp_ln233)> <Delay = 0.00>
ST_4 : Operation 53 [1/1] (0.00ns)   --->   "%pool_window_3_V = extractvalue { i32, i32, i32, i32, i32, i32, i32, i32, i32, i32, i32, i32, i32, i32, i32, i32 } %call_ret, 13" [firmware/nnet_utils/nnet_pooling_stream.h:182->firmware/nnet_utils/nnet_pooling_stream.h:238->firmware/nnet_utils/nnet_pooling_stream.h:251]   --->   Operation 53 'extractvalue' 'pool_window_3_V' <Predicate = (!icmp_ln233)> <Delay = 0.00>
ST_4 : Operation 54 [1/1] (0.00ns)   --->   "store i32 %pool_window_3_V, i32* @kernel_data_V_7_13, align 4" [firmware/nnet_utils/nnet_pooling_stream.h:182->firmware/nnet_utils/nnet_pooling_stream.h:238->firmware/nnet_utils/nnet_pooling_stream.h:251]   --->   Operation 54 'store' <Predicate = (!icmp_ln233)> <Delay = 0.00>
ST_4 : Operation 55 [1/1] (0.00ns)   --->   "%pool_window_3_V_2 = extractvalue { i32, i32, i32, i32, i32, i32, i32, i32, i32, i32, i32, i32, i32, i32, i32, i32 } %call_ret, 14" [firmware/nnet_utils/nnet_pooling_stream.h:182->firmware/nnet_utils/nnet_pooling_stream.h:238->firmware/nnet_utils/nnet_pooling_stream.h:251]   --->   Operation 55 'extractvalue' 'pool_window_3_V_2' <Predicate = (!icmp_ln233)> <Delay = 0.00>
ST_4 : Operation 56 [1/1] (0.00ns)   --->   "store i32 %pool_window_3_V_2, i32* @kernel_data_V_7_14, align 4" [firmware/nnet_utils/nnet_pooling_stream.h:182->firmware/nnet_utils/nnet_pooling_stream.h:238->firmware/nnet_utils/nnet_pooling_stream.h:251]   --->   Operation 56 'store' <Predicate = (!icmp_ln233)> <Delay = 0.00>
ST_4 : Operation 57 [1/1] (0.00ns)   --->   "%pool_window_3_V_3 = extractvalue { i32, i32, i32, i32, i32, i32, i32, i32, i32, i32, i32, i32, i32, i32, i32, i32 } %call_ret, 15" [firmware/nnet_utils/nnet_pooling_stream.h:182->firmware/nnet_utils/nnet_pooling_stream.h:238->firmware/nnet_utils/nnet_pooling_stream.h:251]   --->   Operation 57 'extractvalue' 'pool_window_3_V_3' <Predicate = (!icmp_ln233)> <Delay = 0.00>
ST_4 : Operation 58 [1/1] (0.00ns)   --->   "store i32 %pool_window_3_V_3, i32* @kernel_data_V_7_15, align 4" [firmware/nnet_utils/nnet_pooling_stream.h:182->firmware/nnet_utils/nnet_pooling_stream.h:238->firmware/nnet_utils/nnet_pooling_stream.h:251]   --->   Operation 58 'store' <Predicate = (!icmp_ln233)> <Delay = 0.00>
ST_4 : Operation 59 [1/1] (0.00ns)   --->   "%sX_5_load = load i32* @sX_5, align 4" [firmware/nnet_utils/nnet_pooling_stream.h:185->firmware/nnet_utils/nnet_pooling_stream.h:238->firmware/nnet_utils/nnet_pooling_stream.h:251]   --->   Operation 59 'load' 'sX_5_load' <Predicate = (!icmp_ln233)> <Delay = 0.00>
ST_4 : Operation 60 [1/1] (2.47ns)   --->   "%icmp_ln185 = icmp eq i32 %sX_5_load, 1" [firmware/nnet_utils/nnet_pooling_stream.h:185->firmware/nnet_utils/nnet_pooling_stream.h:238->firmware/nnet_utils/nnet_pooling_stream.h:251]   --->   Operation 60 'icmp' 'icmp_ln185' <Predicate = (!icmp_ln233)> <Delay = 2.47> <Core = "Cmp">   --->   Core 25 'Cmp' <Latency = 0> <II = 1> <Delay = 2.47> <FuncUnit> <Opcode : 'icmp'> <InPorts = 2> <OutPorts = 1>
ST_4 : Operation 61 [1/1] (0.00ns)   --->   "%sY_5_load = load i32* @sY_5, align 4" [firmware/nnet_utils/nnet_pooling_stream.h:185->firmware/nnet_utils/nnet_pooling_stream.h:238->firmware/nnet_utils/nnet_pooling_stream.h:251]   --->   Operation 61 'load' 'sY_5_load' <Predicate = (!icmp_ln233)> <Delay = 0.00>
ST_4 : Operation 62 [1/1] (2.47ns)   --->   "%icmp_ln185_7 = icmp eq i32 %sY_5_load, 1" [firmware/nnet_utils/nnet_pooling_stream.h:185->firmware/nnet_utils/nnet_pooling_stream.h:238->firmware/nnet_utils/nnet_pooling_stream.h:251]   --->   Operation 62 'icmp' 'icmp_ln185_7' <Predicate = (!icmp_ln233)> <Delay = 2.47> <Core = "Cmp">   --->   Core 25 'Cmp' <Latency = 0> <II = 1> <Delay = 2.47> <FuncUnit> <Opcode : 'icmp'> <InPorts = 2> <OutPorts = 1>
ST_4 : Operation 63 [1/1] (0.00ns)   --->   "%pY_5_load = load i32* @pY_5, align 4" [firmware/nnet_utils/nnet_pooling_stream.h:185->firmware/nnet_utils/nnet_pooling_stream.h:238->firmware/nnet_utils/nnet_pooling_stream.h:251]   --->   Operation 63 'load' 'pY_5_load' <Predicate = (!icmp_ln233)> <Delay = 0.00>
ST_4 : Operation 64 [1/1] (2.47ns)   --->   "%icmp_ln185_8 = icmp sgt i32 %pY_5_load, 0" [firmware/nnet_utils/nnet_pooling_stream.h:185->firmware/nnet_utils/nnet_pooling_stream.h:238->firmware/nnet_utils/nnet_pooling_stream.h:251]   --->   Operation 64 'icmp' 'icmp_ln185_8' <Predicate = (!icmp_ln233)> <Delay = 2.47> <Core = "Cmp">   --->   Core 25 'Cmp' <Latency = 0> <II = 1> <Delay = 2.47> <FuncUnit> <Opcode : 'icmp'> <InPorts = 2> <OutPorts = 1>
ST_4 : Operation 65 [1/1] (0.00ns)   --->   "%pX_5_load = load i32* @pX_5, align 4" [firmware/nnet_utils/nnet_pooling_stream.h:185->firmware/nnet_utils/nnet_pooling_stream.h:238->firmware/nnet_utils/nnet_pooling_stream.h:251]   --->   Operation 65 'load' 'pX_5_load' <Predicate = (!icmp_ln233)> <Delay = 0.00>
ST_4 : Operation 66 [1/1] (2.47ns)   --->   "%icmp_ln185_9 = icmp sgt i32 %pX_5_load, 0" [firmware/nnet_utils/nnet_pooling_stream.h:185->firmware/nnet_utils/nnet_pooling_stream.h:238->firmware/nnet_utils/nnet_pooling_stream.h:251]   --->   Operation 66 'icmp' 'icmp_ln185_9' <Predicate = (!icmp_ln233)> <Delay = 2.47> <Core = "Cmp">   --->   Core 25 'Cmp' <Latency = 0> <II = 1> <Delay = 2.47> <FuncUnit> <Opcode : 'icmp'> <InPorts = 2> <OutPorts = 1>
ST_4 : Operation 67 [1/1] (0.00ns) (grouped into LUT with out node and_ln185_6)   --->   "%and_ln185 = and i1 %icmp_ln185, %icmp_ln185_7" [firmware/nnet_utils/nnet_pooling_stream.h:185->firmware/nnet_utils/nnet_pooling_stream.h:238->firmware/nnet_utils/nnet_pooling_stream.h:251]   --->   Operation 67 'and' 'and_ln185' <Predicate = (!icmp_ln233)> <Delay = 0.00> <Core = "LogicGate">   --->   Core 27 'LogicGate' <Latency = 0> <II = 1> <Delay = 0.97> <FuncUnit> <Opcode : 'and' 'or' 'xor'> <InPorts = 2> <OutPorts = 1>
ST_4 : Operation 68 [1/1] (0.00ns) (grouped into LUT with out node and_ln185_6)   --->   "%and_ln185_5 = and i1 %icmp_ln185_8, %icmp_ln185_9" [firmware/nnet_utils/nnet_pooling_stream.h:185->firmware/nnet_utils/nnet_pooling_stream.h:238->firmware/nnet_utils/nnet_pooling_stream.h:251]   --->   Operation 68 'and' 'and_ln185_5' <Predicate = (!icmp_ln233)> <Delay = 0.00> <Core = "LogicGate">   --->   Core 27 'LogicGate' <Latency = 0> <II = 1> <Delay = 0.97> <FuncUnit> <Opcode : 'and' 'or' 'xor'> <InPorts = 2> <OutPorts = 1>
ST_4 : Operation 69 [1/1] (0.97ns) (out node of the LUT)   --->   "%and_ln185_6 = and i1 %and_ln185_5, %and_ln185" [firmware/nnet_utils/nnet_pooling_stream.h:185->firmware/nnet_utils/nnet_pooling_stream.h:238->firmware/nnet_utils/nnet_pooling_stream.h:251]   --->   Operation 69 'and' 'and_ln185_6' <Predicate = (!icmp_ln233)> <Delay = 0.97> <Core = "LogicGate">   --->   Core 27 'LogicGate' <Latency = 0> <II = 1> <Delay = 0.97> <FuncUnit> <Opcode : 'and' 'or' 'xor'> <InPorts = 2> <OutPorts = 1>
ST_4 : Operation 70 [1/1] (0.00ns)   --->   "br i1 %and_ln185_6, label %.preheader.i.i.0, label %._crit_edge25.i.i" [firmware/nnet_utils/nnet_pooling_stream.h:185->firmware/nnet_utils/nnet_pooling_stream.h:238->firmware/nnet_utils/nnet_pooling_stream.h:251]   --->   Operation 70 'br' <Predicate = (!icmp_ln233)> <Delay = 0.00>
ST_4 : Operation 71 [1/1] (2.47ns)   --->   "%icmp_ln1496 = icmp slt i32 %pool_window_0_V_3, %pool_window_1_V_10" [firmware/nnet_utils/nnet_common.h:86->firmware/nnet_utils/nnet_common.h:53->firmware/nnet_utils/nnet_common.h:55->firmware/nnet_utils/nnet_pooling_stream.h:22->firmware/nnet_utils/nnet_pooling_stream.h:195->firmware/nnet_utils/nnet_pooling_stream.h:238->firmware/nnet_utils/nnet_pooling_stream.h:251]   --->   Operation 71 'icmp' 'icmp_ln1496' <Predicate = (and_ln185_6)> <Delay = 2.47> <Core = "Cmp">   --->   Core 25 'Cmp' <Latency = 0> <II = 1> <Delay = 2.47> <FuncUnit> <Opcode : 'icmp'> <InPorts = 2> <OutPorts = 1>
ST_4 : Operation 72 [1/1] (2.47ns)   --->   "%icmp_ln1496_35 = icmp slt i32 %pool_window_2_V_3, %pool_window_3_V_10" [firmware/nnet_utils/nnet_common.h:86->firmware/nnet_utils/nnet_common.h:53->firmware/nnet_utils/nnet_common.h:55->firmware/nnet_utils/nnet_pooling_stream.h:22->firmware/nnet_utils/nnet_pooling_stream.h:195->firmware/nnet_utils/nnet_pooling_stream.h:238->firmware/nnet_utils/nnet_pooling_stream.h:251]   --->   Operation 72 'icmp' 'icmp_ln1496_35' <Predicate = (and_ln185_6)> <Delay = 2.47> <Core = "Cmp">   --->   Core 25 'Cmp' <Latency = 0> <II = 1> <Delay = 2.47> <FuncUnit> <Opcode : 'icmp'> <InPorts = 2> <OutPorts = 1>
ST_4 : Operation 73 [1/1] (2.47ns)   --->   "%icmp_ln1496_37 = icmp slt i32 %pool_window_0_V, %pool_window_1_V" [firmware/nnet_utils/nnet_common.h:86->firmware/nnet_utils/nnet_common.h:53->firmware/nnet_utils/nnet_common.h:55->firmware/nnet_utils/nnet_pooling_stream.h:22->firmware/nnet_utils/nnet_pooling_stream.h:195->firmware/nnet_utils/nnet_pooling_stream.h:238->firmware/nnet_utils/nnet_pooling_stream.h:251]   --->   Operation 73 'icmp' 'icmp_ln1496_37' <Predicate = (and_ln185_6)> <Delay = 2.47> <Core = "Cmp">   --->   Core 25 'Cmp' <Latency = 0> <II = 1> <Delay = 2.47> <FuncUnit> <Opcode : 'icmp'> <InPorts = 2> <OutPorts = 1>
ST_4 : Operation 74 [1/1] (2.47ns)   --->   "%icmp_ln1496_38 = icmp slt i32 %pool_window_2_V, %pool_window_3_V" [firmware/nnet_utils/nnet_common.h:86->firmware/nnet_utils/nnet_common.h:53->firmware/nnet_utils/nnet_common.h:55->firmware/nnet_utils/nnet_pooling_stream.h:22->firmware/nnet_utils/nnet_pooling_stream.h:195->firmware/nnet_utils/nnet_pooling_stream.h:238->firmware/nnet_utils/nnet_pooling_stream.h:251]   --->   Operation 74 'icmp' 'icmp_ln1496_38' <Predicate = (and_ln185_6)> <Delay = 2.47> <Core = "Cmp">   --->   Core 25 'Cmp' <Latency = 0> <II = 1> <Delay = 2.47> <FuncUnit> <Opcode : 'icmp'> <InPorts = 2> <OutPorts = 1>
ST_4 : Operation 75 [1/1] (2.47ns)   --->   "%icmp_ln1496_40 = icmp slt i32 %pool_window_0_V_2, %pool_window_1_V_2" [firmware/nnet_utils/nnet_common.h:86->firmware/nnet_utils/nnet_common.h:53->firmware/nnet_utils/nnet_common.h:55->firmware/nnet_utils/nnet_pooling_stream.h:22->firmware/nnet_utils/nnet_pooling_stream.h:195->firmware/nnet_utils/nnet_pooling_stream.h:238->firmware/nnet_utils/nnet_pooling_stream.h:251]   --->   Operation 75 'icmp' 'icmp_ln1496_40' <Predicate = (and_ln185_6)> <Delay = 2.47> <Core = "Cmp">   --->   Core 25 'Cmp' <Latency = 0> <II = 1> <Delay = 2.47> <FuncUnit> <Opcode : 'icmp'> <InPorts = 2> <OutPorts = 1>
ST_4 : Operation 76 [1/1] (2.47ns)   --->   "%icmp_ln1496_41 = icmp slt i32 %pool_window_2_V_2, %pool_window_3_V_2" [firmware/nnet_utils/nnet_common.h:86->firmware/nnet_utils/nnet_common.h:53->firmware/nnet_utils/nnet_common.h:55->firmware/nnet_utils/nnet_pooling_stream.h:22->firmware/nnet_utils/nnet_pooling_stream.h:195->firmware/nnet_utils/nnet_pooling_stream.h:238->firmware/nnet_utils/nnet_pooling_stream.h:251]   --->   Operation 76 'icmp' 'icmp_ln1496_41' <Predicate = (and_ln185_6)> <Delay = 2.47> <Core = "Cmp">   --->   Core 25 'Cmp' <Latency = 0> <II = 1> <Delay = 2.47> <FuncUnit> <Opcode : 'icmp'> <InPorts = 2> <OutPorts = 1>
ST_4 : Operation 77 [1/1] (2.47ns)   --->   "%icmp_ln1496_43 = icmp slt i32 %pool_window_0_V_10, %pool_window_1_V_3" [firmware/nnet_utils/nnet_common.h:86->firmware/nnet_utils/nnet_common.h:53->firmware/nnet_utils/nnet_common.h:55->firmware/nnet_utils/nnet_pooling_stream.h:22->firmware/nnet_utils/nnet_pooling_stream.h:195->firmware/nnet_utils/nnet_pooling_stream.h:238->firmware/nnet_utils/nnet_pooling_stream.h:251]   --->   Operation 77 'icmp' 'icmp_ln1496_43' <Predicate = (and_ln185_6)> <Delay = 2.47> <Core = "Cmp">   --->   Core 25 'Cmp' <Latency = 0> <II = 1> <Delay = 2.47> <FuncUnit> <Opcode : 'icmp'> <InPorts = 2> <OutPorts = 1>
ST_4 : Operation 78 [1/1] (2.47ns)   --->   "%icmp_ln1496_44 = icmp slt i32 %pool_window_2_V_10, %pool_window_3_V_3" [firmware/nnet_utils/nnet_common.h:86->firmware/nnet_utils/nnet_common.h:53->firmware/nnet_utils/nnet_common.h:55->firmware/nnet_utils/nnet_pooling_stream.h:22->firmware/nnet_utils/nnet_pooling_stream.h:195->firmware/nnet_utils/nnet_pooling_stream.h:238->firmware/nnet_utils/nnet_pooling_stream.h:251]   --->   Operation 78 'icmp' 'icmp_ln1496_44' <Predicate = (and_ln185_6)> <Delay = 2.47> <Core = "Cmp">   --->   Core 25 'Cmp' <Latency = 0> <II = 1> <Delay = 2.47> <FuncUnit> <Opcode : 'icmp'> <InPorts = 2> <OutPorts = 1>
ST_4 : Operation 79 [1/1] (2.47ns)   --->   "%icmp_ln203 = icmp eq i32 %pX_5_load, 7" [firmware/nnet_utils/nnet_pooling_stream.h:203->firmware/nnet_utils/nnet_pooling_stream.h:238->firmware/nnet_utils/nnet_pooling_stream.h:251]   --->   Operation 79 'icmp' 'icmp_ln203' <Predicate = true> <Delay = 2.47> <Core = "Cmp">   --->   Core 25 'Cmp' <Latency = 0> <II = 1> <Delay = 2.47> <FuncUnit> <Opcode : 'icmp'> <InPorts = 2> <OutPorts = 1>
ST_4 : Operation 80 [1/1] (0.00ns)   --->   "br i1 %icmp_ln203, label %1, label %5" [firmware/nnet_utils/nnet_pooling_stream.h:203->firmware/nnet_utils/nnet_pooling_stream.h:238->firmware/nnet_utils/nnet_pooling_stream.h:251]   --->   Operation 80 'br' <Predicate = true> <Delay = 0.00>
ST_4 : Operation 81 [1/1] (2.55ns)   --->   "%add_ln216 = add nsw i32 %pX_5_load, 1" [firmware/nnet_utils/nnet_pooling_stream.h:216->firmware/nnet_utils/nnet_pooling_stream.h:238->firmware/nnet_utils/nnet_pooling_stream.h:251]   --->   Operation 81 'add' 'add_ln216' <Predicate = (!icmp_ln203)> <Delay = 2.55> <Core = "AddSub">   --->   Core 14 'AddSub' <Latency = 0> <II = 1> <Delay = 2.55> <FuncUnit> <Opcode : 'add' 'sub'> <InPorts = 2> <OutPorts = 1>
ST_4 : Operation 82 [1/1] (1.76ns)   --->   "store i32 %add_ln216, i32* @pX_5, align 4" [firmware/nnet_utils/nnet_pooling_stream.h:216->firmware/nnet_utils/nnet_pooling_stream.h:238->firmware/nnet_utils/nnet_pooling_stream.h:251]   --->   Operation 82 'store' <Predicate = (!icmp_ln203)> <Delay = 1.76>
ST_4 : Operation 83 [1/1] (2.55ns)   --->   "%add_ln218 = add i32 %sX_5_load, 1" [firmware/nnet_utils/nnet_pooling_stream.h:218->firmware/nnet_utils/nnet_pooling_stream.h:238->firmware/nnet_utils/nnet_pooling_stream.h:251]   --->   Operation 83 'add' 'add_ln218' <Predicate = (!icmp_ln203)> <Delay = 2.55> <Core = "AddSub">   --->   Core 14 'AddSub' <Latency = 0> <II = 1> <Delay = 2.55> <FuncUnit> <Opcode : 'add' 'sub'> <InPorts = 2> <OutPorts = 1>
ST_4 : Operation 84 [1/1] (0.69ns)   --->   "%select_ln218 = select i1 %icmp_ln185, i32 0, i32 %add_ln218" [firmware/nnet_utils/nnet_pooling_stream.h:218->firmware/nnet_utils/nnet_pooling_stream.h:238->firmware/nnet_utils/nnet_pooling_stream.h:251]   --->   Operation 84 'select' 'select_ln218' <Predicate = (!icmp_ln203)> <Delay = 0.69> <Core = "Sel">   --->   Core 26 'Sel' <Latency = 0> <II = 1> <Delay = 0.69> <FuncUnit> <Opcode : 'select'> <InPorts = 3> <OutPorts = 1>
ST_4 : Operation 85 [1/1] (1.76ns)   --->   "store i32 0, i32* @pX_5, align 4" [firmware/nnet_utils/nnet_pooling_stream.h:205->firmware/nnet_utils/nnet_pooling_stream.h:238->firmware/nnet_utils/nnet_pooling_stream.h:251]   --->   Operation 85 'store' <Predicate = (icmp_ln203)> <Delay = 1.76>
ST_4 : Operation 86 [1/1] (1.76ns)   --->   "store i32 0, i32* @sX_5, align 4" [firmware/nnet_utils/nnet_pooling_stream.h:206->firmware/nnet_utils/nnet_pooling_stream.h:238->firmware/nnet_utils/nnet_pooling_stream.h:251]   --->   Operation 86 'store' <Predicate = (icmp_ln203)> <Delay = 1.76>
ST_4 : Operation 87 [1/1] (2.47ns)   --->   "%icmp_ln207 = icmp eq i32 %pY_5_load, 7" [firmware/nnet_utils/nnet_pooling_stream.h:207->firmware/nnet_utils/nnet_pooling_stream.h:238->firmware/nnet_utils/nnet_pooling_stream.h:251]   --->   Operation 87 'icmp' 'icmp_ln207' <Predicate = (icmp_ln203)> <Delay = 2.47> <Core = "Cmp">   --->   Core 25 'Cmp' <Latency = 0> <II = 1> <Delay = 2.47> <FuncUnit> <Opcode : 'icmp'> <InPorts = 2> <OutPorts = 1>
ST_4 : Operation 88 [1/1] (0.00ns)   --->   "br i1 %icmp_ln207, label %2, label %3" [firmware/nnet_utils/nnet_pooling_stream.h:207->firmware/nnet_utils/nnet_pooling_stream.h:238->firmware/nnet_utils/nnet_pooling_stream.h:251]   --->   Operation 88 'br' <Predicate = (icmp_ln203)> <Delay = 0.00>
ST_4 : Operation 89 [1/1] (2.55ns)   --->   "%add_ln211 = add nsw i32 %pY_5_load, 1" [firmware/nnet_utils/nnet_pooling_stream.h:211->firmware/nnet_utils/nnet_pooling_stream.h:238->firmware/nnet_utils/nnet_pooling_stream.h:251]   --->   Operation 89 'add' 'add_ln211' <Predicate = (!icmp_ln233 & icmp_ln203 & !icmp_ln207)> <Delay = 2.55> <Core = "AddSub">   --->   Core 14 'AddSub' <Latency = 0> <II = 1> <Delay = 2.55> <FuncUnit> <Opcode : 'add' 'sub'> <InPorts = 2> <OutPorts = 1>
ST_4 : Operation 90 [1/1] (1.76ns)   --->   "store i32 %add_ln211, i32* @pY_5, align 4" [firmware/nnet_utils/nnet_pooling_stream.h:211->firmware/nnet_utils/nnet_pooling_stream.h:238->firmware/nnet_utils/nnet_pooling_stream.h:251]   --->   Operation 90 'store' <Predicate = (!icmp_ln233 & icmp_ln203 & !icmp_ln207)> <Delay = 1.76>
ST_4 : Operation 91 [1/1] (2.55ns)   --->   "%add_ln213 = add i32 %sY_5_load, 1" [firmware/nnet_utils/nnet_pooling_stream.h:213->firmware/nnet_utils/nnet_pooling_stream.h:238->firmware/nnet_utils/nnet_pooling_stream.h:251]   --->   Operation 91 'add' 'add_ln213' <Predicate = (!icmp_ln233 & icmp_ln203 & !icmp_ln207)> <Delay = 2.55> <Core = "AddSub">   --->   Core 14 'AddSub' <Latency = 0> <II = 1> <Delay = 2.55> <FuncUnit> <Opcode : 'add' 'sub'> <InPorts = 2> <OutPorts = 1>
ST_4 : Operation 92 [1/1] (0.69ns)   --->   "%select_ln213 = select i1 %icmp_ln185_7, i32 0, i32 %add_ln213" [firmware/nnet_utils/nnet_pooling_stream.h:213->firmware/nnet_utils/nnet_pooling_stream.h:238->firmware/nnet_utils/nnet_pooling_stream.h:251]   --->   Operation 92 'select' 'select_ln213' <Predicate = (!icmp_ln233 & icmp_ln203 & !icmp_ln207)> <Delay = 0.69> <Core = "Sel">   --->   Core 26 'Sel' <Latency = 0> <II = 1> <Delay = 0.69> <FuncUnit> <Opcode : 'select'> <InPorts = 3> <OutPorts = 1>

State 5 <SV = 4> <Delay = 3.86>
ST_5 : Operation 93 [1/1] (0.69ns)   --->   "%select_ln86 = select i1 %icmp_ln1496, i32 %pool_window_1_V_10, i32 %pool_window_0_V_3" [firmware/nnet_utils/nnet_common.h:86->firmware/nnet_utils/nnet_common.h:53->firmware/nnet_utils/nnet_common.h:55->firmware/nnet_utils/nnet_pooling_stream.h:22->firmware/nnet_utils/nnet_pooling_stream.h:195->firmware/nnet_utils/nnet_pooling_stream.h:238->firmware/nnet_utils/nnet_pooling_stream.h:251]   --->   Operation 93 'select' 'select_ln86' <Predicate = (and_ln185_6)> <Delay = 0.69> <Core = "Sel">   --->   Core 26 'Sel' <Latency = 0> <II = 1> <Delay = 0.69> <FuncUnit> <Opcode : 'select'> <InPorts = 3> <OutPorts = 1>
ST_5 : Operation 94 [1/1] (0.69ns)   --->   "%select_ln86_35 = select i1 %icmp_ln1496_35, i32 %pool_window_3_V_10, i32 %pool_window_2_V_3" [firmware/nnet_utils/nnet_common.h:86->firmware/nnet_utils/nnet_common.h:53->firmware/nnet_utils/nnet_common.h:55->firmware/nnet_utils/nnet_pooling_stream.h:22->firmware/nnet_utils/nnet_pooling_stream.h:195->firmware/nnet_utils/nnet_pooling_stream.h:238->firmware/nnet_utils/nnet_pooling_stream.h:251]   --->   Operation 94 'select' 'select_ln86_35' <Predicate = (and_ln185_6)> <Delay = 0.69> <Core = "Sel">   --->   Core 26 'Sel' <Latency = 0> <II = 1> <Delay = 0.69> <FuncUnit> <Opcode : 'select'> <InPorts = 3> <OutPorts = 1>
ST_5 : Operation 95 [1/1] (2.47ns)   --->   "%icmp_ln1496_36 = icmp slt i32 %select_ln86, %select_ln86_35" [firmware/nnet_utils/nnet_common.h:86->firmware/nnet_utils/nnet_common.h:55->firmware/nnet_utils/nnet_pooling_stream.h:22->firmware/nnet_utils/nnet_pooling_stream.h:195->firmware/nnet_utils/nnet_pooling_stream.h:238->firmware/nnet_utils/nnet_pooling_stream.h:251]   --->   Operation 95 'icmp' 'icmp_ln1496_36' <Predicate = (and_ln185_6)> <Delay = 2.47> <Core = "Cmp">   --->   Core 25 'Cmp' <Latency = 0> <II = 1> <Delay = 2.47> <FuncUnit> <Opcode : 'icmp'> <InPorts = 2> <OutPorts = 1>
ST_5 : Operation 96 [1/1] (0.69ns)   --->   "%tmp_data_0_V_34 = select i1 %icmp_ln1496_36, i32 %select_ln86_35, i32 %select_ln86" [firmware/nnet_utils/nnet_common.h:86->firmware/nnet_utils/nnet_common.h:55->firmware/nnet_utils/nnet_pooling_stream.h:22->firmware/nnet_utils/nnet_pooling_stream.h:195->firmware/nnet_utils/nnet_pooling_stream.h:238->firmware/nnet_utils/nnet_pooling_stream.h:251]   --->   Operation 96 'select' 'tmp_data_0_V_34' <Predicate = (and_ln185_6)> <Delay = 0.69> <Core = "Sel">   --->   Core 26 'Sel' <Latency = 0> <II = 1> <Delay = 0.69> <FuncUnit> <Opcode : 'select'> <InPorts = 3> <OutPorts = 1>
ST_5 : Operation 97 [1/1] (0.69ns)   --->   "%select_ln86_37 = select i1 %icmp_ln1496_37, i32 %pool_window_1_V, i32 %pool_window_0_V" [firmware/nnet_utils/nnet_common.h:86->firmware/nnet_utils/nnet_common.h:53->firmware/nnet_utils/nnet_common.h:55->firmware/nnet_utils/nnet_pooling_stream.h:22->firmware/nnet_utils/nnet_pooling_stream.h:195->firmware/nnet_utils/nnet_pooling_stream.h:238->firmware/nnet_utils/nnet_pooling_stream.h:251]   --->   Operation 97 'select' 'select_ln86_37' <Predicate = (and_ln185_6)> <Delay = 0.69> <Core = "Sel">   --->   Core 26 'Sel' <Latency = 0> <II = 1> <Delay = 0.69> <FuncUnit> <Opcode : 'select'> <InPorts = 3> <OutPorts = 1>
ST_5 : Operation 98 [1/1] (0.69ns)   --->   "%select_ln86_38 = select i1 %icmp_ln1496_38, i32 %pool_window_3_V, i32 %pool_window_2_V" [firmware/nnet_utils/nnet_common.h:86->firmware/nnet_utils/nnet_common.h:53->firmware/nnet_utils/nnet_common.h:55->firmware/nnet_utils/nnet_pooling_stream.h:22->firmware/nnet_utils/nnet_pooling_stream.h:195->firmware/nnet_utils/nnet_pooling_stream.h:238->firmware/nnet_utils/nnet_pooling_stream.h:251]   --->   Operation 98 'select' 'select_ln86_38' <Predicate = (and_ln185_6)> <Delay = 0.69> <Core = "Sel">   --->   Core 26 'Sel' <Latency = 0> <II = 1> <Delay = 0.69> <FuncUnit> <Opcode : 'select'> <InPorts = 3> <OutPorts = 1>
ST_5 : Operation 99 [1/1] (2.47ns)   --->   "%icmp_ln1496_39 = icmp slt i32 %select_ln86_37, %select_ln86_38" [firmware/nnet_utils/nnet_common.h:86->firmware/nnet_utils/nnet_common.h:55->firmware/nnet_utils/nnet_pooling_stream.h:22->firmware/nnet_utils/nnet_pooling_stream.h:195->firmware/nnet_utils/nnet_pooling_stream.h:238->firmware/nnet_utils/nnet_pooling_stream.h:251]   --->   Operation 99 'icmp' 'icmp_ln1496_39' <Predicate = (and_ln185_6)> <Delay = 2.47> <Core = "Cmp">   --->   Core 25 'Cmp' <Latency = 0> <II = 1> <Delay = 2.47> <FuncUnit> <Opcode : 'icmp'> <InPorts = 2> <OutPorts = 1>
ST_5 : Operation 100 [1/1] (0.69ns)   --->   "%tmp_data_1_V_32 = select i1 %icmp_ln1496_39, i32 %select_ln86_38, i32 %select_ln86_37" [firmware/nnet_utils/nnet_common.h:86->firmware/nnet_utils/nnet_common.h:55->firmware/nnet_utils/nnet_pooling_stream.h:22->firmware/nnet_utils/nnet_pooling_stream.h:195->firmware/nnet_utils/nnet_pooling_stream.h:238->firmware/nnet_utils/nnet_pooling_stream.h:251]   --->   Operation 100 'select' 'tmp_data_1_V_32' <Predicate = (and_ln185_6)> <Delay = 0.69> <Core = "Sel">   --->   Core 26 'Sel' <Latency = 0> <II = 1> <Delay = 0.69> <FuncUnit> <Opcode : 'select'> <InPorts = 3> <OutPorts = 1>
ST_5 : Operation 101 [1/1] (0.69ns)   --->   "%select_ln86_40 = select i1 %icmp_ln1496_40, i32 %pool_window_1_V_2, i32 %pool_window_0_V_2" [firmware/nnet_utils/nnet_common.h:86->firmware/nnet_utils/nnet_common.h:53->firmware/nnet_utils/nnet_common.h:55->firmware/nnet_utils/nnet_pooling_stream.h:22->firmware/nnet_utils/nnet_pooling_stream.h:195->firmware/nnet_utils/nnet_pooling_stream.h:238->firmware/nnet_utils/nnet_pooling_stream.h:251]   --->   Operation 101 'select' 'select_ln86_40' <Predicate = (and_ln185_6)> <Delay = 0.69> <Core = "Sel">   --->   Core 26 'Sel' <Latency = 0> <II = 1> <Delay = 0.69> <FuncUnit> <Opcode : 'select'> <InPorts = 3> <OutPorts = 1>
ST_5 : Operation 102 [1/1] (0.69ns)   --->   "%select_ln86_41 = select i1 %icmp_ln1496_41, i32 %pool_window_3_V_2, i32 %pool_window_2_V_2" [firmware/nnet_utils/nnet_common.h:86->firmware/nnet_utils/nnet_common.h:53->firmware/nnet_utils/nnet_common.h:55->firmware/nnet_utils/nnet_pooling_stream.h:22->firmware/nnet_utils/nnet_pooling_stream.h:195->firmware/nnet_utils/nnet_pooling_stream.h:238->firmware/nnet_utils/nnet_pooling_stream.h:251]   --->   Operation 102 'select' 'select_ln86_41' <Predicate = (and_ln185_6)> <Delay = 0.69> <Core = "Sel">   --->   Core 26 'Sel' <Latency = 0> <II = 1> <Delay = 0.69> <FuncUnit> <Opcode : 'select'> <InPorts = 3> <OutPorts = 1>
ST_5 : Operation 103 [1/1] (2.47ns)   --->   "%icmp_ln1496_42 = icmp slt i32 %select_ln86_40, %select_ln86_41" [firmware/nnet_utils/nnet_common.h:86->firmware/nnet_utils/nnet_common.h:55->firmware/nnet_utils/nnet_pooling_stream.h:22->firmware/nnet_utils/nnet_pooling_stream.h:195->firmware/nnet_utils/nnet_pooling_stream.h:238->firmware/nnet_utils/nnet_pooling_stream.h:251]   --->   Operation 103 'icmp' 'icmp_ln1496_42' <Predicate = (and_ln185_6)> <Delay = 2.47> <Core = "Cmp">   --->   Core 25 'Cmp' <Latency = 0> <II = 1> <Delay = 2.47> <FuncUnit> <Opcode : 'icmp'> <InPorts = 2> <OutPorts = 1>
ST_5 : Operation 104 [1/1] (0.69ns)   --->   "%tmp_data_2_V_32 = select i1 %icmp_ln1496_42, i32 %select_ln86_41, i32 %select_ln86_40" [firmware/nnet_utils/nnet_common.h:86->firmware/nnet_utils/nnet_common.h:55->firmware/nnet_utils/nnet_pooling_stream.h:22->firmware/nnet_utils/nnet_pooling_stream.h:195->firmware/nnet_utils/nnet_pooling_stream.h:238->firmware/nnet_utils/nnet_pooling_stream.h:251]   --->   Operation 104 'select' 'tmp_data_2_V_32' <Predicate = (and_ln185_6)> <Delay = 0.69> <Core = "Sel">   --->   Core 26 'Sel' <Latency = 0> <II = 1> <Delay = 0.69> <FuncUnit> <Opcode : 'select'> <InPorts = 3> <OutPorts = 1>
ST_5 : Operation 105 [1/1] (0.69ns)   --->   "%select_ln86_43 = select i1 %icmp_ln1496_43, i32 %pool_window_1_V_3, i32 %pool_window_0_V_10" [firmware/nnet_utils/nnet_common.h:86->firmware/nnet_utils/nnet_common.h:53->firmware/nnet_utils/nnet_common.h:55->firmware/nnet_utils/nnet_pooling_stream.h:22->firmware/nnet_utils/nnet_pooling_stream.h:195->firmware/nnet_utils/nnet_pooling_stream.h:238->firmware/nnet_utils/nnet_pooling_stream.h:251]   --->   Operation 105 'select' 'select_ln86_43' <Predicate = (and_ln185_6)> <Delay = 0.69> <Core = "Sel">   --->   Core 26 'Sel' <Latency = 0> <II = 1> <Delay = 0.69> <FuncUnit> <Opcode : 'select'> <InPorts = 3> <OutPorts = 1>
ST_5 : Operation 106 [1/1] (0.69ns)   --->   "%select_ln86_44 = select i1 %icmp_ln1496_44, i32 %pool_window_3_V_3, i32 %pool_window_2_V_10" [firmware/nnet_utils/nnet_common.h:86->firmware/nnet_utils/nnet_common.h:53->firmware/nnet_utils/nnet_common.h:55->firmware/nnet_utils/nnet_pooling_stream.h:22->firmware/nnet_utils/nnet_pooling_stream.h:195->firmware/nnet_utils/nnet_pooling_stream.h:238->firmware/nnet_utils/nnet_pooling_stream.h:251]   --->   Operation 106 'select' 'select_ln86_44' <Predicate = (and_ln185_6)> <Delay = 0.69> <Core = "Sel">   --->   Core 26 'Sel' <Latency = 0> <II = 1> <Delay = 0.69> <FuncUnit> <Opcode : 'select'> <InPorts = 3> <OutPorts = 1>
ST_5 : Operation 107 [1/1] (2.47ns)   --->   "%icmp_ln1496_45 = icmp slt i32 %select_ln86_43, %select_ln86_44" [firmware/nnet_utils/nnet_common.h:86->firmware/nnet_utils/nnet_common.h:55->firmware/nnet_utils/nnet_pooling_stream.h:22->firmware/nnet_utils/nnet_pooling_stream.h:195->firmware/nnet_utils/nnet_pooling_stream.h:238->firmware/nnet_utils/nnet_pooling_stream.h:251]   --->   Operation 107 'icmp' 'icmp_ln1496_45' <Predicate = (and_ln185_6)> <Delay = 2.47> <Core = "Cmp">   --->   Core 25 'Cmp' <Latency = 0> <II = 1> <Delay = 2.47> <FuncUnit> <Opcode : 'icmp'> <InPorts = 2> <OutPorts = 1>
ST_5 : Operation 108 [1/1] (0.69ns)   --->   "%tmp_data_3_V_32 = select i1 %icmp_ln1496_45, i32 %select_ln86_44, i32 %select_ln86_43" [firmware/nnet_utils/nnet_common.h:86->firmware/nnet_utils/nnet_common.h:55->firmware/nnet_utils/nnet_pooling_stream.h:22->firmware/nnet_utils/nnet_pooling_stream.h:195->firmware/nnet_utils/nnet_pooling_stream.h:238->firmware/nnet_utils/nnet_pooling_stream.h:251]   --->   Operation 108 'select' 'tmp_data_3_V_32' <Predicate = (and_ln185_6)> <Delay = 0.69> <Core = "Sel">   --->   Core 26 'Sel' <Latency = 0> <II = 1> <Delay = 0.69> <FuncUnit> <Opcode : 'select'> <InPorts = 3> <OutPorts = 1>
ST_5 : Operation 109 [1/1] (1.76ns)   --->   "store i32 %select_ln218, i32* @sX_5, align 4" [firmware/nnet_utils/nnet_pooling_stream.h:218->firmware/nnet_utils/nnet_pooling_stream.h:238->firmware/nnet_utils/nnet_pooling_stream.h:251]   --->   Operation 109 'store' <Predicate = (!icmp_ln203)> <Delay = 1.76>
ST_5 : Operation 110 [1/1] (0.00ns)   --->   "br label %ReadInputWidth_end"   --->   Operation 110 'br' <Predicate = (!icmp_ln203)> <Delay = 0.00>
ST_5 : Operation 111 [1/1] (1.76ns)   --->   "br label %4"   --->   Operation 111 'br' <Predicate = (!icmp_ln233 & icmp_ln203 & !icmp_ln207)> <Delay = 1.76>
ST_5 : Operation 112 [1/1] (1.76ns)   --->   "store i32 0, i32* @pY_5, align 4" [firmware/nnet_utils/nnet_pooling_stream.h:208->firmware/nnet_utils/nnet_pooling_stream.h:238->firmware/nnet_utils/nnet_pooling_stream.h:251]   --->   Operation 112 'store' <Predicate = (!icmp_ln233 & icmp_ln203 & icmp_ln207)> <Delay = 1.76>
ST_5 : Operation 113 [1/1] (1.76ns)   --->   "br label %4" [firmware/nnet_utils/nnet_pooling_stream.h:210->firmware/nnet_utils/nnet_pooling_stream.h:238->firmware/nnet_utils/nnet_pooling_stream.h:251]   --->   Operation 113 'br' <Predicate = (!icmp_ln233 & icmp_ln203 & icmp_ln207)> <Delay = 1.76>

State 6 <SV = 5> <Delay = 2.18>
ST_6 : Operation 114 [1/1] (0.00ns)   --->   "call void (...)* @_ssdm_op_SpecLoopName([31 x i8]* @ReadInputHeight_ReadInputWidth_str)"   --->   Operation 114 'specloopname' <Predicate = (!icmp_ln233)> <Delay = 0.00>
ST_6 : Operation 115 [1/1] (0.00ns)   --->   "%empty_121 = call i32 (...)* @_ssdm_op_SpecLoopTripCount(i64 64, i64 64, i64 64)"   --->   Operation 115 'speclooptripcount' 'empty_121' <Predicate = (!icmp_ln233)> <Delay = 0.00>
ST_6 : Operation 116 [1/1] (0.00ns)   --->   "call void (...)* @_ssdm_op_SpecLoopName([15 x i8]* @p_str54) nounwind" [firmware/nnet_utils/nnet_pooling_stream.h:234->firmware/nnet_utils/nnet_pooling_stream.h:251]   --->   Operation 116 'specloopname' <Predicate = (!icmp_ln233)> <Delay = 0.00>
ST_6 : Operation 117 [1/1] (0.00ns)   --->   "%tmp_s = call i32 (...)* @_ssdm_op_SpecRegionBegin([15 x i8]* @p_str54)" [firmware/nnet_utils/nnet_pooling_stream.h:234->firmware/nnet_utils/nnet_pooling_stream.h:251]   --->   Operation 117 'specregionbegin' 'tmp_s' <Predicate = (!icmp_ln233)> <Delay = 0.00>
ST_6 : Operation 118 [1/1] (0.00ns)   --->   "call void (...)* @_ssdm_op_SpecPipeline(i32 -1, i32 1, i32 1, i32 0, [1 x i8]* @p_str23) nounwind" [firmware/nnet_utils/nnet_pooling_stream.h:236->firmware/nnet_utils/nnet_pooling_stream.h:251]   --->   Operation 118 'specpipeline' <Predicate = (!icmp_ln233)> <Delay = 0.00>
ST_6 : Operation 119 [1/1] (2.18ns)   --->   "call void @_ssdm_op_Write.ap_fifo.volatile.i32P.i32P.i32P.i32P(i32* %res_V_data_0_V, i32* %res_V_data_1_V, i32* %res_V_data_2_V, i32* %res_V_data_3_V, i32 %tmp_data_0_V_34, i32 %tmp_data_1_V_32, i32 %tmp_data_2_V_32, i32 %tmp_data_3_V_32)" [firmware/nnet_utils/nnet_pooling_stream.h:199->firmware/nnet_utils/nnet_pooling_stream.h:238->firmware/nnet_utils/nnet_pooling_stream.h:251]   --->   Operation 119 'write' <Predicate = (and_ln185_6)> <Delay = 2.18> <Core = "FIFO">   --->   Core 32 'FIFO' <Latency = 0> <II = 1> <Delay = 3.63> <Storage> <Opcode : 'read' 'write' 'nbread' 'nbwrite'> <Ports = 0> <Width = 32> <Depth = 3> <FIFO>
ST_6 : Operation 120 [1/1] (0.00ns)   --->   "br label %._crit_edge25.i.i" [firmware/nnet_utils/nnet_pooling_stream.h:200->firmware/nnet_utils/nnet_pooling_stream.h:238->firmware/nnet_utils/nnet_pooling_stream.h:251]   --->   Operation 120 'br' <Predicate = (and_ln185_6)> <Delay = 0.00>
ST_6 : Operation 121 [1/1] (0.00ns)   --->   "%storemerge_i_i = phi i32 [ %select_ln213, %3 ], [ 0, %2 ]" [firmware/nnet_utils/nnet_pooling_stream.h:213->firmware/nnet_utils/nnet_pooling_stream.h:238->firmware/nnet_utils/nnet_pooling_stream.h:251]   --->   Operation 121 'phi' 'storemerge_i_i' <Predicate = (icmp_ln203)> <Delay = 0.00>
ST_6 : Operation 122 [1/1] (0.00ns)   --->   "store i32 %storemerge_i_i, i32* @sY_5, align 4" [firmware/nnet_utils/nnet_pooling_stream.h:209->firmware/nnet_utils/nnet_pooling_stream.h:238->firmware/nnet_utils/nnet_pooling_stream.h:251]   --->   Operation 122 'store' <Predicate = (icmp_ln203)> <Delay = 0.00>
ST_6 : Operation 123 [1/1] (0.00ns)   --->   "br label %ReadInputWidth_end" [firmware/nnet_utils/nnet_pooling_stream.h:215->firmware/nnet_utils/nnet_pooling_stream.h:238->firmware/nnet_utils/nnet_pooling_stream.h:251]   --->   Operation 123 'br' <Predicate = (icmp_ln203)> <Delay = 0.00>
ST_6 : Operation 124 [1/1] (0.00ns)   --->   "%empty = call i32 (...)* @_ssdm_op_SpecRegionEnd([15 x i8]* @p_str54, i32 %tmp_s)" [firmware/nnet_utils/nnet_pooling_stream.h:239->firmware/nnet_utils/nnet_pooling_stream.h:251]   --->   Operation 124 'specregionend' 'empty' <Predicate = (!icmp_ln233)> <Delay = 0.00>
ST_6 : Operation 125 [1/1] (0.00ns)   --->   "br label %0"   --->   Operation 125 'br' <Predicate = (!icmp_ln233)> <Delay = 0.00>

State 7 <SV = 2> <Delay = 0.00>
ST_7 : Operation 126 [1/1] (0.00ns)   --->   "ret void" [firmware/nnet_utils/nnet_pooling_stream.h:257]   --->   Operation 126 'ret' <Predicate = true> <Delay = 0.00>


============================================================
+ Verbose Summary: Timing violations
============================================================
Target clock period: 5ns, clock uncertainty: 0.625ns.

 <State 1>: 1.77ns
The critical path consists of the following:
	multiplexor before 'phi' operation ('indvar_flatten', firmware/nnet_utils/nnet_pooling_stream.h:233->firmware/nnet_utils/nnet_pooling_stream.h:251) with incoming values : ('add_ln233', firmware/nnet_utils/nnet_pooling_stream.h:233->firmware/nnet_utils/nnet_pooling_stream.h:251) [37]  (1.77 ns)

 <State 2>: 1.87ns
The critical path consists of the following:
	'phi' operation ('indvar_flatten', firmware/nnet_utils/nnet_pooling_stream.h:233->firmware/nnet_utils/nnet_pooling_stream.h:251) with incoming values : ('add_ln233', firmware/nnet_utils/nnet_pooling_stream.h:233->firmware/nnet_utils/nnet_pooling_stream.h:251) [37]  (0 ns)
	'add' operation ('add_ln233', firmware/nnet_utils/nnet_pooling_stream.h:233->firmware/nnet_utils/nnet_pooling_stream.h:251) [39]  (1.87 ns)

 <State 3>: 2.19ns
The critical path consists of the following:
	fifo read on port 'data_V_data_0_V' (firmware/nnet_utils/nnet_pooling_stream.h:238->firmware/nnet_utils/nnet_pooling_stream.h:251) [47]  (2.19 ns)

 <State 4>: 4.43ns
The critical path consists of the following:
	'icmp' operation ('icmp_ln203', firmware/nnet_utils/nnet_pooling_stream.h:203->firmware/nnet_utils/nnet_pooling_stream.h:238->firmware/nnet_utils/nnet_pooling_stream.h:251) [125]  (2.47 ns)
	blocking operation 1.96 ns on control path)

 <State 5>: 3.87ns
The critical path consists of the following:
	'select' operation ('select_ln86', firmware/nnet_utils/nnet_common.h:86->firmware/nnet_utils/nnet_common.h:53->firmware/nnet_utils/nnet_common.h:55->firmware/nnet_utils/nnet_pooling_stream.h:22->firmware/nnet_utils/nnet_pooling_stream.h:195->firmware/nnet_utils/nnet_pooling_stream.h:238->firmware/nnet_utils/nnet_pooling_stream.h:251) [99]  (0.698 ns)
	'icmp' operation ('icmp_ln1496_36', firmware/nnet_utils/nnet_common.h:86->firmware/nnet_utils/nnet_common.h:55->firmware/nnet_utils/nnet_pooling_stream.h:22->firmware/nnet_utils/nnet_pooling_stream.h:195->firmware/nnet_utils/nnet_pooling_stream.h:238->firmware/nnet_utils/nnet_pooling_stream.h:251) [102]  (2.47 ns)
	'select' operation ('tmp.data[0].V', firmware/nnet_utils/nnet_common.h:86->firmware/nnet_utils/nnet_common.h:55->firmware/nnet_utils/nnet_pooling_stream.h:22->firmware/nnet_utils/nnet_pooling_stream.h:195->firmware/nnet_utils/nnet_pooling_stream.h:238->firmware/nnet_utils/nnet_pooling_stream.h:251) [103]  (0.698 ns)

 <State 6>: 2.19ns
The critical path consists of the following:
	fifo write on port 'res_V_data_0_V' (firmware/nnet_utils/nnet_pooling_stream.h:199->firmware/nnet_utils/nnet_pooling_stream.h:238->firmware/nnet_utils/nnet_pooling_stream.h:251) [122]  (2.19 ns)

 <State 7>: 0ns
The critical path consists of the following:


============================================================
+ Verbose Summary: Binding
============================================================
N/A
* FSMD analyzer results:
  - Output states:
 - Input state : 
  - Chain level:
	State 1
	State 2
	State 3
	State 4
	State 5
	State 6
	State 7


============================================================
+ Verbose Summary: Datapath Resource usage 
============================================================
N/A
