

================================================================
== Vivado HLS Report for 'pooling2d_cl_array_array_ap_fixed_8u_config4_s'
================================================================
* Date:           Sat Apr  2 23:57:52 2022

* Version:        2019.2.1 (Build 2724168 on Thu Dec 05 05:19:09 MST 2019)
* Project:        myproject_prj
* Solution:       solution1
* Product family: zynq
* Target device:  xc7z020-clg400-1


================================================================
== Performance Estimates
================================================================
+ Timing: 
    * Summary: 
    +--------+---------+----------+------------+
    |  Clock |  Target | Estimated| Uncertainty|
    +--------+---------+----------+------------+
    |ap_clk  | 5.00 ns | 4.429 ns |   0.62 ns  |
    +--------+---------+----------+------------+

+ Latency: 
    * Summary: 
    +---------+---------+-----------+-----------+------+------+---------+
    |  Latency (cycles) |   Latency (absolute)  |   Interval  | Pipeline|
    |   min   |   max   |    min    |    max    |  min |  max |   Type  |
    +---------+---------+-----------+-----------+------+------+---------+
    |     2052|     2052| 10.260 us | 10.260 us |  2052|  2052|   none  |
    +---------+---------+-----------+-----------+------+------+---------+

    + Detail: 
        * Instance: 
        N/A

        * Loop: 
        +----------------------------------+---------+---------+----------+-----------+-----------+------+----------+
        |                                  |  Latency (cycles) | Iteration|  Initiation Interval  | Trip |          |
        |             Loop Name            |   min   |   max   |  Latency |  achieved |   target  | Count| Pipelined|
        +----------------------------------+---------+---------+----------+-----------+-----------+------+----------+
        |- ReadInputHeight_ReadInputWidth  |     2050|     2050|         5|          2|          1|  1024|    yes   |
        +----------------------------------+---------+---------+----------+-----------+-----------+------+----------+

============================================================
+ Verbose Summary: Synthesis Manager
============================================================
InlineROM: 1
ExposeGlobal: 0
============================================================
+ Verbose Summary: CDFG Model
============================================================
IsTopModel: 0
ResetActiveHigh: 1
IsCombinational: 2
IsDatapathOnly: 0
HasWiredReturn: 1
HasMFsm: 0
HasVarLatency: 1
IsPipeline: 0
IsRtlPipelined: 0
IsInstanceOverlapped: 0
IsDontTouch: 0
HasImplIP: 0
IsGatedGlobalClock: 0

+ Individual pipeline summary: 
  * Pipeline-0: initiation interval (II) = 2, depth = 5


============================================================
+ Verbose Summary: Schedule
============================================================
* Number of FSM states : 7
* Pipeline : 1
  Pipeline-0 : II = 2, D = 5, States = { 2 3 4 5 6 }
* Dataflow Pipeline: 0

* FSM state transitions: 
1 --> 2 
2 --> 7 3 
3 --> 4 
4 --> 5 
5 --> 6 
6 --> 2 
7 --> 

* FSM state operations: 

State 1 <SV = 0> <Delay = 1.76>
ST_1 : Operation 8 [1/1] (0.00ns)   --->   "call void (...)* @_ssdm_op_SpecInterface(i32* %res_V_data_7_V, [8 x i8]* @ap_fifo_str, i32 0, i32 0, [1 x i8]* @p_str, i32 0, i32 0, [1 x i8]* @p_str, [1 x i8]* @p_str, [1 x i8]* @p_str, i32 2, i32 2, i32 16, i32 16, [1 x i8]* @p_str, [1 x i8]* @p_str)"   --->   Operation 8 'specinterface' <Predicate = true> <Delay = 0.00>
ST_1 : Operation 9 [1/1] (0.00ns)   --->   "call void (...)* @_ssdm_op_SpecInterface(i32* %res_V_data_6_V, [8 x i8]* @ap_fifo_str, i32 0, i32 0, [1 x i8]* @p_str, i32 0, i32 0, [1 x i8]* @p_str, [1 x i8]* @p_str, [1 x i8]* @p_str, i32 2, i32 2, i32 16, i32 16, [1 x i8]* @p_str, [1 x i8]* @p_str)"   --->   Operation 9 'specinterface' <Predicate = true> <Delay = 0.00>
ST_1 : Operation 10 [1/1] (0.00ns)   --->   "call void (...)* @_ssdm_op_SpecInterface(i32* %res_V_data_5_V, [8 x i8]* @ap_fifo_str, i32 0, i32 0, [1 x i8]* @p_str, i32 0, i32 0, [1 x i8]* @p_str, [1 x i8]* @p_str, [1 x i8]* @p_str, i32 2, i32 2, i32 16, i32 16, [1 x i8]* @p_str, [1 x i8]* @p_str)"   --->   Operation 10 'specinterface' <Predicate = true> <Delay = 0.00>
ST_1 : Operation 11 [1/1] (0.00ns)   --->   "call void (...)* @_ssdm_op_SpecInterface(i32* %res_V_data_4_V, [8 x i8]* @ap_fifo_str, i32 0, i32 0, [1 x i8]* @p_str, i32 0, i32 0, [1 x i8]* @p_str, [1 x i8]* @p_str, [1 x i8]* @p_str, i32 2, i32 2, i32 16, i32 16, [1 x i8]* @p_str, [1 x i8]* @p_str)"   --->   Operation 11 'specinterface' <Predicate = true> <Delay = 0.00>
ST_1 : Operation 12 [1/1] (0.00ns)   --->   "call void (...)* @_ssdm_op_SpecInterface(i32* %res_V_data_3_V, [8 x i8]* @ap_fifo_str, i32 0, i32 0, [1 x i8]* @p_str, i32 0, i32 0, [1 x i8]* @p_str, [1 x i8]* @p_str, [1 x i8]* @p_str, i32 2, i32 2, i32 16, i32 16, [1 x i8]* @p_str, [1 x i8]* @p_str)"   --->   Operation 12 'specinterface' <Predicate = true> <Delay = 0.00>
ST_1 : Operation 13 [1/1] (0.00ns)   --->   "call void (...)* @_ssdm_op_SpecInterface(i32* %res_V_data_2_V, [8 x i8]* @ap_fifo_str, i32 0, i32 0, [1 x i8]* @p_str, i32 0, i32 0, [1 x i8]* @p_str, [1 x i8]* @p_str, [1 x i8]* @p_str, i32 2, i32 2, i32 16, i32 16, [1 x i8]* @p_str, [1 x i8]* @p_str)"   --->   Operation 13 'specinterface' <Predicate = true> <Delay = 0.00>
ST_1 : Operation 14 [1/1] (0.00ns)   --->   "call void (...)* @_ssdm_op_SpecInterface(i32* %res_V_data_1_V, [8 x i8]* @ap_fifo_str, i32 0, i32 0, [1 x i8]* @p_str, i32 0, i32 0, [1 x i8]* @p_str, [1 x i8]* @p_str, [1 x i8]* @p_str, i32 2, i32 2, i32 16, i32 16, [1 x i8]* @p_str, [1 x i8]* @p_str)"   --->   Operation 14 'specinterface' <Predicate = true> <Delay = 0.00>
ST_1 : Operation 15 [1/1] (0.00ns)   --->   "call void (...)* @_ssdm_op_SpecInterface(i32* %res_V_data_0_V, [8 x i8]* @ap_fifo_str, i32 0, i32 0, [1 x i8]* @p_str, i32 0, i32 0, [1 x i8]* @p_str, [1 x i8]* @p_str, [1 x i8]* @p_str, i32 2, i32 2, i32 16, i32 16, [1 x i8]* @p_str, [1 x i8]* @p_str)"   --->   Operation 15 'specinterface' <Predicate = true> <Delay = 0.00>
ST_1 : Operation 16 [1/1] (0.00ns)   --->   "call void (...)* @_ssdm_op_SpecInterface(i32* %data_V_data_7_V, [8 x i8]* @ap_fifo_str, i32 0, i32 0, [1 x i8]* @p_str, i32 0, i32 0, [1 x i8]* @p_str, [1 x i8]* @p_str, [1 x i8]* @p_str, i32 2, i32 2, i32 16, i32 16, [1 x i8]* @p_str, [1 x i8]* @p_str)"   --->   Operation 16 'specinterface' <Predicate = true> <Delay = 0.00>
ST_1 : Operation 17 [1/1] (0.00ns)   --->   "call void (...)* @_ssdm_op_SpecInterface(i32* %data_V_data_6_V, [8 x i8]* @ap_fifo_str, i32 0, i32 0, [1 x i8]* @p_str, i32 0, i32 0, [1 x i8]* @p_str, [1 x i8]* @p_str, [1 x i8]* @p_str, i32 2, i32 2, i32 16, i32 16, [1 x i8]* @p_str, [1 x i8]* @p_str)"   --->   Operation 17 'specinterface' <Predicate = true> <Delay = 0.00>
ST_1 : Operation 18 [1/1] (0.00ns)   --->   "call void (...)* @_ssdm_op_SpecInterface(i32* %data_V_data_5_V, [8 x i8]* @ap_fifo_str, i32 0, i32 0, [1 x i8]* @p_str, i32 0, i32 0, [1 x i8]* @p_str, [1 x i8]* @p_str, [1 x i8]* @p_str, i32 2, i32 2, i32 16, i32 16, [1 x i8]* @p_str, [1 x i8]* @p_str)"   --->   Operation 18 'specinterface' <Predicate = true> <Delay = 0.00>
ST_1 : Operation 19 [1/1] (0.00ns)   --->   "call void (...)* @_ssdm_op_SpecInterface(i32* %data_V_data_4_V, [8 x i8]* @ap_fifo_str, i32 0, i32 0, [1 x i8]* @p_str, i32 0, i32 0, [1 x i8]* @p_str, [1 x i8]* @p_str, [1 x i8]* @p_str, i32 2, i32 2, i32 16, i32 16, [1 x i8]* @p_str, [1 x i8]* @p_str)"   --->   Operation 19 'specinterface' <Predicate = true> <Delay = 0.00>
ST_1 : Operation 20 [1/1] (0.00ns)   --->   "call void (...)* @_ssdm_op_SpecInterface(i32* %data_V_data_3_V, [8 x i8]* @ap_fifo_str, i32 0, i32 0, [1 x i8]* @p_str, i32 0, i32 0, [1 x i8]* @p_str, [1 x i8]* @p_str, [1 x i8]* @p_str, i32 2, i32 2, i32 16, i32 16, [1 x i8]* @p_str, [1 x i8]* @p_str)"   --->   Operation 20 'specinterface' <Predicate = true> <Delay = 0.00>
ST_1 : Operation 21 [1/1] (0.00ns)   --->   "call void (...)* @_ssdm_op_SpecInterface(i32* %data_V_data_2_V, [8 x i8]* @ap_fifo_str, i32 0, i32 0, [1 x i8]* @p_str, i32 0, i32 0, [1 x i8]* @p_str, [1 x i8]* @p_str, [1 x i8]* @p_str, i32 2, i32 2, i32 16, i32 16, [1 x i8]* @p_str, [1 x i8]* @p_str)"   --->   Operation 21 'specinterface' <Predicate = true> <Delay = 0.00>
ST_1 : Operation 22 [1/1] (0.00ns)   --->   "call void (...)* @_ssdm_op_SpecInterface(i32* %data_V_data_1_V, [8 x i8]* @ap_fifo_str, i32 0, i32 0, [1 x i8]* @p_str, i32 0, i32 0, [1 x i8]* @p_str, [1 x i8]* @p_str, [1 x i8]* @p_str, i32 2, i32 2, i32 16, i32 16, [1 x i8]* @p_str, [1 x i8]* @p_str)"   --->   Operation 22 'specinterface' <Predicate = true> <Delay = 0.00>
ST_1 : Operation 23 [1/1] (0.00ns)   --->   "call void (...)* @_ssdm_op_SpecInterface(i32* %data_V_data_0_V, [8 x i8]* @ap_fifo_str, i32 0, i32 0, [1 x i8]* @p_str, i32 0, i32 0, [1 x i8]* @p_str, [1 x i8]* @p_str, [1 x i8]* @p_str, i32 2, i32 2, i32 16, i32 16, [1 x i8]* @p_str, [1 x i8]* @p_str)"   --->   Operation 23 'specinterface' <Predicate = true> <Delay = 0.00>
ST_1 : Operation 24 [1/1] (1.76ns)   --->   "br label %0" [firmware/nnet_utils/nnet_pooling_stream.h:233->firmware/nnet_utils/nnet_pooling_stream.h:251]   --->   Operation 24 'br' <Predicate = true> <Delay = 1.76>

State 2 <SV = 1> <Delay = 1.88>
ST_2 : Operation 25 [1/1] (0.00ns)   --->   "%indvar_flatten = phi i11 [ 0, %codeRepl ], [ %add_ln233, %ReadInputWidth_end ]" [firmware/nnet_utils/nnet_pooling_stream.h:233->firmware/nnet_utils/nnet_pooling_stream.h:251]   --->   Operation 25 'phi' 'indvar_flatten' <Predicate = true> <Delay = 0.00>
ST_2 : Operation 26 [1/1] (1.88ns)   --->   "%icmp_ln233 = icmp eq i11 %indvar_flatten, -1024" [firmware/nnet_utils/nnet_pooling_stream.h:233->firmware/nnet_utils/nnet_pooling_stream.h:251]   --->   Operation 26 'icmp' 'icmp_ln233' <Predicate = true> <Delay = 1.88> <Core = "Cmp">   --->   Core 25 'Cmp' <Latency = 0> <II = 1> <Delay = 2.47> <FuncUnit> <Opcode : 'icmp'> <InPorts = 2> <OutPorts = 1>
ST_2 : Operation 27 [1/1] (1.63ns)   --->   "%add_ln233 = add i11 %indvar_flatten, 1" [firmware/nnet_utils/nnet_pooling_stream.h:233->firmware/nnet_utils/nnet_pooling_stream.h:251]   --->   Operation 27 'add' 'add_ln233' <Predicate = true> <Delay = 1.63> <Core = "AddSub">   --->   Core 14 'AddSub' <Latency = 0> <II = 1> <Delay = 2.55> <FuncUnit> <Opcode : 'add' 'sub'> <InPorts = 2> <OutPorts = 1>
ST_2 : Operation 28 [1/1] (0.00ns)   --->   "br i1 %icmp_ln233, label %"pooling2d_buffer_cl<array<ap_fixed<32, 16, 5, 3, 0>, 8u>, array<ap_fixed<32, 16, 5, 3, 0>, 8u>, config4>.exit", label %ReadInputWidth_begin" [firmware/nnet_utils/nnet_pooling_stream.h:233->firmware/nnet_utils/nnet_pooling_stream.h:251]   --->   Operation 28 'br' <Predicate = true> <Delay = 0.00>

State 3 <SV = 2> <Delay = 2.18>
ST_3 : Operation 29 [1/1] (2.18ns)   --->   "%empty_118 = call { i32, i32, i32, i32, i32, i32, i32, i32 } @_ssdm_op_Read.ap_fifo.volatile.i32P.i32P.i32P.i32P.i32P.i32P.i32P.i32P(i32* %data_V_data_0_V, i32* %data_V_data_1_V, i32* %data_V_data_2_V, i32* %data_V_data_3_V, i32* %data_V_data_4_V, i32* %data_V_data_5_V, i32* %data_V_data_6_V, i32* %data_V_data_7_V)" [firmware/nnet_utils/nnet_pooling_stream.h:238->firmware/nnet_utils/nnet_pooling_stream.h:251]   --->   Operation 29 'read' 'empty_118' <Predicate = (!icmp_ln233)> <Delay = 2.18> <Core = "FIFO">   --->   Core 32 'FIFO' <Latency = 0> <II = 1> <Delay = 3.63> <Storage> <Opcode : 'read' 'write' 'nbread' 'nbwrite'> <Ports = 0> <Width = 32> <Depth = 3> <FIFO>
ST_3 : Operation 30 [1/1] (0.00ns)   --->   "%tmp_data_0_V = extractvalue { i32, i32, i32, i32, i32, i32, i32, i32 } %empty_118, 0" [firmware/nnet_utils/nnet_pooling_stream.h:238->firmware/nnet_utils/nnet_pooling_stream.h:251]   --->   Operation 30 'extractvalue' 'tmp_data_0_V' <Predicate = (!icmp_ln233)> <Delay = 0.00>
ST_3 : Operation 31 [1/1] (0.00ns)   --->   "%tmp_data_1_V = extractvalue { i32, i32, i32, i32, i32, i32, i32, i32 } %empty_118, 1" [firmware/nnet_utils/nnet_pooling_stream.h:238->firmware/nnet_utils/nnet_pooling_stream.h:251]   --->   Operation 31 'extractvalue' 'tmp_data_1_V' <Predicate = (!icmp_ln233)> <Delay = 0.00>
ST_3 : Operation 32 [1/1] (0.00ns)   --->   "%tmp_data_2_V = extractvalue { i32, i32, i32, i32, i32, i32, i32, i32 } %empty_118, 2" [firmware/nnet_utils/nnet_pooling_stream.h:238->firmware/nnet_utils/nnet_pooling_stream.h:251]   --->   Operation 32 'extractvalue' 'tmp_data_2_V' <Predicate = (!icmp_ln233)> <Delay = 0.00>
ST_3 : Operation 33 [1/1] (0.00ns)   --->   "%tmp_data_3_V = extractvalue { i32, i32, i32, i32, i32, i32, i32, i32 } %empty_118, 3" [firmware/nnet_utils/nnet_pooling_stream.h:238->firmware/nnet_utils/nnet_pooling_stream.h:251]   --->   Operation 33 'extractvalue' 'tmp_data_3_V' <Predicate = (!icmp_ln233)> <Delay = 0.00>
ST_3 : Operation 34 [1/1] (0.00ns)   --->   "%tmp_data_4_V = extractvalue { i32, i32, i32, i32, i32, i32, i32, i32 } %empty_118, 4" [firmware/nnet_utils/nnet_pooling_stream.h:238->firmware/nnet_utils/nnet_pooling_stream.h:251]   --->   Operation 34 'extractvalue' 'tmp_data_4_V' <Predicate = (!icmp_ln233)> <Delay = 0.00>
ST_3 : Operation 35 [1/1] (0.00ns)   --->   "%tmp_data_5_V = extractvalue { i32, i32, i32, i32, i32, i32, i32, i32 } %empty_118, 5" [firmware/nnet_utils/nnet_pooling_stream.h:238->firmware/nnet_utils/nnet_pooling_stream.h:251]   --->   Operation 35 'extractvalue' 'tmp_data_5_V' <Predicate = (!icmp_ln233)> <Delay = 0.00>
ST_3 : Operation 36 [1/1] (0.00ns)   --->   "%tmp_data_6_V = extractvalue { i32, i32, i32, i32, i32, i32, i32, i32 } %empty_118, 6" [firmware/nnet_utils/nnet_pooling_stream.h:238->firmware/nnet_utils/nnet_pooling_stream.h:251]   --->   Operation 36 'extractvalue' 'tmp_data_6_V' <Predicate = (!icmp_ln233)> <Delay = 0.00>
ST_3 : Operation 37 [1/1] (0.00ns)   --->   "%tmp_data_7_V = extractvalue { i32, i32, i32, i32, i32, i32, i32, i32 } %empty_118, 7" [firmware/nnet_utils/nnet_pooling_stream.h:238->firmware/nnet_utils/nnet_pooling_stream.h:251]   --->   Operation 37 'extractvalue' 'tmp_data_7_V' <Predicate = (!icmp_ln233)> <Delay = 0.00>

State 4 <SV = 3> <Delay = 4.42>
ST_4 : Operation 38 [1/1] (0.00ns)   --->   "%kernel_data_V_9_8_load = load i32* @kernel_data_V_9_8, align 4" [firmware/nnet_utils/nnet_pooling_stream.h:182->firmware/nnet_utils/nnet_pooling_stream.h:238->firmware/nnet_utils/nnet_pooling_stream.h:251]   --->   Operation 38 'load' 'kernel_data_V_9_8_load' <Predicate = (!icmp_ln233)> <Delay = 0.00>
ST_4 : Operation 39 [1/1] (0.00ns)   --->   "%kernel_data_V_9_9_load = load i32* @kernel_data_V_9_9, align 4" [firmware/nnet_utils/nnet_pooling_stream.h:182->firmware/nnet_utils/nnet_pooling_stream.h:238->firmware/nnet_utils/nnet_pooling_stream.h:251]   --->   Operation 39 'load' 'kernel_data_V_9_9_load' <Predicate = (!icmp_ln233)> <Delay = 0.00>
ST_4 : Operation 40 [1/1] (0.00ns)   --->   "%kernel_data_V_9_10_load = load i32* @kernel_data_V_9_10, align 4" [firmware/nnet_utils/nnet_pooling_stream.h:182->firmware/nnet_utils/nnet_pooling_stream.h:238->firmware/nnet_utils/nnet_pooling_stream.h:251]   --->   Operation 40 'load' 'kernel_data_V_9_10_load' <Predicate = (!icmp_ln233)> <Delay = 0.00>
ST_4 : Operation 41 [1/1] (0.00ns)   --->   "%kernel_data_V_9_11_load = load i32* @kernel_data_V_9_11, align 4" [firmware/nnet_utils/nnet_pooling_stream.h:182->firmware/nnet_utils/nnet_pooling_stream.h:238->firmware/nnet_utils/nnet_pooling_stream.h:251]   --->   Operation 41 'load' 'kernel_data_V_9_11_load' <Predicate = (!icmp_ln233)> <Delay = 0.00>
ST_4 : Operation 42 [1/1] (0.00ns)   --->   "%kernel_data_V_9_12_load = load i32* @kernel_data_V_9_12, align 4" [firmware/nnet_utils/nnet_pooling_stream.h:182->firmware/nnet_utils/nnet_pooling_stream.h:238->firmware/nnet_utils/nnet_pooling_stream.h:251]   --->   Operation 42 'load' 'kernel_data_V_9_12_load' <Predicate = (!icmp_ln233)> <Delay = 0.00>
ST_4 : Operation 43 [1/1] (0.00ns)   --->   "%kernel_data_V_9_13_load = load i32* @kernel_data_V_9_13, align 4" [firmware/nnet_utils/nnet_pooling_stream.h:182->firmware/nnet_utils/nnet_pooling_stream.h:238->firmware/nnet_utils/nnet_pooling_stream.h:251]   --->   Operation 43 'load' 'kernel_data_V_9_13_load' <Predicate = (!icmp_ln233)> <Delay = 0.00>
ST_4 : Operation 44 [1/1] (0.00ns)   --->   "%kernel_data_V_9_14_load = load i32* @kernel_data_V_9_14, align 4" [firmware/nnet_utils/nnet_pooling_stream.h:182->firmware/nnet_utils/nnet_pooling_stream.h:238->firmware/nnet_utils/nnet_pooling_stream.h:251]   --->   Operation 44 'load' 'kernel_data_V_9_14_load' <Predicate = (!icmp_ln233)> <Delay = 0.00>
ST_4 : Operation 45 [1/1] (0.00ns)   --->   "%kernel_data_V_9_15_load = load i32* @kernel_data_V_9_15, align 4" [firmware/nnet_utils/nnet_pooling_stream.h:182->firmware/nnet_utils/nnet_pooling_stream.h:238->firmware/nnet_utils/nnet_pooling_stream.h:251]   --->   Operation 45 'load' 'kernel_data_V_9_15_load' <Predicate = (!icmp_ln233)> <Delay = 0.00>
ST_4 : Operation 46 [1/1] (0.00ns)   --->   "%kernel_data_V_9_24_load = load i32* @kernel_data_V_9_24, align 4" [firmware/nnet_utils/nnet_pooling_stream.h:182->firmware/nnet_utils/nnet_pooling_stream.h:238->firmware/nnet_utils/nnet_pooling_stream.h:251]   --->   Operation 46 'load' 'kernel_data_V_9_24_load' <Predicate = (!icmp_ln233)> <Delay = 0.00>
ST_4 : Operation 47 [1/1] (0.00ns)   --->   "%kernel_data_V_9_25_load = load i32* @kernel_data_V_9_25, align 4" [firmware/nnet_utils/nnet_pooling_stream.h:182->firmware/nnet_utils/nnet_pooling_stream.h:238->firmware/nnet_utils/nnet_pooling_stream.h:251]   --->   Operation 47 'load' 'kernel_data_V_9_25_load' <Predicate = (!icmp_ln233)> <Delay = 0.00>
ST_4 : Operation 48 [1/1] (0.00ns)   --->   "%kernel_data_V_9_26_load = load i32* @kernel_data_V_9_26, align 4" [firmware/nnet_utils/nnet_pooling_stream.h:182->firmware/nnet_utils/nnet_pooling_stream.h:238->firmware/nnet_utils/nnet_pooling_stream.h:251]   --->   Operation 48 'load' 'kernel_data_V_9_26_load' <Predicate = (!icmp_ln233)> <Delay = 0.00>
ST_4 : Operation 49 [1/1] (0.00ns)   --->   "%kernel_data_V_9_27_load = load i32* @kernel_data_V_9_27, align 4" [firmware/nnet_utils/nnet_pooling_stream.h:182->firmware/nnet_utils/nnet_pooling_stream.h:238->firmware/nnet_utils/nnet_pooling_stream.h:251]   --->   Operation 49 'load' 'kernel_data_V_9_27_load' <Predicate = (!icmp_ln233)> <Delay = 0.00>
ST_4 : Operation 50 [1/1] (0.00ns)   --->   "%kernel_data_V_9_28_load = load i32* @kernel_data_V_9_28, align 4" [firmware/nnet_utils/nnet_pooling_stream.h:182->firmware/nnet_utils/nnet_pooling_stream.h:238->firmware/nnet_utils/nnet_pooling_stream.h:251]   --->   Operation 50 'load' 'kernel_data_V_9_28_load' <Predicate = (!icmp_ln233)> <Delay = 0.00>
ST_4 : Operation 51 [1/1] (0.00ns)   --->   "%kernel_data_V_9_29_load = load i32* @kernel_data_V_9_29, align 4" [firmware/nnet_utils/nnet_pooling_stream.h:182->firmware/nnet_utils/nnet_pooling_stream.h:238->firmware/nnet_utils/nnet_pooling_stream.h:251]   --->   Operation 51 'load' 'kernel_data_V_9_29_load' <Predicate = (!icmp_ln233)> <Delay = 0.00>
ST_4 : Operation 52 [1/1] (0.00ns)   --->   "%kernel_data_V_9_30_load = load i32* @kernel_data_V_9_30, align 4" [firmware/nnet_utils/nnet_pooling_stream.h:182->firmware/nnet_utils/nnet_pooling_stream.h:238->firmware/nnet_utils/nnet_pooling_stream.h:251]   --->   Operation 52 'load' 'kernel_data_V_9_30_load' <Predicate = (!icmp_ln233)> <Delay = 0.00>
ST_4 : Operation 53 [1/1] (0.00ns)   --->   "%kernel_data_V_9_31_load = load i32* @kernel_data_V_9_31, align 4" [firmware/nnet_utils/nnet_pooling_stream.h:182->firmware/nnet_utils/nnet_pooling_stream.h:238->firmware/nnet_utils/nnet_pooling_stream.h:251]   --->   Operation 53 'load' 'kernel_data_V_9_31_load' <Predicate = (!icmp_ln233)> <Delay = 0.00>
ST_4 : Operation 54 [1/1] (1.62ns)   --->   "%call_ret = call fastcc { i32, i32, i32, i32, i32, i32, i32, i32, i32, i32, i32, i32, i32, i32, i32, i32, i32, i32, i32, i32, i32, i32, i32, i32, i32, i32, i32, i32, i32, i32, i32, i32 } @"shift_line_buffer<array<ap_fixed,8u>,config4>"(i32 %tmp_data_0_V, i32 %tmp_data_1_V, i32 %tmp_data_2_V, i32 %tmp_data_3_V, i32 %tmp_data_4_V, i32 %tmp_data_5_V, i32 %tmp_data_6_V, i32 %tmp_data_7_V, i32 %kernel_data_V_9_8_load, i32 %kernel_data_V_9_9_load, i32 %kernel_data_V_9_10_load, i32 %kernel_data_V_9_11_load, i32 %kernel_data_V_9_12_load, i32 %kernel_data_V_9_13_load, i32 %kernel_data_V_9_14_load, i32 %kernel_data_V_9_15_load, i32 %kernel_data_V_9_24_load, i32 %kernel_data_V_9_25_load, i32 %kernel_data_V_9_26_load, i32 %kernel_data_V_9_27_load, i32 %kernel_data_V_9_28_load, i32 %kernel_data_V_9_29_load, i32 %kernel_data_V_9_30_load, i32 %kernel_data_V_9_31_load)" [firmware/nnet_utils/nnet_pooling_stream.h:182->firmware/nnet_utils/nnet_pooling_stream.h:238->firmware/nnet_utils/nnet_pooling_stream.h:251]   --->   Operation 54 'call' 'call_ret' <Predicate = (!icmp_ln233)> <Delay = 1.62> <CoreType = "Generic">   --->   Core 0 '' <Latency = 0> <II = 1> <Delay = 1.00> <Generic> <Opcode : >
ST_4 : Operation 55 [1/1] (0.00ns)   --->   "%pool_window_2_V_7 = extractvalue { i32, i32, i32, i32, i32, i32, i32, i32, i32, i32, i32, i32, i32, i32, i32, i32, i32, i32, i32, i32, i32, i32, i32, i32, i32, i32, i32, i32, i32, i32, i32, i32 } %call_ret, 15" [firmware/nnet_utils/nnet_pooling_stream.h:182->firmware/nnet_utils/nnet_pooling_stream.h:238->firmware/nnet_utils/nnet_pooling_stream.h:251]   --->   Operation 55 'extractvalue' 'pool_window_2_V_7' <Predicate = (!icmp_ln233)> <Delay = 0.00>
ST_4 : Operation 56 [1/1] (0.00ns)   --->   "%pool_window_2_V_6 = extractvalue { i32, i32, i32, i32, i32, i32, i32, i32, i32, i32, i32, i32, i32, i32, i32, i32, i32, i32, i32, i32, i32, i32, i32, i32, i32, i32, i32, i32, i32, i32, i32, i32 } %call_ret, 14" [firmware/nnet_utils/nnet_pooling_stream.h:182->firmware/nnet_utils/nnet_pooling_stream.h:238->firmware/nnet_utils/nnet_pooling_stream.h:251]   --->   Operation 56 'extractvalue' 'pool_window_2_V_6' <Predicate = (!icmp_ln233)> <Delay = 0.00>
ST_4 : Operation 57 [1/1] (0.00ns)   --->   "%pool_window_2_V_5 = extractvalue { i32, i32, i32, i32, i32, i32, i32, i32, i32, i32, i32, i32, i32, i32, i32, i32, i32, i32, i32, i32, i32, i32, i32, i32, i32, i32, i32, i32, i32, i32, i32, i32 } %call_ret, 13" [firmware/nnet_utils/nnet_pooling_stream.h:182->firmware/nnet_utils/nnet_pooling_stream.h:238->firmware/nnet_utils/nnet_pooling_stream.h:251]   --->   Operation 57 'extractvalue' 'pool_window_2_V_5' <Predicate = (!icmp_ln233)> <Delay = 0.00>
ST_4 : Operation 58 [1/1] (0.00ns)   --->   "%pool_window_2_V_4 = extractvalue { i32, i32, i32, i32, i32, i32, i32, i32, i32, i32, i32, i32, i32, i32, i32, i32, i32, i32, i32, i32, i32, i32, i32, i32, i32, i32, i32, i32, i32, i32, i32, i32 } %call_ret, 12" [firmware/nnet_utils/nnet_pooling_stream.h:182->firmware/nnet_utils/nnet_pooling_stream.h:238->firmware/nnet_utils/nnet_pooling_stream.h:251]   --->   Operation 58 'extractvalue' 'pool_window_2_V_4' <Predicate = (!icmp_ln233)> <Delay = 0.00>
ST_4 : Operation 59 [1/1] (0.00ns)   --->   "%pool_window_2_V_3 = extractvalue { i32, i32, i32, i32, i32, i32, i32, i32, i32, i32, i32, i32, i32, i32, i32, i32, i32, i32, i32, i32, i32, i32, i32, i32, i32, i32, i32, i32, i32, i32, i32, i32 } %call_ret, 11" [firmware/nnet_utils/nnet_pooling_stream.h:182->firmware/nnet_utils/nnet_pooling_stream.h:238->firmware/nnet_utils/nnet_pooling_stream.h:251]   --->   Operation 59 'extractvalue' 'pool_window_2_V_3' <Predicate = (!icmp_ln233)> <Delay = 0.00>
ST_4 : Operation 60 [1/1] (0.00ns)   --->   "%pool_window_2_V_2 = extractvalue { i32, i32, i32, i32, i32, i32, i32, i32, i32, i32, i32, i32, i32, i32, i32, i32, i32, i32, i32, i32, i32, i32, i32, i32, i32, i32, i32, i32, i32, i32, i32, i32 } %call_ret, 10" [firmware/nnet_utils/nnet_pooling_stream.h:182->firmware/nnet_utils/nnet_pooling_stream.h:238->firmware/nnet_utils/nnet_pooling_stream.h:251]   --->   Operation 60 'extractvalue' 'pool_window_2_V_2' <Predicate = (!icmp_ln233)> <Delay = 0.00>
ST_4 : Operation 61 [1/1] (0.00ns)   --->   "%pool_window_2_V = extractvalue { i32, i32, i32, i32, i32, i32, i32, i32, i32, i32, i32, i32, i32, i32, i32, i32, i32, i32, i32, i32, i32, i32, i32, i32, i32, i32, i32, i32, i32, i32, i32, i32 } %call_ret, 9" [firmware/nnet_utils/nnet_pooling_stream.h:182->firmware/nnet_utils/nnet_pooling_stream.h:238->firmware/nnet_utils/nnet_pooling_stream.h:251]   --->   Operation 61 'extractvalue' 'pool_window_2_V' <Predicate = (!icmp_ln233)> <Delay = 0.00>
ST_4 : Operation 62 [1/1] (0.00ns)   --->   "%pool_window_2_V_1 = extractvalue { i32, i32, i32, i32, i32, i32, i32, i32, i32, i32, i32, i32, i32, i32, i32, i32, i32, i32, i32, i32, i32, i32, i32, i32, i32, i32, i32, i32, i32, i32, i32, i32 } %call_ret, 8" [firmware/nnet_utils/nnet_pooling_stream.h:182->firmware/nnet_utils/nnet_pooling_stream.h:238->firmware/nnet_utils/nnet_pooling_stream.h:251]   --->   Operation 62 'extractvalue' 'pool_window_2_V_1' <Predicate = (!icmp_ln233)> <Delay = 0.00>
ST_4 : Operation 63 [1/1] (0.00ns)   --->   "%pool_window_0_V_7 = extractvalue { i32, i32, i32, i32, i32, i32, i32, i32, i32, i32, i32, i32, i32, i32, i32, i32, i32, i32, i32, i32, i32, i32, i32, i32, i32, i32, i32, i32, i32, i32, i32, i32 } %call_ret, 7" [firmware/nnet_utils/nnet_pooling_stream.h:182->firmware/nnet_utils/nnet_pooling_stream.h:238->firmware/nnet_utils/nnet_pooling_stream.h:251]   --->   Operation 63 'extractvalue' 'pool_window_0_V_7' <Predicate = (!icmp_ln233)> <Delay = 0.00>
ST_4 : Operation 64 [1/1] (0.00ns)   --->   "%pool_window_0_V_6 = extractvalue { i32, i32, i32, i32, i32, i32, i32, i32, i32, i32, i32, i32, i32, i32, i32, i32, i32, i32, i32, i32, i32, i32, i32, i32, i32, i32, i32, i32, i32, i32, i32, i32 } %call_ret, 6" [firmware/nnet_utils/nnet_pooling_stream.h:182->firmware/nnet_utils/nnet_pooling_stream.h:238->firmware/nnet_utils/nnet_pooling_stream.h:251]   --->   Operation 64 'extractvalue' 'pool_window_0_V_6' <Predicate = (!icmp_ln233)> <Delay = 0.00>
ST_4 : Operation 65 [1/1] (0.00ns)   --->   "%pool_window_0_V_5 = extractvalue { i32, i32, i32, i32, i32, i32, i32, i32, i32, i32, i32, i32, i32, i32, i32, i32, i32, i32, i32, i32, i32, i32, i32, i32, i32, i32, i32, i32, i32, i32, i32, i32 } %call_ret, 5" [firmware/nnet_utils/nnet_pooling_stream.h:182->firmware/nnet_utils/nnet_pooling_stream.h:238->firmware/nnet_utils/nnet_pooling_stream.h:251]   --->   Operation 65 'extractvalue' 'pool_window_0_V_5' <Predicate = (!icmp_ln233)> <Delay = 0.00>
ST_4 : Operation 66 [1/1] (0.00ns)   --->   "%pool_window_0_V_4 = extractvalue { i32, i32, i32, i32, i32, i32, i32, i32, i32, i32, i32, i32, i32, i32, i32, i32, i32, i32, i32, i32, i32, i32, i32, i32, i32, i32, i32, i32, i32, i32, i32, i32 } %call_ret, 4" [firmware/nnet_utils/nnet_pooling_stream.h:182->firmware/nnet_utils/nnet_pooling_stream.h:238->firmware/nnet_utils/nnet_pooling_stream.h:251]   --->   Operation 66 'extractvalue' 'pool_window_0_V_4' <Predicate = (!icmp_ln233)> <Delay = 0.00>
ST_4 : Operation 67 [1/1] (0.00ns)   --->   "%pool_window_0_V_3 = extractvalue { i32, i32, i32, i32, i32, i32, i32, i32, i32, i32, i32, i32, i32, i32, i32, i32, i32, i32, i32, i32, i32, i32, i32, i32, i32, i32, i32, i32, i32, i32, i32, i32 } %call_ret, 3" [firmware/nnet_utils/nnet_pooling_stream.h:182->firmware/nnet_utils/nnet_pooling_stream.h:238->firmware/nnet_utils/nnet_pooling_stream.h:251]   --->   Operation 67 'extractvalue' 'pool_window_0_V_3' <Predicate = (!icmp_ln233)> <Delay = 0.00>
ST_4 : Operation 68 [1/1] (0.00ns)   --->   "%pool_window_0_V_2 = extractvalue { i32, i32, i32, i32, i32, i32, i32, i32, i32, i32, i32, i32, i32, i32, i32, i32, i32, i32, i32, i32, i32, i32, i32, i32, i32, i32, i32, i32, i32, i32, i32, i32 } %call_ret, 2" [firmware/nnet_utils/nnet_pooling_stream.h:182->firmware/nnet_utils/nnet_pooling_stream.h:238->firmware/nnet_utils/nnet_pooling_stream.h:251]   --->   Operation 68 'extractvalue' 'pool_window_0_V_2' <Predicate = (!icmp_ln233)> <Delay = 0.00>
ST_4 : Operation 69 [1/1] (0.00ns)   --->   "%pool_window_0_V = extractvalue { i32, i32, i32, i32, i32, i32, i32, i32, i32, i32, i32, i32, i32, i32, i32, i32, i32, i32, i32, i32, i32, i32, i32, i32, i32, i32, i32, i32, i32, i32, i32, i32 } %call_ret, 1" [firmware/nnet_utils/nnet_pooling_stream.h:182->firmware/nnet_utils/nnet_pooling_stream.h:238->firmware/nnet_utils/nnet_pooling_stream.h:251]   --->   Operation 69 'extractvalue' 'pool_window_0_V' <Predicate = (!icmp_ln233)> <Delay = 0.00>
ST_4 : Operation 70 [1/1] (0.00ns)   --->   "%pool_window_0_V_1 = extractvalue { i32, i32, i32, i32, i32, i32, i32, i32, i32, i32, i32, i32, i32, i32, i32, i32, i32, i32, i32, i32, i32, i32, i32, i32, i32, i32, i32, i32, i32, i32, i32, i32 } %call_ret, 0" [firmware/nnet_utils/nnet_pooling_stream.h:182->firmware/nnet_utils/nnet_pooling_stream.h:238->firmware/nnet_utils/nnet_pooling_stream.h:251]   --->   Operation 70 'extractvalue' 'pool_window_0_V_1' <Predicate = (!icmp_ln233)> <Delay = 0.00>
ST_4 : Operation 71 [1/1] (0.00ns)   --->   "%pool_window_1_V_1 = extractvalue { i32, i32, i32, i32, i32, i32, i32, i32, i32, i32, i32, i32, i32, i32, i32, i32, i32, i32, i32, i32, i32, i32, i32, i32, i32, i32, i32, i32, i32, i32, i32, i32 } %call_ret, 16" [firmware/nnet_utils/nnet_pooling_stream.h:182->firmware/nnet_utils/nnet_pooling_stream.h:238->firmware/nnet_utils/nnet_pooling_stream.h:251]   --->   Operation 71 'extractvalue' 'pool_window_1_V_1' <Predicate = (!icmp_ln233)> <Delay = 0.00>
ST_4 : Operation 72 [1/1] (0.00ns)   --->   "store i32 %pool_window_1_V_1, i32* @kernel_data_V_9_8, align 4" [firmware/nnet_utils/nnet_pooling_stream.h:182->firmware/nnet_utils/nnet_pooling_stream.h:238->firmware/nnet_utils/nnet_pooling_stream.h:251]   --->   Operation 72 'store' <Predicate = (!icmp_ln233)> <Delay = 0.00>
ST_4 : Operation 73 [1/1] (0.00ns)   --->   "%pool_window_1_V = extractvalue { i32, i32, i32, i32, i32, i32, i32, i32, i32, i32, i32, i32, i32, i32, i32, i32, i32, i32, i32, i32, i32, i32, i32, i32, i32, i32, i32, i32, i32, i32, i32, i32 } %call_ret, 17" [firmware/nnet_utils/nnet_pooling_stream.h:182->firmware/nnet_utils/nnet_pooling_stream.h:238->firmware/nnet_utils/nnet_pooling_stream.h:251]   --->   Operation 73 'extractvalue' 'pool_window_1_V' <Predicate = (!icmp_ln233)> <Delay = 0.00>
ST_4 : Operation 74 [1/1] (0.00ns)   --->   "store i32 %pool_window_1_V, i32* @kernel_data_V_9_9, align 4" [firmware/nnet_utils/nnet_pooling_stream.h:182->firmware/nnet_utils/nnet_pooling_stream.h:238->firmware/nnet_utils/nnet_pooling_stream.h:251]   --->   Operation 74 'store' <Predicate = (!icmp_ln233)> <Delay = 0.00>
ST_4 : Operation 75 [1/1] (0.00ns)   --->   "%pool_window_1_V_2 = extractvalue { i32, i32, i32, i32, i32, i32, i32, i32, i32, i32, i32, i32, i32, i32, i32, i32, i32, i32, i32, i32, i32, i32, i32, i32, i32, i32, i32, i32, i32, i32, i32, i32 } %call_ret, 18" [firmware/nnet_utils/nnet_pooling_stream.h:182->firmware/nnet_utils/nnet_pooling_stream.h:238->firmware/nnet_utils/nnet_pooling_stream.h:251]   --->   Operation 75 'extractvalue' 'pool_window_1_V_2' <Predicate = (!icmp_ln233)> <Delay = 0.00>
ST_4 : Operation 76 [1/1] (0.00ns)   --->   "store i32 %pool_window_1_V_2, i32* @kernel_data_V_9_10, align 4" [firmware/nnet_utils/nnet_pooling_stream.h:182->firmware/nnet_utils/nnet_pooling_stream.h:238->firmware/nnet_utils/nnet_pooling_stream.h:251]   --->   Operation 76 'store' <Predicate = (!icmp_ln233)> <Delay = 0.00>
ST_4 : Operation 77 [1/1] (0.00ns)   --->   "%pool_window_1_V_3 = extractvalue { i32, i32, i32, i32, i32, i32, i32, i32, i32, i32, i32, i32, i32, i32, i32, i32, i32, i32, i32, i32, i32, i32, i32, i32, i32, i32, i32, i32, i32, i32, i32, i32 } %call_ret, 19" [firmware/nnet_utils/nnet_pooling_stream.h:182->firmware/nnet_utils/nnet_pooling_stream.h:238->firmware/nnet_utils/nnet_pooling_stream.h:251]   --->   Operation 77 'extractvalue' 'pool_window_1_V_3' <Predicate = (!icmp_ln233)> <Delay = 0.00>
ST_4 : Operation 78 [1/1] (0.00ns)   --->   "store i32 %pool_window_1_V_3, i32* @kernel_data_V_9_11, align 4" [firmware/nnet_utils/nnet_pooling_stream.h:182->firmware/nnet_utils/nnet_pooling_stream.h:238->firmware/nnet_utils/nnet_pooling_stream.h:251]   --->   Operation 78 'store' <Predicate = (!icmp_ln233)> <Delay = 0.00>
ST_4 : Operation 79 [1/1] (0.00ns)   --->   "%pool_window_1_V_4 = extractvalue { i32, i32, i32, i32, i32, i32, i32, i32, i32, i32, i32, i32, i32, i32, i32, i32, i32, i32, i32, i32, i32, i32, i32, i32, i32, i32, i32, i32, i32, i32, i32, i32 } %call_ret, 20" [firmware/nnet_utils/nnet_pooling_stream.h:182->firmware/nnet_utils/nnet_pooling_stream.h:238->firmware/nnet_utils/nnet_pooling_stream.h:251]   --->   Operation 79 'extractvalue' 'pool_window_1_V_4' <Predicate = (!icmp_ln233)> <Delay = 0.00>
ST_4 : Operation 80 [1/1] (0.00ns)   --->   "store i32 %pool_window_1_V_4, i32* @kernel_data_V_9_12, align 4" [firmware/nnet_utils/nnet_pooling_stream.h:182->firmware/nnet_utils/nnet_pooling_stream.h:238->firmware/nnet_utils/nnet_pooling_stream.h:251]   --->   Operation 80 'store' <Predicate = (!icmp_ln233)> <Delay = 0.00>
ST_4 : Operation 81 [1/1] (0.00ns)   --->   "%pool_window_1_V_5 = extractvalue { i32, i32, i32, i32, i32, i32, i32, i32, i32, i32, i32, i32, i32, i32, i32, i32, i32, i32, i32, i32, i32, i32, i32, i32, i32, i32, i32, i32, i32, i32, i32, i32 } %call_ret, 21" [firmware/nnet_utils/nnet_pooling_stream.h:182->firmware/nnet_utils/nnet_pooling_stream.h:238->firmware/nnet_utils/nnet_pooling_stream.h:251]   --->   Operation 81 'extractvalue' 'pool_window_1_V_5' <Predicate = (!icmp_ln233)> <Delay = 0.00>
ST_4 : Operation 82 [1/1] (0.00ns)   --->   "store i32 %pool_window_1_V_5, i32* @kernel_data_V_9_13, align 4" [firmware/nnet_utils/nnet_pooling_stream.h:182->firmware/nnet_utils/nnet_pooling_stream.h:238->firmware/nnet_utils/nnet_pooling_stream.h:251]   --->   Operation 82 'store' <Predicate = (!icmp_ln233)> <Delay = 0.00>
ST_4 : Operation 83 [1/1] (0.00ns)   --->   "%pool_window_1_V_6 = extractvalue { i32, i32, i32, i32, i32, i32, i32, i32, i32, i32, i32, i32, i32, i32, i32, i32, i32, i32, i32, i32, i32, i32, i32, i32, i32, i32, i32, i32, i32, i32, i32, i32 } %call_ret, 22" [firmware/nnet_utils/nnet_pooling_stream.h:182->firmware/nnet_utils/nnet_pooling_stream.h:238->firmware/nnet_utils/nnet_pooling_stream.h:251]   --->   Operation 83 'extractvalue' 'pool_window_1_V_6' <Predicate = (!icmp_ln233)> <Delay = 0.00>
ST_4 : Operation 84 [1/1] (0.00ns)   --->   "store i32 %pool_window_1_V_6, i32* @kernel_data_V_9_14, align 4" [firmware/nnet_utils/nnet_pooling_stream.h:182->firmware/nnet_utils/nnet_pooling_stream.h:238->firmware/nnet_utils/nnet_pooling_stream.h:251]   --->   Operation 84 'store' <Predicate = (!icmp_ln233)> <Delay = 0.00>
ST_4 : Operation 85 [1/1] (0.00ns)   --->   "%pool_window_1_V_7 = extractvalue { i32, i32, i32, i32, i32, i32, i32, i32, i32, i32, i32, i32, i32, i32, i32, i32, i32, i32, i32, i32, i32, i32, i32, i32, i32, i32, i32, i32, i32, i32, i32, i32 } %call_ret, 23" [firmware/nnet_utils/nnet_pooling_stream.h:182->firmware/nnet_utils/nnet_pooling_stream.h:238->firmware/nnet_utils/nnet_pooling_stream.h:251]   --->   Operation 85 'extractvalue' 'pool_window_1_V_7' <Predicate = (!icmp_ln233)> <Delay = 0.00>
ST_4 : Operation 86 [1/1] (0.00ns)   --->   "store i32 %pool_window_1_V_7, i32* @kernel_data_V_9_15, align 4" [firmware/nnet_utils/nnet_pooling_stream.h:182->firmware/nnet_utils/nnet_pooling_stream.h:238->firmware/nnet_utils/nnet_pooling_stream.h:251]   --->   Operation 86 'store' <Predicate = (!icmp_ln233)> <Delay = 0.00>
ST_4 : Operation 87 [1/1] (0.00ns)   --->   "%pool_window_3_V_1 = extractvalue { i32, i32, i32, i32, i32, i32, i32, i32, i32, i32, i32, i32, i32, i32, i32, i32, i32, i32, i32, i32, i32, i32, i32, i32, i32, i32, i32, i32, i32, i32, i32, i32 } %call_ret, 24" [firmware/nnet_utils/nnet_pooling_stream.h:182->firmware/nnet_utils/nnet_pooling_stream.h:238->firmware/nnet_utils/nnet_pooling_stream.h:251]   --->   Operation 87 'extractvalue' 'pool_window_3_V_1' <Predicate = (!icmp_ln233)> <Delay = 0.00>
ST_4 : Operation 88 [1/1] (0.00ns)   --->   "store i32 %pool_window_3_V_1, i32* @kernel_data_V_9_24, align 4" [firmware/nnet_utils/nnet_pooling_stream.h:182->firmware/nnet_utils/nnet_pooling_stream.h:238->firmware/nnet_utils/nnet_pooling_stream.h:251]   --->   Operation 88 'store' <Predicate = (!icmp_ln233)> <Delay = 0.00>
ST_4 : Operation 89 [1/1] (0.00ns)   --->   "%pool_window_3_V = extractvalue { i32, i32, i32, i32, i32, i32, i32, i32, i32, i32, i32, i32, i32, i32, i32, i32, i32, i32, i32, i32, i32, i32, i32, i32, i32, i32, i32, i32, i32, i32, i32, i32 } %call_ret, 25" [firmware/nnet_utils/nnet_pooling_stream.h:182->firmware/nnet_utils/nnet_pooling_stream.h:238->firmware/nnet_utils/nnet_pooling_stream.h:251]   --->   Operation 89 'extractvalue' 'pool_window_3_V' <Predicate = (!icmp_ln233)> <Delay = 0.00>
ST_4 : Operation 90 [1/1] (0.00ns)   --->   "store i32 %pool_window_3_V, i32* @kernel_data_V_9_25, align 4" [firmware/nnet_utils/nnet_pooling_stream.h:182->firmware/nnet_utils/nnet_pooling_stream.h:238->firmware/nnet_utils/nnet_pooling_stream.h:251]   --->   Operation 90 'store' <Predicate = (!icmp_ln233)> <Delay = 0.00>
ST_4 : Operation 91 [1/1] (0.00ns)   --->   "%pool_window_3_V_2 = extractvalue { i32, i32, i32, i32, i32, i32, i32, i32, i32, i32, i32, i32, i32, i32, i32, i32, i32, i32, i32, i32, i32, i32, i32, i32, i32, i32, i32, i32, i32, i32, i32, i32 } %call_ret, 26" [firmware/nnet_utils/nnet_pooling_stream.h:182->firmware/nnet_utils/nnet_pooling_stream.h:238->firmware/nnet_utils/nnet_pooling_stream.h:251]   --->   Operation 91 'extractvalue' 'pool_window_3_V_2' <Predicate = (!icmp_ln233)> <Delay = 0.00>
ST_4 : Operation 92 [1/1] (0.00ns)   --->   "store i32 %pool_window_3_V_2, i32* @kernel_data_V_9_26, align 4" [firmware/nnet_utils/nnet_pooling_stream.h:182->firmware/nnet_utils/nnet_pooling_stream.h:238->firmware/nnet_utils/nnet_pooling_stream.h:251]   --->   Operation 92 'store' <Predicate = (!icmp_ln233)> <Delay = 0.00>
ST_4 : Operation 93 [1/1] (0.00ns)   --->   "%pool_window_3_V_3 = extractvalue { i32, i32, i32, i32, i32, i32, i32, i32, i32, i32, i32, i32, i32, i32, i32, i32, i32, i32, i32, i32, i32, i32, i32, i32, i32, i32, i32, i32, i32, i32, i32, i32 } %call_ret, 27" [firmware/nnet_utils/nnet_pooling_stream.h:182->firmware/nnet_utils/nnet_pooling_stream.h:238->firmware/nnet_utils/nnet_pooling_stream.h:251]   --->   Operation 93 'extractvalue' 'pool_window_3_V_3' <Predicate = (!icmp_ln233)> <Delay = 0.00>
ST_4 : Operation 94 [1/1] (0.00ns)   --->   "store i32 %pool_window_3_V_3, i32* @kernel_data_V_9_27, align 4" [firmware/nnet_utils/nnet_pooling_stream.h:182->firmware/nnet_utils/nnet_pooling_stream.h:238->firmware/nnet_utils/nnet_pooling_stream.h:251]   --->   Operation 94 'store' <Predicate = (!icmp_ln233)> <Delay = 0.00>
ST_4 : Operation 95 [1/1] (0.00ns)   --->   "%pool_window_3_V_4 = extractvalue { i32, i32, i32, i32, i32, i32, i32, i32, i32, i32, i32, i32, i32, i32, i32, i32, i32, i32, i32, i32, i32, i32, i32, i32, i32, i32, i32, i32, i32, i32, i32, i32 } %call_ret, 28" [firmware/nnet_utils/nnet_pooling_stream.h:182->firmware/nnet_utils/nnet_pooling_stream.h:238->firmware/nnet_utils/nnet_pooling_stream.h:251]   --->   Operation 95 'extractvalue' 'pool_window_3_V_4' <Predicate = (!icmp_ln233)> <Delay = 0.00>
ST_4 : Operation 96 [1/1] (0.00ns)   --->   "store i32 %pool_window_3_V_4, i32* @kernel_data_V_9_28, align 4" [firmware/nnet_utils/nnet_pooling_stream.h:182->firmware/nnet_utils/nnet_pooling_stream.h:238->firmware/nnet_utils/nnet_pooling_stream.h:251]   --->   Operation 96 'store' <Predicate = (!icmp_ln233)> <Delay = 0.00>
ST_4 : Operation 97 [1/1] (0.00ns)   --->   "%pool_window_3_V_5 = extractvalue { i32, i32, i32, i32, i32, i32, i32, i32, i32, i32, i32, i32, i32, i32, i32, i32, i32, i32, i32, i32, i32, i32, i32, i32, i32, i32, i32, i32, i32, i32, i32, i32 } %call_ret, 29" [firmware/nnet_utils/nnet_pooling_stream.h:182->firmware/nnet_utils/nnet_pooling_stream.h:238->firmware/nnet_utils/nnet_pooling_stream.h:251]   --->   Operation 97 'extractvalue' 'pool_window_3_V_5' <Predicate = (!icmp_ln233)> <Delay = 0.00>
ST_4 : Operation 98 [1/1] (0.00ns)   --->   "store i32 %pool_window_3_V_5, i32* @kernel_data_V_9_29, align 4" [firmware/nnet_utils/nnet_pooling_stream.h:182->firmware/nnet_utils/nnet_pooling_stream.h:238->firmware/nnet_utils/nnet_pooling_stream.h:251]   --->   Operation 98 'store' <Predicate = (!icmp_ln233)> <Delay = 0.00>
ST_4 : Operation 99 [1/1] (0.00ns)   --->   "%pool_window_3_V_6 = extractvalue { i32, i32, i32, i32, i32, i32, i32, i32, i32, i32, i32, i32, i32, i32, i32, i32, i32, i32, i32, i32, i32, i32, i32, i32, i32, i32, i32, i32, i32, i32, i32, i32 } %call_ret, 30" [firmware/nnet_utils/nnet_pooling_stream.h:182->firmware/nnet_utils/nnet_pooling_stream.h:238->firmware/nnet_utils/nnet_pooling_stream.h:251]   --->   Operation 99 'extractvalue' 'pool_window_3_V_6' <Predicate = (!icmp_ln233)> <Delay = 0.00>
ST_4 : Operation 100 [1/1] (0.00ns)   --->   "store i32 %pool_window_3_V_6, i32* @kernel_data_V_9_30, align 4" [firmware/nnet_utils/nnet_pooling_stream.h:182->firmware/nnet_utils/nnet_pooling_stream.h:238->firmware/nnet_utils/nnet_pooling_stream.h:251]   --->   Operation 100 'store' <Predicate = (!icmp_ln233)> <Delay = 0.00>
ST_4 : Operation 101 [1/1] (0.00ns)   --->   "%pool_window_3_V_7 = extractvalue { i32, i32, i32, i32, i32, i32, i32, i32, i32, i32, i32, i32, i32, i32, i32, i32, i32, i32, i32, i32, i32, i32, i32, i32, i32, i32, i32, i32, i32, i32, i32, i32 } %call_ret, 31" [firmware/nnet_utils/nnet_pooling_stream.h:182->firmware/nnet_utils/nnet_pooling_stream.h:238->firmware/nnet_utils/nnet_pooling_stream.h:251]   --->   Operation 101 'extractvalue' 'pool_window_3_V_7' <Predicate = (!icmp_ln233)> <Delay = 0.00>
ST_4 : Operation 102 [1/1] (0.00ns)   --->   "store i32 %pool_window_3_V_7, i32* @kernel_data_V_9_31, align 4" [firmware/nnet_utils/nnet_pooling_stream.h:182->firmware/nnet_utils/nnet_pooling_stream.h:238->firmware/nnet_utils/nnet_pooling_stream.h:251]   --->   Operation 102 'store' <Predicate = (!icmp_ln233)> <Delay = 0.00>
ST_4 : Operation 103 [1/1] (0.00ns)   --->   "%sX_load = load i32* @sX, align 4" [firmware/nnet_utils/nnet_pooling_stream.h:185->firmware/nnet_utils/nnet_pooling_stream.h:238->firmware/nnet_utils/nnet_pooling_stream.h:251]   --->   Operation 103 'load' 'sX_load' <Predicate = (!icmp_ln233)> <Delay = 0.00>
ST_4 : Operation 104 [1/1] (2.47ns)   --->   "%icmp_ln185 = icmp eq i32 %sX_load, 1" [firmware/nnet_utils/nnet_pooling_stream.h:185->firmware/nnet_utils/nnet_pooling_stream.h:238->firmware/nnet_utils/nnet_pooling_stream.h:251]   --->   Operation 104 'icmp' 'icmp_ln185' <Predicate = (!icmp_ln233)> <Delay = 2.47> <Core = "Cmp">   --->   Core 25 'Cmp' <Latency = 0> <II = 1> <Delay = 2.47> <FuncUnit> <Opcode : 'icmp'> <InPorts = 2> <OutPorts = 1>
ST_4 : Operation 105 [1/1] (0.00ns)   --->   "%sY_load = load i32* @sY, align 4" [firmware/nnet_utils/nnet_pooling_stream.h:185->firmware/nnet_utils/nnet_pooling_stream.h:238->firmware/nnet_utils/nnet_pooling_stream.h:251]   --->   Operation 105 'load' 'sY_load' <Predicate = (!icmp_ln233)> <Delay = 0.00>
ST_4 : Operation 106 [1/1] (2.47ns)   --->   "%icmp_ln185_1 = icmp eq i32 %sY_load, 1" [firmware/nnet_utils/nnet_pooling_stream.h:185->firmware/nnet_utils/nnet_pooling_stream.h:238->firmware/nnet_utils/nnet_pooling_stream.h:251]   --->   Operation 106 'icmp' 'icmp_ln185_1' <Predicate = (!icmp_ln233)> <Delay = 2.47> <Core = "Cmp">   --->   Core 25 'Cmp' <Latency = 0> <II = 1> <Delay = 2.47> <FuncUnit> <Opcode : 'icmp'> <InPorts = 2> <OutPorts = 1>
ST_4 : Operation 107 [1/1] (0.00ns)   --->   "%pY_load = load i32* @pY, align 4" [firmware/nnet_utils/nnet_pooling_stream.h:185->firmware/nnet_utils/nnet_pooling_stream.h:238->firmware/nnet_utils/nnet_pooling_stream.h:251]   --->   Operation 107 'load' 'pY_load' <Predicate = (!icmp_ln233)> <Delay = 0.00>
ST_4 : Operation 108 [1/1] (2.47ns)   --->   "%icmp_ln185_2 = icmp sgt i32 %pY_load, 0" [firmware/nnet_utils/nnet_pooling_stream.h:185->firmware/nnet_utils/nnet_pooling_stream.h:238->firmware/nnet_utils/nnet_pooling_stream.h:251]   --->   Operation 108 'icmp' 'icmp_ln185_2' <Predicate = (!icmp_ln233)> <Delay = 2.47> <Core = "Cmp">   --->   Core 25 'Cmp' <Latency = 0> <II = 1> <Delay = 2.47> <FuncUnit> <Opcode : 'icmp'> <InPorts = 2> <OutPorts = 1>
ST_4 : Operation 109 [1/1] (0.00ns)   --->   "%pX_load = load i32* @pX, align 4" [firmware/nnet_utils/nnet_pooling_stream.h:185->firmware/nnet_utils/nnet_pooling_stream.h:238->firmware/nnet_utils/nnet_pooling_stream.h:251]   --->   Operation 109 'load' 'pX_load' <Predicate = (!icmp_ln233)> <Delay = 0.00>
ST_4 : Operation 110 [1/1] (2.47ns)   --->   "%icmp_ln185_3 = icmp sgt i32 %pX_load, 0" [firmware/nnet_utils/nnet_pooling_stream.h:185->firmware/nnet_utils/nnet_pooling_stream.h:238->firmware/nnet_utils/nnet_pooling_stream.h:251]   --->   Operation 110 'icmp' 'icmp_ln185_3' <Predicate = (!icmp_ln233)> <Delay = 2.47> <Core = "Cmp">   --->   Core 25 'Cmp' <Latency = 0> <II = 1> <Delay = 2.47> <FuncUnit> <Opcode : 'icmp'> <InPorts = 2> <OutPorts = 1>
ST_4 : Operation 111 [1/1] (0.00ns) (grouped into LUT with out node and_ln185_2)   --->   "%and_ln185 = and i1 %icmp_ln185, %icmp_ln185_1" [firmware/nnet_utils/nnet_pooling_stream.h:185->firmware/nnet_utils/nnet_pooling_stream.h:238->firmware/nnet_utils/nnet_pooling_stream.h:251]   --->   Operation 111 'and' 'and_ln185' <Predicate = (!icmp_ln233)> <Delay = 0.00> <Core = "LogicGate">   --->   Core 27 'LogicGate' <Latency = 0> <II = 1> <Delay = 0.97> <FuncUnit> <Opcode : 'and' 'or' 'xor'> <InPorts = 2> <OutPorts = 1>
ST_4 : Operation 112 [1/1] (0.00ns) (grouped into LUT with out node and_ln185_2)   --->   "%and_ln185_1 = and i1 %icmp_ln185_2, %icmp_ln185_3" [firmware/nnet_utils/nnet_pooling_stream.h:185->firmware/nnet_utils/nnet_pooling_stream.h:238->firmware/nnet_utils/nnet_pooling_stream.h:251]   --->   Operation 112 'and' 'and_ln185_1' <Predicate = (!icmp_ln233)> <Delay = 0.00> <Core = "LogicGate">   --->   Core 27 'LogicGate' <Latency = 0> <II = 1> <Delay = 0.97> <FuncUnit> <Opcode : 'and' 'or' 'xor'> <InPorts = 2> <OutPorts = 1>
ST_4 : Operation 113 [1/1] (0.97ns) (out node of the LUT)   --->   "%and_ln185_2 = and i1 %and_ln185_1, %and_ln185" [firmware/nnet_utils/nnet_pooling_stream.h:185->firmware/nnet_utils/nnet_pooling_stream.h:238->firmware/nnet_utils/nnet_pooling_stream.h:251]   --->   Operation 113 'and' 'and_ln185_2' <Predicate = (!icmp_ln233)> <Delay = 0.97> <Core = "LogicGate">   --->   Core 27 'LogicGate' <Latency = 0> <II = 1> <Delay = 0.97> <FuncUnit> <Opcode : 'and' 'or' 'xor'> <InPorts = 2> <OutPorts = 1>
ST_4 : Operation 114 [1/1] (0.00ns)   --->   "br i1 %and_ln185_2, label %.preheader.i.i.0, label %._crit_edge25.i.i" [firmware/nnet_utils/nnet_pooling_stream.h:185->firmware/nnet_utils/nnet_pooling_stream.h:238->firmware/nnet_utils/nnet_pooling_stream.h:251]   --->   Operation 114 'br' <Predicate = (!icmp_ln233)> <Delay = 0.00>
ST_4 : Operation 115 [1/1] (2.47ns)   --->   "%icmp_ln1496 = icmp slt i32 %pool_window_0_V_1, %pool_window_1_V_1" [firmware/nnet_utils/nnet_common.h:86->firmware/nnet_utils/nnet_common.h:53->firmware/nnet_utils/nnet_common.h:55->firmware/nnet_utils/nnet_pooling_stream.h:22->firmware/nnet_utils/nnet_pooling_stream.h:195->firmware/nnet_utils/nnet_pooling_stream.h:238->firmware/nnet_utils/nnet_pooling_stream.h:251]   --->   Operation 115 'icmp' 'icmp_ln1496' <Predicate = (and_ln185_2)> <Delay = 2.47> <Core = "Cmp">   --->   Core 25 'Cmp' <Latency = 0> <II = 1> <Delay = 2.47> <FuncUnit> <Opcode : 'icmp'> <InPorts = 2> <OutPorts = 1>
ST_4 : Operation 116 [1/1] (2.47ns)   --->   "%icmp_ln1496_1 = icmp slt i32 %pool_window_2_V_1, %pool_window_3_V_1" [firmware/nnet_utils/nnet_common.h:86->firmware/nnet_utils/nnet_common.h:53->firmware/nnet_utils/nnet_common.h:55->firmware/nnet_utils/nnet_pooling_stream.h:22->firmware/nnet_utils/nnet_pooling_stream.h:195->firmware/nnet_utils/nnet_pooling_stream.h:238->firmware/nnet_utils/nnet_pooling_stream.h:251]   --->   Operation 116 'icmp' 'icmp_ln1496_1' <Predicate = (and_ln185_2)> <Delay = 2.47> <Core = "Cmp">   --->   Core 25 'Cmp' <Latency = 0> <II = 1> <Delay = 2.47> <FuncUnit> <Opcode : 'icmp'> <InPorts = 2> <OutPorts = 1>
ST_4 : Operation 117 [1/1] (2.47ns)   --->   "%icmp_ln1496_3 = icmp slt i32 %pool_window_0_V, %pool_window_1_V" [firmware/nnet_utils/nnet_common.h:86->firmware/nnet_utils/nnet_common.h:53->firmware/nnet_utils/nnet_common.h:55->firmware/nnet_utils/nnet_pooling_stream.h:22->firmware/nnet_utils/nnet_pooling_stream.h:195->firmware/nnet_utils/nnet_pooling_stream.h:238->firmware/nnet_utils/nnet_pooling_stream.h:251]   --->   Operation 117 'icmp' 'icmp_ln1496_3' <Predicate = (and_ln185_2)> <Delay = 2.47> <Core = "Cmp">   --->   Core 25 'Cmp' <Latency = 0> <II = 1> <Delay = 2.47> <FuncUnit> <Opcode : 'icmp'> <InPorts = 2> <OutPorts = 1>
ST_4 : Operation 118 [1/1] (2.47ns)   --->   "%icmp_ln1496_4 = icmp slt i32 %pool_window_2_V, %pool_window_3_V" [firmware/nnet_utils/nnet_common.h:86->firmware/nnet_utils/nnet_common.h:53->firmware/nnet_utils/nnet_common.h:55->firmware/nnet_utils/nnet_pooling_stream.h:22->firmware/nnet_utils/nnet_pooling_stream.h:195->firmware/nnet_utils/nnet_pooling_stream.h:238->firmware/nnet_utils/nnet_pooling_stream.h:251]   --->   Operation 118 'icmp' 'icmp_ln1496_4' <Predicate = (and_ln185_2)> <Delay = 2.47> <Core = "Cmp">   --->   Core 25 'Cmp' <Latency = 0> <II = 1> <Delay = 2.47> <FuncUnit> <Opcode : 'icmp'> <InPorts = 2> <OutPorts = 1>
ST_4 : Operation 119 [1/1] (2.47ns)   --->   "%icmp_ln1496_6 = icmp slt i32 %pool_window_0_V_2, %pool_window_1_V_2" [firmware/nnet_utils/nnet_common.h:86->firmware/nnet_utils/nnet_common.h:53->firmware/nnet_utils/nnet_common.h:55->firmware/nnet_utils/nnet_pooling_stream.h:22->firmware/nnet_utils/nnet_pooling_stream.h:195->firmware/nnet_utils/nnet_pooling_stream.h:238->firmware/nnet_utils/nnet_pooling_stream.h:251]   --->   Operation 119 'icmp' 'icmp_ln1496_6' <Predicate = (and_ln185_2)> <Delay = 2.47> <Core = "Cmp">   --->   Core 25 'Cmp' <Latency = 0> <II = 1> <Delay = 2.47> <FuncUnit> <Opcode : 'icmp'> <InPorts = 2> <OutPorts = 1>
ST_4 : Operation 120 [1/1] (2.47ns)   --->   "%icmp_ln1496_7 = icmp slt i32 %pool_window_2_V_2, %pool_window_3_V_2" [firmware/nnet_utils/nnet_common.h:86->firmware/nnet_utils/nnet_common.h:53->firmware/nnet_utils/nnet_common.h:55->firmware/nnet_utils/nnet_pooling_stream.h:22->firmware/nnet_utils/nnet_pooling_stream.h:195->firmware/nnet_utils/nnet_pooling_stream.h:238->firmware/nnet_utils/nnet_pooling_stream.h:251]   --->   Operation 120 'icmp' 'icmp_ln1496_7' <Predicate = (and_ln185_2)> <Delay = 2.47> <Core = "Cmp">   --->   Core 25 'Cmp' <Latency = 0> <II = 1> <Delay = 2.47> <FuncUnit> <Opcode : 'icmp'> <InPorts = 2> <OutPorts = 1>
ST_4 : Operation 121 [1/1] (2.47ns)   --->   "%icmp_ln1496_9 = icmp slt i32 %pool_window_0_V_3, %pool_window_1_V_3" [firmware/nnet_utils/nnet_common.h:86->firmware/nnet_utils/nnet_common.h:53->firmware/nnet_utils/nnet_common.h:55->firmware/nnet_utils/nnet_pooling_stream.h:22->firmware/nnet_utils/nnet_pooling_stream.h:195->firmware/nnet_utils/nnet_pooling_stream.h:238->firmware/nnet_utils/nnet_pooling_stream.h:251]   --->   Operation 121 'icmp' 'icmp_ln1496_9' <Predicate = (and_ln185_2)> <Delay = 2.47> <Core = "Cmp">   --->   Core 25 'Cmp' <Latency = 0> <II = 1> <Delay = 2.47> <FuncUnit> <Opcode : 'icmp'> <InPorts = 2> <OutPorts = 1>
ST_4 : Operation 122 [1/1] (2.47ns)   --->   "%icmp_ln1496_10 = icmp slt i32 %pool_window_2_V_3, %pool_window_3_V_3" [firmware/nnet_utils/nnet_common.h:86->firmware/nnet_utils/nnet_common.h:53->firmware/nnet_utils/nnet_common.h:55->firmware/nnet_utils/nnet_pooling_stream.h:22->firmware/nnet_utils/nnet_pooling_stream.h:195->firmware/nnet_utils/nnet_pooling_stream.h:238->firmware/nnet_utils/nnet_pooling_stream.h:251]   --->   Operation 122 'icmp' 'icmp_ln1496_10' <Predicate = (and_ln185_2)> <Delay = 2.47> <Core = "Cmp">   --->   Core 25 'Cmp' <Latency = 0> <II = 1> <Delay = 2.47> <FuncUnit> <Opcode : 'icmp'> <InPorts = 2> <OutPorts = 1>
ST_4 : Operation 123 [1/1] (2.47ns)   --->   "%icmp_ln1496_12 = icmp slt i32 %pool_window_0_V_4, %pool_window_1_V_4" [firmware/nnet_utils/nnet_common.h:86->firmware/nnet_utils/nnet_common.h:53->firmware/nnet_utils/nnet_common.h:55->firmware/nnet_utils/nnet_pooling_stream.h:22->firmware/nnet_utils/nnet_pooling_stream.h:195->firmware/nnet_utils/nnet_pooling_stream.h:238->firmware/nnet_utils/nnet_pooling_stream.h:251]   --->   Operation 123 'icmp' 'icmp_ln1496_12' <Predicate = (and_ln185_2)> <Delay = 2.47> <Core = "Cmp">   --->   Core 25 'Cmp' <Latency = 0> <II = 1> <Delay = 2.47> <FuncUnit> <Opcode : 'icmp'> <InPorts = 2> <OutPorts = 1>
ST_4 : Operation 124 [1/1] (2.47ns)   --->   "%icmp_ln1496_13 = icmp slt i32 %pool_window_2_V_4, %pool_window_3_V_4" [firmware/nnet_utils/nnet_common.h:86->firmware/nnet_utils/nnet_common.h:53->firmware/nnet_utils/nnet_common.h:55->firmware/nnet_utils/nnet_pooling_stream.h:22->firmware/nnet_utils/nnet_pooling_stream.h:195->firmware/nnet_utils/nnet_pooling_stream.h:238->firmware/nnet_utils/nnet_pooling_stream.h:251]   --->   Operation 124 'icmp' 'icmp_ln1496_13' <Predicate = (and_ln185_2)> <Delay = 2.47> <Core = "Cmp">   --->   Core 25 'Cmp' <Latency = 0> <II = 1> <Delay = 2.47> <FuncUnit> <Opcode : 'icmp'> <InPorts = 2> <OutPorts = 1>
ST_4 : Operation 125 [1/1] (2.47ns)   --->   "%icmp_ln1496_15 = icmp slt i32 %pool_window_0_V_5, %pool_window_1_V_5" [firmware/nnet_utils/nnet_common.h:86->firmware/nnet_utils/nnet_common.h:53->firmware/nnet_utils/nnet_common.h:55->firmware/nnet_utils/nnet_pooling_stream.h:22->firmware/nnet_utils/nnet_pooling_stream.h:195->firmware/nnet_utils/nnet_pooling_stream.h:238->firmware/nnet_utils/nnet_pooling_stream.h:251]   --->   Operation 125 'icmp' 'icmp_ln1496_15' <Predicate = (and_ln185_2)> <Delay = 2.47> <Core = "Cmp">   --->   Core 25 'Cmp' <Latency = 0> <II = 1> <Delay = 2.47> <FuncUnit> <Opcode : 'icmp'> <InPorts = 2> <OutPorts = 1>
ST_4 : Operation 126 [1/1] (2.47ns)   --->   "%icmp_ln1496_16 = icmp slt i32 %pool_window_2_V_5, %pool_window_3_V_5" [firmware/nnet_utils/nnet_common.h:86->firmware/nnet_utils/nnet_common.h:53->firmware/nnet_utils/nnet_common.h:55->firmware/nnet_utils/nnet_pooling_stream.h:22->firmware/nnet_utils/nnet_pooling_stream.h:195->firmware/nnet_utils/nnet_pooling_stream.h:238->firmware/nnet_utils/nnet_pooling_stream.h:251]   --->   Operation 126 'icmp' 'icmp_ln1496_16' <Predicate = (and_ln185_2)> <Delay = 2.47> <Core = "Cmp">   --->   Core 25 'Cmp' <Latency = 0> <II = 1> <Delay = 2.47> <FuncUnit> <Opcode : 'icmp'> <InPorts = 2> <OutPorts = 1>
ST_4 : Operation 127 [1/1] (2.47ns)   --->   "%icmp_ln1496_18 = icmp slt i32 %pool_window_0_V_6, %pool_window_1_V_6" [firmware/nnet_utils/nnet_common.h:86->firmware/nnet_utils/nnet_common.h:53->firmware/nnet_utils/nnet_common.h:55->firmware/nnet_utils/nnet_pooling_stream.h:22->firmware/nnet_utils/nnet_pooling_stream.h:195->firmware/nnet_utils/nnet_pooling_stream.h:238->firmware/nnet_utils/nnet_pooling_stream.h:251]   --->   Operation 127 'icmp' 'icmp_ln1496_18' <Predicate = (and_ln185_2)> <Delay = 2.47> <Core = "Cmp">   --->   Core 25 'Cmp' <Latency = 0> <II = 1> <Delay = 2.47> <FuncUnit> <Opcode : 'icmp'> <InPorts = 2> <OutPorts = 1>
ST_4 : Operation 128 [1/1] (2.47ns)   --->   "%icmp_ln1496_19 = icmp slt i32 %pool_window_2_V_6, %pool_window_3_V_6" [firmware/nnet_utils/nnet_common.h:86->firmware/nnet_utils/nnet_common.h:53->firmware/nnet_utils/nnet_common.h:55->firmware/nnet_utils/nnet_pooling_stream.h:22->firmware/nnet_utils/nnet_pooling_stream.h:195->firmware/nnet_utils/nnet_pooling_stream.h:238->firmware/nnet_utils/nnet_pooling_stream.h:251]   --->   Operation 128 'icmp' 'icmp_ln1496_19' <Predicate = (and_ln185_2)> <Delay = 2.47> <Core = "Cmp">   --->   Core 25 'Cmp' <Latency = 0> <II = 1> <Delay = 2.47> <FuncUnit> <Opcode : 'icmp'> <InPorts = 2> <OutPorts = 1>
ST_4 : Operation 129 [1/1] (2.47ns)   --->   "%icmp_ln1496_21 = icmp slt i32 %pool_window_0_V_7, %pool_window_1_V_7" [firmware/nnet_utils/nnet_common.h:86->firmware/nnet_utils/nnet_common.h:53->firmware/nnet_utils/nnet_common.h:55->firmware/nnet_utils/nnet_pooling_stream.h:22->firmware/nnet_utils/nnet_pooling_stream.h:195->firmware/nnet_utils/nnet_pooling_stream.h:238->firmware/nnet_utils/nnet_pooling_stream.h:251]   --->   Operation 129 'icmp' 'icmp_ln1496_21' <Predicate = (and_ln185_2)> <Delay = 2.47> <Core = "Cmp">   --->   Core 25 'Cmp' <Latency = 0> <II = 1> <Delay = 2.47> <FuncUnit> <Opcode : 'icmp'> <InPorts = 2> <OutPorts = 1>
ST_4 : Operation 130 [1/1] (2.47ns)   --->   "%icmp_ln1496_22 = icmp slt i32 %pool_window_2_V_7, %pool_window_3_V_7" [firmware/nnet_utils/nnet_common.h:86->firmware/nnet_utils/nnet_common.h:53->firmware/nnet_utils/nnet_common.h:55->firmware/nnet_utils/nnet_pooling_stream.h:22->firmware/nnet_utils/nnet_pooling_stream.h:195->firmware/nnet_utils/nnet_pooling_stream.h:238->firmware/nnet_utils/nnet_pooling_stream.h:251]   --->   Operation 130 'icmp' 'icmp_ln1496_22' <Predicate = (and_ln185_2)> <Delay = 2.47> <Core = "Cmp">   --->   Core 25 'Cmp' <Latency = 0> <II = 1> <Delay = 2.47> <FuncUnit> <Opcode : 'icmp'> <InPorts = 2> <OutPorts = 1>
ST_4 : Operation 131 [1/1] (2.47ns)   --->   "%icmp_ln203 = icmp eq i32 %pX_load, 31" [firmware/nnet_utils/nnet_pooling_stream.h:203->firmware/nnet_utils/nnet_pooling_stream.h:238->firmware/nnet_utils/nnet_pooling_stream.h:251]   --->   Operation 131 'icmp' 'icmp_ln203' <Predicate = true> <Delay = 2.47> <Core = "Cmp">   --->   Core 25 'Cmp' <Latency = 0> <II = 1> <Delay = 2.47> <FuncUnit> <Opcode : 'icmp'> <InPorts = 2> <OutPorts = 1>
ST_4 : Operation 132 [1/1] (0.00ns)   --->   "br i1 %icmp_ln203, label %1, label %5" [firmware/nnet_utils/nnet_pooling_stream.h:203->firmware/nnet_utils/nnet_pooling_stream.h:238->firmware/nnet_utils/nnet_pooling_stream.h:251]   --->   Operation 132 'br' <Predicate = true> <Delay = 0.00>
ST_4 : Operation 133 [1/1] (2.55ns)   --->   "%add_ln216 = add nsw i32 %pX_load, 1" [firmware/nnet_utils/nnet_pooling_stream.h:216->firmware/nnet_utils/nnet_pooling_stream.h:238->firmware/nnet_utils/nnet_pooling_stream.h:251]   --->   Operation 133 'add' 'add_ln216' <Predicate = (!icmp_ln203)> <Delay = 2.55> <Core = "AddSub">   --->   Core 14 'AddSub' <Latency = 0> <II = 1> <Delay = 2.55> <FuncUnit> <Opcode : 'add' 'sub'> <InPorts = 2> <OutPorts = 1>
ST_4 : Operation 134 [1/1] (1.76ns)   --->   "store i32 %add_ln216, i32* @pX, align 4" [firmware/nnet_utils/nnet_pooling_stream.h:216->firmware/nnet_utils/nnet_pooling_stream.h:238->firmware/nnet_utils/nnet_pooling_stream.h:251]   --->   Operation 134 'store' <Predicate = (!icmp_ln203)> <Delay = 1.76>
ST_4 : Operation 135 [1/1] (2.55ns)   --->   "%add_ln218 = add i32 %sX_load, 1" [firmware/nnet_utils/nnet_pooling_stream.h:218->firmware/nnet_utils/nnet_pooling_stream.h:238->firmware/nnet_utils/nnet_pooling_stream.h:251]   --->   Operation 135 'add' 'add_ln218' <Predicate = (!icmp_ln203)> <Delay = 2.55> <Core = "AddSub">   --->   Core 14 'AddSub' <Latency = 0> <II = 1> <Delay = 2.55> <FuncUnit> <Opcode : 'add' 'sub'> <InPorts = 2> <OutPorts = 1>
ST_4 : Operation 136 [1/1] (0.69ns)   --->   "%select_ln218 = select i1 %icmp_ln185, i32 0, i32 %add_ln218" [firmware/nnet_utils/nnet_pooling_stream.h:218->firmware/nnet_utils/nnet_pooling_stream.h:238->firmware/nnet_utils/nnet_pooling_stream.h:251]   --->   Operation 136 'select' 'select_ln218' <Predicate = (!icmp_ln203)> <Delay = 0.69> <Core = "Sel">   --->   Core 26 'Sel' <Latency = 0> <II = 1> <Delay = 0.69> <FuncUnit> <Opcode : 'select'> <InPorts = 3> <OutPorts = 1>
ST_4 : Operation 137 [1/1] (1.76ns)   --->   "store i32 0, i32* @pX, align 4" [firmware/nnet_utils/nnet_pooling_stream.h:205->firmware/nnet_utils/nnet_pooling_stream.h:238->firmware/nnet_utils/nnet_pooling_stream.h:251]   --->   Operation 137 'store' <Predicate = (icmp_ln203)> <Delay = 1.76>
ST_4 : Operation 138 [1/1] (1.76ns)   --->   "store i32 0, i32* @sX, align 4" [firmware/nnet_utils/nnet_pooling_stream.h:206->firmware/nnet_utils/nnet_pooling_stream.h:238->firmware/nnet_utils/nnet_pooling_stream.h:251]   --->   Operation 138 'store' <Predicate = (icmp_ln203)> <Delay = 1.76>
ST_4 : Operation 139 [1/1] (2.47ns)   --->   "%icmp_ln207 = icmp eq i32 %pY_load, 31" [firmware/nnet_utils/nnet_pooling_stream.h:207->firmware/nnet_utils/nnet_pooling_stream.h:238->firmware/nnet_utils/nnet_pooling_stream.h:251]   --->   Operation 139 'icmp' 'icmp_ln207' <Predicate = (icmp_ln203)> <Delay = 2.47> <Core = "Cmp">   --->   Core 25 'Cmp' <Latency = 0> <II = 1> <Delay = 2.47> <FuncUnit> <Opcode : 'icmp'> <InPorts = 2> <OutPorts = 1>
ST_4 : Operation 140 [1/1] (0.00ns)   --->   "br i1 %icmp_ln207, label %2, label %3" [firmware/nnet_utils/nnet_pooling_stream.h:207->firmware/nnet_utils/nnet_pooling_stream.h:238->firmware/nnet_utils/nnet_pooling_stream.h:251]   --->   Operation 140 'br' <Predicate = (icmp_ln203)> <Delay = 0.00>
ST_4 : Operation 141 [1/1] (2.55ns)   --->   "%add_ln211 = add nsw i32 %pY_load, 1" [firmware/nnet_utils/nnet_pooling_stream.h:211->firmware/nnet_utils/nnet_pooling_stream.h:238->firmware/nnet_utils/nnet_pooling_stream.h:251]   --->   Operation 141 'add' 'add_ln211' <Predicate = (!icmp_ln233 & icmp_ln203 & !icmp_ln207)> <Delay = 2.55> <Core = "AddSub">   --->   Core 14 'AddSub' <Latency = 0> <II = 1> <Delay = 2.55> <FuncUnit> <Opcode : 'add' 'sub'> <InPorts = 2> <OutPorts = 1>
ST_4 : Operation 142 [1/1] (1.76ns)   --->   "store i32 %add_ln211, i32* @pY, align 4" [firmware/nnet_utils/nnet_pooling_stream.h:211->firmware/nnet_utils/nnet_pooling_stream.h:238->firmware/nnet_utils/nnet_pooling_stream.h:251]   --->   Operation 142 'store' <Predicate = (!icmp_ln233 & icmp_ln203 & !icmp_ln207)> <Delay = 1.76>
ST_4 : Operation 143 [1/1] (2.55ns)   --->   "%add_ln213 = add i32 %sY_load, 1" [firmware/nnet_utils/nnet_pooling_stream.h:213->firmware/nnet_utils/nnet_pooling_stream.h:238->firmware/nnet_utils/nnet_pooling_stream.h:251]   --->   Operation 143 'add' 'add_ln213' <Predicate = (!icmp_ln233 & icmp_ln203 & !icmp_ln207)> <Delay = 2.55> <Core = "AddSub">   --->   Core 14 'AddSub' <Latency = 0> <II = 1> <Delay = 2.55> <FuncUnit> <Opcode : 'add' 'sub'> <InPorts = 2> <OutPorts = 1>
ST_4 : Operation 144 [1/1] (0.69ns)   --->   "%select_ln213 = select i1 %icmp_ln185_1, i32 0, i32 %add_ln213" [firmware/nnet_utils/nnet_pooling_stream.h:213->firmware/nnet_utils/nnet_pooling_stream.h:238->firmware/nnet_utils/nnet_pooling_stream.h:251]   --->   Operation 144 'select' 'select_ln213' <Predicate = (!icmp_ln233 & icmp_ln203 & !icmp_ln207)> <Delay = 0.69> <Core = "Sel">   --->   Core 26 'Sel' <Latency = 0> <II = 1> <Delay = 0.69> <FuncUnit> <Opcode : 'select'> <InPorts = 3> <OutPorts = 1>
ST_4 : Operation 145 [1/1] (1.76ns)   --->   "store i32 0, i32* @pY, align 4" [firmware/nnet_utils/nnet_pooling_stream.h:208->firmware/nnet_utils/nnet_pooling_stream.h:238->firmware/nnet_utils/nnet_pooling_stream.h:251]   --->   Operation 145 'store' <Predicate = (!icmp_ln233 & icmp_ln203 & icmp_ln207)> <Delay = 1.76>
ST_4 : Operation 146 [1/1] (1.76ns)   --->   "br label %4" [firmware/nnet_utils/nnet_pooling_stream.h:210->firmware/nnet_utils/nnet_pooling_stream.h:238->firmware/nnet_utils/nnet_pooling_stream.h:251]   --->   Operation 146 'br' <Predicate = (!icmp_ln233 & icmp_ln203 & icmp_ln207)> <Delay = 1.76>

State 5 <SV = 4> <Delay = 3.86>
ST_5 : Operation 147 [1/1] (0.69ns)   --->   "%select_ln86 = select i1 %icmp_ln1496, i32 %pool_window_1_V_1, i32 %pool_window_0_V_1" [firmware/nnet_utils/nnet_common.h:86->firmware/nnet_utils/nnet_common.h:53->firmware/nnet_utils/nnet_common.h:55->firmware/nnet_utils/nnet_pooling_stream.h:22->firmware/nnet_utils/nnet_pooling_stream.h:195->firmware/nnet_utils/nnet_pooling_stream.h:238->firmware/nnet_utils/nnet_pooling_stream.h:251]   --->   Operation 147 'select' 'select_ln86' <Predicate = (and_ln185_2)> <Delay = 0.69> <Core = "Sel">   --->   Core 26 'Sel' <Latency = 0> <II = 1> <Delay = 0.69> <FuncUnit> <Opcode : 'select'> <InPorts = 3> <OutPorts = 1>
ST_5 : Operation 148 [1/1] (0.69ns)   --->   "%select_ln86_1 = select i1 %icmp_ln1496_1, i32 %pool_window_3_V_1, i32 %pool_window_2_V_1" [firmware/nnet_utils/nnet_common.h:86->firmware/nnet_utils/nnet_common.h:53->firmware/nnet_utils/nnet_common.h:55->firmware/nnet_utils/nnet_pooling_stream.h:22->firmware/nnet_utils/nnet_pooling_stream.h:195->firmware/nnet_utils/nnet_pooling_stream.h:238->firmware/nnet_utils/nnet_pooling_stream.h:251]   --->   Operation 148 'select' 'select_ln86_1' <Predicate = (and_ln185_2)> <Delay = 0.69> <Core = "Sel">   --->   Core 26 'Sel' <Latency = 0> <II = 1> <Delay = 0.69> <FuncUnit> <Opcode : 'select'> <InPorts = 3> <OutPorts = 1>
ST_5 : Operation 149 [1/1] (2.47ns)   --->   "%icmp_ln1496_2 = icmp slt i32 %select_ln86, %select_ln86_1" [firmware/nnet_utils/nnet_common.h:86->firmware/nnet_utils/nnet_common.h:55->firmware/nnet_utils/nnet_pooling_stream.h:22->firmware/nnet_utils/nnet_pooling_stream.h:195->firmware/nnet_utils/nnet_pooling_stream.h:238->firmware/nnet_utils/nnet_pooling_stream.h:251]   --->   Operation 149 'icmp' 'icmp_ln1496_2' <Predicate = (and_ln185_2)> <Delay = 2.47> <Core = "Cmp">   --->   Core 25 'Cmp' <Latency = 0> <II = 1> <Delay = 2.47> <FuncUnit> <Opcode : 'icmp'> <InPorts = 2> <OutPorts = 1>
ST_5 : Operation 150 [1/1] (0.69ns)   --->   "%tmp_data_0_V_32 = select i1 %icmp_ln1496_2, i32 %select_ln86_1, i32 %select_ln86" [firmware/nnet_utils/nnet_common.h:86->firmware/nnet_utils/nnet_common.h:55->firmware/nnet_utils/nnet_pooling_stream.h:22->firmware/nnet_utils/nnet_pooling_stream.h:195->firmware/nnet_utils/nnet_pooling_stream.h:238->firmware/nnet_utils/nnet_pooling_stream.h:251]   --->   Operation 150 'select' 'tmp_data_0_V_32' <Predicate = (and_ln185_2)> <Delay = 0.69> <Core = "Sel">   --->   Core 26 'Sel' <Latency = 0> <II = 1> <Delay = 0.69> <FuncUnit> <Opcode : 'select'> <InPorts = 3> <OutPorts = 1>
ST_5 : Operation 151 [1/1] (0.69ns)   --->   "%select_ln86_3 = select i1 %icmp_ln1496_3, i32 %pool_window_1_V, i32 %pool_window_0_V" [firmware/nnet_utils/nnet_common.h:86->firmware/nnet_utils/nnet_common.h:53->firmware/nnet_utils/nnet_common.h:55->firmware/nnet_utils/nnet_pooling_stream.h:22->firmware/nnet_utils/nnet_pooling_stream.h:195->firmware/nnet_utils/nnet_pooling_stream.h:238->firmware/nnet_utils/nnet_pooling_stream.h:251]   --->   Operation 151 'select' 'select_ln86_3' <Predicate = (and_ln185_2)> <Delay = 0.69> <Core = "Sel">   --->   Core 26 'Sel' <Latency = 0> <II = 1> <Delay = 0.69> <FuncUnit> <Opcode : 'select'> <InPorts = 3> <OutPorts = 1>
ST_5 : Operation 152 [1/1] (0.69ns)   --->   "%select_ln86_4 = select i1 %icmp_ln1496_4, i32 %pool_window_3_V, i32 %pool_window_2_V" [firmware/nnet_utils/nnet_common.h:86->firmware/nnet_utils/nnet_common.h:53->firmware/nnet_utils/nnet_common.h:55->firmware/nnet_utils/nnet_pooling_stream.h:22->firmware/nnet_utils/nnet_pooling_stream.h:195->firmware/nnet_utils/nnet_pooling_stream.h:238->firmware/nnet_utils/nnet_pooling_stream.h:251]   --->   Operation 152 'select' 'select_ln86_4' <Predicate = (and_ln185_2)> <Delay = 0.69> <Core = "Sel">   --->   Core 26 'Sel' <Latency = 0> <II = 1> <Delay = 0.69> <FuncUnit> <Opcode : 'select'> <InPorts = 3> <OutPorts = 1>
ST_5 : Operation 153 [1/1] (2.47ns)   --->   "%icmp_ln1496_5 = icmp slt i32 %select_ln86_3, %select_ln86_4" [firmware/nnet_utils/nnet_common.h:86->firmware/nnet_utils/nnet_common.h:55->firmware/nnet_utils/nnet_pooling_stream.h:22->firmware/nnet_utils/nnet_pooling_stream.h:195->firmware/nnet_utils/nnet_pooling_stream.h:238->firmware/nnet_utils/nnet_pooling_stream.h:251]   --->   Operation 153 'icmp' 'icmp_ln1496_5' <Predicate = (and_ln185_2)> <Delay = 2.47> <Core = "Cmp">   --->   Core 25 'Cmp' <Latency = 0> <II = 1> <Delay = 2.47> <FuncUnit> <Opcode : 'icmp'> <InPorts = 2> <OutPorts = 1>
ST_5 : Operation 154 [1/1] (0.69ns)   --->   "%tmp_data_1_V_30 = select i1 %icmp_ln1496_5, i32 %select_ln86_4, i32 %select_ln86_3" [firmware/nnet_utils/nnet_common.h:86->firmware/nnet_utils/nnet_common.h:55->firmware/nnet_utils/nnet_pooling_stream.h:22->firmware/nnet_utils/nnet_pooling_stream.h:195->firmware/nnet_utils/nnet_pooling_stream.h:238->firmware/nnet_utils/nnet_pooling_stream.h:251]   --->   Operation 154 'select' 'tmp_data_1_V_30' <Predicate = (and_ln185_2)> <Delay = 0.69> <Core = "Sel">   --->   Core 26 'Sel' <Latency = 0> <II = 1> <Delay = 0.69> <FuncUnit> <Opcode : 'select'> <InPorts = 3> <OutPorts = 1>
ST_5 : Operation 155 [1/1] (0.69ns)   --->   "%select_ln86_6 = select i1 %icmp_ln1496_6, i32 %pool_window_1_V_2, i32 %pool_window_0_V_2" [firmware/nnet_utils/nnet_common.h:86->firmware/nnet_utils/nnet_common.h:53->firmware/nnet_utils/nnet_common.h:55->firmware/nnet_utils/nnet_pooling_stream.h:22->firmware/nnet_utils/nnet_pooling_stream.h:195->firmware/nnet_utils/nnet_pooling_stream.h:238->firmware/nnet_utils/nnet_pooling_stream.h:251]   --->   Operation 155 'select' 'select_ln86_6' <Predicate = (and_ln185_2)> <Delay = 0.69> <Core = "Sel">   --->   Core 26 'Sel' <Latency = 0> <II = 1> <Delay = 0.69> <FuncUnit> <Opcode : 'select'> <InPorts = 3> <OutPorts = 1>
ST_5 : Operation 156 [1/1] (0.69ns)   --->   "%select_ln86_7 = select i1 %icmp_ln1496_7, i32 %pool_window_3_V_2, i32 %pool_window_2_V_2" [firmware/nnet_utils/nnet_common.h:86->firmware/nnet_utils/nnet_common.h:53->firmware/nnet_utils/nnet_common.h:55->firmware/nnet_utils/nnet_pooling_stream.h:22->firmware/nnet_utils/nnet_pooling_stream.h:195->firmware/nnet_utils/nnet_pooling_stream.h:238->firmware/nnet_utils/nnet_pooling_stream.h:251]   --->   Operation 156 'select' 'select_ln86_7' <Predicate = (and_ln185_2)> <Delay = 0.69> <Core = "Sel">   --->   Core 26 'Sel' <Latency = 0> <II = 1> <Delay = 0.69> <FuncUnit> <Opcode : 'select'> <InPorts = 3> <OutPorts = 1>
ST_5 : Operation 157 [1/1] (2.47ns)   --->   "%icmp_ln1496_8 = icmp slt i32 %select_ln86_6, %select_ln86_7" [firmware/nnet_utils/nnet_common.h:86->firmware/nnet_utils/nnet_common.h:55->firmware/nnet_utils/nnet_pooling_stream.h:22->firmware/nnet_utils/nnet_pooling_stream.h:195->firmware/nnet_utils/nnet_pooling_stream.h:238->firmware/nnet_utils/nnet_pooling_stream.h:251]   --->   Operation 157 'icmp' 'icmp_ln1496_8' <Predicate = (and_ln185_2)> <Delay = 2.47> <Core = "Cmp">   --->   Core 25 'Cmp' <Latency = 0> <II = 1> <Delay = 2.47> <FuncUnit> <Opcode : 'icmp'> <InPorts = 2> <OutPorts = 1>
ST_5 : Operation 158 [1/1] (0.69ns)   --->   "%tmp_data_2_V_30 = select i1 %icmp_ln1496_8, i32 %select_ln86_7, i32 %select_ln86_6" [firmware/nnet_utils/nnet_common.h:86->firmware/nnet_utils/nnet_common.h:55->firmware/nnet_utils/nnet_pooling_stream.h:22->firmware/nnet_utils/nnet_pooling_stream.h:195->firmware/nnet_utils/nnet_pooling_stream.h:238->firmware/nnet_utils/nnet_pooling_stream.h:251]   --->   Operation 158 'select' 'tmp_data_2_V_30' <Predicate = (and_ln185_2)> <Delay = 0.69> <Core = "Sel">   --->   Core 26 'Sel' <Latency = 0> <II = 1> <Delay = 0.69> <FuncUnit> <Opcode : 'select'> <InPorts = 3> <OutPorts = 1>
ST_5 : Operation 159 [1/1] (0.69ns)   --->   "%select_ln86_9 = select i1 %icmp_ln1496_9, i32 %pool_window_1_V_3, i32 %pool_window_0_V_3" [firmware/nnet_utils/nnet_common.h:86->firmware/nnet_utils/nnet_common.h:53->firmware/nnet_utils/nnet_common.h:55->firmware/nnet_utils/nnet_pooling_stream.h:22->firmware/nnet_utils/nnet_pooling_stream.h:195->firmware/nnet_utils/nnet_pooling_stream.h:238->firmware/nnet_utils/nnet_pooling_stream.h:251]   --->   Operation 159 'select' 'select_ln86_9' <Predicate = (and_ln185_2)> <Delay = 0.69> <Core = "Sel">   --->   Core 26 'Sel' <Latency = 0> <II = 1> <Delay = 0.69> <FuncUnit> <Opcode : 'select'> <InPorts = 3> <OutPorts = 1>
ST_5 : Operation 160 [1/1] (0.69ns)   --->   "%select_ln86_10 = select i1 %icmp_ln1496_10, i32 %pool_window_3_V_3, i32 %pool_window_2_V_3" [firmware/nnet_utils/nnet_common.h:86->firmware/nnet_utils/nnet_common.h:53->firmware/nnet_utils/nnet_common.h:55->firmware/nnet_utils/nnet_pooling_stream.h:22->firmware/nnet_utils/nnet_pooling_stream.h:195->firmware/nnet_utils/nnet_pooling_stream.h:238->firmware/nnet_utils/nnet_pooling_stream.h:251]   --->   Operation 160 'select' 'select_ln86_10' <Predicate = (and_ln185_2)> <Delay = 0.69> <Core = "Sel">   --->   Core 26 'Sel' <Latency = 0> <II = 1> <Delay = 0.69> <FuncUnit> <Opcode : 'select'> <InPorts = 3> <OutPorts = 1>
ST_5 : Operation 161 [1/1] (2.47ns)   --->   "%icmp_ln1496_11 = icmp slt i32 %select_ln86_9, %select_ln86_10" [firmware/nnet_utils/nnet_common.h:86->firmware/nnet_utils/nnet_common.h:55->firmware/nnet_utils/nnet_pooling_stream.h:22->firmware/nnet_utils/nnet_pooling_stream.h:195->firmware/nnet_utils/nnet_pooling_stream.h:238->firmware/nnet_utils/nnet_pooling_stream.h:251]   --->   Operation 161 'icmp' 'icmp_ln1496_11' <Predicate = (and_ln185_2)> <Delay = 2.47> <Core = "Cmp">   --->   Core 25 'Cmp' <Latency = 0> <II = 1> <Delay = 2.47> <FuncUnit> <Opcode : 'icmp'> <InPorts = 2> <OutPorts = 1>
ST_5 : Operation 162 [1/1] (0.69ns)   --->   "%tmp_data_3_V_30 = select i1 %icmp_ln1496_11, i32 %select_ln86_10, i32 %select_ln86_9" [firmware/nnet_utils/nnet_common.h:86->firmware/nnet_utils/nnet_common.h:55->firmware/nnet_utils/nnet_pooling_stream.h:22->firmware/nnet_utils/nnet_pooling_stream.h:195->firmware/nnet_utils/nnet_pooling_stream.h:238->firmware/nnet_utils/nnet_pooling_stream.h:251]   --->   Operation 162 'select' 'tmp_data_3_V_30' <Predicate = (and_ln185_2)> <Delay = 0.69> <Core = "Sel">   --->   Core 26 'Sel' <Latency = 0> <II = 1> <Delay = 0.69> <FuncUnit> <Opcode : 'select'> <InPorts = 3> <OutPorts = 1>
ST_5 : Operation 163 [1/1] (0.69ns)   --->   "%select_ln86_12 = select i1 %icmp_ln1496_12, i32 %pool_window_1_V_4, i32 %pool_window_0_V_4" [firmware/nnet_utils/nnet_common.h:86->firmware/nnet_utils/nnet_common.h:53->firmware/nnet_utils/nnet_common.h:55->firmware/nnet_utils/nnet_pooling_stream.h:22->firmware/nnet_utils/nnet_pooling_stream.h:195->firmware/nnet_utils/nnet_pooling_stream.h:238->firmware/nnet_utils/nnet_pooling_stream.h:251]   --->   Operation 163 'select' 'select_ln86_12' <Predicate = (and_ln185_2)> <Delay = 0.69> <Core = "Sel">   --->   Core 26 'Sel' <Latency = 0> <II = 1> <Delay = 0.69> <FuncUnit> <Opcode : 'select'> <InPorts = 3> <OutPorts = 1>
ST_5 : Operation 164 [1/1] (0.69ns)   --->   "%select_ln86_13 = select i1 %icmp_ln1496_13, i32 %pool_window_3_V_4, i32 %pool_window_2_V_4" [firmware/nnet_utils/nnet_common.h:86->firmware/nnet_utils/nnet_common.h:53->firmware/nnet_utils/nnet_common.h:55->firmware/nnet_utils/nnet_pooling_stream.h:22->firmware/nnet_utils/nnet_pooling_stream.h:195->firmware/nnet_utils/nnet_pooling_stream.h:238->firmware/nnet_utils/nnet_pooling_stream.h:251]   --->   Operation 164 'select' 'select_ln86_13' <Predicate = (and_ln185_2)> <Delay = 0.69> <Core = "Sel">   --->   Core 26 'Sel' <Latency = 0> <II = 1> <Delay = 0.69> <FuncUnit> <Opcode : 'select'> <InPorts = 3> <OutPorts = 1>
ST_5 : Operation 165 [1/1] (2.47ns)   --->   "%icmp_ln1496_14 = icmp slt i32 %select_ln86_12, %select_ln86_13" [firmware/nnet_utils/nnet_common.h:86->firmware/nnet_utils/nnet_common.h:55->firmware/nnet_utils/nnet_pooling_stream.h:22->firmware/nnet_utils/nnet_pooling_stream.h:195->firmware/nnet_utils/nnet_pooling_stream.h:238->firmware/nnet_utils/nnet_pooling_stream.h:251]   --->   Operation 165 'icmp' 'icmp_ln1496_14' <Predicate = (and_ln185_2)> <Delay = 2.47> <Core = "Cmp">   --->   Core 25 'Cmp' <Latency = 0> <II = 1> <Delay = 2.47> <FuncUnit> <Opcode : 'icmp'> <InPorts = 2> <OutPorts = 1>
ST_5 : Operation 166 [1/1] (0.69ns)   --->   "%tmp_data_4_V_16 = select i1 %icmp_ln1496_14, i32 %select_ln86_13, i32 %select_ln86_12" [firmware/nnet_utils/nnet_common.h:86->firmware/nnet_utils/nnet_common.h:55->firmware/nnet_utils/nnet_pooling_stream.h:22->firmware/nnet_utils/nnet_pooling_stream.h:195->firmware/nnet_utils/nnet_pooling_stream.h:238->firmware/nnet_utils/nnet_pooling_stream.h:251]   --->   Operation 166 'select' 'tmp_data_4_V_16' <Predicate = (and_ln185_2)> <Delay = 0.69> <Core = "Sel">   --->   Core 26 'Sel' <Latency = 0> <II = 1> <Delay = 0.69> <FuncUnit> <Opcode : 'select'> <InPorts = 3> <OutPorts = 1>
ST_5 : Operation 167 [1/1] (0.69ns)   --->   "%select_ln86_15 = select i1 %icmp_ln1496_15, i32 %pool_window_1_V_5, i32 %pool_window_0_V_5" [firmware/nnet_utils/nnet_common.h:86->firmware/nnet_utils/nnet_common.h:53->firmware/nnet_utils/nnet_common.h:55->firmware/nnet_utils/nnet_pooling_stream.h:22->firmware/nnet_utils/nnet_pooling_stream.h:195->firmware/nnet_utils/nnet_pooling_stream.h:238->firmware/nnet_utils/nnet_pooling_stream.h:251]   --->   Operation 167 'select' 'select_ln86_15' <Predicate = (and_ln185_2)> <Delay = 0.69> <Core = "Sel">   --->   Core 26 'Sel' <Latency = 0> <II = 1> <Delay = 0.69> <FuncUnit> <Opcode : 'select'> <InPorts = 3> <OutPorts = 1>
ST_5 : Operation 168 [1/1] (0.69ns)   --->   "%select_ln86_16 = select i1 %icmp_ln1496_16, i32 %pool_window_3_V_5, i32 %pool_window_2_V_5" [firmware/nnet_utils/nnet_common.h:86->firmware/nnet_utils/nnet_common.h:53->firmware/nnet_utils/nnet_common.h:55->firmware/nnet_utils/nnet_pooling_stream.h:22->firmware/nnet_utils/nnet_pooling_stream.h:195->firmware/nnet_utils/nnet_pooling_stream.h:238->firmware/nnet_utils/nnet_pooling_stream.h:251]   --->   Operation 168 'select' 'select_ln86_16' <Predicate = (and_ln185_2)> <Delay = 0.69> <Core = "Sel">   --->   Core 26 'Sel' <Latency = 0> <II = 1> <Delay = 0.69> <FuncUnit> <Opcode : 'select'> <InPorts = 3> <OutPorts = 1>
ST_5 : Operation 169 [1/1] (2.47ns)   --->   "%icmp_ln1496_17 = icmp slt i32 %select_ln86_15, %select_ln86_16" [firmware/nnet_utils/nnet_common.h:86->firmware/nnet_utils/nnet_common.h:55->firmware/nnet_utils/nnet_pooling_stream.h:22->firmware/nnet_utils/nnet_pooling_stream.h:195->firmware/nnet_utils/nnet_pooling_stream.h:238->firmware/nnet_utils/nnet_pooling_stream.h:251]   --->   Operation 169 'icmp' 'icmp_ln1496_17' <Predicate = (and_ln185_2)> <Delay = 2.47> <Core = "Cmp">   --->   Core 25 'Cmp' <Latency = 0> <II = 1> <Delay = 2.47> <FuncUnit> <Opcode : 'icmp'> <InPorts = 2> <OutPorts = 1>
ST_5 : Operation 170 [1/1] (0.69ns)   --->   "%tmp_data_5_V_16 = select i1 %icmp_ln1496_17, i32 %select_ln86_16, i32 %select_ln86_15" [firmware/nnet_utils/nnet_common.h:86->firmware/nnet_utils/nnet_common.h:55->firmware/nnet_utils/nnet_pooling_stream.h:22->firmware/nnet_utils/nnet_pooling_stream.h:195->firmware/nnet_utils/nnet_pooling_stream.h:238->firmware/nnet_utils/nnet_pooling_stream.h:251]   --->   Operation 170 'select' 'tmp_data_5_V_16' <Predicate = (and_ln185_2)> <Delay = 0.69> <Core = "Sel">   --->   Core 26 'Sel' <Latency = 0> <II = 1> <Delay = 0.69> <FuncUnit> <Opcode : 'select'> <InPorts = 3> <OutPorts = 1>
ST_5 : Operation 171 [1/1] (0.69ns)   --->   "%select_ln86_18 = select i1 %icmp_ln1496_18, i32 %pool_window_1_V_6, i32 %pool_window_0_V_6" [firmware/nnet_utils/nnet_common.h:86->firmware/nnet_utils/nnet_common.h:53->firmware/nnet_utils/nnet_common.h:55->firmware/nnet_utils/nnet_pooling_stream.h:22->firmware/nnet_utils/nnet_pooling_stream.h:195->firmware/nnet_utils/nnet_pooling_stream.h:238->firmware/nnet_utils/nnet_pooling_stream.h:251]   --->   Operation 171 'select' 'select_ln86_18' <Predicate = (and_ln185_2)> <Delay = 0.69> <Core = "Sel">   --->   Core 26 'Sel' <Latency = 0> <II = 1> <Delay = 0.69> <FuncUnit> <Opcode : 'select'> <InPorts = 3> <OutPorts = 1>
ST_5 : Operation 172 [1/1] (0.69ns)   --->   "%select_ln86_19 = select i1 %icmp_ln1496_19, i32 %pool_window_3_V_6, i32 %pool_window_2_V_6" [firmware/nnet_utils/nnet_common.h:86->firmware/nnet_utils/nnet_common.h:53->firmware/nnet_utils/nnet_common.h:55->firmware/nnet_utils/nnet_pooling_stream.h:22->firmware/nnet_utils/nnet_pooling_stream.h:195->firmware/nnet_utils/nnet_pooling_stream.h:238->firmware/nnet_utils/nnet_pooling_stream.h:251]   --->   Operation 172 'select' 'select_ln86_19' <Predicate = (and_ln185_2)> <Delay = 0.69> <Core = "Sel">   --->   Core 26 'Sel' <Latency = 0> <II = 1> <Delay = 0.69> <FuncUnit> <Opcode : 'select'> <InPorts = 3> <OutPorts = 1>
ST_5 : Operation 173 [1/1] (2.47ns)   --->   "%icmp_ln1496_20 = icmp slt i32 %select_ln86_18, %select_ln86_19" [firmware/nnet_utils/nnet_common.h:86->firmware/nnet_utils/nnet_common.h:55->firmware/nnet_utils/nnet_pooling_stream.h:22->firmware/nnet_utils/nnet_pooling_stream.h:195->firmware/nnet_utils/nnet_pooling_stream.h:238->firmware/nnet_utils/nnet_pooling_stream.h:251]   --->   Operation 173 'icmp' 'icmp_ln1496_20' <Predicate = (and_ln185_2)> <Delay = 2.47> <Core = "Cmp">   --->   Core 25 'Cmp' <Latency = 0> <II = 1> <Delay = 2.47> <FuncUnit> <Opcode : 'icmp'> <InPorts = 2> <OutPorts = 1>
ST_5 : Operation 174 [1/1] (0.69ns)   --->   "%tmp_data_6_V_16 = select i1 %icmp_ln1496_20, i32 %select_ln86_19, i32 %select_ln86_18" [firmware/nnet_utils/nnet_common.h:86->firmware/nnet_utils/nnet_common.h:55->firmware/nnet_utils/nnet_pooling_stream.h:22->firmware/nnet_utils/nnet_pooling_stream.h:195->firmware/nnet_utils/nnet_pooling_stream.h:238->firmware/nnet_utils/nnet_pooling_stream.h:251]   --->   Operation 174 'select' 'tmp_data_6_V_16' <Predicate = (and_ln185_2)> <Delay = 0.69> <Core = "Sel">   --->   Core 26 'Sel' <Latency = 0> <II = 1> <Delay = 0.69> <FuncUnit> <Opcode : 'select'> <InPorts = 3> <OutPorts = 1>
ST_5 : Operation 175 [1/1] (0.69ns)   --->   "%select_ln86_21 = select i1 %icmp_ln1496_21, i32 %pool_window_1_V_7, i32 %pool_window_0_V_7" [firmware/nnet_utils/nnet_common.h:86->firmware/nnet_utils/nnet_common.h:53->firmware/nnet_utils/nnet_common.h:55->firmware/nnet_utils/nnet_pooling_stream.h:22->firmware/nnet_utils/nnet_pooling_stream.h:195->firmware/nnet_utils/nnet_pooling_stream.h:238->firmware/nnet_utils/nnet_pooling_stream.h:251]   --->   Operation 175 'select' 'select_ln86_21' <Predicate = (and_ln185_2)> <Delay = 0.69> <Core = "Sel">   --->   Core 26 'Sel' <Latency = 0> <II = 1> <Delay = 0.69> <FuncUnit> <Opcode : 'select'> <InPorts = 3> <OutPorts = 1>
ST_5 : Operation 176 [1/1] (0.69ns)   --->   "%select_ln86_22 = select i1 %icmp_ln1496_22, i32 %pool_window_3_V_7, i32 %pool_window_2_V_7" [firmware/nnet_utils/nnet_common.h:86->firmware/nnet_utils/nnet_common.h:53->firmware/nnet_utils/nnet_common.h:55->firmware/nnet_utils/nnet_pooling_stream.h:22->firmware/nnet_utils/nnet_pooling_stream.h:195->firmware/nnet_utils/nnet_pooling_stream.h:238->firmware/nnet_utils/nnet_pooling_stream.h:251]   --->   Operation 176 'select' 'select_ln86_22' <Predicate = (and_ln185_2)> <Delay = 0.69> <Core = "Sel">   --->   Core 26 'Sel' <Latency = 0> <II = 1> <Delay = 0.69> <FuncUnit> <Opcode : 'select'> <InPorts = 3> <OutPorts = 1>
ST_5 : Operation 177 [1/1] (2.47ns)   --->   "%icmp_ln1496_23 = icmp slt i32 %select_ln86_21, %select_ln86_22" [firmware/nnet_utils/nnet_common.h:86->firmware/nnet_utils/nnet_common.h:55->firmware/nnet_utils/nnet_pooling_stream.h:22->firmware/nnet_utils/nnet_pooling_stream.h:195->firmware/nnet_utils/nnet_pooling_stream.h:238->firmware/nnet_utils/nnet_pooling_stream.h:251]   --->   Operation 177 'icmp' 'icmp_ln1496_23' <Predicate = (and_ln185_2)> <Delay = 2.47> <Core = "Cmp">   --->   Core 25 'Cmp' <Latency = 0> <II = 1> <Delay = 2.47> <FuncUnit> <Opcode : 'icmp'> <InPorts = 2> <OutPorts = 1>
ST_5 : Operation 178 [1/1] (0.69ns)   --->   "%tmp_data_7_V_16 = select i1 %icmp_ln1496_23, i32 %select_ln86_22, i32 %select_ln86_21" [firmware/nnet_utils/nnet_common.h:86->firmware/nnet_utils/nnet_common.h:55->firmware/nnet_utils/nnet_pooling_stream.h:22->firmware/nnet_utils/nnet_pooling_stream.h:195->firmware/nnet_utils/nnet_pooling_stream.h:238->firmware/nnet_utils/nnet_pooling_stream.h:251]   --->   Operation 178 'select' 'tmp_data_7_V_16' <Predicate = (and_ln185_2)> <Delay = 0.69> <Core = "Sel">   --->   Core 26 'Sel' <Latency = 0> <II = 1> <Delay = 0.69> <FuncUnit> <Opcode : 'select'> <InPorts = 3> <OutPorts = 1>
ST_5 : Operation 179 [1/1] (1.76ns)   --->   "store i32 %select_ln218, i32* @sX, align 4" [firmware/nnet_utils/nnet_pooling_stream.h:218->firmware/nnet_utils/nnet_pooling_stream.h:238->firmware/nnet_utils/nnet_pooling_stream.h:251]   --->   Operation 179 'store' <Predicate = (!icmp_ln203)> <Delay = 1.76>
ST_5 : Operation 180 [1/1] (0.00ns)   --->   "br label %ReadInputWidth_end"   --->   Operation 180 'br' <Predicate = (!icmp_ln203)> <Delay = 0.00>
ST_5 : Operation 181 [1/1] (1.76ns)   --->   "br label %4"   --->   Operation 181 'br' <Predicate = (!icmp_ln233 & icmp_ln203 & !icmp_ln207)> <Delay = 1.76>

State 6 <SV = 5> <Delay = 2.18>
ST_6 : Operation 182 [1/1] (0.00ns)   --->   "call void (...)* @_ssdm_op_SpecLoopName([31 x i8]* @ReadInputHeight_ReadInputWidth_str)"   --->   Operation 182 'specloopname' <Predicate = (!icmp_ln233)> <Delay = 0.00>
ST_6 : Operation 183 [1/1] (0.00ns)   --->   "%empty_117 = call i32 (...)* @_ssdm_op_SpecLoopTripCount(i64 1024, i64 1024, i64 1024)"   --->   Operation 183 'speclooptripcount' 'empty_117' <Predicate = (!icmp_ln233)> <Delay = 0.00>
ST_6 : Operation 184 [1/1] (0.00ns)   --->   "call void (...)* @_ssdm_op_SpecLoopName([15 x i8]* @p_str54) nounwind" [firmware/nnet_utils/nnet_pooling_stream.h:234->firmware/nnet_utils/nnet_pooling_stream.h:251]   --->   Operation 184 'specloopname' <Predicate = (!icmp_ln233)> <Delay = 0.00>
ST_6 : Operation 185 [1/1] (0.00ns)   --->   "%tmp_s = call i32 (...)* @_ssdm_op_SpecRegionBegin([15 x i8]* @p_str54)" [firmware/nnet_utils/nnet_pooling_stream.h:234->firmware/nnet_utils/nnet_pooling_stream.h:251]   --->   Operation 185 'specregionbegin' 'tmp_s' <Predicate = (!icmp_ln233)> <Delay = 0.00>
ST_6 : Operation 186 [1/1] (0.00ns)   --->   "call void (...)* @_ssdm_op_SpecPipeline(i32 -1, i32 1, i32 1, i32 0, [1 x i8]* @p_str23) nounwind" [firmware/nnet_utils/nnet_pooling_stream.h:236->firmware/nnet_utils/nnet_pooling_stream.h:251]   --->   Operation 186 'specpipeline' <Predicate = (!icmp_ln233)> <Delay = 0.00>
ST_6 : Operation 187 [1/1] (2.18ns)   --->   "call void @_ssdm_op_Write.ap_fifo.volatile.i32P.i32P.i32P.i32P.i32P.i32P.i32P.i32P(i32* %res_V_data_0_V, i32* %res_V_data_1_V, i32* %res_V_data_2_V, i32* %res_V_data_3_V, i32* %res_V_data_4_V, i32* %res_V_data_5_V, i32* %res_V_data_6_V, i32* %res_V_data_7_V, i32 %tmp_data_0_V_32, i32 %tmp_data_1_V_30, i32 %tmp_data_2_V_30, i32 %tmp_data_3_V_30, i32 %tmp_data_4_V_16, i32 %tmp_data_5_V_16, i32 %tmp_data_6_V_16, i32 %tmp_data_7_V_16)" [firmware/nnet_utils/nnet_pooling_stream.h:199->firmware/nnet_utils/nnet_pooling_stream.h:238->firmware/nnet_utils/nnet_pooling_stream.h:251]   --->   Operation 187 'write' <Predicate = (and_ln185_2)> <Delay = 2.18> <Core = "FIFO">   --->   Core 32 'FIFO' <Latency = 0> <II = 1> <Delay = 3.63> <Storage> <Opcode : 'read' 'write' 'nbread' 'nbwrite'> <Ports = 0> <Width = 32> <Depth = 3> <FIFO>
ST_6 : Operation 188 [1/1] (0.00ns)   --->   "br label %._crit_edge25.i.i" [firmware/nnet_utils/nnet_pooling_stream.h:200->firmware/nnet_utils/nnet_pooling_stream.h:238->firmware/nnet_utils/nnet_pooling_stream.h:251]   --->   Operation 188 'br' <Predicate = (and_ln185_2)> <Delay = 0.00>
ST_6 : Operation 189 [1/1] (0.00ns)   --->   "%storemerge_i_i = phi i32 [ %select_ln213, %3 ], [ 0, %2 ]" [firmware/nnet_utils/nnet_pooling_stream.h:213->firmware/nnet_utils/nnet_pooling_stream.h:238->firmware/nnet_utils/nnet_pooling_stream.h:251]   --->   Operation 189 'phi' 'storemerge_i_i' <Predicate = (icmp_ln203)> <Delay = 0.00>
ST_6 : Operation 190 [1/1] (0.00ns)   --->   "store i32 %storemerge_i_i, i32* @sY, align 4" [firmware/nnet_utils/nnet_pooling_stream.h:209->firmware/nnet_utils/nnet_pooling_stream.h:238->firmware/nnet_utils/nnet_pooling_stream.h:251]   --->   Operation 190 'store' <Predicate = (icmp_ln203)> <Delay = 0.00>
ST_6 : Operation 191 [1/1] (0.00ns)   --->   "br label %ReadInputWidth_end" [firmware/nnet_utils/nnet_pooling_stream.h:215->firmware/nnet_utils/nnet_pooling_stream.h:238->firmware/nnet_utils/nnet_pooling_stream.h:251]   --->   Operation 191 'br' <Predicate = (icmp_ln203)> <Delay = 0.00>
ST_6 : Operation 192 [1/1] (0.00ns)   --->   "%empty = call i32 (...)* @_ssdm_op_SpecRegionEnd([15 x i8]* @p_str54, i32 %tmp_s)" [firmware/nnet_utils/nnet_pooling_stream.h:239->firmware/nnet_utils/nnet_pooling_stream.h:251]   --->   Operation 192 'specregionend' 'empty' <Predicate = (!icmp_ln233)> <Delay = 0.00>
ST_6 : Operation 193 [1/1] (0.00ns)   --->   "br label %0"   --->   Operation 193 'br' <Predicate = (!icmp_ln233)> <Delay = 0.00>

State 7 <SV = 2> <Delay = 0.00>
ST_7 : Operation 194 [1/1] (0.00ns)   --->   "ret void" [firmware/nnet_utils/nnet_pooling_stream.h:257]   --->   Operation 194 'ret' <Predicate = true> <Delay = 0.00>


============================================================
+ Verbose Summary: Timing violations
============================================================
Target clock period: 5ns, clock uncertainty: 0.625ns.

 <State 1>: 1.77ns
The critical path consists of the following:
	multiplexor before 'phi' operation ('indvar_flatten', firmware/nnet_utils/nnet_pooling_stream.h:233->firmware/nnet_utils/nnet_pooling_stream.h:251) with incoming values : ('add_ln233', firmware/nnet_utils/nnet_pooling_stream.h:233->firmware/nnet_utils/nnet_pooling_stream.h:251) [65]  (1.77 ns)

 <State 2>: 1.88ns
The critical path consists of the following:
	'phi' operation ('indvar_flatten', firmware/nnet_utils/nnet_pooling_stream.h:233->firmware/nnet_utils/nnet_pooling_stream.h:251) with incoming values : ('add_ln233', firmware/nnet_utils/nnet_pooling_stream.h:233->firmware/nnet_utils/nnet_pooling_stream.h:251) [65]  (0 ns)
	'icmp' operation ('icmp_ln233', firmware/nnet_utils/nnet_pooling_stream.h:233->firmware/nnet_utils/nnet_pooling_stream.h:251) [66]  (1.88 ns)

 <State 3>: 2.19ns
The critical path consists of the following:
	fifo read on port 'data_V_data_0_V' (firmware/nnet_utils/nnet_pooling_stream.h:238->firmware/nnet_utils/nnet_pooling_stream.h:251) [75]  (2.19 ns)

 <State 4>: 4.43ns
The critical path consists of the following:
	'icmp' operation ('icmp_ln203', firmware/nnet_utils/nnet_pooling_stream.h:203->firmware/nnet_utils/nnet_pooling_stream.h:238->firmware/nnet_utils/nnet_pooling_stream.h:251) [213]  (2.47 ns)
	blocking operation 1.96 ns on control path)

 <State 5>: 3.87ns
The critical path consists of the following:
	'select' operation ('select_ln86', firmware/nnet_utils/nnet_common.h:86->firmware/nnet_utils/nnet_common.h:53->firmware/nnet_utils/nnet_common.h:55->firmware/nnet_utils/nnet_pooling_stream.h:22->firmware/nnet_utils/nnet_pooling_stream.h:195->firmware/nnet_utils/nnet_pooling_stream.h:238->firmware/nnet_utils/nnet_pooling_stream.h:251) [163]  (0.698 ns)
	'icmp' operation ('icmp_ln1496_2', firmware/nnet_utils/nnet_common.h:86->firmware/nnet_utils/nnet_common.h:55->firmware/nnet_utils/nnet_pooling_stream.h:22->firmware/nnet_utils/nnet_pooling_stream.h:195->firmware/nnet_utils/nnet_pooling_stream.h:238->firmware/nnet_utils/nnet_pooling_stream.h:251) [166]  (2.47 ns)
	'select' operation ('tmp.data[0].V', firmware/nnet_utils/nnet_common.h:86->firmware/nnet_utils/nnet_common.h:55->firmware/nnet_utils/nnet_pooling_stream.h:22->firmware/nnet_utils/nnet_pooling_stream.h:195->firmware/nnet_utils/nnet_pooling_stream.h:238->firmware/nnet_utils/nnet_pooling_stream.h:251) [167]  (0.698 ns)

 <State 6>: 2.19ns
The critical path consists of the following:
	fifo write on port 'res_V_data_0_V' (firmware/nnet_utils/nnet_pooling_stream.h:199->firmware/nnet_utils/nnet_pooling_stream.h:238->firmware/nnet_utils/nnet_pooling_stream.h:251) [210]  (2.19 ns)

 <State 7>: 0ns
The critical path consists of the following:


============================================================
+ Verbose Summary: Binding
============================================================
N/A
* FSMD analyzer results:
  - Output states:
 - Input state : 
  - Chain level:
	State 1
	State 2
	State 3
	State 4
	State 5
	State 6
	State 7


============================================================
+ Verbose Summary: Datapath Resource usage 
============================================================
N/A
