

================================================================
== Vivado HLS Report for 'relu_array_array_ap_fixed_1u_relu_config21_s'
================================================================
* Date:           Sat Apr  2 23:58:28 2022

* Version:        2019.2.1 (Build 2724168 on Thu Dec 05 05:19:09 MST 2019)
* Project:        myproject_prj
* Solution:       solution1
* Product family: zynq
* Target device:  xc7z020-clg400-1


================================================================
== Performance Estimates
================================================================
+ Timing: 
    * Summary: 
    +--------+---------+----------+------------+
    |  Clock |  Target | Estimated| Uncertainty|
    +--------+---------+----------+------------+
    |ap_clk  | 5.00 ns | 3.206 ns |   0.62 ns  |
    +--------+---------+----------+------------+

+ Latency: 
    * Summary: 
    +---------+---------+----------+----------+------+------+---------+
    |  Latency (cycles) |  Latency (absolute) |   Interval  | Pipeline|
    |   min   |   max   |    min   |    max   |  min |  max |   Type  |
    +---------+---------+----------+----------+------+------+---------+
    |     1028|     1028| 5.140 us | 5.140 us |  1028|  1028|   none  |
    +---------+---------+----------+----------+------+------+---------+

    + Detail: 
        * Instance: 
        N/A

        * Loop: 
        +---------------+---------+---------+----------+-----------+-----------+------+----------+
        |               |  Latency (cycles) | Iteration|  Initiation Interval  | Trip |          |
        |   Loop Name   |   min   |   max   |  Latency |  achieved |   target  | Count| Pipelined|
        +---------------+---------+---------+----------+-----------+-----------+------+----------+
        |- ReLUActLoop  |     1026|     1026|         4|          1|          1|  1024|    yes   |
        +---------------+---------+---------+----------+-----------+-----------+------+----------+



================================================================
== Utilization Estimates
================================================================
* Summary: 
+-----------------+---------+-------+--------+-------+-----+
|       Name      | BRAM_18K| DSP48E|   FF   |  LUT  | URAM|
+-----------------+---------+-------+--------+-------+-----+
|DSP              |        -|      -|       -|      -|    -|
|Expression       |        -|      -|       0|     87|    -|
|FIFO             |        -|      -|       -|      -|    -|
|Instance         |        -|      -|       -|      -|    -|
|Memory           |        -|      -|       -|      -|    -|
|Multiplexer      |        -|      -|       -|     75|    -|
|Register         |        0|      -|     178|     32|    -|
+-----------------+---------+-------+--------+-------+-----+
|Total            |        0|      0|     178|    194|    0|
+-----------------+---------+-------+--------+-------+-----+
|Available        |      280|    220|  106400|  53200|    0|
+-----------------+---------+-------+--------+-------+-----+
|Utilization (%)  |        0|      0|   ~0   |   ~0  |    0|
+-----------------+---------+-------+--------+-------+-----+

+ Detail: 
    * Instance: 
    N/A

    * DSP48E: 
    N/A

    * Memory: 
    N/A

    * FIFO: 
    N/A

    * Expression: 
    +----------------------------------+----------+-------+---+----+------------+------------+
    |           Variable Name          | Operation| DSP48E| FF| LUT| Bitwidth P0| Bitwidth P1|
    +----------------------------------+----------+-------+---+----+------------+------------+
    |i_fu_78_p2                        |     +    |      0|  0|  13|          11|           1|
    |ap_block_state3_pp0_stage0_iter1  |    and   |      0|  0|   2|           1|           1|
    |ap_block_state5_pp0_stage0_iter3  |    and   |      0|  0|   2|           1|           1|
    |icmp_ln1494_fu_88_p2              |   icmp   |      0|  0|  18|          32|           1|
    |icmp_ln60_fu_72_p2                |   icmp   |      0|  0|  13|          11|          12|
    |ap_block_pp0_stage0_01001         |    or    |      0|  0|   2|           1|           1|
    |ap_block_state1                   |    or    |      0|  0|   2|           1|           1|
    |out_data_data_V_fu_93_p3          |  select  |      0|  0|  31|           1|          31|
    |ap_enable_pp0                     |    xor   |      0|  0|   2|           1|           2|
    |ap_enable_reg_pp0_iter1           |    xor   |      0|  0|   2|           2|           1|
    +----------------------------------+----------+-------+---+----+------------+------------+
    |Total                             |          |      0|  0|  87|          62|          52|
    +----------------------------------+----------+-------+---+----+------------+------------+

    * Multiplexer: 
    +-------------------------+----+-----------+-----+-----------+
    |           Name          | LUT| Input Size| Bits| Total Bits|
    +-------------------------+----+-----------+-----+-----------+
    |ap_NS_fsm                |  21|          4|    1|          4|
    |ap_done                  |   9|          2|    1|          2|
    |ap_enable_reg_pp0_iter1  |   9|          2|    1|          2|
    |ap_enable_reg_pp0_iter3  |   9|          2|    1|          2|
    |data_V_data_V_blk_n      |   9|          2|    1|          2|
    |i_0_reg_61               |   9|          2|   11|         22|
    |res_V_data_V_blk_n       |   9|          2|    1|          2|
    +-------------------------+----+-----------+-----+-----------+
    |Total                    |  75|         16|   17|         36|
    +-------------------------+----+-----------+-----+-----------+

    * Register: 
    +-------------------------+----+----+-----+-----------+
    |           Name          | FF | LUT| Bits| Const Bits|
    +-------------------------+----+----+-----+-----------+
    |ap_CS_fsm                |   3|   0|    3|          0|
    |ap_done_reg              |   1|   0|    1|          0|
    |ap_enable_reg_pp0_iter0  |   1|   0|    1|          0|
    |ap_enable_reg_pp0_iter1  |   1|   0|    1|          0|
    |ap_enable_reg_pp0_iter2  |   1|   0|    1|          0|
    |ap_enable_reg_pp0_iter3  |   1|   0|    1|          0|
    |i_0_reg_61               |  11|   0|   11|          0|
    |icmp_ln60_reg_104        |   1|   0|    1|          0|
    |out_data_data_V_reg_123  |  31|   0|   31|          0|
    |tmp_data_0_V_reg_113     |  32|   0|   32|          0|
    |trunc_ln1494_reg_118     |  31|   0|   31|          0|
    |icmp_ln60_reg_104        |  64|  32|    1|          0|
    +-------------------------+----+----+-----+-----------+
    |Total                    | 178|  32|  115|          0|
    +-------------------------+----+----+-----+-----------+



================================================================
== Interface
================================================================
* Summary: 
+-----------------------+-----+-----+------------+----------------------------------------------+--------------+
|       RTL Ports       | Dir | Bits|  Protocol  |                 Source Object                |    C Type    |
+-----------------------+-----+-----+------------+----------------------------------------------+--------------+
|ap_clk                 |  in |    1| ap_ctrl_hs | relu<array,array<ap_fixed,1u>,relu_config21> | return value |
|ap_rst                 |  in |    1| ap_ctrl_hs | relu<array,array<ap_fixed,1u>,relu_config21> | return value |
|ap_start               |  in |    1| ap_ctrl_hs | relu<array,array<ap_fixed,1u>,relu_config21> | return value |
|ap_done                | out |    1| ap_ctrl_hs | relu<array,array<ap_fixed,1u>,relu_config21> | return value |
|ap_continue            |  in |    1| ap_ctrl_hs | relu<array,array<ap_fixed,1u>,relu_config21> | return value |
|ap_idle                | out |    1| ap_ctrl_hs | relu<array,array<ap_fixed,1u>,relu_config21> | return value |
|ap_ready               | out |    1| ap_ctrl_hs | relu<array,array<ap_fixed,1u>,relu_config21> | return value |
|data_V_data_V_dout     |  in |   32|   ap_fifo  |                 data_V_data_V                |    pointer   |
|data_V_data_V_empty_n  |  in |    1|   ap_fifo  |                 data_V_data_V                |    pointer   |
|data_V_data_V_read     | out |    1|   ap_fifo  |                 data_V_data_V                |    pointer   |
|res_V_data_V_din       | out |   32|   ap_fifo  |                 res_V_data_V                 |    pointer   |
|res_V_data_V_full_n    |  in |    1|   ap_fifo  |                 res_V_data_V                 |    pointer   |
|res_V_data_V_write     | out |    1|   ap_fifo  |                 res_V_data_V                 |    pointer   |
+-----------------------+-----+-----+------------+----------------------------------------------+--------------+

============================================================
+ Verbose Summary: Synthesis Manager
============================================================
InlineROM: 1
ExposeGlobal: 0
============================================================
+ Verbose Summary: CDFG Model
============================================================
IsTopModel: 0
ResetActiveHigh: 1
IsCombinational: 2
IsDatapathOnly: 0
HasWiredReturn: 1
HasMFsm: 0
HasVarLatency: 1
IsPipeline: 0
IsRtlPipelined: 0
IsInstanceOverlapped: 0
IsDontTouch: 0
HasImplIP: 0
IsGatedGlobalClock: 0

+ Individual pipeline summary: 
  * Pipeline-0: initiation interval (II) = 1, depth = 4


============================================================
+ Verbose Summary: Schedule
============================================================
* Number of FSM states : 6
* Pipeline : 1
  Pipeline-0 : II = 1, D = 4, States = { 2 3 4 5 }
* Dataflow Pipeline: 0

* FSM state transitions: 
1 --> 2 
2 --> 6 3 
3 --> 4 
4 --> 5 
5 --> 2 
6 --> 

* FSM state operations: 

State 1 <SV = 0> <Delay = 1.76>
ST_1 : Operation 7 [1/1] (0.00ns)   --->   "call void (...)* @_ssdm_op_SpecInterface(i32* %data_V_data_V, [8 x i8]* @ap_fifo_str, i32 0, i32 0, [1 x i8]* @p_str, i32 0, i32 0, [1 x i8]* @p_str, [1 x i8]* @p_str, [1 x i8]* @p_str, i32 2, i32 2, i32 16, i32 16, [1 x i8]* @p_str, [1 x i8]* @p_str)"   --->   Operation 7 'specinterface' <Predicate = true> <Delay = 0.00>
ST_1 : Operation 8 [1/1] (0.00ns)   --->   "call void (...)* @_ssdm_op_SpecInterface(i32* %res_V_data_V, [8 x i8]* @ap_fifo_str, i32 0, i32 0, [1 x i8]* @p_str, i32 0, i32 0, [1 x i8]* @p_str, [1 x i8]* @p_str, [1 x i8]* @p_str, i32 2, i32 2, i32 16, i32 16, [1 x i8]* @p_str, [1 x i8]* @p_str)"   --->   Operation 8 'specinterface' <Predicate = true> <Delay = 0.00>
ST_1 : Operation 9 [1/1] (1.76ns)   --->   "br label %1" [firmware/nnet_utils/nnet_activation_stream.h:60]   --->   Operation 9 'br' <Predicate = true> <Delay = 1.76>

State 2 <SV = 1> <Delay = 1.88>
ST_2 : Operation 10 [1/1] (0.00ns)   --->   "%i_0 = phi i11 [ 0, %0 ], [ %i, %ReLUActLoop ]"   --->   Operation 10 'phi' 'i_0' <Predicate = true> <Delay = 0.00>
ST_2 : Operation 11 [1/1] (1.88ns)   --->   "%icmp_ln60 = icmp eq i11 %i_0, -1024" [firmware/nnet_utils/nnet_activation_stream.h:60]   --->   Operation 11 'icmp' 'icmp_ln60' <Predicate = true> <Delay = 1.88> <Core = "Cmp">   --->   Core 25 'Cmp' <Latency = 0> <II = 1> <Delay = 1.99> <FuncUnit> <Opcode : 'icmp'> <InPorts = 2> <OutPorts = 1>
ST_2 : Operation 12 [1/1] (0.00ns)   --->   "%empty = call i32 (...)* @_ssdm_op_SpecLoopTripCount(i64 1024, i64 1024, i64 1024)"   --->   Operation 12 'speclooptripcount' 'empty' <Predicate = true> <Delay = 0.00>
ST_2 : Operation 13 [1/1] (1.63ns)   --->   "%i = add i11 %i_0, 1" [firmware/nnet_utils/nnet_activation_stream.h:60]   --->   Operation 13 'add' 'i' <Predicate = true> <Delay = 1.63> <Core = "AddSub">   --->   Core 14 'AddSub' <Latency = 0> <II = 1> <Delay = 1.63> <FuncUnit> <Opcode : 'add' 'sub'> <InPorts = 2> <OutPorts = 1>
ST_2 : Operation 14 [1/1] (0.00ns)   --->   "br i1 %icmp_ln60, label %2, label %ReLUActLoop" [firmware/nnet_utils/nnet_activation_stream.h:60]   --->   Operation 14 'br' <Predicate = true> <Delay = 0.00>

State 3 <SV = 2> <Delay = 2.18>
ST_3 : Operation 15 [1/1] (2.18ns)   --->   "%tmp_data_0_V = call i32 @_ssdm_op_Read.ap_fifo.volatile.i32P(i32* %data_V_data_V)" [firmware/nnet_utils/nnet_activation_stream.h:63]   --->   Operation 15 'read' 'tmp_data_0_V' <Predicate = (!icmp_ln60)> <Delay = 2.18> <Core = "FIFO">   --->   Core 32 'FIFO' <Latency = 0> <II = 1> <Delay = 3.63> <Storage> <Opcode : 'read' 'write' 'nbread' 'nbwrite'> <Ports = 0> <Width = 32> <Depth = 3> <FIFO>
ST_3 : Operation 16 [1/1] (0.00ns)   --->   "%trunc_ln1494 = trunc i32 %tmp_data_0_V to i31" [firmware/nnet_utils/nnet_activation_stream.h:69]   --->   Operation 16 'trunc' 'trunc_ln1494' <Predicate = (!icmp_ln60)> <Delay = 0.00>

State 4 <SV = 3> <Delay = 3.20>
ST_4 : Operation 17 [1/1] (2.47ns)   --->   "%icmp_ln1494 = icmp sgt i32 %tmp_data_0_V, 0" [firmware/nnet_utils/nnet_activation_stream.h:69]   --->   Operation 17 'icmp' 'icmp_ln1494' <Predicate = (!icmp_ln60)> <Delay = 2.47> <Core = "Cmp">   --->   Core 25 'Cmp' <Latency = 0> <II = 1> <Delay = 1.99> <FuncUnit> <Opcode : 'icmp'> <InPorts = 2> <OutPorts = 1>
ST_4 : Operation 18 [1/1] (0.73ns)   --->   "%out_data_data_V = select i1 %icmp_ln1494, i31 %trunc_ln1494, i31 0" [firmware/nnet_utils/nnet_activation_stream.h:69]   --->   Operation 18 'select' 'out_data_data_V' <Predicate = (!icmp_ln60)> <Delay = 0.73> <Core = "Sel">   --->   Core 26 'Sel' <Latency = 0> <II = 1> <Delay = 0.73> <FuncUnit> <Opcode : 'select'> <InPorts = 3> <OutPorts = 1>

State 5 <SV = 4> <Delay = 2.18>
ST_5 : Operation 19 [1/1] (0.00ns)   --->   "call void (...)* @_ssdm_op_SpecLoopName([12 x i8]* @p_str50) nounwind" [firmware/nnet_utils/nnet_activation_stream.h:60]   --->   Operation 19 'specloopname' <Predicate = (!icmp_ln60)> <Delay = 0.00>
ST_5 : Operation 20 [1/1] (0.00ns)   --->   "%tmp = call i32 (...)* @_ssdm_op_SpecRegionBegin([12 x i8]* @p_str50)" [firmware/nnet_utils/nnet_activation_stream.h:60]   --->   Operation 20 'specregionbegin' 'tmp' <Predicate = (!icmp_ln60)> <Delay = 0.00>
ST_5 : Operation 21 [1/1] (0.00ns)   --->   "call void (...)* @_ssdm_op_SpecPipeline(i32 -1, i32 1, i32 1, i32 0, [1 x i8]* @p_str23) nounwind" [firmware/nnet_utils/nnet_activation_stream.h:61]   --->   Operation 21 'specpipeline' <Predicate = (!icmp_ln60)> <Delay = 0.00>
ST_5 : Operation 22 [1/1] (0.00ns)   --->   "%tmp_data_0_V_31 = zext i31 %out_data_data_V to i32" [firmware/nnet_utils/nnet_activation_stream.h:69]   --->   Operation 22 'zext' 'tmp_data_0_V_31' <Predicate = (!icmp_ln60)> <Delay = 0.00>
ST_5 : Operation 23 [1/1] (2.18ns)   --->   "call void @_ssdm_op_Write.ap_fifo.volatile.i32P(i32* %res_V_data_V, i32 %tmp_data_0_V_31)" [firmware/nnet_utils/nnet_activation_stream.h:73]   --->   Operation 23 'write' <Predicate = (!icmp_ln60)> <Delay = 2.18> <Core = "FIFO">   --->   Core 32 'FIFO' <Latency = 0> <II = 1> <Delay = 3.63> <Storage> <Opcode : 'read' 'write' 'nbread' 'nbwrite'> <Ports = 0> <Width = 32> <Depth = 3> <FIFO>
ST_5 : Operation 24 [1/1] (0.00ns)   --->   "%empty_116 = call i32 (...)* @_ssdm_op_SpecRegionEnd([12 x i8]* @p_str50, i32 %tmp)" [firmware/nnet_utils/nnet_activation_stream.h:74]   --->   Operation 24 'specregionend' 'empty_116' <Predicate = (!icmp_ln60)> <Delay = 0.00>
ST_5 : Operation 25 [1/1] (0.00ns)   --->   "br label %1" [firmware/nnet_utils/nnet_activation_stream.h:60]   --->   Operation 25 'br' <Predicate = (!icmp_ln60)> <Delay = 0.00>

State 6 <SV = 2> <Delay = 0.00>
ST_6 : Operation 26 [1/1] (0.00ns)   --->   "ret void" [firmware/nnet_utils/nnet_activation_stream.h:75]   --->   Operation 26 'ret' <Predicate = true> <Delay = 0.00>


============================================================
+ Verbose Summary: Binding
============================================================
STG Binding: 
---------------- STG Properties BEGIN ----------------
- Is combinational: 0
- Is one-state seq: 0
- Is datapath-only: 0
- Is pipelined: 0
- Is top level: 0
Port [ Return ] is wired: 1; IO mode=ap_ctrl_hs:ce=0
Port [ data_V_data_V]:  wired=1; compound=1; hidden=0; nouse=0; global=0; static=0; extern=0; dir=0; type=3; pingpong=0; private_global=0; IO mode=ap_fifo:ce=0
Port [ res_V_data_V]:  wired=1; compound=1; hidden=0; nouse=0; global=0; static=0; extern=0; dir=1; type=3; pingpong=0; private_global=0; IO mode=ap_fifo:ce=0
---------------- STG Properties END ------------------

---------------- Datapath Model BEGIN ----------------

<LifeTime>
<method=bitvector/>
specinterface_ln0 (specinterface    ) [ 0000000]
specinterface_ln0 (specinterface    ) [ 0000000]
br_ln60           (br               ) [ 0111110]
i_0               (phi              ) [ 0010000]
icmp_ln60         (icmp             ) [ 0011110]
empty             (speclooptripcount) [ 0000000]
i                 (add              ) [ 0111110]
br_ln60           (br               ) [ 0000000]
tmp_data_0_V      (read             ) [ 0010100]
trunc_ln1494      (trunc            ) [ 0010100]
icmp_ln1494       (icmp             ) [ 0000000]
out_data_data_V   (select           ) [ 0010010]
specloopname_ln60 (specloopname     ) [ 0000000]
tmp               (specregionbegin  ) [ 0000000]
specpipeline_ln61 (specpipeline     ) [ 0000000]
tmp_data_0_V_31   (zext             ) [ 0000000]
write_ln73        (write            ) [ 0000000]
empty_116         (specregionend    ) [ 0000000]
br_ln60           (br               ) [ 0111110]
ret_ln75          (ret              ) [ 0000000]
</LifeTime>

<model>

<comp_list>
<comp id="0" class="1000" name="data_V_data_V">
<pin_list>
<pin id="1" dir="1" index="0" bw="1" slack="0"/>
</pin_list>
<bind>
<StgValue><ssdm name="data_V_data_V"/></StgValue>
</bind>
</comp>

<comp id="2" class="1000" name="res_V_data_V">
<pin_list>
<pin id="3" dir="1" index="0" bw="1" slack="0"/>
</pin_list>
<bind>
<StgValue><ssdm name="res_V_data_V"/></StgValue>
</bind>
</comp>

<comp id="4" class="1001" name="const_4">
<pin_list>
<pin id="5" dir="1" index="0" bw="1" slack="2147483647"/>
</pin_list>
<bind>
<StgValue><ssdm name="_ssdm_op_SpecInterface"/></StgValue>
</bind>
</comp>

<comp id="6" class="1001" name="const_6">
<pin_list>
<pin id="7" dir="1" index="0" bw="1" slack="2147483647"/>
</pin_list>
<bind>
<StgValue><ssdm name="ap_fifo_str"/></StgValue>
</bind>
</comp>

<comp id="8" class="1001" name="const_8">
<pin_list>
<pin id="9" dir="1" index="0" bw="1" slack="0"/>
</pin_list>
<bind>
<StgValue><ssdm name=""/></StgValue>
</bind>
</comp>

<comp id="10" class="1001" name="const_10">
<pin_list>
<pin id="11" dir="1" index="0" bw="1" slack="2147483647"/>
</pin_list>
<bind>
<StgValue><ssdm name="p_str"/></StgValue>
</bind>
</comp>

<comp id="12" class="1001" name="const_12">
<pin_list>
<pin id="13" dir="1" index="0" bw="1" slack="2147483647"/>
</pin_list>
<bind>
<StgValue><ssdm name=""/></StgValue>
</bind>
</comp>

<comp id="14" class="1001" name="const_14">
<pin_list>
<pin id="15" dir="1" index="0" bw="1" slack="2147483647"/>
</pin_list>
<bind>
<StgValue><ssdm name=""/></StgValue>
</bind>
</comp>

<comp id="16" class="1001" name="const_16">
<pin_list>
<pin id="17" dir="1" index="0" bw="1" slack="1"/>
</pin_list>
<bind>
<StgValue><ssdm name=""/></StgValue>
</bind>
</comp>

<comp id="18" class="1001" name="const_18">
<pin_list>
<pin id="19" dir="1" index="0" bw="1" slack="0"/>
</pin_list>
<bind>
<StgValue><ssdm name=""/></StgValue>
</bind>
</comp>

<comp id="20" class="1001" name="const_20">
<pin_list>
<pin id="21" dir="1" index="0" bw="1" slack="2147483647"/>
</pin_list>
<bind>
<StgValue><ssdm name="_ssdm_op_SpecLoopTripCount"/></StgValue>
</bind>
</comp>

<comp id="22" class="1001" name="const_22">
<pin_list>
<pin id="23" dir="1" index="0" bw="1" slack="2147483647"/>
</pin_list>
<bind>
<StgValue><ssdm name=""/></StgValue>
</bind>
</comp>

<comp id="24" class="1001" name="const_24">
<pin_list>
<pin id="25" dir="1" index="0" bw="1" slack="0"/>
</pin_list>
<bind>
<StgValue><ssdm name=""/></StgValue>
</bind>
</comp>

<comp id="26" class="1001" name="const_26">
<pin_list>
<pin id="27" dir="1" index="0" bw="1" slack="0"/>
</pin_list>
<bind>
<StgValue><ssdm name="_ssdm_op_Read.ap_fifo.volatile.i32P"/></StgValue>
</bind>
</comp>

<comp id="28" class="1001" name="const_28">
<pin_list>
<pin id="29" dir="1" index="0" bw="1" slack="0"/>
</pin_list>
<bind>
<StgValue><ssdm name=""/></StgValue>
</bind>
</comp>

<comp id="30" class="1001" name="const_30">
<pin_list>
<pin id="31" dir="1" index="0" bw="1" slack="2147483647"/>
</pin_list>
<bind>
<StgValue><ssdm name="_ssdm_op_SpecLoopName"/></StgValue>
</bind>
</comp>

<comp id="32" class="1001" name="const_32">
<pin_list>
<pin id="33" dir="1" index="0" bw="1" slack="2147483647"/>
</pin_list>
<bind>
<StgValue><ssdm name="p_str50"/></StgValue>
</bind>
</comp>

<comp id="34" class="1001" name="const_34">
<pin_list>
<pin id="35" dir="1" index="0" bw="1" slack="2147483647"/>
</pin_list>
<bind>
<StgValue><ssdm name="_ssdm_op_SpecRegionBegin"/></StgValue>
</bind>
</comp>

<comp id="36" class="1001" name="const_36">
<pin_list>
<pin id="37" dir="1" index="0" bw="1" slack="2147483647"/>
</pin_list>
<bind>
<StgValue><ssdm name="_ssdm_op_SpecPipeline"/></StgValue>
</bind>
</comp>

<comp id="38" class="1001" name="const_38">
<pin_list>
<pin id="39" dir="1" index="0" bw="1" slack="2147483647"/>
</pin_list>
<bind>
<StgValue><ssdm name=""/></StgValue>
</bind>
</comp>

<comp id="40" class="1001" name="const_40">
<pin_list>
<pin id="41" dir="1" index="0" bw="1" slack="2147483647"/>
</pin_list>
<bind>
<StgValue><ssdm name=""/></StgValue>
</bind>
</comp>

<comp id="42" class="1001" name="const_42">
<pin_list>
<pin id="43" dir="1" index="0" bw="1" slack="2147483647"/>
</pin_list>
<bind>
<StgValue><ssdm name="p_str23"/></StgValue>
</bind>
</comp>

<comp id="44" class="1001" name="const_44">
<pin_list>
<pin id="45" dir="1" index="0" bw="1" slack="0"/>
</pin_list>
<bind>
<StgValue><ssdm name="_ssdm_op_Write.ap_fifo.volatile.i32P"/></StgValue>
</bind>
</comp>

<comp id="46" class="1001" name="const_46">
<pin_list>
<pin id="47" dir="1" index="0" bw="1" slack="2147483647"/>
</pin_list>
<bind>
<StgValue><ssdm name="_ssdm_op_SpecRegionEnd"/></StgValue>
</bind>
</comp>

<comp id="48" class="1004" name="tmp_data_0_V_read_fu_48">
<pin_list>
<pin id="49" dir="0" index="0" bw="32" slack="0"/>
<pin id="50" dir="0" index="1" bw="32" slack="0"/>
<pin id="51" dir="1" index="2" bw="32" slack="0"/>
</pin_list>
<bind>
<opcode="read(1150) " fcode="read"/>
<opset="tmp_data_0_V/3 "/>
</bind>
</comp>

<comp id="54" class="1004" name="write_ln73_write_fu_54">
<pin_list>
<pin id="55" dir="0" index="0" bw="0" slack="0"/>
<pin id="56" dir="0" index="1" bw="32" slack="0"/>
<pin id="57" dir="0" index="2" bw="31" slack="0"/>
<pin id="58" dir="1" index="3" bw="0" slack="2147483647"/>
</pin_list>
<bind>
<opcode="write(1151) " fcode="write"/>
<opset="write_ln73/5 "/>
</bind>
</comp>

<comp id="61" class="1005" name="i_0_reg_61">
<pin_list>
<pin id="62" dir="0" index="0" bw="11" slack="1"/>
<pin id="63" dir="1" index="1" bw="11" slack="1"/>
</pin_list>
<bind>
<opset="i_0 (phireg) "/>
</bind>
</comp>

<comp id="65" class="1004" name="i_0_phi_fu_65">
<pin_list>
<pin id="66" dir="0" index="0" bw="1" slack="1"/>
<pin id="67" dir="0" index="1" bw="0" slack="2147483647"/>
<pin id="68" dir="0" index="2" bw="11" slack="0"/>
<pin id="69" dir="0" index="3" bw="0" slack="2147483647"/>
<pin id="70" dir="1" index="4" bw="11" slack="0"/>
</pin_list>
<bind>
<opcode="phi(47) " fcode="phi"/>
<opset="i_0/2 "/>
</bind>
</comp>

<comp id="72" class="1004" name="icmp_ln60_fu_72">
<pin_list>
<pin id="73" dir="0" index="0" bw="11" slack="0"/>
<pin id="74" dir="0" index="1" bw="11" slack="0"/>
<pin id="75" dir="1" index="2" bw="1" slack="1"/>
</pin_list>
<bind>
<opcode="icmp(45) " fcode="icmp"/>
<opset="icmp_ln60/2 "/>
</bind>
</comp>

<comp id="78" class="1004" name="i_fu_78">
<pin_list>
<pin id="79" dir="0" index="0" bw="11" slack="0"/>
<pin id="80" dir="0" index="1" bw="1" slack="0"/>
<pin id="81" dir="1" index="2" bw="11" slack="0"/>
</pin_list>
<bind>
<opcode="add(8) " fcode="add"/>
<opset="i/2 "/>
</bind>
</comp>

<comp id="84" class="1004" name="trunc_ln1494_fu_84">
<pin_list>
<pin id="85" dir="0" index="0" bw="32" slack="0"/>
<pin id="86" dir="1" index="1" bw="31" slack="1"/>
</pin_list>
<bind>
<opcode="trunc(33) " fcode="trunc"/>
<opset="trunc_ln1494/3 "/>
</bind>
</comp>

<comp id="88" class="1004" name="icmp_ln1494_fu_88">
<pin_list>
<pin id="89" dir="0" index="0" bw="32" slack="1"/>
<pin id="90" dir="0" index="1" bw="32" slack="0"/>
<pin id="91" dir="1" index="2" bw="1" slack="0"/>
</pin_list>
<bind>
<opcode="icmp(45) " fcode="icmp"/>
<opset="icmp_ln1494/4 "/>
</bind>
</comp>

<comp id="93" class="1004" name="out_data_data_V_fu_93">
<pin_list>
<pin id="94" dir="0" index="0" bw="1" slack="0"/>
<pin id="95" dir="0" index="1" bw="31" slack="1"/>
<pin id="96" dir="0" index="2" bw="31" slack="0"/>
<pin id="97" dir="1" index="3" bw="31" slack="1"/>
</pin_list>
<bind>
<opcode="select(49) " fcode="select"/>
<opset="out_data_data_V/4 "/>
</bind>
</comp>

<comp id="100" class="1004" name="tmp_data_0_V_31_fu_100">
<pin_list>
<pin id="101" dir="0" index="0" bw="31" slack="1"/>
<pin id="102" dir="1" index="1" bw="32" slack="0"/>
</pin_list>
<bind>
<opcode="zext(34) " fcode="zext"/>
<opset="tmp_data_0_V_31/5 "/>
</bind>
</comp>

<comp id="104" class="1005" name="icmp_ln60_reg_104">
<pin_list>
<pin id="105" dir="0" index="0" bw="1" slack="1"/>
<pin id="106" dir="1" index="1" bw="1" slack="2147483647"/>
</pin_list>
<bind>
<opset="icmp_ln60 "/>
</bind>
</comp>

<comp id="108" class="1005" name="i_reg_108">
<pin_list>
<pin id="109" dir="0" index="0" bw="11" slack="0"/>
<pin id="110" dir="1" index="1" bw="11" slack="0"/>
</pin_list>
<bind>
<opset="i "/>
</bind>
</comp>

<comp id="113" class="1005" name="tmp_data_0_V_reg_113">
<pin_list>
<pin id="114" dir="0" index="0" bw="32" slack="1"/>
<pin id="115" dir="1" index="1" bw="32" slack="1"/>
</pin_list>
<bind>
<opset="tmp_data_0_V "/>
</bind>
</comp>

<comp id="118" class="1005" name="trunc_ln1494_reg_118">
<pin_list>
<pin id="119" dir="0" index="0" bw="31" slack="1"/>
<pin id="120" dir="1" index="1" bw="31" slack="1"/>
</pin_list>
<bind>
<opset="trunc_ln1494 "/>
</bind>
</comp>

<comp id="123" class="1005" name="out_data_data_V_reg_123">
<pin_list>
<pin id="124" dir="0" index="0" bw="31" slack="1"/>
<pin id="125" dir="1" index="1" bw="31" slack="1"/>
</pin_list>
<bind>
<opset="out_data_data_V "/>
</bind>
</comp>

</comp_list>

<net_list>
<net id="52"><net_src comp="26" pin="0"/><net_sink comp="48" pin=0"/></net>

<net id="53"><net_src comp="0" pin="0"/><net_sink comp="48" pin=1"/></net>

<net id="59"><net_src comp="44" pin="0"/><net_sink comp="54" pin=0"/></net>

<net id="60"><net_src comp="2" pin="0"/><net_sink comp="54" pin=1"/></net>

<net id="64"><net_src comp="16" pin="0"/><net_sink comp="61" pin=0"/></net>

<net id="71"><net_src comp="61" pin="1"/><net_sink comp="65" pin=0"/></net>

<net id="76"><net_src comp="65" pin="4"/><net_sink comp="72" pin=0"/></net>

<net id="77"><net_src comp="18" pin="0"/><net_sink comp="72" pin=1"/></net>

<net id="82"><net_src comp="65" pin="4"/><net_sink comp="78" pin=0"/></net>

<net id="83"><net_src comp="24" pin="0"/><net_sink comp="78" pin=1"/></net>

<net id="87"><net_src comp="48" pin="2"/><net_sink comp="84" pin=0"/></net>

<net id="92"><net_src comp="8" pin="0"/><net_sink comp="88" pin=1"/></net>

<net id="98"><net_src comp="88" pin="2"/><net_sink comp="93" pin=0"/></net>

<net id="99"><net_src comp="28" pin="0"/><net_sink comp="93" pin=2"/></net>

<net id="103"><net_src comp="100" pin="1"/><net_sink comp="54" pin=2"/></net>

<net id="107"><net_src comp="72" pin="2"/><net_sink comp="104" pin=0"/></net>

<net id="111"><net_src comp="78" pin="2"/><net_sink comp="108" pin=0"/></net>

<net id="112"><net_src comp="108" pin="1"/><net_sink comp="65" pin=2"/></net>

<net id="116"><net_src comp="48" pin="2"/><net_sink comp="113" pin=0"/></net>

<net id="117"><net_src comp="113" pin="1"/><net_sink comp="88" pin=0"/></net>

<net id="121"><net_src comp="84" pin="1"/><net_sink comp="118" pin=0"/></net>

<net id="122"><net_src comp="118" pin="1"/><net_sink comp="93" pin=1"/></net>

<net id="126"><net_src comp="93" pin="3"/><net_sink comp="123" pin=0"/></net>

<net id="127"><net_src comp="123" pin="1"/><net_sink comp="100" pin=0"/></net>

</net_list>

</model> 
---------------- Datapath Model END ------------------

* FSMD analyzer results:
  - Output states:
	Port: res_V_data_V | {5 }
 - Input state : 
	Port: relu<array,array<ap_fixed,1u>,relu_config21> : data_V_data_V | {3 }
	Port: relu<array,array<ap_fixed,1u>,relu_config21> : res_V_data_V | {}
  - Chain level:
	State 1
	State 2
		icmp_ln60 : 1
		i : 1
		br_ln60 : 2
	State 3
	State 4
		out_data_data_V : 1
	State 5
		write_ln73 : 1
		empty_116 : 1
	State 6


============================================================
+ Verbose Summary: Datapath Resource usage 
============================================================

* Functional unit list:
|----------|-------------------------|---------|---------|
| Operation|     Functional Unit     |    FF   |   LUT   |
|----------|-------------------------|---------|---------|
|   icmp   |     icmp_ln60_fu_72     |    0    |    13   |
|          |    icmp_ln1494_fu_88    |    0    |    18   |
|----------|-------------------------|---------|---------|
|  select  |  out_data_data_V_fu_93  |    0    |    31   |
|----------|-------------------------|---------|---------|
|    add   |         i_fu_78         |    0    |    13   |
|----------|-------------------------|---------|---------|
|   read   | tmp_data_0_V_read_fu_48 |    0    |    0    |
|----------|-------------------------|---------|---------|
|   write  |  write_ln73_write_fu_54 |    0    |    0    |
|----------|-------------------------|---------|---------|
|   trunc  |    trunc_ln1494_fu_84   |    0    |    0    |
|----------|-------------------------|---------|---------|
|   zext   |  tmp_data_0_V_31_fu_100 |    0    |    0    |
|----------|-------------------------|---------|---------|
|   Total  |                         |    0    |    75   |
|----------|-------------------------|---------|---------|

Memories:
N/A

* Register list:
+-----------------------+--------+
|                       |   FF   |
+-----------------------+--------+
|       i_0_reg_61      |   11   |
|       i_reg_108       |   11   |
|   icmp_ln60_reg_104   |    1   |
|out_data_data_V_reg_123|   31   |
|  tmp_data_0_V_reg_113 |   32   |
|  trunc_ln1494_reg_118 |   31   |
+-----------------------+--------+
|         Total         |   117  |
+-----------------------+--------+

* Multiplexer (MUX) list: 
|--------|------|------|------|--------|
|  Comp  |  Pin | Size |  BW  | S x BW |
|--------|------|------|------|--------|
|  Total |      |      |      |    0   |
|--------|------|------|------|--------|



* Summary:
+-----------+--------+--------+
|           |   FF   |   LUT  |
+-----------+--------+--------+
|  Function |    0   |   75   |
|   Memory  |    -   |    -   |
|Multiplexer|    -   |    -   |
|  Register |   117  |    -   |
+-----------+--------+--------+
|   Total   |   117  |   75   |
+-----------+--------+--------+
