

================================================================
== Vivado HLS Report for 'relu_array_array_ap_fixed_1u_relu_config21_s'
================================================================
* Date:           Sat Apr  2 23:58:06 2022

* Version:        2019.2.1 (Build 2724168 on Thu Dec 05 05:19:09 MST 2019)
* Project:        myproject_prj
* Solution:       solution1
* Product family: zynq
* Target device:  xc7z020-clg400-1


================================================================
== Performance Estimates
================================================================
+ Timing: 
    * Summary: 
    +--------+---------+----------+------------+
    |  Clock |  Target | Estimated| Uncertainty|
    +--------+---------+----------+------------+
    |ap_clk  | 5.00 ns | 3.206 ns |   0.62 ns  |
    +--------+---------+----------+------------+

+ Latency: 
    * Summary: 
    +---------+---------+----------+----------+------+------+---------+
    |  Latency (cycles) |  Latency (absolute) |   Interval  | Pipeline|
    |   min   |   max   |    min   |    max   |  min |  max |   Type  |
    +---------+---------+----------+----------+------+------+---------+
    |     1028|     1028| 5.140 us | 5.140 us |  1028|  1028|   none  |
    +---------+---------+----------+----------+------+------+---------+

    + Detail: 
        * Instance: 
        N/A

        * Loop: 
        +---------------+---------+---------+----------+-----------+-----------+------+----------+
        |               |  Latency (cycles) | Iteration|  Initiation Interval  | Trip |          |
        |   Loop Name   |   min   |   max   |  Latency |  achieved |   target  | Count| Pipelined|
        +---------------+---------+---------+----------+-----------+-----------+------+----------+
        |- ReLUActLoop  |     1026|     1026|         4|          1|          1|  1024|    yes   |
        +---------------+---------+---------+----------+-----------+-----------+------+----------+

============================================================
+ Verbose Summary: Synthesis Manager
============================================================
InlineROM: 1
ExposeGlobal: 0
============================================================
+ Verbose Summary: CDFG Model
============================================================
IsTopModel: 0
ResetActiveHigh: 1
IsCombinational: 2
IsDatapathOnly: 0
HasWiredReturn: 1
HasMFsm: 0
HasVarLatency: 1
IsPipeline: 0
IsRtlPipelined: 0
IsInstanceOverlapped: 0
IsDontTouch: 0
HasImplIP: 0
IsGatedGlobalClock: 0

+ Individual pipeline summary: 
  * Pipeline-0: initiation interval (II) = 1, depth = 4


============================================================
+ Verbose Summary: Schedule
============================================================
* Number of FSM states : 6
* Pipeline : 1
  Pipeline-0 : II = 1, D = 4, States = { 2 3 4 5 }
* Dataflow Pipeline: 0

* FSM state transitions: 
1 --> 2 
2 --> 6 3 
3 --> 4 
4 --> 5 
5 --> 2 
6 --> 

* FSM state operations: 

State 1 <SV = 0> <Delay = 1.76>
ST_1 : Operation 7 [1/1] (0.00ns)   --->   "call void (...)* @_ssdm_op_SpecInterface(i32* %data_V_data_V, [8 x i8]* @ap_fifo_str, i32 0, i32 0, [1 x i8]* @p_str, i32 0, i32 0, [1 x i8]* @p_str, [1 x i8]* @p_str, [1 x i8]* @p_str, i32 2, i32 2, i32 16, i32 16, [1 x i8]* @p_str, [1 x i8]* @p_str)"   --->   Operation 7 'specinterface' <Predicate = true> <Delay = 0.00>
ST_1 : Operation 8 [1/1] (0.00ns)   --->   "call void (...)* @_ssdm_op_SpecInterface(i32* %res_V_data_V, [8 x i8]* @ap_fifo_str, i32 0, i32 0, [1 x i8]* @p_str, i32 0, i32 0, [1 x i8]* @p_str, [1 x i8]* @p_str, [1 x i8]* @p_str, i32 2, i32 2, i32 16, i32 16, [1 x i8]* @p_str, [1 x i8]* @p_str)"   --->   Operation 8 'specinterface' <Predicate = true> <Delay = 0.00>
ST_1 : Operation 9 [1/1] (1.76ns)   --->   "br label %1" [firmware/nnet_utils/nnet_activation_stream.h:60]   --->   Operation 9 'br' <Predicate = true> <Delay = 1.76>

State 2 <SV = 1> <Delay = 1.88>
ST_2 : Operation 10 [1/1] (0.00ns)   --->   "%i_0 = phi i11 [ 0, %0 ], [ %i, %ReLUActLoop ]"   --->   Operation 10 'phi' 'i_0' <Predicate = true> <Delay = 0.00>
ST_2 : Operation 11 [1/1] (1.88ns)   --->   "%icmp_ln60 = icmp eq i11 %i_0, -1024" [firmware/nnet_utils/nnet_activation_stream.h:60]   --->   Operation 11 'icmp' 'icmp_ln60' <Predicate = true> <Delay = 1.88> <Core = "Cmp">   --->   Core 25 'Cmp' <Latency = 0> <II = 1> <Delay = 2.47> <FuncUnit> <Opcode : 'icmp'> <InPorts = 2> <OutPorts = 1>
ST_2 : Operation 12 [1/1] (0.00ns)   --->   "%empty = call i32 (...)* @_ssdm_op_SpecLoopTripCount(i64 1024, i64 1024, i64 1024)"   --->   Operation 12 'speclooptripcount' 'empty' <Predicate = true> <Delay = 0.00>
ST_2 : Operation 13 [1/1] (1.63ns)   --->   "%i = add i11 %i_0, 1" [firmware/nnet_utils/nnet_activation_stream.h:60]   --->   Operation 13 'add' 'i' <Predicate = true> <Delay = 1.63> <Core = "AddSub">   --->   Core 14 'AddSub' <Latency = 0> <II = 1> <Delay = 1.63> <FuncUnit> <Opcode : 'add' 'sub'> <InPorts = 2> <OutPorts = 1>
ST_2 : Operation 14 [1/1] (0.00ns)   --->   "br i1 %icmp_ln60, label %2, label %ReLUActLoop" [firmware/nnet_utils/nnet_activation_stream.h:60]   --->   Operation 14 'br' <Predicate = true> <Delay = 0.00>

State 3 <SV = 2> <Delay = 2.18>
ST_3 : Operation 15 [1/1] (2.18ns)   --->   "%tmp_data_0_V = call i32 @_ssdm_op_Read.ap_fifo.volatile.i32P(i32* %data_V_data_V)" [firmware/nnet_utils/nnet_activation_stream.h:63]   --->   Operation 15 'read' 'tmp_data_0_V' <Predicate = (!icmp_ln60)> <Delay = 2.18> <Core = "FIFO">   --->   Core 32 'FIFO' <Latency = 0> <II = 1> <Delay = 3.63> <Storage> <Opcode : 'read' 'write' 'nbread' 'nbwrite'> <Ports = 0> <Width = 32> <Depth = 3> <FIFO>
ST_3 : Operation 16 [1/1] (0.00ns)   --->   "%trunc_ln1494 = trunc i32 %tmp_data_0_V to i31" [firmware/nnet_utils/nnet_activation_stream.h:69]   --->   Operation 16 'trunc' 'trunc_ln1494' <Predicate = (!icmp_ln60)> <Delay = 0.00>

State 4 <SV = 3> <Delay = 3.20>
ST_4 : Operation 17 [1/1] (2.47ns)   --->   "%icmp_ln1494 = icmp sgt i32 %tmp_data_0_V, 0" [firmware/nnet_utils/nnet_activation_stream.h:69]   --->   Operation 17 'icmp' 'icmp_ln1494' <Predicate = (!icmp_ln60)> <Delay = 2.47> <Core = "Cmp">   --->   Core 25 'Cmp' <Latency = 0> <II = 1> <Delay = 2.47> <FuncUnit> <Opcode : 'icmp'> <InPorts = 2> <OutPorts = 1>
ST_4 : Operation 18 [1/1] (0.73ns)   --->   "%out_data_data_V = select i1 %icmp_ln1494, i31 %trunc_ln1494, i31 0" [firmware/nnet_utils/nnet_activation_stream.h:69]   --->   Operation 18 'select' 'out_data_data_V' <Predicate = (!icmp_ln60)> <Delay = 0.73> <Core = "Sel">   --->   Core 26 'Sel' <Latency = 0> <II = 1> <Delay = 0.73> <FuncUnit> <Opcode : 'select'> <InPorts = 3> <OutPorts = 1>

State 5 <SV = 4> <Delay = 2.18>
ST_5 : Operation 19 [1/1] (0.00ns)   --->   "call void (...)* @_ssdm_op_SpecLoopName([12 x i8]* @p_str50) nounwind" [firmware/nnet_utils/nnet_activation_stream.h:60]   --->   Operation 19 'specloopname' <Predicate = (!icmp_ln60)> <Delay = 0.00>
ST_5 : Operation 20 [1/1] (0.00ns)   --->   "%tmp = call i32 (...)* @_ssdm_op_SpecRegionBegin([12 x i8]* @p_str50)" [firmware/nnet_utils/nnet_activation_stream.h:60]   --->   Operation 20 'specregionbegin' 'tmp' <Predicate = (!icmp_ln60)> <Delay = 0.00>
ST_5 : Operation 21 [1/1] (0.00ns)   --->   "call void (...)* @_ssdm_op_SpecPipeline(i32 -1, i32 1, i32 1, i32 0, [1 x i8]* @p_str23) nounwind" [firmware/nnet_utils/nnet_activation_stream.h:61]   --->   Operation 21 'specpipeline' <Predicate = (!icmp_ln60)> <Delay = 0.00>
ST_5 : Operation 22 [1/1] (0.00ns)   --->   "%tmp_data_0_V_31 = zext i31 %out_data_data_V to i32" [firmware/nnet_utils/nnet_activation_stream.h:69]   --->   Operation 22 'zext' 'tmp_data_0_V_31' <Predicate = (!icmp_ln60)> <Delay = 0.00>
ST_5 : Operation 23 [1/1] (2.18ns)   --->   "call void @_ssdm_op_Write.ap_fifo.volatile.i32P(i32* %res_V_data_V, i32 %tmp_data_0_V_31)" [firmware/nnet_utils/nnet_activation_stream.h:73]   --->   Operation 23 'write' <Predicate = (!icmp_ln60)> <Delay = 2.18> <Core = "FIFO">   --->   Core 32 'FIFO' <Latency = 0> <II = 1> <Delay = 3.63> <Storage> <Opcode : 'read' 'write' 'nbread' 'nbwrite'> <Ports = 0> <Width = 32> <Depth = 3> <FIFO>
ST_5 : Operation 24 [1/1] (0.00ns)   --->   "%empty_116 = call i32 (...)* @_ssdm_op_SpecRegionEnd([12 x i8]* @p_str50, i32 %tmp)" [firmware/nnet_utils/nnet_activation_stream.h:74]   --->   Operation 24 'specregionend' 'empty_116' <Predicate = (!icmp_ln60)> <Delay = 0.00>
ST_5 : Operation 25 [1/1] (0.00ns)   --->   "br label %1" [firmware/nnet_utils/nnet_activation_stream.h:60]   --->   Operation 25 'br' <Predicate = (!icmp_ln60)> <Delay = 0.00>

State 6 <SV = 2> <Delay = 0.00>
ST_6 : Operation 26 [1/1] (0.00ns)   --->   "ret void" [firmware/nnet_utils/nnet_activation_stream.h:75]   --->   Operation 26 'ret' <Predicate = true> <Delay = 0.00>


============================================================
+ Verbose Summary: Timing violations
============================================================
Target clock period: 5ns, clock uncertainty: 0.625ns.

 <State 1>: 1.77ns
The critical path consists of the following:
	multiplexor before 'phi' operation ('i') with incoming values : ('i', firmware/nnet_utils/nnet_activation_stream.h:60) [7]  (1.77 ns)

 <State 2>: 1.88ns
The critical path consists of the following:
	'phi' operation ('i') with incoming values : ('i', firmware/nnet_utils/nnet_activation_stream.h:60) [7]  (0 ns)
	'icmp' operation ('icmp_ln60', firmware/nnet_utils/nnet_activation_stream.h:60) [8]  (1.88 ns)

 <State 3>: 2.19ns
The critical path consists of the following:
	fifo read on port 'data_V_data_V' (firmware/nnet_utils/nnet_activation_stream.h:63) [16]  (2.19 ns)

 <State 4>: 3.21ns
The critical path consists of the following:
	'icmp' operation ('icmp_ln1494', firmware/nnet_utils/nnet_activation_stream.h:69) [18]  (2.47 ns)
	'select' operation ('out_data.data.V', firmware/nnet_utils/nnet_activation_stream.h:69) [19]  (0.733 ns)

 <State 5>: 2.19ns
The critical path consists of the following:
	fifo write on port 'res_V_data_V' (firmware/nnet_utils/nnet_activation_stream.h:73) [21]  (2.19 ns)

 <State 6>: 0ns
The critical path consists of the following:


============================================================
+ Verbose Summary: Binding
============================================================
N/A
* FSMD analyzer results:
  - Output states:
 - Input state : 
  - Chain level:
	State 1
	State 2
	State 3
	State 4
	State 5
	State 6


============================================================
+ Verbose Summary: Datapath Resource usage 
============================================================
N/A
