

================================================================
== Vivado HLS Report for 'resize_nearest_array_ap_fixed_4u_config13_s'
================================================================
* Date:           Sat Apr  2 23:57:58 2022

* Version:        2019.2.1 (Build 2724168 on Thu Dec 05 05:19:09 MST 2019)
* Project:        myproject_prj
* Solution:       solution1
* Product family: zynq
* Target device:  xc7z020-clg400-1


================================================================
== Performance Estimates
================================================================
+ Timing: 
    * Summary: 
    +--------+---------+----------+------------+
    |  Clock |  Target | Estimated| Uncertainty|
    +--------+---------+----------+------------+
    |ap_clk  | 5.00 ns | 4.375 ns |   0.62 ns  |
    +--------+---------+----------+------------+

+ Latency: 
    * Summary: 
    +---------+---------+----------+----------+-----+-----+---------+
    |  Latency (cycles) |  Latency (absolute) |  Interval | Pipeline|
    |   min   |   max   |    min   |    max   | min | max |   Type  |
    +---------+---------+----------+----------+-----+-----+---------+
    |       66|       66| 0.330 us | 0.330 us |   66|   66|   none  |
    +---------+---------+----------+----------+-----+-----+---------+

    + Detail: 
        * Instance: 
        N/A

        * Loop: 
        +----------+---------+---------+----------+-----------+-----------+------+----------+
        |          |  Latency (cycles) | Iteration|  Initiation Interval  | Trip |          |
        | Loop Name|   min   |   max   |  Latency |  achieved |   target  | Count| Pipelined|
        +----------+---------+---------+----------+-----------+-----------+------+----------+
        |- Loop 1  |       64|       64|        17|         16|          1|     4|    yes   |
        +----------+---------+---------+----------+-----------+-----------+------+----------+

============================================================
+ Verbose Summary: Synthesis Manager
============================================================
InlineROM: 1
ExposeGlobal: 0
============================================================
+ Verbose Summary: CDFG Model
============================================================
IsTopModel: 0
ResetActiveHigh: 1
IsCombinational: 2
IsDatapathOnly: 0
HasWiredReturn: 1
HasMFsm: 0
HasVarLatency: 1
IsPipeline: 0
IsRtlPipelined: 0
IsInstanceOverlapped: 0
IsDontTouch: 0
HasImplIP: 0
IsGatedGlobalClock: 0

+ Individual pipeline summary: 
  * Pipeline-0: initiation interval (II) = 16, depth = 17


============================================================
+ Verbose Summary: Schedule
============================================================
* Number of FSM states : 19
* Pipeline : 1
  Pipeline-0 : II = 16, D = 17, States = { 2 3 4 5 6 7 8 9 10 11 12 13 14 15 16 17 18 }
* Dataflow Pipeline: 0

* FSM state transitions: 
1 --> 2 
2 --> 19 3 
3 --> 4 
4 --> 5 
5 --> 6 
6 --> 7 
7 --> 8 
8 --> 9 
9 --> 10 
10 --> 11 
11 --> 12 
12 --> 13 
13 --> 14 
14 --> 15 
15 --> 16 
16 --> 17 
17 --> 18 
18 --> 2 
19 --> 

* FSM state operations: 

State 1 <SV = 0> <Delay = 1.76>
ST_1 : Operation 20 [1/1] (0.00ns)   --->   "call void (...)* @_ssdm_op_SpecInterface(i32* %resized_V_data_3_V, [8 x i8]* @ap_fifo_str, i32 0, i32 0, [1 x i8]* @p_str, i32 0, i32 0, [1 x i8]* @p_str, [1 x i8]* @p_str, [1 x i8]* @p_str, i32 2, i32 2, i32 16, i32 16, [1 x i8]* @p_str, [1 x i8]* @p_str)"   --->   Operation 20 'specinterface' <Predicate = true> <Delay = 0.00>
ST_1 : Operation 21 [1/1] (0.00ns)   --->   "call void (...)* @_ssdm_op_SpecInterface(i32* %resized_V_data_2_V, [8 x i8]* @ap_fifo_str, i32 0, i32 0, [1 x i8]* @p_str, i32 0, i32 0, [1 x i8]* @p_str, [1 x i8]* @p_str, [1 x i8]* @p_str, i32 2, i32 2, i32 16, i32 16, [1 x i8]* @p_str, [1 x i8]* @p_str)"   --->   Operation 21 'specinterface' <Predicate = true> <Delay = 0.00>
ST_1 : Operation 22 [1/1] (0.00ns)   --->   "call void (...)* @_ssdm_op_SpecInterface(i32* %resized_V_data_1_V, [8 x i8]* @ap_fifo_str, i32 0, i32 0, [1 x i8]* @p_str, i32 0, i32 0, [1 x i8]* @p_str, [1 x i8]* @p_str, [1 x i8]* @p_str, i32 2, i32 2, i32 16, i32 16, [1 x i8]* @p_str, [1 x i8]* @p_str)"   --->   Operation 22 'specinterface' <Predicate = true> <Delay = 0.00>
ST_1 : Operation 23 [1/1] (0.00ns)   --->   "call void (...)* @_ssdm_op_SpecInterface(i32* %resized_V_data_0_V, [8 x i8]* @ap_fifo_str, i32 0, i32 0, [1 x i8]* @p_str, i32 0, i32 0, [1 x i8]* @p_str, [1 x i8]* @p_str, [1 x i8]* @p_str, i32 2, i32 2, i32 16, i32 16, [1 x i8]* @p_str, [1 x i8]* @p_str)"   --->   Operation 23 'specinterface' <Predicate = true> <Delay = 0.00>
ST_1 : Operation 24 [1/1] (0.00ns)   --->   "call void (...)* @_ssdm_op_SpecInterface(i32* %image_V_data_3_V, [8 x i8]* @ap_fifo_str, i32 0, i32 0, [1 x i8]* @p_str, i32 0, i32 0, [1 x i8]* @p_str, [1 x i8]* @p_str, [1 x i8]* @p_str, i32 2, i32 2, i32 16, i32 16, [1 x i8]* @p_str, [1 x i8]* @p_str)"   --->   Operation 24 'specinterface' <Predicate = true> <Delay = 0.00>
ST_1 : Operation 25 [1/1] (0.00ns)   --->   "call void (...)* @_ssdm_op_SpecInterface(i32* %image_V_data_2_V, [8 x i8]* @ap_fifo_str, i32 0, i32 0, [1 x i8]* @p_str, i32 0, i32 0, [1 x i8]* @p_str, [1 x i8]* @p_str, [1 x i8]* @p_str, i32 2, i32 2, i32 16, i32 16, [1 x i8]* @p_str, [1 x i8]* @p_str)"   --->   Operation 25 'specinterface' <Predicate = true> <Delay = 0.00>
ST_1 : Operation 26 [1/1] (0.00ns)   --->   "call void (...)* @_ssdm_op_SpecInterface(i32* %image_V_data_1_V, [8 x i8]* @ap_fifo_str, i32 0, i32 0, [1 x i8]* @p_str, i32 0, i32 0, [1 x i8]* @p_str, [1 x i8]* @p_str, [1 x i8]* @p_str, i32 2, i32 2, i32 16, i32 16, [1 x i8]* @p_str, [1 x i8]* @p_str)"   --->   Operation 26 'specinterface' <Predicate = true> <Delay = 0.00>
ST_1 : Operation 27 [1/1] (0.00ns)   --->   "call void (...)* @_ssdm_op_SpecInterface(i32* %image_V_data_0_V, [8 x i8]* @ap_fifo_str, i32 0, i32 0, [1 x i8]* @p_str, i32 0, i32 0, [1 x i8]* @p_str, [1 x i8]* @p_str, [1 x i8]* @p_str, i32 2, i32 2, i32 16, i32 16, [1 x i8]* @p_str, [1 x i8]* @p_str)"   --->   Operation 27 'specinterface' <Predicate = true> <Delay = 0.00>
ST_1 : Operation 28 [1/1] (1.76ns)   --->   "br label %1" [firmware/nnet_utils/nnet_image_stream.h:54]   --->   Operation 28 'br' <Predicate = true> <Delay = 1.76>

State 2 <SV = 1> <Delay = 1.65>
ST_2 : Operation 29 [1/1] (0.00ns)   --->   "%h_0 = phi i3 [ 0, %0 ], [ %h, %hls_label_65 ]"   --->   Operation 29 'phi' 'h_0' <Predicate = true> <Delay = 0.00>
ST_2 : Operation 30 [1/1] (1.13ns)   --->   "%icmp_ln54 = icmp eq i3 %h_0, -4" [firmware/nnet_utils/nnet_image_stream.h:54]   --->   Operation 30 'icmp' 'icmp_ln54' <Predicate = true> <Delay = 1.13> <Core = "Cmp">   --->   Core 25 'Cmp' <Latency = 0> <II = 1> <Delay = 1.13> <FuncUnit> <Opcode : 'icmp'> <InPorts = 2> <OutPorts = 1>
ST_2 : Operation 31 [1/1] (0.00ns)   --->   "%empty = call i32 (...)* @_ssdm_op_SpecLoopTripCount(i64 4, i64 4, i64 4)"   --->   Operation 31 'speclooptripcount' 'empty' <Predicate = true> <Delay = 0.00>
ST_2 : Operation 32 [1/1] (1.65ns)   --->   "%h = add i3 %h_0, 1" [firmware/nnet_utils/nnet_image_stream.h:54]   --->   Operation 32 'add' 'h' <Predicate = true> <Delay = 1.65> <Core = "AddSub">   --->   Core 14 'AddSub' <Latency = 0> <II = 1> <Delay = 1.65> <FuncUnit> <Opcode : 'add' 'sub'> <InPorts = 2> <OutPorts = 1>
ST_2 : Operation 33 [1/1] (0.00ns)   --->   "br i1 %icmp_ln54, label %2, label %hls_label_65" [firmware/nnet_utils/nnet_image_stream.h:54]   --->   Operation 33 'br' <Predicate = true> <Delay = 0.00>

State 3 <SV = 2> <Delay = 4.37>
ST_3 : Operation 34 [1/1] (2.18ns)   --->   "%empty_99 = call { i32, i32, i32, i32 } @_ssdm_op_Read.ap_fifo.volatile.i32P.i32P.i32P.i32P(i32* %image_V_data_0_V, i32* %image_V_data_1_V, i32* %image_V_data_2_V, i32* %image_V_data_3_V)" [firmware/nnet_utils/nnet_image_stream.h:63]   --->   Operation 34 'read' 'empty_99' <Predicate = (!icmp_ln54)> <Delay = 2.18> <Core = "FIFO">   --->   Core 32 'FIFO' <Latency = 0> <II = 1> <Delay = 3.63> <Storage> <Opcode : 'read' 'write' 'nbread' 'nbwrite'> <Ports = 0> <Width = 32> <Depth = 3> <FIFO>
ST_3 : Operation 35 [1/1] (0.00ns)   --->   "%tmp_data_0_V = extractvalue { i32, i32, i32, i32 } %empty_99, 0" [firmware/nnet_utils/nnet_image_stream.h:63]   --->   Operation 35 'extractvalue' 'tmp_data_0_V' <Predicate = (!icmp_ln54)> <Delay = 0.00>
ST_3 : Operation 36 [1/1] (0.00ns)   --->   "%tmp_data_1_V = extractvalue { i32, i32, i32, i32 } %empty_99, 1" [firmware/nnet_utils/nnet_image_stream.h:63]   --->   Operation 36 'extractvalue' 'tmp_data_1_V' <Predicate = (!icmp_ln54)> <Delay = 0.00>
ST_3 : Operation 37 [1/1] (0.00ns)   --->   "%tmp_data_2_V = extractvalue { i32, i32, i32, i32 } %empty_99, 2" [firmware/nnet_utils/nnet_image_stream.h:63]   --->   Operation 37 'extractvalue' 'tmp_data_2_V' <Predicate = (!icmp_ln54)> <Delay = 0.00>
ST_3 : Operation 38 [1/1] (0.00ns)   --->   "%tmp_data_3_V = extractvalue { i32, i32, i32, i32 } %empty_99, 3" [firmware/nnet_utils/nnet_image_stream.h:63]   --->   Operation 38 'extractvalue' 'tmp_data_3_V' <Predicate = (!icmp_ln54)> <Delay = 0.00>
ST_3 : Operation 39 [1/1] (2.18ns)   --->   "call void @_ssdm_op_Write.ap_fifo.volatile.i32P.i32P.i32P.i32P(i32* %resized_V_data_0_V, i32* %resized_V_data_1_V, i32* %resized_V_data_2_V, i32* %resized_V_data_3_V, i32 %tmp_data_0_V, i32 %tmp_data_1_V, i32 %tmp_data_2_V, i32 %tmp_data_3_V)" [firmware/nnet_utils/nnet_image_stream.h:83]   --->   Operation 39 'write' <Predicate = (!icmp_ln54)> <Delay = 2.18> <Core = "FIFO">   --->   Core 32 'FIFO' <Latency = 0> <II = 1> <Delay = 3.63> <Storage> <Opcode : 'read' 'write' 'nbread' 'nbwrite'> <Ports = 0> <Width = 32> <Depth = 3> <FIFO>

State 4 <SV = 3> <Delay = 2.18>
ST_4 : Operation 40 [1/1] (2.18ns)   --->   "call void @_ssdm_op_Write.ap_fifo.volatile.i32P.i32P.i32P.i32P(i32* %resized_V_data_0_V, i32* %resized_V_data_1_V, i32* %resized_V_data_2_V, i32* %resized_V_data_3_V, i32 %tmp_data_0_V, i32 %tmp_data_1_V, i32 %tmp_data_2_V, i32 %tmp_data_3_V)" [firmware/nnet_utils/nnet_image_stream.h:83]   --->   Operation 40 'write' <Predicate = (!icmp_ln54)> <Delay = 2.18> <Core = "FIFO">   --->   Core 32 'FIFO' <Latency = 0> <II = 1> <Delay = 3.63> <Storage> <Opcode : 'read' 'write' 'nbread' 'nbwrite'> <Ports = 0> <Width = 32> <Depth = 3> <FIFO>

State 5 <SV = 4> <Delay = 4.37>
ST_5 : Operation 41 [1/1] (2.18ns)   --->   "%empty_100 = call { i32, i32, i32, i32 } @_ssdm_op_Read.ap_fifo.volatile.i32P.i32P.i32P.i32P(i32* %image_V_data_0_V, i32* %image_V_data_1_V, i32* %image_V_data_2_V, i32* %image_V_data_3_V)" [firmware/nnet_utils/nnet_image_stream.h:63]   --->   Operation 41 'read' 'empty_100' <Predicate = (!icmp_ln54)> <Delay = 2.18> <Core = "FIFO">   --->   Core 32 'FIFO' <Latency = 0> <II = 1> <Delay = 3.63> <Storage> <Opcode : 'read' 'write' 'nbread' 'nbwrite'> <Ports = 0> <Width = 32> <Depth = 3> <FIFO>
ST_5 : Operation 42 [1/1] (0.00ns)   --->   "%tmp_data_0_V_23 = extractvalue { i32, i32, i32, i32 } %empty_100, 0" [firmware/nnet_utils/nnet_image_stream.h:63]   --->   Operation 42 'extractvalue' 'tmp_data_0_V_23' <Predicate = (!icmp_ln54)> <Delay = 0.00>
ST_5 : Operation 43 [1/1] (0.00ns)   --->   "%tmp_data_1_V_23 = extractvalue { i32, i32, i32, i32 } %empty_100, 1" [firmware/nnet_utils/nnet_image_stream.h:63]   --->   Operation 43 'extractvalue' 'tmp_data_1_V_23' <Predicate = (!icmp_ln54)> <Delay = 0.00>
ST_5 : Operation 44 [1/1] (0.00ns)   --->   "%tmp_data_2_V_23 = extractvalue { i32, i32, i32, i32 } %empty_100, 2" [firmware/nnet_utils/nnet_image_stream.h:63]   --->   Operation 44 'extractvalue' 'tmp_data_2_V_23' <Predicate = (!icmp_ln54)> <Delay = 0.00>
ST_5 : Operation 45 [1/1] (0.00ns)   --->   "%tmp_data_3_V_23 = extractvalue { i32, i32, i32, i32 } %empty_100, 3" [firmware/nnet_utils/nnet_image_stream.h:63]   --->   Operation 45 'extractvalue' 'tmp_data_3_V_23' <Predicate = (!icmp_ln54)> <Delay = 0.00>
ST_5 : Operation 46 [1/1] (2.18ns)   --->   "call void @_ssdm_op_Write.ap_fifo.volatile.i32P.i32P.i32P.i32P(i32* %resized_V_data_0_V, i32* %resized_V_data_1_V, i32* %resized_V_data_2_V, i32* %resized_V_data_3_V, i32 %tmp_data_0_V_23, i32 %tmp_data_1_V_23, i32 %tmp_data_2_V_23, i32 %tmp_data_3_V_23)" [firmware/nnet_utils/nnet_image_stream.h:83]   --->   Operation 46 'write' <Predicate = (!icmp_ln54)> <Delay = 2.18> <Core = "FIFO">   --->   Core 32 'FIFO' <Latency = 0> <II = 1> <Delay = 3.63> <Storage> <Opcode : 'read' 'write' 'nbread' 'nbwrite'> <Ports = 0> <Width = 32> <Depth = 3> <FIFO>

State 6 <SV = 5> <Delay = 2.18>
ST_6 : Operation 47 [1/1] (2.18ns)   --->   "call void @_ssdm_op_Write.ap_fifo.volatile.i32P.i32P.i32P.i32P(i32* %resized_V_data_0_V, i32* %resized_V_data_1_V, i32* %resized_V_data_2_V, i32* %resized_V_data_3_V, i32 %tmp_data_0_V_23, i32 %tmp_data_1_V_23, i32 %tmp_data_2_V_23, i32 %tmp_data_3_V_23)" [firmware/nnet_utils/nnet_image_stream.h:83]   --->   Operation 47 'write' <Predicate = (!icmp_ln54)> <Delay = 2.18> <Core = "FIFO">   --->   Core 32 'FIFO' <Latency = 0> <II = 1> <Delay = 3.63> <Storage> <Opcode : 'read' 'write' 'nbread' 'nbwrite'> <Ports = 0> <Width = 32> <Depth = 3> <FIFO>

State 7 <SV = 6> <Delay = 4.37>
ST_7 : Operation 48 [1/1] (2.18ns)   --->   "%empty_101 = call { i32, i32, i32, i32 } @_ssdm_op_Read.ap_fifo.volatile.i32P.i32P.i32P.i32P(i32* %image_V_data_0_V, i32* %image_V_data_1_V, i32* %image_V_data_2_V, i32* %image_V_data_3_V)" [firmware/nnet_utils/nnet_image_stream.h:63]   --->   Operation 48 'read' 'empty_101' <Predicate = (!icmp_ln54)> <Delay = 2.18> <Core = "FIFO">   --->   Core 32 'FIFO' <Latency = 0> <II = 1> <Delay = 3.63> <Storage> <Opcode : 'read' 'write' 'nbread' 'nbwrite'> <Ports = 0> <Width = 32> <Depth = 3> <FIFO>
ST_7 : Operation 49 [1/1] (0.00ns)   --->   "%tmp_data_0_V_24 = extractvalue { i32, i32, i32, i32 } %empty_101, 0" [firmware/nnet_utils/nnet_image_stream.h:63]   --->   Operation 49 'extractvalue' 'tmp_data_0_V_24' <Predicate = (!icmp_ln54)> <Delay = 0.00>
ST_7 : Operation 50 [1/1] (0.00ns)   --->   "%tmp_data_1_V_24 = extractvalue { i32, i32, i32, i32 } %empty_101, 1" [firmware/nnet_utils/nnet_image_stream.h:63]   --->   Operation 50 'extractvalue' 'tmp_data_1_V_24' <Predicate = (!icmp_ln54)> <Delay = 0.00>
ST_7 : Operation 51 [1/1] (0.00ns)   --->   "%tmp_data_2_V_24 = extractvalue { i32, i32, i32, i32 } %empty_101, 2" [firmware/nnet_utils/nnet_image_stream.h:63]   --->   Operation 51 'extractvalue' 'tmp_data_2_V_24' <Predicate = (!icmp_ln54)> <Delay = 0.00>
ST_7 : Operation 52 [1/1] (0.00ns)   --->   "%tmp_data_3_V_24 = extractvalue { i32, i32, i32, i32 } %empty_101, 3" [firmware/nnet_utils/nnet_image_stream.h:63]   --->   Operation 52 'extractvalue' 'tmp_data_3_V_24' <Predicate = (!icmp_ln54)> <Delay = 0.00>
ST_7 : Operation 53 [1/1] (2.18ns)   --->   "call void @_ssdm_op_Write.ap_fifo.volatile.i32P.i32P.i32P.i32P(i32* %resized_V_data_0_V, i32* %resized_V_data_1_V, i32* %resized_V_data_2_V, i32* %resized_V_data_3_V, i32 %tmp_data_0_V_24, i32 %tmp_data_1_V_24, i32 %tmp_data_2_V_24, i32 %tmp_data_3_V_24)" [firmware/nnet_utils/nnet_image_stream.h:83]   --->   Operation 53 'write' <Predicate = (!icmp_ln54)> <Delay = 2.18> <Core = "FIFO">   --->   Core 32 'FIFO' <Latency = 0> <II = 1> <Delay = 3.63> <Storage> <Opcode : 'read' 'write' 'nbread' 'nbwrite'> <Ports = 0> <Width = 32> <Depth = 3> <FIFO>

State 8 <SV = 7> <Delay = 2.18>
ST_8 : Operation 54 [1/1] (2.18ns)   --->   "call void @_ssdm_op_Write.ap_fifo.volatile.i32P.i32P.i32P.i32P(i32* %resized_V_data_0_V, i32* %resized_V_data_1_V, i32* %resized_V_data_2_V, i32* %resized_V_data_3_V, i32 %tmp_data_0_V_24, i32 %tmp_data_1_V_24, i32 %tmp_data_2_V_24, i32 %tmp_data_3_V_24)" [firmware/nnet_utils/nnet_image_stream.h:83]   --->   Operation 54 'write' <Predicate = (!icmp_ln54)> <Delay = 2.18> <Core = "FIFO">   --->   Core 32 'FIFO' <Latency = 0> <II = 1> <Delay = 3.63> <Storage> <Opcode : 'read' 'write' 'nbread' 'nbwrite'> <Ports = 0> <Width = 32> <Depth = 3> <FIFO>

State 9 <SV = 8> <Delay = 4.37>
ST_9 : Operation 55 [1/1] (2.18ns)   --->   "%empty_102 = call { i32, i32, i32, i32 } @_ssdm_op_Read.ap_fifo.volatile.i32P.i32P.i32P.i32P(i32* %image_V_data_0_V, i32* %image_V_data_1_V, i32* %image_V_data_2_V, i32* %image_V_data_3_V)" [firmware/nnet_utils/nnet_image_stream.h:63]   --->   Operation 55 'read' 'empty_102' <Predicate = (!icmp_ln54)> <Delay = 2.18> <Core = "FIFO">   --->   Core 32 'FIFO' <Latency = 0> <II = 1> <Delay = 3.63> <Storage> <Opcode : 'read' 'write' 'nbread' 'nbwrite'> <Ports = 0> <Width = 32> <Depth = 3> <FIFO>
ST_9 : Operation 56 [1/1] (0.00ns)   --->   "%tmp_data_0_V_25 = extractvalue { i32, i32, i32, i32 } %empty_102, 0" [firmware/nnet_utils/nnet_image_stream.h:63]   --->   Operation 56 'extractvalue' 'tmp_data_0_V_25' <Predicate = (!icmp_ln54)> <Delay = 0.00>
ST_9 : Operation 57 [1/1] (0.00ns)   --->   "%tmp_data_1_V_25 = extractvalue { i32, i32, i32, i32 } %empty_102, 1" [firmware/nnet_utils/nnet_image_stream.h:63]   --->   Operation 57 'extractvalue' 'tmp_data_1_V_25' <Predicate = (!icmp_ln54)> <Delay = 0.00>
ST_9 : Operation 58 [1/1] (0.00ns)   --->   "%tmp_data_2_V_25 = extractvalue { i32, i32, i32, i32 } %empty_102, 2" [firmware/nnet_utils/nnet_image_stream.h:63]   --->   Operation 58 'extractvalue' 'tmp_data_2_V_25' <Predicate = (!icmp_ln54)> <Delay = 0.00>
ST_9 : Operation 59 [1/1] (0.00ns)   --->   "%tmp_data_3_V_25 = extractvalue { i32, i32, i32, i32 } %empty_102, 3" [firmware/nnet_utils/nnet_image_stream.h:63]   --->   Operation 59 'extractvalue' 'tmp_data_3_V_25' <Predicate = (!icmp_ln54)> <Delay = 0.00>
ST_9 : Operation 60 [1/1] (2.18ns)   --->   "call void @_ssdm_op_Write.ap_fifo.volatile.i32P.i32P.i32P.i32P(i32* %resized_V_data_0_V, i32* %resized_V_data_1_V, i32* %resized_V_data_2_V, i32* %resized_V_data_3_V, i32 %tmp_data_0_V_25, i32 %tmp_data_1_V_25, i32 %tmp_data_2_V_25, i32 %tmp_data_3_V_25)" [firmware/nnet_utils/nnet_image_stream.h:83]   --->   Operation 60 'write' <Predicate = (!icmp_ln54)> <Delay = 2.18> <Core = "FIFO">   --->   Core 32 'FIFO' <Latency = 0> <II = 1> <Delay = 3.63> <Storage> <Opcode : 'read' 'write' 'nbread' 'nbwrite'> <Ports = 0> <Width = 32> <Depth = 3> <FIFO>

State 10 <SV = 9> <Delay = 2.18>
ST_10 : Operation 61 [1/1] (2.18ns)   --->   "call void @_ssdm_op_Write.ap_fifo.volatile.i32P.i32P.i32P.i32P(i32* %resized_V_data_0_V, i32* %resized_V_data_1_V, i32* %resized_V_data_2_V, i32* %resized_V_data_3_V, i32 %tmp_data_0_V_25, i32 %tmp_data_1_V_25, i32 %tmp_data_2_V_25, i32 %tmp_data_3_V_25)" [firmware/nnet_utils/nnet_image_stream.h:83]   --->   Operation 61 'write' <Predicate = (!icmp_ln54)> <Delay = 2.18> <Core = "FIFO">   --->   Core 32 'FIFO' <Latency = 0> <II = 1> <Delay = 3.63> <Storage> <Opcode : 'read' 'write' 'nbread' 'nbwrite'> <Ports = 0> <Width = 32> <Depth = 3> <FIFO>

State 11 <SV = 10> <Delay = 2.18>
ST_11 : Operation 62 [1/1] (2.18ns)   --->   "call void @_ssdm_op_Write.ap_fifo.volatile.i32P.i32P.i32P.i32P(i32* %resized_V_data_0_V, i32* %resized_V_data_1_V, i32* %resized_V_data_2_V, i32* %resized_V_data_3_V, i32 %tmp_data_0_V, i32 %tmp_data_1_V, i32 %tmp_data_2_V, i32 %tmp_data_3_V)" [firmware/nnet_utils/nnet_image_stream.h:83]   --->   Operation 62 'write' <Predicate = (!icmp_ln54)> <Delay = 2.18> <Core = "FIFO">   --->   Core 32 'FIFO' <Latency = 0> <II = 1> <Delay = 3.63> <Storage> <Opcode : 'read' 'write' 'nbread' 'nbwrite'> <Ports = 0> <Width = 32> <Depth = 3> <FIFO>

State 12 <SV = 11> <Delay = 2.18>
ST_12 : Operation 63 [1/1] (2.18ns)   --->   "call void @_ssdm_op_Write.ap_fifo.volatile.i32P.i32P.i32P.i32P(i32* %resized_V_data_0_V, i32* %resized_V_data_1_V, i32* %resized_V_data_2_V, i32* %resized_V_data_3_V, i32 %tmp_data_0_V, i32 %tmp_data_1_V, i32 %tmp_data_2_V, i32 %tmp_data_3_V)" [firmware/nnet_utils/nnet_image_stream.h:83]   --->   Operation 63 'write' <Predicate = (!icmp_ln54)> <Delay = 2.18> <Core = "FIFO">   --->   Core 32 'FIFO' <Latency = 0> <II = 1> <Delay = 3.63> <Storage> <Opcode : 'read' 'write' 'nbread' 'nbwrite'> <Ports = 0> <Width = 32> <Depth = 3> <FIFO>

State 13 <SV = 12> <Delay = 2.18>
ST_13 : Operation 64 [1/1] (2.18ns)   --->   "call void @_ssdm_op_Write.ap_fifo.volatile.i32P.i32P.i32P.i32P(i32* %resized_V_data_0_V, i32* %resized_V_data_1_V, i32* %resized_V_data_2_V, i32* %resized_V_data_3_V, i32 %tmp_data_0_V_23, i32 %tmp_data_1_V_23, i32 %tmp_data_2_V_23, i32 %tmp_data_3_V_23)" [firmware/nnet_utils/nnet_image_stream.h:83]   --->   Operation 64 'write' <Predicate = (!icmp_ln54)> <Delay = 2.18> <Core = "FIFO">   --->   Core 32 'FIFO' <Latency = 0> <II = 1> <Delay = 3.63> <Storage> <Opcode : 'read' 'write' 'nbread' 'nbwrite'> <Ports = 0> <Width = 32> <Depth = 3> <FIFO>

State 14 <SV = 13> <Delay = 2.18>
ST_14 : Operation 65 [1/1] (2.18ns)   --->   "call void @_ssdm_op_Write.ap_fifo.volatile.i32P.i32P.i32P.i32P(i32* %resized_V_data_0_V, i32* %resized_V_data_1_V, i32* %resized_V_data_2_V, i32* %resized_V_data_3_V, i32 %tmp_data_0_V_23, i32 %tmp_data_1_V_23, i32 %tmp_data_2_V_23, i32 %tmp_data_3_V_23)" [firmware/nnet_utils/nnet_image_stream.h:83]   --->   Operation 65 'write' <Predicate = (!icmp_ln54)> <Delay = 2.18> <Core = "FIFO">   --->   Core 32 'FIFO' <Latency = 0> <II = 1> <Delay = 3.63> <Storage> <Opcode : 'read' 'write' 'nbread' 'nbwrite'> <Ports = 0> <Width = 32> <Depth = 3> <FIFO>

State 15 <SV = 14> <Delay = 2.18>
ST_15 : Operation 66 [1/1] (2.18ns)   --->   "call void @_ssdm_op_Write.ap_fifo.volatile.i32P.i32P.i32P.i32P(i32* %resized_V_data_0_V, i32* %resized_V_data_1_V, i32* %resized_V_data_2_V, i32* %resized_V_data_3_V, i32 %tmp_data_0_V_24, i32 %tmp_data_1_V_24, i32 %tmp_data_2_V_24, i32 %tmp_data_3_V_24)" [firmware/nnet_utils/nnet_image_stream.h:83]   --->   Operation 66 'write' <Predicate = (!icmp_ln54)> <Delay = 2.18> <Core = "FIFO">   --->   Core 32 'FIFO' <Latency = 0> <II = 1> <Delay = 3.63> <Storage> <Opcode : 'read' 'write' 'nbread' 'nbwrite'> <Ports = 0> <Width = 32> <Depth = 3> <FIFO>

State 16 <SV = 15> <Delay = 2.18>
ST_16 : Operation 67 [1/1] (2.18ns)   --->   "call void @_ssdm_op_Write.ap_fifo.volatile.i32P.i32P.i32P.i32P(i32* %resized_V_data_0_V, i32* %resized_V_data_1_V, i32* %resized_V_data_2_V, i32* %resized_V_data_3_V, i32 %tmp_data_0_V_24, i32 %tmp_data_1_V_24, i32 %tmp_data_2_V_24, i32 %tmp_data_3_V_24)" [firmware/nnet_utils/nnet_image_stream.h:83]   --->   Operation 67 'write' <Predicate = (!icmp_ln54)> <Delay = 2.18> <Core = "FIFO">   --->   Core 32 'FIFO' <Latency = 0> <II = 1> <Delay = 3.63> <Storage> <Opcode : 'read' 'write' 'nbread' 'nbwrite'> <Ports = 0> <Width = 32> <Depth = 3> <FIFO>

State 17 <SV = 16> <Delay = 2.18>
ST_17 : Operation 68 [1/1] (2.18ns)   --->   "call void @_ssdm_op_Write.ap_fifo.volatile.i32P.i32P.i32P.i32P(i32* %resized_V_data_0_V, i32* %resized_V_data_1_V, i32* %resized_V_data_2_V, i32* %resized_V_data_3_V, i32 %tmp_data_0_V_25, i32 %tmp_data_1_V_25, i32 %tmp_data_2_V_25, i32 %tmp_data_3_V_25)" [firmware/nnet_utils/nnet_image_stream.h:83]   --->   Operation 68 'write' <Predicate = (!icmp_ln54)> <Delay = 2.18> <Core = "FIFO">   --->   Core 32 'FIFO' <Latency = 0> <II = 1> <Delay = 3.63> <Storage> <Opcode : 'read' 'write' 'nbread' 'nbwrite'> <Ports = 0> <Width = 32> <Depth = 3> <FIFO>

State 18 <SV = 17> <Delay = 2.18>
ST_18 : Operation 69 [1/1] (0.00ns)   --->   "%tmp = call i32 (...)* @_ssdm_op_SpecRegionBegin([13 x i8]* @p_str95)" [firmware/nnet_utils/nnet_image_stream.h:54]   --->   Operation 69 'specregionbegin' 'tmp' <Predicate = (!icmp_ln54)> <Delay = 0.00>
ST_18 : Operation 70 [1/1] (0.00ns)   --->   "call void (...)* @_ssdm_op_SpecPipeline(i32 -1, i32 1, i32 1, i32 0, [1 x i8]* @p_str23) nounwind" [firmware/nnet_utils/nnet_image_stream.h:55]   --->   Operation 70 'specpipeline' <Predicate = (!icmp_ln54)> <Delay = 0.00>
ST_18 : Operation 71 [1/1] (2.18ns)   --->   "call void @_ssdm_op_Write.ap_fifo.volatile.i32P.i32P.i32P.i32P(i32* %resized_V_data_0_V, i32* %resized_V_data_1_V, i32* %resized_V_data_2_V, i32* %resized_V_data_3_V, i32 %tmp_data_0_V_25, i32 %tmp_data_1_V_25, i32 %tmp_data_2_V_25, i32 %tmp_data_3_V_25)" [firmware/nnet_utils/nnet_image_stream.h:83]   --->   Operation 71 'write' <Predicate = (!icmp_ln54)> <Delay = 2.18> <Core = "FIFO">   --->   Core 32 'FIFO' <Latency = 0> <II = 1> <Delay = 3.63> <Storage> <Opcode : 'read' 'write' 'nbread' 'nbwrite'> <Ports = 0> <Width = 32> <Depth = 3> <FIFO>
ST_18 : Operation 72 [1/1] (0.00ns)   --->   "%empty_103 = call i32 (...)* @_ssdm_op_SpecRegionEnd([13 x i8]* @p_str95, i32 %tmp)" [firmware/nnet_utils/nnet_image_stream.h:94]   --->   Operation 72 'specregionend' 'empty_103' <Predicate = (!icmp_ln54)> <Delay = 0.00>
ST_18 : Operation 73 [1/1] (0.00ns)   --->   "br label %1" [firmware/nnet_utils/nnet_image_stream.h:54]   --->   Operation 73 'br' <Predicate = (!icmp_ln54)> <Delay = 0.00>

State 19 <SV = 2> <Delay = 0.00>
ST_19 : Operation 74 [1/1] (0.00ns)   --->   "ret void" [firmware/nnet_utils/nnet_image_stream.h:95]   --->   Operation 74 'ret' <Predicate = true> <Delay = 0.00>


============================================================
+ Verbose Summary: Timing violations
============================================================
Target clock period: 5ns, clock uncertainty: 0.625ns.

 <State 1>: 1.77ns
The critical path consists of the following:
	multiplexor before 'phi' operation ('h') with incoming values : ('h', firmware/nnet_utils/nnet_image_stream.h:54) [19]  (1.77 ns)

 <State 2>: 1.65ns
The critical path consists of the following:
	'phi' operation ('h') with incoming values : ('h', firmware/nnet_utils/nnet_image_stream.h:54) [19]  (0 ns)
	'add' operation ('h', firmware/nnet_utils/nnet_image_stream.h:54) [22]  (1.65 ns)

 <State 3>: 4.38ns
The critical path consists of the following:
	fifo read on port 'image_V_data_0_V' (firmware/nnet_utils/nnet_image_stream.h:63) [27]  (2.19 ns)
	fifo write on port 'resized_V_data_0_V' (firmware/nnet_utils/nnet_image_stream.h:83) [47]  (2.19 ns)

 <State 4>: 2.19ns
The critical path consists of the following:
	fifo write on port 'resized_V_data_0_V' (firmware/nnet_utils/nnet_image_stream.h:83) [48]  (2.19 ns)

 <State 5>: 4.38ns
The critical path consists of the following:
	fifo read on port 'image_V_data_0_V' (firmware/nnet_utils/nnet_image_stream.h:63) [32]  (2.19 ns)
	fifo write on port 'resized_V_data_0_V' (firmware/nnet_utils/nnet_image_stream.h:83) [49]  (2.19 ns)

 <State 6>: 2.19ns
The critical path consists of the following:
	fifo write on port 'resized_V_data_0_V' (firmware/nnet_utils/nnet_image_stream.h:83) [50]  (2.19 ns)

 <State 7>: 4.38ns
The critical path consists of the following:
	fifo read on port 'image_V_data_0_V' (firmware/nnet_utils/nnet_image_stream.h:63) [37]  (2.19 ns)
	fifo write on port 'resized_V_data_0_V' (firmware/nnet_utils/nnet_image_stream.h:83) [51]  (2.19 ns)

 <State 8>: 2.19ns
The critical path consists of the following:
	fifo write on port 'resized_V_data_0_V' (firmware/nnet_utils/nnet_image_stream.h:83) [52]  (2.19 ns)

 <State 9>: 4.38ns
The critical path consists of the following:
	fifo read on port 'image_V_data_0_V' (firmware/nnet_utils/nnet_image_stream.h:63) [42]  (2.19 ns)
	fifo write on port 'resized_V_data_0_V' (firmware/nnet_utils/nnet_image_stream.h:83) [53]  (2.19 ns)

 <State 10>: 2.19ns
The critical path consists of the following:
	fifo write on port 'resized_V_data_0_V' (firmware/nnet_utils/nnet_image_stream.h:83) [54]  (2.19 ns)

 <State 11>: 2.19ns
The critical path consists of the following:
	fifo write on port 'resized_V_data_0_V' (firmware/nnet_utils/nnet_image_stream.h:83) [55]  (2.19 ns)

 <State 12>: 2.19ns
The critical path consists of the following:
	fifo write on port 'resized_V_data_0_V' (firmware/nnet_utils/nnet_image_stream.h:83) [56]  (2.19 ns)

 <State 13>: 2.19ns
The critical path consists of the following:
	fifo write on port 'resized_V_data_0_V' (firmware/nnet_utils/nnet_image_stream.h:83) [57]  (2.19 ns)

 <State 14>: 2.19ns
The critical path consists of the following:
	fifo write on port 'resized_V_data_0_V' (firmware/nnet_utils/nnet_image_stream.h:83) [58]  (2.19 ns)

 <State 15>: 2.19ns
The critical path consists of the following:
	fifo write on port 'resized_V_data_0_V' (firmware/nnet_utils/nnet_image_stream.h:83) [59]  (2.19 ns)

 <State 16>: 2.19ns
The critical path consists of the following:
	fifo write on port 'resized_V_data_0_V' (firmware/nnet_utils/nnet_image_stream.h:83) [60]  (2.19 ns)

 <State 17>: 2.19ns
The critical path consists of the following:
	fifo write on port 'resized_V_data_0_V' (firmware/nnet_utils/nnet_image_stream.h:83) [61]  (2.19 ns)

 <State 18>: 2.19ns
The critical path consists of the following:
	fifo write on port 'resized_V_data_0_V' (firmware/nnet_utils/nnet_image_stream.h:83) [62]  (2.19 ns)

 <State 19>: 0ns
The critical path consists of the following:


============================================================
+ Verbose Summary: Binding
============================================================
N/A
* FSMD analyzer results:
  - Output states:
 - Input state : 
  - Chain level:
	State 1
	State 2
	State 3
	State 4
	State 5
	State 6
	State 7
	State 8
	State 9
	State 10
	State 11
	State 12
	State 13
	State 14
	State 15
	State 16
	State 17
	State 18
	State 19


============================================================
+ Verbose Summary: Datapath Resource usage 
============================================================
N/A
