

================================================================
== Vivado HLS Report for 'shift_line_buffer_array_ap_fixed_1u_config2_s'
================================================================
* Date:           Sat Apr  2 23:57:51 2022

* Version:        2019.2.1 (Build 2724168 on Thu Dec 05 05:19:09 MST 2019)
* Project:        myproject_prj
* Solution:       solution1
* Product family: zynq
* Target device:  xc7z020-clg400-1


================================================================
== Performance Estimates
================================================================
+ Timing: 
    * Summary: 
    +--------+---------+----------+------------+
    |  Clock |  Target | Estimated| Uncertainty|
    +--------+---------+----------+------------+
    |ap_clk  | 5.00 ns | 3.245 ns |   0.62 ns  |
    +--------+---------+----------+------------+

+ Latency: 
    * Summary: 
    +---------+---------+----------+----------+-----+-----+----------+
    |  Latency (cycles) |  Latency (absolute) |  Interval | Pipeline |
    |   min   |   max   |    min   |    max   | min | max |   Type   |
    +---------+---------+----------+----------+-----+-----+----------+
    |        0|        0|   0 ns   |   0 ns   |    1|    1| function |
    +---------+---------+----------+----------+-----+-----+----------+

    + Detail: 
        * Instance: 
        N/A

        * Loop: 
        N/A

============================================================
+ Verbose Summary: Synthesis Manager
============================================================
InlineROM: 1
ExposeGlobal: 0
============================================================
+ Verbose Summary: CDFG Model
============================================================
IsTopModel: 0
ResetActiveHigh: 1
IsCombinational: 0
IsDatapathOnly: 0
HasWiredReturn: 1
HasMFsm: 2
HasVarLatency: 0
IsPipeline: 1
IsRtlPipelined: 0
IsInstanceOverlapped: 0
IsDontTouch: 0
HasImplIP: 0
IsGatedGlobalClock: 0

+ Individual pipeline summary: 
  * Pipeline-0: initiation interval (II) = 1, depth = 1


============================================================
+ Verbose Summary: Schedule
============================================================
* Number of FSM states : 1
* Pipeline : 1
  Pipeline-0 : II = 1, D = 1, States = { 1 }
* Dataflow Pipeline: 0

* FSM state transitions: 
1 --> 

* FSM state operations: 

State 1 <SV = 0> <Delay = 3.24>
ST_1 : Operation 2 [1/1] (0.00ns)   --->   "%kernel_window_8_V_read25 = call i32 @_ssdm_op_Read.ap_auto.i32(i32 %kernel_window_8_V_read)" [firmware/nnet_utils/nnet_conv_stream.h:209]   --->   Operation 2 'read' 'kernel_window_8_V_read25' <Predicate = true> <Delay = 0.00>
ST_1 : Operation 3 [1/1] (0.00ns)   --->   "%kernel_window_7_V_read24 = call i32 @_ssdm_op_Read.ap_auto.i32(i32 %kernel_window_7_V_read)" [firmware/nnet_utils/nnet_conv_stream.h:209]   --->   Operation 3 'read' 'kernel_window_7_V_read24' <Predicate = true> <Delay = 0.00>
ST_1 : Operation 4 [1/1] (0.00ns)   --->   "%kernel_window_5_V_read23 = call i32 @_ssdm_op_Read.ap_auto.i32(i32 %kernel_window_5_V_read)" [firmware/nnet_utils/nnet_conv_stream.h:209]   --->   Operation 4 'read' 'kernel_window_5_V_read23' <Predicate = true> <Delay = 0.00>
ST_1 : Operation 5 [1/1] (0.00ns)   --->   "%kernel_window_4_V_read22 = call i32 @_ssdm_op_Read.ap_auto.i32(i32 %kernel_window_4_V_read)" [firmware/nnet_utils/nnet_conv_stream.h:209]   --->   Operation 5 'read' 'kernel_window_4_V_read22' <Predicate = true> <Delay = 0.00>
ST_1 : Operation 6 [1/1] (0.00ns)   --->   "%kernel_window_2_V_read_1 = call i32 @_ssdm_op_Read.ap_auto.i32(i32 %kernel_window_2_V_read)" [firmware/nnet_utils/nnet_conv_stream.h:209]   --->   Operation 6 'read' 'kernel_window_2_V_read_1' <Predicate = true> <Delay = 0.00>
ST_1 : Operation 7 [1/1] (0.00ns)   --->   "%kernel_window_1_V_read_1 = call i32 @_ssdm_op_Read.ap_auto.i32(i32 %kernel_window_1_V_read)" [firmware/nnet_utils/nnet_conv_stream.h:209]   --->   Operation 7 'read' 'kernel_window_1_V_read_1' <Predicate = true> <Delay = 0.00>
ST_1 : Operation 8 [1/1] (0.00ns)   --->   "%in_elem_data_V_read_1 = call i32 @_ssdm_op_Read.ap_auto.i32(i32 %in_elem_data_V_read)" [firmware/nnet_utils/nnet_conv_stream.h:209]   --->   Operation 8 'read' 'in_elem_data_V_read_1' <Predicate = true> <Delay = 0.00>
ST_1 : Operation 9 [1/1] (0.00ns)   --->   "call void (...)* @_ssdm_op_SpecPipeline(i32 -1, i32 1, i32 1, i32 0, [1 x i8]* @p_str23) nounwind" [firmware/nnet_utils/nnet_conv_stream.h:214]   --->   Operation 9 'specpipeline' <Predicate = true> <Delay = 0.00>
ST_1 : Operation 10 [1/1] (0.00ns)   --->   "call void (...)* @_ssdm_op_SpecLoopName([17 x i8]* @p_str63) nounwind" [firmware/nnet_utils/nnet_conv_stream.h:227]   --->   Operation 10 'specloopname' <Predicate = true> <Delay = 0.00>
ST_1 : Operation 11 [1/1] (1.62ns)   --->   "%DataOut_V = call i32 @"_ssdm_op_MemShiftRead.[34 x i32]P"(i32* getelementptr inbounds ([34 x i32]* @line_buffer_Array_V_0_0, i64 0, i64 33), i32 %in_elem_data_V_read_1, i1 true)" [firmware/nnet_utils/nnet_conv_stream.h:231]   --->   Operation 11 'memshiftread' 'DataOut_V' <Predicate = true> <Delay = 1.62> <Core = "ShiftReg">   --->   Core 33 'ShiftReg' <Latency = 0> <II = 1> <Delay = 1.62> <Storage> <Opcode : 'memshiftread' 'load'> <Ports = 1> <Width = 32> <Depth = 34> <ShiftMem>
ST_1 : Operation 12 [1/1] (1.62ns)   --->   "%DataOut_V_143 = call i32 @"_ssdm_op_MemShiftRead.[34 x i32]P"(i32* getelementptr inbounds ([34 x i32]* @line_buffer_Array_V_1465_0, i64 0, i64 33), i32 %DataOut_V, i1 true)" [firmware/nnet_utils/nnet_conv_stream.h:231]   --->   Operation 12 'memshiftread' 'DataOut_V_143' <Predicate = true> <Delay = 1.62> <Core = "ShiftReg">   --->   Core 33 'ShiftReg' <Latency = 0> <II = 1> <Delay = 1.62> <Storage> <Opcode : 'memshiftread' 'load'> <Ports = 1> <Width = 32> <Depth = 34> <ShiftMem>
ST_1 : Operation 13 [1/1] (0.00ns)   --->   "%mrv_041 = insertvalue { i32, i32, i32, i32, i32, i32, i32, i32, i32 } undef, i32 %kernel_window_1_V_read_1, 0" [firmware/nnet_utils/nnet_conv_stream.h:236]   --->   Operation 13 'insertvalue' 'mrv_041' <Predicate = true> <Delay = 0.00>
ST_1 : Operation 14 [1/1] (0.00ns)   --->   "%mrv_142 = insertvalue { i32, i32, i32, i32, i32, i32, i32, i32, i32 } %mrv_041, i32 %kernel_window_4_V_read22, 1" [firmware/nnet_utils/nnet_conv_stream.h:236]   --->   Operation 14 'insertvalue' 'mrv_142' <Predicate = true> <Delay = 0.00>
ST_1 : Operation 15 [1/1] (0.00ns)   --->   "%mrv_s = insertvalue { i32, i32, i32, i32, i32, i32, i32, i32, i32 } %mrv_142, i32 %kernel_window_7_V_read24, 2" [firmware/nnet_utils/nnet_conv_stream.h:236]   --->   Operation 15 'insertvalue' 'mrv_s' <Predicate = true> <Delay = 0.00>
ST_1 : Operation 16 [1/1] (0.00ns)   --->   "%mrv_3 = insertvalue { i32, i32, i32, i32, i32, i32, i32, i32, i32 } %mrv_s, i32 %kernel_window_2_V_read_1, 3" [firmware/nnet_utils/nnet_conv_stream.h:236]   --->   Operation 16 'insertvalue' 'mrv_3' <Predicate = true> <Delay = 0.00>
ST_1 : Operation 17 [1/1] (0.00ns)   --->   "%mrv_4 = insertvalue { i32, i32, i32, i32, i32, i32, i32, i32, i32 } %mrv_3, i32 %DataOut_V_143, 4" [firmware/nnet_utils/nnet_conv_stream.h:236]   --->   Operation 17 'insertvalue' 'mrv_4' <Predicate = true> <Delay = 0.00>
ST_1 : Operation 18 [1/1] (0.00ns)   --->   "%mrv_5 = insertvalue { i32, i32, i32, i32, i32, i32, i32, i32, i32 } %mrv_4, i32 %kernel_window_5_V_read23, 5" [firmware/nnet_utils/nnet_conv_stream.h:236]   --->   Operation 18 'insertvalue' 'mrv_5' <Predicate = true> <Delay = 0.00>
ST_1 : Operation 19 [1/1] (0.00ns)   --->   "%mrv_6 = insertvalue { i32, i32, i32, i32, i32, i32, i32, i32, i32 } %mrv_5, i32 %DataOut_V, 6" [firmware/nnet_utils/nnet_conv_stream.h:236]   --->   Operation 19 'insertvalue' 'mrv_6' <Predicate = true> <Delay = 0.00>
ST_1 : Operation 20 [1/1] (0.00ns)   --->   "%mrv_7 = insertvalue { i32, i32, i32, i32, i32, i32, i32, i32, i32 } %mrv_6, i32 %kernel_window_8_V_read25, 7" [firmware/nnet_utils/nnet_conv_stream.h:236]   --->   Operation 20 'insertvalue' 'mrv_7' <Predicate = true> <Delay = 0.00>
ST_1 : Operation 21 [1/1] (0.00ns)   --->   "%mrv_8 = insertvalue { i32, i32, i32, i32, i32, i32, i32, i32, i32 } %mrv_7, i32 %in_elem_data_V_read_1, 8" [firmware/nnet_utils/nnet_conv_stream.h:236]   --->   Operation 21 'insertvalue' 'mrv_8' <Predicate = true> <Delay = 0.00>
ST_1 : Operation 22 [1/1] (0.00ns)   --->   "ret { i32, i32, i32, i32, i32, i32, i32, i32, i32 } %mrv_8" [firmware/nnet_utils/nnet_conv_stream.h:236]   --->   Operation 22 'ret' <Predicate = true> <Delay = 0.00>


============================================================
+ Verbose Summary: Timing violations
============================================================
Target clock period: 5ns, clock uncertainty: 0.625ns.

 <State 1>: 3.25ns
The critical path consists of the following:
	wire read on port 'in_elem_data_V_read' (firmware/nnet_utils/nnet_conv_stream.h:209) [14]  (0 ns)
	'memshiftread' operation ('DataOut.V', firmware/nnet_utils/nnet_conv_stream.h:231) [17]  (1.62 ns)
	'memshiftread' operation ('DataOut.V', firmware/nnet_utils/nnet_conv_stream.h:231) [18]  (1.62 ns)


============================================================
+ Verbose Summary: Binding
============================================================
N/A
* FSMD analyzer results:
  - Output states:
 - Input state : 
  - Chain level:
	State 1


============================================================
+ Verbose Summary: Datapath Resource usage 
============================================================
N/A
