

================================================================
== Vivado HLS Report for 'shift_line_buffer_array_ap_fixed_8u_config5_s'
================================================================
* Date:           Sat Apr  2 23:57:53 2022

* Version:        2019.2.1 (Build 2724168 on Thu Dec 05 05:19:09 MST 2019)
* Project:        myproject_prj
* Solution:       solution1
* Product family: zynq
* Target device:  xc7z020-clg400-1


================================================================
== Performance Estimates
================================================================
+ Timing: 
    * Summary: 
    +--------+---------+----------+------------+
    |  Clock |  Target | Estimated| Uncertainty|
    +--------+---------+----------+------------+
    |ap_clk  | 5.00 ns | 3.245 ns |   0.62 ns  |
    +--------+---------+----------+------------+

+ Latency: 
    * Summary: 
    +---------+---------+----------+----------+-----+-----+----------+
    |  Latency (cycles) |  Latency (absolute) |  Interval | Pipeline |
    |   min   |   max   |    min   |    max   | min | max |   Type   |
    +---------+---------+----------+----------+-----+-----+----------+
    |        0|        0|   0 ns   |   0 ns   |    1|    1| function |
    +---------+---------+----------+----------+-----+-----+----------+

    + Detail: 
        * Instance: 
        N/A

        * Loop: 
        N/A

============================================================
+ Verbose Summary: Synthesis Manager
============================================================
InlineROM: 1
ExposeGlobal: 0
============================================================
+ Verbose Summary: CDFG Model
============================================================
IsTopModel: 0
ResetActiveHigh: 1
IsCombinational: 0
IsDatapathOnly: 0
HasWiredReturn: 1
HasMFsm: 2
HasVarLatency: 0
IsPipeline: 1
IsRtlPipelined: 0
IsInstanceOverlapped: 0
IsDontTouch: 0
HasImplIP: 0
IsGatedGlobalClock: 0

+ Individual pipeline summary: 
  * Pipeline-0: initiation interval (II) = 1, depth = 1


============================================================
+ Verbose Summary: Schedule
============================================================
* Number of FSM states : 1
* Pipeline : 1
  Pipeline-0 : II = 1, D = 1, States = { 1 }
* Dataflow Pipeline: 0

* FSM state transitions: 
1 --> 

* FSM state operations: 

State 1 <SV = 0> <Delay = 3.24>
ST_1 : Operation 2 [1/1] (0.00ns)   --->   "%kernel_window_71_V_read_1 = call i32 @_ssdm_op_Read.ap_auto.i32(i32 %kernel_window_71_V_read)" [firmware/nnet_utils/nnet_conv_stream.h:209]   --->   Operation 2 'read' 'kernel_window_71_V_read_1' <Predicate = true> <Delay = 0.00>
ST_1 : Operation 3 [1/1] (0.00ns)   --->   "%kernel_window_70_V_read_1 = call i32 @_ssdm_op_Read.ap_auto.i32(i32 %kernel_window_70_V_read)" [firmware/nnet_utils/nnet_conv_stream.h:209]   --->   Operation 3 'read' 'kernel_window_70_V_read_1' <Predicate = true> <Delay = 0.00>
ST_1 : Operation 4 [1/1] (0.00ns)   --->   "%kernel_window_69_V_read_1 = call i32 @_ssdm_op_Read.ap_auto.i32(i32 %kernel_window_69_V_read)" [firmware/nnet_utils/nnet_conv_stream.h:209]   --->   Operation 4 'read' 'kernel_window_69_V_read_1' <Predicate = true> <Delay = 0.00>
ST_1 : Operation 5 [1/1] (0.00ns)   --->   "%kernel_window_68_V_read_1 = call i32 @_ssdm_op_Read.ap_auto.i32(i32 %kernel_window_68_V_read)" [firmware/nnet_utils/nnet_conv_stream.h:209]   --->   Operation 5 'read' 'kernel_window_68_V_read_1' <Predicate = true> <Delay = 0.00>
ST_1 : Operation 6 [1/1] (0.00ns)   --->   "%kernel_window_67_V_read_1 = call i32 @_ssdm_op_Read.ap_auto.i32(i32 %kernel_window_67_V_read)" [firmware/nnet_utils/nnet_conv_stream.h:209]   --->   Operation 6 'read' 'kernel_window_67_V_read_1' <Predicate = true> <Delay = 0.00>
ST_1 : Operation 7 [1/1] (0.00ns)   --->   "%kernel_window_66_V_read_1 = call i32 @_ssdm_op_Read.ap_auto.i32(i32 %kernel_window_66_V_read)" [firmware/nnet_utils/nnet_conv_stream.h:209]   --->   Operation 7 'read' 'kernel_window_66_V_read_1' <Predicate = true> <Delay = 0.00>
ST_1 : Operation 8 [1/1] (0.00ns)   --->   "%kernel_window_65_V_read_1 = call i32 @_ssdm_op_Read.ap_auto.i32(i32 %kernel_window_65_V_read)" [firmware/nnet_utils/nnet_conv_stream.h:209]   --->   Operation 8 'read' 'kernel_window_65_V_read_1' <Predicate = true> <Delay = 0.00>
ST_1 : Operation 9 [1/1] (0.00ns)   --->   "%kernel_window_64_V_read_1 = call i32 @_ssdm_op_Read.ap_auto.i32(i32 %kernel_window_64_V_read)" [firmware/nnet_utils/nnet_conv_stream.h:209]   --->   Operation 9 'read' 'kernel_window_64_V_read_1' <Predicate = true> <Delay = 0.00>
ST_1 : Operation 10 [1/1] (0.00ns)   --->   "%kernel_window_63_V_read_1 = call i32 @_ssdm_op_Read.ap_auto.i32(i32 %kernel_window_63_V_read)" [firmware/nnet_utils/nnet_conv_stream.h:209]   --->   Operation 10 'read' 'kernel_window_63_V_read_1' <Predicate = true> <Delay = 0.00>
ST_1 : Operation 11 [1/1] (0.00ns)   --->   "%kernel_window_62_V_read_1 = call i32 @_ssdm_op_Read.ap_auto.i32(i32 %kernel_window_62_V_read)" [firmware/nnet_utils/nnet_conv_stream.h:209]   --->   Operation 11 'read' 'kernel_window_62_V_read_1' <Predicate = true> <Delay = 0.00>
ST_1 : Operation 12 [1/1] (0.00ns)   --->   "%kernel_window_61_V_read_1 = call i32 @_ssdm_op_Read.ap_auto.i32(i32 %kernel_window_61_V_read)" [firmware/nnet_utils/nnet_conv_stream.h:209]   --->   Operation 12 'read' 'kernel_window_61_V_read_1' <Predicate = true> <Delay = 0.00>
ST_1 : Operation 13 [1/1] (0.00ns)   --->   "%kernel_window_60_V_read_1 = call i32 @_ssdm_op_Read.ap_auto.i32(i32 %kernel_window_60_V_read)" [firmware/nnet_utils/nnet_conv_stream.h:209]   --->   Operation 13 'read' 'kernel_window_60_V_read_1' <Predicate = true> <Delay = 0.00>
ST_1 : Operation 14 [1/1] (0.00ns)   --->   "%kernel_window_59_V_read_1 = call i32 @_ssdm_op_Read.ap_auto.i32(i32 %kernel_window_59_V_read)" [firmware/nnet_utils/nnet_conv_stream.h:209]   --->   Operation 14 'read' 'kernel_window_59_V_read_1' <Predicate = true> <Delay = 0.00>
ST_1 : Operation 15 [1/1] (0.00ns)   --->   "%kernel_window_58_V_read_1 = call i32 @_ssdm_op_Read.ap_auto.i32(i32 %kernel_window_58_V_read)" [firmware/nnet_utils/nnet_conv_stream.h:209]   --->   Operation 15 'read' 'kernel_window_58_V_read_1' <Predicate = true> <Delay = 0.00>
ST_1 : Operation 16 [1/1] (0.00ns)   --->   "%kernel_window_57_V_read_1 = call i32 @_ssdm_op_Read.ap_auto.i32(i32 %kernel_window_57_V_read)" [firmware/nnet_utils/nnet_conv_stream.h:209]   --->   Operation 16 'read' 'kernel_window_57_V_read_1' <Predicate = true> <Delay = 0.00>
ST_1 : Operation 17 [1/1] (0.00ns)   --->   "%kernel_window_56_V_read_1 = call i32 @_ssdm_op_Read.ap_auto.i32(i32 %kernel_window_56_V_read)" [firmware/nnet_utils/nnet_conv_stream.h:209]   --->   Operation 17 'read' 'kernel_window_56_V_read_1' <Predicate = true> <Delay = 0.00>
ST_1 : Operation 18 [1/1] (0.00ns)   --->   "%kernel_window_47_V_read_1 = call i32 @_ssdm_op_Read.ap_auto.i32(i32 %kernel_window_47_V_read)" [firmware/nnet_utils/nnet_conv_stream.h:209]   --->   Operation 18 'read' 'kernel_window_47_V_read_1' <Predicate = true> <Delay = 0.00>
ST_1 : Operation 19 [1/1] (0.00ns)   --->   "%kernel_window_46_V_read_1 = call i32 @_ssdm_op_Read.ap_auto.i32(i32 %kernel_window_46_V_read)" [firmware/nnet_utils/nnet_conv_stream.h:209]   --->   Operation 19 'read' 'kernel_window_46_V_read_1' <Predicate = true> <Delay = 0.00>
ST_1 : Operation 20 [1/1] (0.00ns)   --->   "%kernel_window_45_V_read_1 = call i32 @_ssdm_op_Read.ap_auto.i32(i32 %kernel_window_45_V_read)" [firmware/nnet_utils/nnet_conv_stream.h:209]   --->   Operation 20 'read' 'kernel_window_45_V_read_1' <Predicate = true> <Delay = 0.00>
ST_1 : Operation 21 [1/1] (0.00ns)   --->   "%kernel_window_44_V_read_1 = call i32 @_ssdm_op_Read.ap_auto.i32(i32 %kernel_window_44_V_read)" [firmware/nnet_utils/nnet_conv_stream.h:209]   --->   Operation 21 'read' 'kernel_window_44_V_read_1' <Predicate = true> <Delay = 0.00>
ST_1 : Operation 22 [1/1] (0.00ns)   --->   "%kernel_window_43_V_read_1 = call i32 @_ssdm_op_Read.ap_auto.i32(i32 %kernel_window_43_V_read)" [firmware/nnet_utils/nnet_conv_stream.h:209]   --->   Operation 22 'read' 'kernel_window_43_V_read_1' <Predicate = true> <Delay = 0.00>
ST_1 : Operation 23 [1/1] (0.00ns)   --->   "%kernel_window_42_V_read_1 = call i32 @_ssdm_op_Read.ap_auto.i32(i32 %kernel_window_42_V_read)" [firmware/nnet_utils/nnet_conv_stream.h:209]   --->   Operation 23 'read' 'kernel_window_42_V_read_1' <Predicate = true> <Delay = 0.00>
ST_1 : Operation 24 [1/1] (0.00ns)   --->   "%kernel_window_41_V_read_1 = call i32 @_ssdm_op_Read.ap_auto.i32(i32 %kernel_window_41_V_read)" [firmware/nnet_utils/nnet_conv_stream.h:209]   --->   Operation 24 'read' 'kernel_window_41_V_read_1' <Predicate = true> <Delay = 0.00>
ST_1 : Operation 25 [1/1] (0.00ns)   --->   "%kernel_window_40_V_read_1 = call i32 @_ssdm_op_Read.ap_auto.i32(i32 %kernel_window_40_V_read)" [firmware/nnet_utils/nnet_conv_stream.h:209]   --->   Operation 25 'read' 'kernel_window_40_V_read_1' <Predicate = true> <Delay = 0.00>
ST_1 : Operation 26 [1/1] (0.00ns)   --->   "%kernel_window_39_V_read_1 = call i32 @_ssdm_op_Read.ap_auto.i32(i32 %kernel_window_39_V_read)" [firmware/nnet_utils/nnet_conv_stream.h:209]   --->   Operation 26 'read' 'kernel_window_39_V_read_1' <Predicate = true> <Delay = 0.00>
ST_1 : Operation 27 [1/1] (0.00ns)   --->   "%kernel_window_38_V_read_1 = call i32 @_ssdm_op_Read.ap_auto.i32(i32 %kernel_window_38_V_read)" [firmware/nnet_utils/nnet_conv_stream.h:209]   --->   Operation 27 'read' 'kernel_window_38_V_read_1' <Predicate = true> <Delay = 0.00>
ST_1 : Operation 28 [1/1] (0.00ns)   --->   "%kernel_window_37_V_read_1 = call i32 @_ssdm_op_Read.ap_auto.i32(i32 %kernel_window_37_V_read)" [firmware/nnet_utils/nnet_conv_stream.h:209]   --->   Operation 28 'read' 'kernel_window_37_V_read_1' <Predicate = true> <Delay = 0.00>
ST_1 : Operation 29 [1/1] (0.00ns)   --->   "%kernel_window_36_V_read_1 = call i32 @_ssdm_op_Read.ap_auto.i32(i32 %kernel_window_36_V_read)" [firmware/nnet_utils/nnet_conv_stream.h:209]   --->   Operation 29 'read' 'kernel_window_36_V_read_1' <Predicate = true> <Delay = 0.00>
ST_1 : Operation 30 [1/1] (0.00ns)   --->   "%kernel_window_35_V_read_1 = call i32 @_ssdm_op_Read.ap_auto.i32(i32 %kernel_window_35_V_read)" [firmware/nnet_utils/nnet_conv_stream.h:209]   --->   Operation 30 'read' 'kernel_window_35_V_read_1' <Predicate = true> <Delay = 0.00>
ST_1 : Operation 31 [1/1] (0.00ns)   --->   "%kernel_window_34_V_read_1 = call i32 @_ssdm_op_Read.ap_auto.i32(i32 %kernel_window_34_V_read)" [firmware/nnet_utils/nnet_conv_stream.h:209]   --->   Operation 31 'read' 'kernel_window_34_V_read_1' <Predicate = true> <Delay = 0.00>
ST_1 : Operation 32 [1/1] (0.00ns)   --->   "%kernel_window_33_V_read_1 = call i32 @_ssdm_op_Read.ap_auto.i32(i32 %kernel_window_33_V_read)" [firmware/nnet_utils/nnet_conv_stream.h:209]   --->   Operation 32 'read' 'kernel_window_33_V_read_1' <Predicate = true> <Delay = 0.00>
ST_1 : Operation 33 [1/1] (0.00ns)   --->   "%kernel_window_32_V_read_1 = call i32 @_ssdm_op_Read.ap_auto.i32(i32 %kernel_window_32_V_read)" [firmware/nnet_utils/nnet_conv_stream.h:209]   --->   Operation 33 'read' 'kernel_window_32_V_read_1' <Predicate = true> <Delay = 0.00>
ST_1 : Operation 34 [1/1] (0.00ns)   --->   "%kernel_window_23_V_read_1 = call i32 @_ssdm_op_Read.ap_auto.i32(i32 %kernel_window_23_V_read)" [firmware/nnet_utils/nnet_conv_stream.h:209]   --->   Operation 34 'read' 'kernel_window_23_V_read_1' <Predicate = true> <Delay = 0.00>
ST_1 : Operation 35 [1/1] (0.00ns)   --->   "%kernel_window_22_V_read_1 = call i32 @_ssdm_op_Read.ap_auto.i32(i32 %kernel_window_22_V_read)" [firmware/nnet_utils/nnet_conv_stream.h:209]   --->   Operation 35 'read' 'kernel_window_22_V_read_1' <Predicate = true> <Delay = 0.00>
ST_1 : Operation 36 [1/1] (0.00ns)   --->   "%kernel_window_21_V_read_1 = call i32 @_ssdm_op_Read.ap_auto.i32(i32 %kernel_window_21_V_read)" [firmware/nnet_utils/nnet_conv_stream.h:209]   --->   Operation 36 'read' 'kernel_window_21_V_read_1' <Predicate = true> <Delay = 0.00>
ST_1 : Operation 37 [1/1] (0.00ns)   --->   "%kernel_window_20_V_read_1 = call i32 @_ssdm_op_Read.ap_auto.i32(i32 %kernel_window_20_V_read)" [firmware/nnet_utils/nnet_conv_stream.h:209]   --->   Operation 37 'read' 'kernel_window_20_V_read_1' <Predicate = true> <Delay = 0.00>
ST_1 : Operation 38 [1/1] (0.00ns)   --->   "%kernel_window_19_V_read_1 = call i32 @_ssdm_op_Read.ap_auto.i32(i32 %kernel_window_19_V_read)" [firmware/nnet_utils/nnet_conv_stream.h:209]   --->   Operation 38 'read' 'kernel_window_19_V_read_1' <Predicate = true> <Delay = 0.00>
ST_1 : Operation 39 [1/1] (0.00ns)   --->   "%kernel_window_18_V_read_1 = call i32 @_ssdm_op_Read.ap_auto.i32(i32 %kernel_window_18_V_read)" [firmware/nnet_utils/nnet_conv_stream.h:209]   --->   Operation 39 'read' 'kernel_window_18_V_read_1' <Predicate = true> <Delay = 0.00>
ST_1 : Operation 40 [1/1] (0.00ns)   --->   "%kernel_window_17_V_read_1 = call i32 @_ssdm_op_Read.ap_auto.i32(i32 %kernel_window_17_V_read)" [firmware/nnet_utils/nnet_conv_stream.h:209]   --->   Operation 40 'read' 'kernel_window_17_V_read_1' <Predicate = true> <Delay = 0.00>
ST_1 : Operation 41 [1/1] (0.00ns)   --->   "%kernel_window_16_V_read_1 = call i32 @_ssdm_op_Read.ap_auto.i32(i32 %kernel_window_16_V_read)" [firmware/nnet_utils/nnet_conv_stream.h:209]   --->   Operation 41 'read' 'kernel_window_16_V_read_1' <Predicate = true> <Delay = 0.00>
ST_1 : Operation 42 [1/1] (0.00ns)   --->   "%kernel_window_15_V_read_1 = call i32 @_ssdm_op_Read.ap_auto.i32(i32 %kernel_window_15_V_read)" [firmware/nnet_utils/nnet_conv_stream.h:209]   --->   Operation 42 'read' 'kernel_window_15_V_read_1' <Predicate = true> <Delay = 0.00>
ST_1 : Operation 43 [1/1] (0.00ns)   --->   "%kernel_window_14_V_read_1 = call i32 @_ssdm_op_Read.ap_auto.i32(i32 %kernel_window_14_V_read)" [firmware/nnet_utils/nnet_conv_stream.h:209]   --->   Operation 43 'read' 'kernel_window_14_V_read_1' <Predicate = true> <Delay = 0.00>
ST_1 : Operation 44 [1/1] (0.00ns)   --->   "%kernel_window_13_V_read_1 = call i32 @_ssdm_op_Read.ap_auto.i32(i32 %kernel_window_13_V_read)" [firmware/nnet_utils/nnet_conv_stream.h:209]   --->   Operation 44 'read' 'kernel_window_13_V_read_1' <Predicate = true> <Delay = 0.00>
ST_1 : Operation 45 [1/1] (0.00ns)   --->   "%kernel_window_12_V_read_1 = call i32 @_ssdm_op_Read.ap_auto.i32(i32 %kernel_window_12_V_read)" [firmware/nnet_utils/nnet_conv_stream.h:209]   --->   Operation 45 'read' 'kernel_window_12_V_read_1' <Predicate = true> <Delay = 0.00>
ST_1 : Operation 46 [1/1] (0.00ns)   --->   "%kernel_window_11_V_read_1 = call i32 @_ssdm_op_Read.ap_auto.i32(i32 %kernel_window_11_V_read)" [firmware/nnet_utils/nnet_conv_stream.h:209]   --->   Operation 46 'read' 'kernel_window_11_V_read_1' <Predicate = true> <Delay = 0.00>
ST_1 : Operation 47 [1/1] (0.00ns)   --->   "%kernel_window_10_V_read_1 = call i32 @_ssdm_op_Read.ap_auto.i32(i32 %kernel_window_10_V_read)" [firmware/nnet_utils/nnet_conv_stream.h:209]   --->   Operation 47 'read' 'kernel_window_10_V_read_1' <Predicate = true> <Delay = 0.00>
ST_1 : Operation 48 [1/1] (0.00ns)   --->   "%kernel_window_9_V_read_1 = call i32 @_ssdm_op_Read.ap_auto.i32(i32 %kernel_window_9_V_read)" [firmware/nnet_utils/nnet_conv_stream.h:209]   --->   Operation 48 'read' 'kernel_window_9_V_read_1' <Predicate = true> <Delay = 0.00>
ST_1 : Operation 49 [1/1] (0.00ns)   --->   "%kernel_window_8_V_read_1 = call i32 @_ssdm_op_Read.ap_auto.i32(i32 %kernel_window_8_V_read)" [firmware/nnet_utils/nnet_conv_stream.h:209]   --->   Operation 49 'read' 'kernel_window_8_V_read_1' <Predicate = true> <Delay = 0.00>
ST_1 : Operation 50 [1/1] (0.00ns)   --->   "%in_elem_data_7_V_read_1 = call i32 @_ssdm_op_Read.ap_auto.i32(i32 %in_elem_data_7_V_read)" [firmware/nnet_utils/nnet_conv_stream.h:209]   --->   Operation 50 'read' 'in_elem_data_7_V_read_1' <Predicate = true> <Delay = 0.00>
ST_1 : Operation 51 [1/1] (0.00ns)   --->   "%in_elem_data_6_V_read_1 = call i32 @_ssdm_op_Read.ap_auto.i32(i32 %in_elem_data_6_V_read)" [firmware/nnet_utils/nnet_conv_stream.h:209]   --->   Operation 51 'read' 'in_elem_data_6_V_read_1' <Predicate = true> <Delay = 0.00>
ST_1 : Operation 52 [1/1] (0.00ns)   --->   "%in_elem_data_5_V_read_1 = call i32 @_ssdm_op_Read.ap_auto.i32(i32 %in_elem_data_5_V_read)" [firmware/nnet_utils/nnet_conv_stream.h:209]   --->   Operation 52 'read' 'in_elem_data_5_V_read_1' <Predicate = true> <Delay = 0.00>
ST_1 : Operation 53 [1/1] (0.00ns)   --->   "%in_elem_data_4_V_read_1 = call i32 @_ssdm_op_Read.ap_auto.i32(i32 %in_elem_data_4_V_read)" [firmware/nnet_utils/nnet_conv_stream.h:209]   --->   Operation 53 'read' 'in_elem_data_4_V_read_1' <Predicate = true> <Delay = 0.00>
ST_1 : Operation 54 [1/1] (0.00ns)   --->   "%in_elem_data_3_V_read_1 = call i32 @_ssdm_op_Read.ap_auto.i32(i32 %in_elem_data_3_V_read)" [firmware/nnet_utils/nnet_conv_stream.h:209]   --->   Operation 54 'read' 'in_elem_data_3_V_read_1' <Predicate = true> <Delay = 0.00>
ST_1 : Operation 55 [1/1] (0.00ns)   --->   "%in_elem_data_2_V_read_1 = call i32 @_ssdm_op_Read.ap_auto.i32(i32 %in_elem_data_2_V_read)" [firmware/nnet_utils/nnet_conv_stream.h:209]   --->   Operation 55 'read' 'in_elem_data_2_V_read_1' <Predicate = true> <Delay = 0.00>
ST_1 : Operation 56 [1/1] (0.00ns)   --->   "%in_elem_data_1_V_read_1 = call i32 @_ssdm_op_Read.ap_auto.i32(i32 %in_elem_data_1_V_read)" [firmware/nnet_utils/nnet_conv_stream.h:209]   --->   Operation 56 'read' 'in_elem_data_1_V_read_1' <Predicate = true> <Delay = 0.00>
ST_1 : Operation 57 [1/1] (0.00ns)   --->   "%in_elem_data_0_V_read_1 = call i32 @_ssdm_op_Read.ap_auto.i32(i32 %in_elem_data_0_V_read)" [firmware/nnet_utils/nnet_conv_stream.h:209]   --->   Operation 57 'read' 'in_elem_data_0_V_read_1' <Predicate = true> <Delay = 0.00>
ST_1 : Operation 58 [1/1] (0.00ns)   --->   "call void (...)* @_ssdm_op_SpecPipeline(i32 -1, i32 1, i32 1, i32 0, [1 x i8]* @p_str23) nounwind" [firmware/nnet_utils/nnet_conv_stream.h:214]   --->   Operation 58 'specpipeline' <Predicate = true> <Delay = 0.00>
ST_1 : Operation 59 [1/1] (1.62ns)   --->   "%DataOut_V_16 = call i32 @"_ssdm_op_MemShiftRead.[18 x i32]P"(i32* getelementptr inbounds ([18 x i32]* @line_buffer_Array_V_6_0_0, i64 0, i64 17), i32 %in_elem_data_0_V_read_1, i1 true)" [firmware/nnet_utils/nnet_conv_stream.h:231]   --->   Operation 59 'memshiftread' 'DataOut_V_16' <Predicate = true> <Delay = 1.62> <Core = "ShiftReg">   --->   Core 33 'ShiftReg' <Latency = 0> <II = 1> <Delay = 1.62> <Storage> <Opcode : 'memshiftread' 'load'> <Ports = 1> <Width = 32> <Depth = 18> <ShiftMem>
ST_1 : Operation 60 [1/1] (1.62ns)   --->   "%DataOut_V_17 = call i32 @"_ssdm_op_MemShiftRead.[18 x i32]P"(i32* getelementptr inbounds ([18 x i32]* @line_buffer_Array_V_6_1_0, i64 0, i64 17), i32 %DataOut_V_16, i1 true)" [firmware/nnet_utils/nnet_conv_stream.h:231]   --->   Operation 60 'memshiftread' 'DataOut_V_17' <Predicate = true> <Delay = 1.62> <Core = "ShiftReg">   --->   Core 33 'ShiftReg' <Latency = 0> <II = 1> <Delay = 1.62> <Storage> <Opcode : 'memshiftread' 'load'> <Ports = 1> <Width = 32> <Depth = 18> <ShiftMem>
ST_1 : Operation 61 [1/1] (1.62ns)   --->   "%DataOut_V_18 = call i32 @"_ssdm_op_MemShiftRead.[18 x i32]P"(i32* getelementptr inbounds ([18 x i32]* @line_buffer_Array_V_6_0_1, i64 0, i64 17), i32 %in_elem_data_1_V_read_1, i1 true)" [firmware/nnet_utils/nnet_conv_stream.h:231]   --->   Operation 61 'memshiftread' 'DataOut_V_18' <Predicate = true> <Delay = 1.62> <Core = "ShiftReg">   --->   Core 33 'ShiftReg' <Latency = 0> <II = 1> <Delay = 1.62> <Storage> <Opcode : 'memshiftread' 'load'> <Ports = 1> <Width = 32> <Depth = 18> <ShiftMem>
ST_1 : Operation 62 [1/1] (1.62ns)   --->   "%DataOut_V_19 = call i32 @"_ssdm_op_MemShiftRead.[18 x i32]P"(i32* getelementptr inbounds ([18 x i32]* @line_buffer_Array_V_6_1_1, i64 0, i64 17), i32 %DataOut_V_18, i1 true)" [firmware/nnet_utils/nnet_conv_stream.h:231]   --->   Operation 62 'memshiftread' 'DataOut_V_19' <Predicate = true> <Delay = 1.62> <Core = "ShiftReg">   --->   Core 33 'ShiftReg' <Latency = 0> <II = 1> <Delay = 1.62> <Storage> <Opcode : 'memshiftread' 'load'> <Ports = 1> <Width = 32> <Depth = 18> <ShiftMem>
ST_1 : Operation 63 [1/1] (1.62ns)   --->   "%DataOut_V_20 = call i32 @"_ssdm_op_MemShiftRead.[18 x i32]P"(i32* getelementptr inbounds ([18 x i32]* @line_buffer_Array_V_6_0_2, i64 0, i64 17), i32 %in_elem_data_2_V_read_1, i1 true)" [firmware/nnet_utils/nnet_conv_stream.h:231]   --->   Operation 63 'memshiftread' 'DataOut_V_20' <Predicate = true> <Delay = 1.62> <Core = "ShiftReg">   --->   Core 33 'ShiftReg' <Latency = 0> <II = 1> <Delay = 1.62> <Storage> <Opcode : 'memshiftread' 'load'> <Ports = 1> <Width = 32> <Depth = 18> <ShiftMem>
ST_1 : Operation 64 [1/1] (1.62ns)   --->   "%DataOut_V_21 = call i32 @"_ssdm_op_MemShiftRead.[18 x i32]P"(i32* getelementptr inbounds ([18 x i32]* @line_buffer_Array_V_6_1_2, i64 0, i64 17), i32 %DataOut_V_20, i1 true)" [firmware/nnet_utils/nnet_conv_stream.h:231]   --->   Operation 64 'memshiftread' 'DataOut_V_21' <Predicate = true> <Delay = 1.62> <Core = "ShiftReg">   --->   Core 33 'ShiftReg' <Latency = 0> <II = 1> <Delay = 1.62> <Storage> <Opcode : 'memshiftread' 'load'> <Ports = 1> <Width = 32> <Depth = 18> <ShiftMem>
ST_1 : Operation 65 [1/1] (1.62ns)   --->   "%DataOut_V_22 = call i32 @"_ssdm_op_MemShiftRead.[18 x i32]P"(i32* getelementptr inbounds ([18 x i32]* @line_buffer_Array_V_6_0_3, i64 0, i64 17), i32 %in_elem_data_3_V_read_1, i1 true)" [firmware/nnet_utils/nnet_conv_stream.h:231]   --->   Operation 65 'memshiftread' 'DataOut_V_22' <Predicate = true> <Delay = 1.62> <Core = "ShiftReg">   --->   Core 33 'ShiftReg' <Latency = 0> <II = 1> <Delay = 1.62> <Storage> <Opcode : 'memshiftread' 'load'> <Ports = 1> <Width = 32> <Depth = 18> <ShiftMem>
ST_1 : Operation 66 [1/1] (1.62ns)   --->   "%DataOut_V_23 = call i32 @"_ssdm_op_MemShiftRead.[18 x i32]P"(i32* getelementptr inbounds ([18 x i32]* @line_buffer_Array_V_6_1_3, i64 0, i64 17), i32 %DataOut_V_22, i1 true)" [firmware/nnet_utils/nnet_conv_stream.h:231]   --->   Operation 66 'memshiftread' 'DataOut_V_23' <Predicate = true> <Delay = 1.62> <Core = "ShiftReg">   --->   Core 33 'ShiftReg' <Latency = 0> <II = 1> <Delay = 1.62> <Storage> <Opcode : 'memshiftread' 'load'> <Ports = 1> <Width = 32> <Depth = 18> <ShiftMem>
ST_1 : Operation 67 [1/1] (1.62ns)   --->   "%DataOut_V_24 = call i32 @"_ssdm_op_MemShiftRead.[18 x i32]P"(i32* getelementptr inbounds ([18 x i32]* @line_buffer_Array_V_6_0_4, i64 0, i64 17), i32 %in_elem_data_4_V_read_1, i1 true)" [firmware/nnet_utils/nnet_conv_stream.h:231]   --->   Operation 67 'memshiftread' 'DataOut_V_24' <Predicate = true> <Delay = 1.62> <Core = "ShiftReg">   --->   Core 33 'ShiftReg' <Latency = 0> <II = 1> <Delay = 1.62> <Storage> <Opcode : 'memshiftread' 'load'> <Ports = 1> <Width = 32> <Depth = 18> <ShiftMem>
ST_1 : Operation 68 [1/1] (1.62ns)   --->   "%DataOut_V_25 = call i32 @"_ssdm_op_MemShiftRead.[18 x i32]P"(i32* getelementptr inbounds ([18 x i32]* @line_buffer_Array_V_6_1_4, i64 0, i64 17), i32 %DataOut_V_24, i1 true)" [firmware/nnet_utils/nnet_conv_stream.h:231]   --->   Operation 68 'memshiftread' 'DataOut_V_25' <Predicate = true> <Delay = 1.62> <Core = "ShiftReg">   --->   Core 33 'ShiftReg' <Latency = 0> <II = 1> <Delay = 1.62> <Storage> <Opcode : 'memshiftread' 'load'> <Ports = 1> <Width = 32> <Depth = 18> <ShiftMem>
ST_1 : Operation 69 [1/1] (1.62ns)   --->   "%DataOut_V_26 = call i32 @"_ssdm_op_MemShiftRead.[18 x i32]P"(i32* getelementptr inbounds ([18 x i32]* @line_buffer_Array_V_6_0_5, i64 0, i64 17), i32 %in_elem_data_5_V_read_1, i1 true)" [firmware/nnet_utils/nnet_conv_stream.h:231]   --->   Operation 69 'memshiftread' 'DataOut_V_26' <Predicate = true> <Delay = 1.62> <Core = "ShiftReg">   --->   Core 33 'ShiftReg' <Latency = 0> <II = 1> <Delay = 1.62> <Storage> <Opcode : 'memshiftread' 'load'> <Ports = 1> <Width = 32> <Depth = 18> <ShiftMem>
ST_1 : Operation 70 [1/1] (1.62ns)   --->   "%DataOut_V_27 = call i32 @"_ssdm_op_MemShiftRead.[18 x i32]P"(i32* getelementptr inbounds ([18 x i32]* @line_buffer_Array_V_6_1_5, i64 0, i64 17), i32 %DataOut_V_26, i1 true)" [firmware/nnet_utils/nnet_conv_stream.h:231]   --->   Operation 70 'memshiftread' 'DataOut_V_27' <Predicate = true> <Delay = 1.62> <Core = "ShiftReg">   --->   Core 33 'ShiftReg' <Latency = 0> <II = 1> <Delay = 1.62> <Storage> <Opcode : 'memshiftread' 'load'> <Ports = 1> <Width = 32> <Depth = 18> <ShiftMem>
ST_1 : Operation 71 [1/1] (1.62ns)   --->   "%DataOut_V_28 = call i32 @"_ssdm_op_MemShiftRead.[18 x i32]P"(i32* getelementptr inbounds ([18 x i32]* @line_buffer_Array_V_6_0_6, i64 0, i64 17), i32 %in_elem_data_6_V_read_1, i1 true)" [firmware/nnet_utils/nnet_conv_stream.h:231]   --->   Operation 71 'memshiftread' 'DataOut_V_28' <Predicate = true> <Delay = 1.62> <Core = "ShiftReg">   --->   Core 33 'ShiftReg' <Latency = 0> <II = 1> <Delay = 1.62> <Storage> <Opcode : 'memshiftread' 'load'> <Ports = 1> <Width = 32> <Depth = 18> <ShiftMem>
ST_1 : Operation 72 [1/1] (1.62ns)   --->   "%DataOut_V_29 = call i32 @"_ssdm_op_MemShiftRead.[18 x i32]P"(i32* getelementptr inbounds ([18 x i32]* @line_buffer_Array_V_6_1_6, i64 0, i64 17), i32 %DataOut_V_28, i1 true)" [firmware/nnet_utils/nnet_conv_stream.h:231]   --->   Operation 72 'memshiftread' 'DataOut_V_29' <Predicate = true> <Delay = 1.62> <Core = "ShiftReg">   --->   Core 33 'ShiftReg' <Latency = 0> <II = 1> <Delay = 1.62> <Storage> <Opcode : 'memshiftread' 'load'> <Ports = 1> <Width = 32> <Depth = 18> <ShiftMem>
ST_1 : Operation 73 [1/1] (1.62ns)   --->   "%DataOut_V_30 = call i32 @"_ssdm_op_MemShiftRead.[18 x i32]P"(i32* getelementptr inbounds ([18 x i32]* @line_buffer_Array_V_6_0_7, i64 0, i64 17), i32 %in_elem_data_7_V_read_1, i1 true)" [firmware/nnet_utils/nnet_conv_stream.h:231]   --->   Operation 73 'memshiftread' 'DataOut_V_30' <Predicate = true> <Delay = 1.62> <Core = "ShiftReg">   --->   Core 33 'ShiftReg' <Latency = 0> <II = 1> <Delay = 1.62> <Storage> <Opcode : 'memshiftread' 'load'> <Ports = 1> <Width = 32> <Depth = 18> <ShiftMem>
ST_1 : Operation 74 [1/1] (1.62ns)   --->   "%DataOut_V = call i32 @"_ssdm_op_MemShiftRead.[18 x i32]P"(i32* getelementptr inbounds ([18 x i32]* @line_buffer_Array_V_6_1_7, i64 0, i64 17), i32 %DataOut_V_30, i1 true)" [firmware/nnet_utils/nnet_conv_stream.h:231]   --->   Operation 74 'memshiftread' 'DataOut_V' <Predicate = true> <Delay = 1.62> <Core = "ShiftReg">   --->   Core 33 'ShiftReg' <Latency = 0> <II = 1> <Delay = 1.62> <Storage> <Opcode : 'memshiftread' 'load'> <Ports = 1> <Width = 32> <Depth = 18> <ShiftMem>
ST_1 : Operation 75 [1/1] (0.00ns)   --->   "%mrv_s = insertvalue { i32, i32, i32, i32, i32, i32, i32, i32, i32, i32, i32, i32, i32, i32, i32, i32, i32, i32, i32, i32, i32, i32, i32, i32, i32, i32, i32, i32, i32, i32, i32, i32, i32, i32, i32, i32, i32, i32, i32, i32, i32, i32, i32, i32, i32, i32, i32, i32, i32, i32, i32, i32, i32, i32, i32, i32, i32, i32, i32, i32, i32, i32, i32, i32, i32, i32, i32, i32, i32, i32, i32, i32 } undef, i32 %kernel_window_8_V_read_1, 0" [firmware/nnet_utils/nnet_conv_stream.h:236]   --->   Operation 75 'insertvalue' 'mrv_s' <Predicate = true> <Delay = 0.00>
ST_1 : Operation 76 [1/1] (0.00ns)   --->   "%mrv_1 = insertvalue { i32, i32, i32, i32, i32, i32, i32, i32, i32, i32, i32, i32, i32, i32, i32, i32, i32, i32, i32, i32, i32, i32, i32, i32, i32, i32, i32, i32, i32, i32, i32, i32, i32, i32, i32, i32, i32, i32, i32, i32, i32, i32, i32, i32, i32, i32, i32, i32, i32, i32, i32, i32, i32, i32, i32, i32, i32, i32, i32, i32, i32, i32, i32, i32, i32, i32, i32, i32, i32, i32, i32, i32 } %mrv_s, i32 %kernel_window_9_V_read_1, 1" [firmware/nnet_utils/nnet_conv_stream.h:236]   --->   Operation 76 'insertvalue' 'mrv_1' <Predicate = true> <Delay = 0.00>
ST_1 : Operation 77 [1/1] (0.00ns)   --->   "%mrv_2 = insertvalue { i32, i32, i32, i32, i32, i32, i32, i32, i32, i32, i32, i32, i32, i32, i32, i32, i32, i32, i32, i32, i32, i32, i32, i32, i32, i32, i32, i32, i32, i32, i32, i32, i32, i32, i32, i32, i32, i32, i32, i32, i32, i32, i32, i32, i32, i32, i32, i32, i32, i32, i32, i32, i32, i32, i32, i32, i32, i32, i32, i32, i32, i32, i32, i32, i32, i32, i32, i32, i32, i32, i32, i32 } %mrv_1, i32 %kernel_window_10_V_read_1, 2" [firmware/nnet_utils/nnet_conv_stream.h:236]   --->   Operation 77 'insertvalue' 'mrv_2' <Predicate = true> <Delay = 0.00>
ST_1 : Operation 78 [1/1] (0.00ns)   --->   "%mrv_3 = insertvalue { i32, i32, i32, i32, i32, i32, i32, i32, i32, i32, i32, i32, i32, i32, i32, i32, i32, i32, i32, i32, i32, i32, i32, i32, i32, i32, i32, i32, i32, i32, i32, i32, i32, i32, i32, i32, i32, i32, i32, i32, i32, i32, i32, i32, i32, i32, i32, i32, i32, i32, i32, i32, i32, i32, i32, i32, i32, i32, i32, i32, i32, i32, i32, i32, i32, i32, i32, i32, i32, i32, i32, i32 } %mrv_2, i32 %kernel_window_11_V_read_1, 3" [firmware/nnet_utils/nnet_conv_stream.h:236]   --->   Operation 78 'insertvalue' 'mrv_3' <Predicate = true> <Delay = 0.00>
ST_1 : Operation 79 [1/1] (0.00ns)   --->   "%mrv_4 = insertvalue { i32, i32, i32, i32, i32, i32, i32, i32, i32, i32, i32, i32, i32, i32, i32, i32, i32, i32, i32, i32, i32, i32, i32, i32, i32, i32, i32, i32, i32, i32, i32, i32, i32, i32, i32, i32, i32, i32, i32, i32, i32, i32, i32, i32, i32, i32, i32, i32, i32, i32, i32, i32, i32, i32, i32, i32, i32, i32, i32, i32, i32, i32, i32, i32, i32, i32, i32, i32, i32, i32, i32, i32 } %mrv_3, i32 %kernel_window_12_V_read_1, 4" [firmware/nnet_utils/nnet_conv_stream.h:236]   --->   Operation 79 'insertvalue' 'mrv_4' <Predicate = true> <Delay = 0.00>
ST_1 : Operation 80 [1/1] (0.00ns)   --->   "%mrv_5 = insertvalue { i32, i32, i32, i32, i32, i32, i32, i32, i32, i32, i32, i32, i32, i32, i32, i32, i32, i32, i32, i32, i32, i32, i32, i32, i32, i32, i32, i32, i32, i32, i32, i32, i32, i32, i32, i32, i32, i32, i32, i32, i32, i32, i32, i32, i32, i32, i32, i32, i32, i32, i32, i32, i32, i32, i32, i32, i32, i32, i32, i32, i32, i32, i32, i32, i32, i32, i32, i32, i32, i32, i32, i32 } %mrv_4, i32 %kernel_window_13_V_read_1, 5" [firmware/nnet_utils/nnet_conv_stream.h:236]   --->   Operation 80 'insertvalue' 'mrv_5' <Predicate = true> <Delay = 0.00>
ST_1 : Operation 81 [1/1] (0.00ns)   --->   "%mrv_6 = insertvalue { i32, i32, i32, i32, i32, i32, i32, i32, i32, i32, i32, i32, i32, i32, i32, i32, i32, i32, i32, i32, i32, i32, i32, i32, i32, i32, i32, i32, i32, i32, i32, i32, i32, i32, i32, i32, i32, i32, i32, i32, i32, i32, i32, i32, i32, i32, i32, i32, i32, i32, i32, i32, i32, i32, i32, i32, i32, i32, i32, i32, i32, i32, i32, i32, i32, i32, i32, i32, i32, i32, i32, i32 } %mrv_5, i32 %kernel_window_14_V_read_1, 6" [firmware/nnet_utils/nnet_conv_stream.h:236]   --->   Operation 81 'insertvalue' 'mrv_6' <Predicate = true> <Delay = 0.00>
ST_1 : Operation 82 [1/1] (0.00ns)   --->   "%mrv_7 = insertvalue { i32, i32, i32, i32, i32, i32, i32, i32, i32, i32, i32, i32, i32, i32, i32, i32, i32, i32, i32, i32, i32, i32, i32, i32, i32, i32, i32, i32, i32, i32, i32, i32, i32, i32, i32, i32, i32, i32, i32, i32, i32, i32, i32, i32, i32, i32, i32, i32, i32, i32, i32, i32, i32, i32, i32, i32, i32, i32, i32, i32, i32, i32, i32, i32, i32, i32, i32, i32, i32, i32, i32, i32 } %mrv_6, i32 %kernel_window_15_V_read_1, 7" [firmware/nnet_utils/nnet_conv_stream.h:236]   --->   Operation 82 'insertvalue' 'mrv_7' <Predicate = true> <Delay = 0.00>
ST_1 : Operation 83 [1/1] (0.00ns)   --->   "%mrv_8 = insertvalue { i32, i32, i32, i32, i32, i32, i32, i32, i32, i32, i32, i32, i32, i32, i32, i32, i32, i32, i32, i32, i32, i32, i32, i32, i32, i32, i32, i32, i32, i32, i32, i32, i32, i32, i32, i32, i32, i32, i32, i32, i32, i32, i32, i32, i32, i32, i32, i32, i32, i32, i32, i32, i32, i32, i32, i32, i32, i32, i32, i32, i32, i32, i32, i32, i32, i32, i32, i32, i32, i32, i32, i32 } %mrv_7, i32 %kernel_window_32_V_read_1, 8" [firmware/nnet_utils/nnet_conv_stream.h:236]   --->   Operation 83 'insertvalue' 'mrv_8' <Predicate = true> <Delay = 0.00>
ST_1 : Operation 84 [1/1] (0.00ns)   --->   "%mrv_9 = insertvalue { i32, i32, i32, i32, i32, i32, i32, i32, i32, i32, i32, i32, i32, i32, i32, i32, i32, i32, i32, i32, i32, i32, i32, i32, i32, i32, i32, i32, i32, i32, i32, i32, i32, i32, i32, i32, i32, i32, i32, i32, i32, i32, i32, i32, i32, i32, i32, i32, i32, i32, i32, i32, i32, i32, i32, i32, i32, i32, i32, i32, i32, i32, i32, i32, i32, i32, i32, i32, i32, i32, i32, i32 } %mrv_8, i32 %kernel_window_33_V_read_1, 9" [firmware/nnet_utils/nnet_conv_stream.h:236]   --->   Operation 84 'insertvalue' 'mrv_9' <Predicate = true> <Delay = 0.00>
ST_1 : Operation 85 [1/1] (0.00ns)   --->   "%mrv_10 = insertvalue { i32, i32, i32, i32, i32, i32, i32, i32, i32, i32, i32, i32, i32, i32, i32, i32, i32, i32, i32, i32, i32, i32, i32, i32, i32, i32, i32, i32, i32, i32, i32, i32, i32, i32, i32, i32, i32, i32, i32, i32, i32, i32, i32, i32, i32, i32, i32, i32, i32, i32, i32, i32, i32, i32, i32, i32, i32, i32, i32, i32, i32, i32, i32, i32, i32, i32, i32, i32, i32, i32, i32, i32 } %mrv_9, i32 %kernel_window_34_V_read_1, 10" [firmware/nnet_utils/nnet_conv_stream.h:236]   --->   Operation 85 'insertvalue' 'mrv_10' <Predicate = true> <Delay = 0.00>
ST_1 : Operation 86 [1/1] (0.00ns)   --->   "%mrv_11 = insertvalue { i32, i32, i32, i32, i32, i32, i32, i32, i32, i32, i32, i32, i32, i32, i32, i32, i32, i32, i32, i32, i32, i32, i32, i32, i32, i32, i32, i32, i32, i32, i32, i32, i32, i32, i32, i32, i32, i32, i32, i32, i32, i32, i32, i32, i32, i32, i32, i32, i32, i32, i32, i32, i32, i32, i32, i32, i32, i32, i32, i32, i32, i32, i32, i32, i32, i32, i32, i32, i32, i32, i32, i32 } %mrv_10, i32 %kernel_window_35_V_read_1, 11" [firmware/nnet_utils/nnet_conv_stream.h:236]   --->   Operation 86 'insertvalue' 'mrv_11' <Predicate = true> <Delay = 0.00>
ST_1 : Operation 87 [1/1] (0.00ns)   --->   "%mrv_12 = insertvalue { i32, i32, i32, i32, i32, i32, i32, i32, i32, i32, i32, i32, i32, i32, i32, i32, i32, i32, i32, i32, i32, i32, i32, i32, i32, i32, i32, i32, i32, i32, i32, i32, i32, i32, i32, i32, i32, i32, i32, i32, i32, i32, i32, i32, i32, i32, i32, i32, i32, i32, i32, i32, i32, i32, i32, i32, i32, i32, i32, i32, i32, i32, i32, i32, i32, i32, i32, i32, i32, i32, i32, i32 } %mrv_11, i32 %kernel_window_36_V_read_1, 12" [firmware/nnet_utils/nnet_conv_stream.h:236]   --->   Operation 87 'insertvalue' 'mrv_12' <Predicate = true> <Delay = 0.00>
ST_1 : Operation 88 [1/1] (0.00ns)   --->   "%mrv_13 = insertvalue { i32, i32, i32, i32, i32, i32, i32, i32, i32, i32, i32, i32, i32, i32, i32, i32, i32, i32, i32, i32, i32, i32, i32, i32, i32, i32, i32, i32, i32, i32, i32, i32, i32, i32, i32, i32, i32, i32, i32, i32, i32, i32, i32, i32, i32, i32, i32, i32, i32, i32, i32, i32, i32, i32, i32, i32, i32, i32, i32, i32, i32, i32, i32, i32, i32, i32, i32, i32, i32, i32, i32, i32 } %mrv_12, i32 %kernel_window_37_V_read_1, 13" [firmware/nnet_utils/nnet_conv_stream.h:236]   --->   Operation 88 'insertvalue' 'mrv_13' <Predicate = true> <Delay = 0.00>
ST_1 : Operation 89 [1/1] (0.00ns)   --->   "%mrv_14 = insertvalue { i32, i32, i32, i32, i32, i32, i32, i32, i32, i32, i32, i32, i32, i32, i32, i32, i32, i32, i32, i32, i32, i32, i32, i32, i32, i32, i32, i32, i32, i32, i32, i32, i32, i32, i32, i32, i32, i32, i32, i32, i32, i32, i32, i32, i32, i32, i32, i32, i32, i32, i32, i32, i32, i32, i32, i32, i32, i32, i32, i32, i32, i32, i32, i32, i32, i32, i32, i32, i32, i32, i32, i32 } %mrv_13, i32 %kernel_window_38_V_read_1, 14" [firmware/nnet_utils/nnet_conv_stream.h:236]   --->   Operation 89 'insertvalue' 'mrv_14' <Predicate = true> <Delay = 0.00>
ST_1 : Operation 90 [1/1] (0.00ns)   --->   "%mrv_15 = insertvalue { i32, i32, i32, i32, i32, i32, i32, i32, i32, i32, i32, i32, i32, i32, i32, i32, i32, i32, i32, i32, i32, i32, i32, i32, i32, i32, i32, i32, i32, i32, i32, i32, i32, i32, i32, i32, i32, i32, i32, i32, i32, i32, i32, i32, i32, i32, i32, i32, i32, i32, i32, i32, i32, i32, i32, i32, i32, i32, i32, i32, i32, i32, i32, i32, i32, i32, i32, i32, i32, i32, i32, i32 } %mrv_14, i32 %kernel_window_39_V_read_1, 15" [firmware/nnet_utils/nnet_conv_stream.h:236]   --->   Operation 90 'insertvalue' 'mrv_15' <Predicate = true> <Delay = 0.00>
ST_1 : Operation 91 [1/1] (0.00ns)   --->   "%mrv_16 = insertvalue { i32, i32, i32, i32, i32, i32, i32, i32, i32, i32, i32, i32, i32, i32, i32, i32, i32, i32, i32, i32, i32, i32, i32, i32, i32, i32, i32, i32, i32, i32, i32, i32, i32, i32, i32, i32, i32, i32, i32, i32, i32, i32, i32, i32, i32, i32, i32, i32, i32, i32, i32, i32, i32, i32, i32, i32, i32, i32, i32, i32, i32, i32, i32, i32, i32, i32, i32, i32, i32, i32, i32, i32 } %mrv_15, i32 %kernel_window_56_V_read_1, 16" [firmware/nnet_utils/nnet_conv_stream.h:236]   --->   Operation 91 'insertvalue' 'mrv_16' <Predicate = true> <Delay = 0.00>
ST_1 : Operation 92 [1/1] (0.00ns)   --->   "%mrv_17 = insertvalue { i32, i32, i32, i32, i32, i32, i32, i32, i32, i32, i32, i32, i32, i32, i32, i32, i32, i32, i32, i32, i32, i32, i32, i32, i32, i32, i32, i32, i32, i32, i32, i32, i32, i32, i32, i32, i32, i32, i32, i32, i32, i32, i32, i32, i32, i32, i32, i32, i32, i32, i32, i32, i32, i32, i32, i32, i32, i32, i32, i32, i32, i32, i32, i32, i32, i32, i32, i32, i32, i32, i32, i32 } %mrv_16, i32 %kernel_window_57_V_read_1, 17" [firmware/nnet_utils/nnet_conv_stream.h:236]   --->   Operation 92 'insertvalue' 'mrv_17' <Predicate = true> <Delay = 0.00>
ST_1 : Operation 93 [1/1] (0.00ns)   --->   "%mrv_18 = insertvalue { i32, i32, i32, i32, i32, i32, i32, i32, i32, i32, i32, i32, i32, i32, i32, i32, i32, i32, i32, i32, i32, i32, i32, i32, i32, i32, i32, i32, i32, i32, i32, i32, i32, i32, i32, i32, i32, i32, i32, i32, i32, i32, i32, i32, i32, i32, i32, i32, i32, i32, i32, i32, i32, i32, i32, i32, i32, i32, i32, i32, i32, i32, i32, i32, i32, i32, i32, i32, i32, i32, i32, i32 } %mrv_17, i32 %kernel_window_58_V_read_1, 18" [firmware/nnet_utils/nnet_conv_stream.h:236]   --->   Operation 93 'insertvalue' 'mrv_18' <Predicate = true> <Delay = 0.00>
ST_1 : Operation 94 [1/1] (0.00ns)   --->   "%mrv_19 = insertvalue { i32, i32, i32, i32, i32, i32, i32, i32, i32, i32, i32, i32, i32, i32, i32, i32, i32, i32, i32, i32, i32, i32, i32, i32, i32, i32, i32, i32, i32, i32, i32, i32, i32, i32, i32, i32, i32, i32, i32, i32, i32, i32, i32, i32, i32, i32, i32, i32, i32, i32, i32, i32, i32, i32, i32, i32, i32, i32, i32, i32, i32, i32, i32, i32, i32, i32, i32, i32, i32, i32, i32, i32 } %mrv_18, i32 %kernel_window_59_V_read_1, 19" [firmware/nnet_utils/nnet_conv_stream.h:236]   --->   Operation 94 'insertvalue' 'mrv_19' <Predicate = true> <Delay = 0.00>
ST_1 : Operation 95 [1/1] (0.00ns)   --->   "%mrv_20 = insertvalue { i32, i32, i32, i32, i32, i32, i32, i32, i32, i32, i32, i32, i32, i32, i32, i32, i32, i32, i32, i32, i32, i32, i32, i32, i32, i32, i32, i32, i32, i32, i32, i32, i32, i32, i32, i32, i32, i32, i32, i32, i32, i32, i32, i32, i32, i32, i32, i32, i32, i32, i32, i32, i32, i32, i32, i32, i32, i32, i32, i32, i32, i32, i32, i32, i32, i32, i32, i32, i32, i32, i32, i32 } %mrv_19, i32 %kernel_window_60_V_read_1, 20" [firmware/nnet_utils/nnet_conv_stream.h:236]   --->   Operation 95 'insertvalue' 'mrv_20' <Predicate = true> <Delay = 0.00>
ST_1 : Operation 96 [1/1] (0.00ns)   --->   "%mrv_21 = insertvalue { i32, i32, i32, i32, i32, i32, i32, i32, i32, i32, i32, i32, i32, i32, i32, i32, i32, i32, i32, i32, i32, i32, i32, i32, i32, i32, i32, i32, i32, i32, i32, i32, i32, i32, i32, i32, i32, i32, i32, i32, i32, i32, i32, i32, i32, i32, i32, i32, i32, i32, i32, i32, i32, i32, i32, i32, i32, i32, i32, i32, i32, i32, i32, i32, i32, i32, i32, i32, i32, i32, i32, i32 } %mrv_20, i32 %kernel_window_61_V_read_1, 21" [firmware/nnet_utils/nnet_conv_stream.h:236]   --->   Operation 96 'insertvalue' 'mrv_21' <Predicate = true> <Delay = 0.00>
ST_1 : Operation 97 [1/1] (0.00ns)   --->   "%mrv_22 = insertvalue { i32, i32, i32, i32, i32, i32, i32, i32, i32, i32, i32, i32, i32, i32, i32, i32, i32, i32, i32, i32, i32, i32, i32, i32, i32, i32, i32, i32, i32, i32, i32, i32, i32, i32, i32, i32, i32, i32, i32, i32, i32, i32, i32, i32, i32, i32, i32, i32, i32, i32, i32, i32, i32, i32, i32, i32, i32, i32, i32, i32, i32, i32, i32, i32, i32, i32, i32, i32, i32, i32, i32, i32 } %mrv_21, i32 %kernel_window_62_V_read_1, 22" [firmware/nnet_utils/nnet_conv_stream.h:236]   --->   Operation 97 'insertvalue' 'mrv_22' <Predicate = true> <Delay = 0.00>
ST_1 : Operation 98 [1/1] (0.00ns)   --->   "%mrv_23 = insertvalue { i32, i32, i32, i32, i32, i32, i32, i32, i32, i32, i32, i32, i32, i32, i32, i32, i32, i32, i32, i32, i32, i32, i32, i32, i32, i32, i32, i32, i32, i32, i32, i32, i32, i32, i32, i32, i32, i32, i32, i32, i32, i32, i32, i32, i32, i32, i32, i32, i32, i32, i32, i32, i32, i32, i32, i32, i32, i32, i32, i32, i32, i32, i32, i32, i32, i32, i32, i32, i32, i32, i32, i32 } %mrv_22, i32 %kernel_window_63_V_read_1, 23" [firmware/nnet_utils/nnet_conv_stream.h:236]   --->   Operation 98 'insertvalue' 'mrv_23' <Predicate = true> <Delay = 0.00>
ST_1 : Operation 99 [1/1] (0.00ns)   --->   "%mrv_24 = insertvalue { i32, i32, i32, i32, i32, i32, i32, i32, i32, i32, i32, i32, i32, i32, i32, i32, i32, i32, i32, i32, i32, i32, i32, i32, i32, i32, i32, i32, i32, i32, i32, i32, i32, i32, i32, i32, i32, i32, i32, i32, i32, i32, i32, i32, i32, i32, i32, i32, i32, i32, i32, i32, i32, i32, i32, i32, i32, i32, i32, i32, i32, i32, i32, i32, i32, i32, i32, i32, i32, i32, i32, i32 } %mrv_23, i32 %kernel_window_16_V_read_1, 24" [firmware/nnet_utils/nnet_conv_stream.h:236]   --->   Operation 99 'insertvalue' 'mrv_24' <Predicate = true> <Delay = 0.00>
ST_1 : Operation 100 [1/1] (0.00ns)   --->   "%mrv_25 = insertvalue { i32, i32, i32, i32, i32, i32, i32, i32, i32, i32, i32, i32, i32, i32, i32, i32, i32, i32, i32, i32, i32, i32, i32, i32, i32, i32, i32, i32, i32, i32, i32, i32, i32, i32, i32, i32, i32, i32, i32, i32, i32, i32, i32, i32, i32, i32, i32, i32, i32, i32, i32, i32, i32, i32, i32, i32, i32, i32, i32, i32, i32, i32, i32, i32, i32, i32, i32, i32, i32, i32, i32, i32 } %mrv_24, i32 %kernel_window_17_V_read_1, 25" [firmware/nnet_utils/nnet_conv_stream.h:236]   --->   Operation 100 'insertvalue' 'mrv_25' <Predicate = true> <Delay = 0.00>
ST_1 : Operation 101 [1/1] (0.00ns)   --->   "%mrv_26 = insertvalue { i32, i32, i32, i32, i32, i32, i32, i32, i32, i32, i32, i32, i32, i32, i32, i32, i32, i32, i32, i32, i32, i32, i32, i32, i32, i32, i32, i32, i32, i32, i32, i32, i32, i32, i32, i32, i32, i32, i32, i32, i32, i32, i32, i32, i32, i32, i32, i32, i32, i32, i32, i32, i32, i32, i32, i32, i32, i32, i32, i32, i32, i32, i32, i32, i32, i32, i32, i32, i32, i32, i32, i32 } %mrv_25, i32 %kernel_window_18_V_read_1, 26" [firmware/nnet_utils/nnet_conv_stream.h:236]   --->   Operation 101 'insertvalue' 'mrv_26' <Predicate = true> <Delay = 0.00>
ST_1 : Operation 102 [1/1] (0.00ns)   --->   "%mrv_27 = insertvalue { i32, i32, i32, i32, i32, i32, i32, i32, i32, i32, i32, i32, i32, i32, i32, i32, i32, i32, i32, i32, i32, i32, i32, i32, i32, i32, i32, i32, i32, i32, i32, i32, i32, i32, i32, i32, i32, i32, i32, i32, i32, i32, i32, i32, i32, i32, i32, i32, i32, i32, i32, i32, i32, i32, i32, i32, i32, i32, i32, i32, i32, i32, i32, i32, i32, i32, i32, i32, i32, i32, i32, i32 } %mrv_26, i32 %kernel_window_19_V_read_1, 27" [firmware/nnet_utils/nnet_conv_stream.h:236]   --->   Operation 102 'insertvalue' 'mrv_27' <Predicate = true> <Delay = 0.00>
ST_1 : Operation 103 [1/1] (0.00ns)   --->   "%mrv_28 = insertvalue { i32, i32, i32, i32, i32, i32, i32, i32, i32, i32, i32, i32, i32, i32, i32, i32, i32, i32, i32, i32, i32, i32, i32, i32, i32, i32, i32, i32, i32, i32, i32, i32, i32, i32, i32, i32, i32, i32, i32, i32, i32, i32, i32, i32, i32, i32, i32, i32, i32, i32, i32, i32, i32, i32, i32, i32, i32, i32, i32, i32, i32, i32, i32, i32, i32, i32, i32, i32, i32, i32, i32, i32 } %mrv_27, i32 %kernel_window_20_V_read_1, 28" [firmware/nnet_utils/nnet_conv_stream.h:236]   --->   Operation 103 'insertvalue' 'mrv_28' <Predicate = true> <Delay = 0.00>
ST_1 : Operation 104 [1/1] (0.00ns)   --->   "%mrv_29 = insertvalue { i32, i32, i32, i32, i32, i32, i32, i32, i32, i32, i32, i32, i32, i32, i32, i32, i32, i32, i32, i32, i32, i32, i32, i32, i32, i32, i32, i32, i32, i32, i32, i32, i32, i32, i32, i32, i32, i32, i32, i32, i32, i32, i32, i32, i32, i32, i32, i32, i32, i32, i32, i32, i32, i32, i32, i32, i32, i32, i32, i32, i32, i32, i32, i32, i32, i32, i32, i32, i32, i32, i32, i32 } %mrv_28, i32 %kernel_window_21_V_read_1, 29" [firmware/nnet_utils/nnet_conv_stream.h:236]   --->   Operation 104 'insertvalue' 'mrv_29' <Predicate = true> <Delay = 0.00>
ST_1 : Operation 105 [1/1] (0.00ns)   --->   "%mrv_30 = insertvalue { i32, i32, i32, i32, i32, i32, i32, i32, i32, i32, i32, i32, i32, i32, i32, i32, i32, i32, i32, i32, i32, i32, i32, i32, i32, i32, i32, i32, i32, i32, i32, i32, i32, i32, i32, i32, i32, i32, i32, i32, i32, i32, i32, i32, i32, i32, i32, i32, i32, i32, i32, i32, i32, i32, i32, i32, i32, i32, i32, i32, i32, i32, i32, i32, i32, i32, i32, i32, i32, i32, i32, i32 } %mrv_29, i32 %kernel_window_22_V_read_1, 30" [firmware/nnet_utils/nnet_conv_stream.h:236]   --->   Operation 105 'insertvalue' 'mrv_30' <Predicate = true> <Delay = 0.00>
ST_1 : Operation 106 [1/1] (0.00ns)   --->   "%mrv_31 = insertvalue { i32, i32, i32, i32, i32, i32, i32, i32, i32, i32, i32, i32, i32, i32, i32, i32, i32, i32, i32, i32, i32, i32, i32, i32, i32, i32, i32, i32, i32, i32, i32, i32, i32, i32, i32, i32, i32, i32, i32, i32, i32, i32, i32, i32, i32, i32, i32, i32, i32, i32, i32, i32, i32, i32, i32, i32, i32, i32, i32, i32, i32, i32, i32, i32, i32, i32, i32, i32, i32, i32, i32, i32 } %mrv_30, i32 %kernel_window_23_V_read_1, 31" [firmware/nnet_utils/nnet_conv_stream.h:236]   --->   Operation 106 'insertvalue' 'mrv_31' <Predicate = true> <Delay = 0.00>
ST_1 : Operation 107 [1/1] (0.00ns)   --->   "%mrv_32 = insertvalue { i32, i32, i32, i32, i32, i32, i32, i32, i32, i32, i32, i32, i32, i32, i32, i32, i32, i32, i32, i32, i32, i32, i32, i32, i32, i32, i32, i32, i32, i32, i32, i32, i32, i32, i32, i32, i32, i32, i32, i32, i32, i32, i32, i32, i32, i32, i32, i32, i32, i32, i32, i32, i32, i32, i32, i32, i32, i32, i32, i32, i32, i32, i32, i32, i32, i32, i32, i32, i32, i32, i32, i32 } %mrv_31, i32 %DataOut_V_17, 32" [firmware/nnet_utils/nnet_conv_stream.h:236]   --->   Operation 107 'insertvalue' 'mrv_32' <Predicate = true> <Delay = 0.00>
ST_1 : Operation 108 [1/1] (0.00ns)   --->   "%mrv_33 = insertvalue { i32, i32, i32, i32, i32, i32, i32, i32, i32, i32, i32, i32, i32, i32, i32, i32, i32, i32, i32, i32, i32, i32, i32, i32, i32, i32, i32, i32, i32, i32, i32, i32, i32, i32, i32, i32, i32, i32, i32, i32, i32, i32, i32, i32, i32, i32, i32, i32, i32, i32, i32, i32, i32, i32, i32, i32, i32, i32, i32, i32, i32, i32, i32, i32, i32, i32, i32, i32, i32, i32, i32, i32 } %mrv_32, i32 %DataOut_V_19, 33" [firmware/nnet_utils/nnet_conv_stream.h:236]   --->   Operation 108 'insertvalue' 'mrv_33' <Predicate = true> <Delay = 0.00>
ST_1 : Operation 109 [1/1] (0.00ns)   --->   "%mrv_34 = insertvalue { i32, i32, i32, i32, i32, i32, i32, i32, i32, i32, i32, i32, i32, i32, i32, i32, i32, i32, i32, i32, i32, i32, i32, i32, i32, i32, i32, i32, i32, i32, i32, i32, i32, i32, i32, i32, i32, i32, i32, i32, i32, i32, i32, i32, i32, i32, i32, i32, i32, i32, i32, i32, i32, i32, i32, i32, i32, i32, i32, i32, i32, i32, i32, i32, i32, i32, i32, i32, i32, i32, i32, i32 } %mrv_33, i32 %DataOut_V_21, 34" [firmware/nnet_utils/nnet_conv_stream.h:236]   --->   Operation 109 'insertvalue' 'mrv_34' <Predicate = true> <Delay = 0.00>
ST_1 : Operation 110 [1/1] (0.00ns)   --->   "%mrv_35 = insertvalue { i32, i32, i32, i32, i32, i32, i32, i32, i32, i32, i32, i32, i32, i32, i32, i32, i32, i32, i32, i32, i32, i32, i32, i32, i32, i32, i32, i32, i32, i32, i32, i32, i32, i32, i32, i32, i32, i32, i32, i32, i32, i32, i32, i32, i32, i32, i32, i32, i32, i32, i32, i32, i32, i32, i32, i32, i32, i32, i32, i32, i32, i32, i32, i32, i32, i32, i32, i32, i32, i32, i32, i32 } %mrv_34, i32 %DataOut_V_23, 35" [firmware/nnet_utils/nnet_conv_stream.h:236]   --->   Operation 110 'insertvalue' 'mrv_35' <Predicate = true> <Delay = 0.00>
ST_1 : Operation 111 [1/1] (0.00ns)   --->   "%mrv_36 = insertvalue { i32, i32, i32, i32, i32, i32, i32, i32, i32, i32, i32, i32, i32, i32, i32, i32, i32, i32, i32, i32, i32, i32, i32, i32, i32, i32, i32, i32, i32, i32, i32, i32, i32, i32, i32, i32, i32, i32, i32, i32, i32, i32, i32, i32, i32, i32, i32, i32, i32, i32, i32, i32, i32, i32, i32, i32, i32, i32, i32, i32, i32, i32, i32, i32, i32, i32, i32, i32, i32, i32, i32, i32 } %mrv_35, i32 %DataOut_V_25, 36" [firmware/nnet_utils/nnet_conv_stream.h:236]   --->   Operation 111 'insertvalue' 'mrv_36' <Predicate = true> <Delay = 0.00>
ST_1 : Operation 112 [1/1] (0.00ns)   --->   "%mrv_37 = insertvalue { i32, i32, i32, i32, i32, i32, i32, i32, i32, i32, i32, i32, i32, i32, i32, i32, i32, i32, i32, i32, i32, i32, i32, i32, i32, i32, i32, i32, i32, i32, i32, i32, i32, i32, i32, i32, i32, i32, i32, i32, i32, i32, i32, i32, i32, i32, i32, i32, i32, i32, i32, i32, i32, i32, i32, i32, i32, i32, i32, i32, i32, i32, i32, i32, i32, i32, i32, i32, i32, i32, i32, i32 } %mrv_36, i32 %DataOut_V_27, 37" [firmware/nnet_utils/nnet_conv_stream.h:236]   --->   Operation 112 'insertvalue' 'mrv_37' <Predicate = true> <Delay = 0.00>
ST_1 : Operation 113 [1/1] (0.00ns)   --->   "%mrv_38 = insertvalue { i32, i32, i32, i32, i32, i32, i32, i32, i32, i32, i32, i32, i32, i32, i32, i32, i32, i32, i32, i32, i32, i32, i32, i32, i32, i32, i32, i32, i32, i32, i32, i32, i32, i32, i32, i32, i32, i32, i32, i32, i32, i32, i32, i32, i32, i32, i32, i32, i32, i32, i32, i32, i32, i32, i32, i32, i32, i32, i32, i32, i32, i32, i32, i32, i32, i32, i32, i32, i32, i32, i32, i32 } %mrv_37, i32 %DataOut_V_29, 38" [firmware/nnet_utils/nnet_conv_stream.h:236]   --->   Operation 113 'insertvalue' 'mrv_38' <Predicate = true> <Delay = 0.00>
ST_1 : Operation 114 [1/1] (0.00ns)   --->   "%mrv_39 = insertvalue { i32, i32, i32, i32, i32, i32, i32, i32, i32, i32, i32, i32, i32, i32, i32, i32, i32, i32, i32, i32, i32, i32, i32, i32, i32, i32, i32, i32, i32, i32, i32, i32, i32, i32, i32, i32, i32, i32, i32, i32, i32, i32, i32, i32, i32, i32, i32, i32, i32, i32, i32, i32, i32, i32, i32, i32, i32, i32, i32, i32, i32, i32, i32, i32, i32, i32, i32, i32, i32, i32, i32, i32 } %mrv_38, i32 %DataOut_V, 39" [firmware/nnet_utils/nnet_conv_stream.h:236]   --->   Operation 114 'insertvalue' 'mrv_39' <Predicate = true> <Delay = 0.00>
ST_1 : Operation 115 [1/1] (0.00ns)   --->   "%mrv_40 = insertvalue { i32, i32, i32, i32, i32, i32, i32, i32, i32, i32, i32, i32, i32, i32, i32, i32, i32, i32, i32, i32, i32, i32, i32, i32, i32, i32, i32, i32, i32, i32, i32, i32, i32, i32, i32, i32, i32, i32, i32, i32, i32, i32, i32, i32, i32, i32, i32, i32, i32, i32, i32, i32, i32, i32, i32, i32, i32, i32, i32, i32, i32, i32, i32, i32, i32, i32, i32, i32, i32, i32, i32, i32 } %mrv_39, i32 %kernel_window_40_V_read_1, 40" [firmware/nnet_utils/nnet_conv_stream.h:236]   --->   Operation 115 'insertvalue' 'mrv_40' <Predicate = true> <Delay = 0.00>
ST_1 : Operation 116 [1/1] (0.00ns)   --->   "%mrv_41 = insertvalue { i32, i32, i32, i32, i32, i32, i32, i32, i32, i32, i32, i32, i32, i32, i32, i32, i32, i32, i32, i32, i32, i32, i32, i32, i32, i32, i32, i32, i32, i32, i32, i32, i32, i32, i32, i32, i32, i32, i32, i32, i32, i32, i32, i32, i32, i32, i32, i32, i32, i32, i32, i32, i32, i32, i32, i32, i32, i32, i32, i32, i32, i32, i32, i32, i32, i32, i32, i32, i32, i32, i32, i32 } %mrv_40, i32 %kernel_window_41_V_read_1, 41" [firmware/nnet_utils/nnet_conv_stream.h:236]   --->   Operation 116 'insertvalue' 'mrv_41' <Predicate = true> <Delay = 0.00>
ST_1 : Operation 117 [1/1] (0.00ns)   --->   "%mrv_42 = insertvalue { i32, i32, i32, i32, i32, i32, i32, i32, i32, i32, i32, i32, i32, i32, i32, i32, i32, i32, i32, i32, i32, i32, i32, i32, i32, i32, i32, i32, i32, i32, i32, i32, i32, i32, i32, i32, i32, i32, i32, i32, i32, i32, i32, i32, i32, i32, i32, i32, i32, i32, i32, i32, i32, i32, i32, i32, i32, i32, i32, i32, i32, i32, i32, i32, i32, i32, i32, i32, i32, i32, i32, i32 } %mrv_41, i32 %kernel_window_42_V_read_1, 42" [firmware/nnet_utils/nnet_conv_stream.h:236]   --->   Operation 117 'insertvalue' 'mrv_42' <Predicate = true> <Delay = 0.00>
ST_1 : Operation 118 [1/1] (0.00ns)   --->   "%mrv_43 = insertvalue { i32, i32, i32, i32, i32, i32, i32, i32, i32, i32, i32, i32, i32, i32, i32, i32, i32, i32, i32, i32, i32, i32, i32, i32, i32, i32, i32, i32, i32, i32, i32, i32, i32, i32, i32, i32, i32, i32, i32, i32, i32, i32, i32, i32, i32, i32, i32, i32, i32, i32, i32, i32, i32, i32, i32, i32, i32, i32, i32, i32, i32, i32, i32, i32, i32, i32, i32, i32, i32, i32, i32, i32 } %mrv_42, i32 %kernel_window_43_V_read_1, 43" [firmware/nnet_utils/nnet_conv_stream.h:236]   --->   Operation 118 'insertvalue' 'mrv_43' <Predicate = true> <Delay = 0.00>
ST_1 : Operation 119 [1/1] (0.00ns)   --->   "%mrv_44 = insertvalue { i32, i32, i32, i32, i32, i32, i32, i32, i32, i32, i32, i32, i32, i32, i32, i32, i32, i32, i32, i32, i32, i32, i32, i32, i32, i32, i32, i32, i32, i32, i32, i32, i32, i32, i32, i32, i32, i32, i32, i32, i32, i32, i32, i32, i32, i32, i32, i32, i32, i32, i32, i32, i32, i32, i32, i32, i32, i32, i32, i32, i32, i32, i32, i32, i32, i32, i32, i32, i32, i32, i32, i32 } %mrv_43, i32 %kernel_window_44_V_read_1, 44" [firmware/nnet_utils/nnet_conv_stream.h:236]   --->   Operation 119 'insertvalue' 'mrv_44' <Predicate = true> <Delay = 0.00>
ST_1 : Operation 120 [1/1] (0.00ns)   --->   "%mrv_45 = insertvalue { i32, i32, i32, i32, i32, i32, i32, i32, i32, i32, i32, i32, i32, i32, i32, i32, i32, i32, i32, i32, i32, i32, i32, i32, i32, i32, i32, i32, i32, i32, i32, i32, i32, i32, i32, i32, i32, i32, i32, i32, i32, i32, i32, i32, i32, i32, i32, i32, i32, i32, i32, i32, i32, i32, i32, i32, i32, i32, i32, i32, i32, i32, i32, i32, i32, i32, i32, i32, i32, i32, i32, i32 } %mrv_44, i32 %kernel_window_45_V_read_1, 45" [firmware/nnet_utils/nnet_conv_stream.h:236]   --->   Operation 120 'insertvalue' 'mrv_45' <Predicate = true> <Delay = 0.00>
ST_1 : Operation 121 [1/1] (0.00ns)   --->   "%mrv_46 = insertvalue { i32, i32, i32, i32, i32, i32, i32, i32, i32, i32, i32, i32, i32, i32, i32, i32, i32, i32, i32, i32, i32, i32, i32, i32, i32, i32, i32, i32, i32, i32, i32, i32, i32, i32, i32, i32, i32, i32, i32, i32, i32, i32, i32, i32, i32, i32, i32, i32, i32, i32, i32, i32, i32, i32, i32, i32, i32, i32, i32, i32, i32, i32, i32, i32, i32, i32, i32, i32, i32, i32, i32, i32 } %mrv_45, i32 %kernel_window_46_V_read_1, 46" [firmware/nnet_utils/nnet_conv_stream.h:236]   --->   Operation 121 'insertvalue' 'mrv_46' <Predicate = true> <Delay = 0.00>
ST_1 : Operation 122 [1/1] (0.00ns)   --->   "%mrv_47 = insertvalue { i32, i32, i32, i32, i32, i32, i32, i32, i32, i32, i32, i32, i32, i32, i32, i32, i32, i32, i32, i32, i32, i32, i32, i32, i32, i32, i32, i32, i32, i32, i32, i32, i32, i32, i32, i32, i32, i32, i32, i32, i32, i32, i32, i32, i32, i32, i32, i32, i32, i32, i32, i32, i32, i32, i32, i32, i32, i32, i32, i32, i32, i32, i32, i32, i32, i32, i32, i32, i32, i32, i32, i32 } %mrv_46, i32 %kernel_window_47_V_read_1, 47" [firmware/nnet_utils/nnet_conv_stream.h:236]   --->   Operation 122 'insertvalue' 'mrv_47' <Predicate = true> <Delay = 0.00>
ST_1 : Operation 123 [1/1] (0.00ns)   --->   "%mrv_48 = insertvalue { i32, i32, i32, i32, i32, i32, i32, i32, i32, i32, i32, i32, i32, i32, i32, i32, i32, i32, i32, i32, i32, i32, i32, i32, i32, i32, i32, i32, i32, i32, i32, i32, i32, i32, i32, i32, i32, i32, i32, i32, i32, i32, i32, i32, i32, i32, i32, i32, i32, i32, i32, i32, i32, i32, i32, i32, i32, i32, i32, i32, i32, i32, i32, i32, i32, i32, i32, i32, i32, i32, i32, i32 } %mrv_47, i32 %DataOut_V_16, 48" [firmware/nnet_utils/nnet_conv_stream.h:236]   --->   Operation 123 'insertvalue' 'mrv_48' <Predicate = true> <Delay = 0.00>
ST_1 : Operation 124 [1/1] (0.00ns)   --->   "%mrv_49 = insertvalue { i32, i32, i32, i32, i32, i32, i32, i32, i32, i32, i32, i32, i32, i32, i32, i32, i32, i32, i32, i32, i32, i32, i32, i32, i32, i32, i32, i32, i32, i32, i32, i32, i32, i32, i32, i32, i32, i32, i32, i32, i32, i32, i32, i32, i32, i32, i32, i32, i32, i32, i32, i32, i32, i32, i32, i32, i32, i32, i32, i32, i32, i32, i32, i32, i32, i32, i32, i32, i32, i32, i32, i32 } %mrv_48, i32 %DataOut_V_18, 49" [firmware/nnet_utils/nnet_conv_stream.h:236]   --->   Operation 124 'insertvalue' 'mrv_49' <Predicate = true> <Delay = 0.00>
ST_1 : Operation 125 [1/1] (0.00ns)   --->   "%mrv_50 = insertvalue { i32, i32, i32, i32, i32, i32, i32, i32, i32, i32, i32, i32, i32, i32, i32, i32, i32, i32, i32, i32, i32, i32, i32, i32, i32, i32, i32, i32, i32, i32, i32, i32, i32, i32, i32, i32, i32, i32, i32, i32, i32, i32, i32, i32, i32, i32, i32, i32, i32, i32, i32, i32, i32, i32, i32, i32, i32, i32, i32, i32, i32, i32, i32, i32, i32, i32, i32, i32, i32, i32, i32, i32 } %mrv_49, i32 %DataOut_V_20, 50" [firmware/nnet_utils/nnet_conv_stream.h:236]   --->   Operation 125 'insertvalue' 'mrv_50' <Predicate = true> <Delay = 0.00>
ST_1 : Operation 126 [1/1] (0.00ns)   --->   "%mrv_51 = insertvalue { i32, i32, i32, i32, i32, i32, i32, i32, i32, i32, i32, i32, i32, i32, i32, i32, i32, i32, i32, i32, i32, i32, i32, i32, i32, i32, i32, i32, i32, i32, i32, i32, i32, i32, i32, i32, i32, i32, i32, i32, i32, i32, i32, i32, i32, i32, i32, i32, i32, i32, i32, i32, i32, i32, i32, i32, i32, i32, i32, i32, i32, i32, i32, i32, i32, i32, i32, i32, i32, i32, i32, i32 } %mrv_50, i32 %DataOut_V_22, 51" [firmware/nnet_utils/nnet_conv_stream.h:236]   --->   Operation 126 'insertvalue' 'mrv_51' <Predicate = true> <Delay = 0.00>
ST_1 : Operation 127 [1/1] (0.00ns)   --->   "%mrv_52 = insertvalue { i32, i32, i32, i32, i32, i32, i32, i32, i32, i32, i32, i32, i32, i32, i32, i32, i32, i32, i32, i32, i32, i32, i32, i32, i32, i32, i32, i32, i32, i32, i32, i32, i32, i32, i32, i32, i32, i32, i32, i32, i32, i32, i32, i32, i32, i32, i32, i32, i32, i32, i32, i32, i32, i32, i32, i32, i32, i32, i32, i32, i32, i32, i32, i32, i32, i32, i32, i32, i32, i32, i32, i32 } %mrv_51, i32 %DataOut_V_24, 52" [firmware/nnet_utils/nnet_conv_stream.h:236]   --->   Operation 127 'insertvalue' 'mrv_52' <Predicate = true> <Delay = 0.00>
ST_1 : Operation 128 [1/1] (0.00ns)   --->   "%mrv_53 = insertvalue { i32, i32, i32, i32, i32, i32, i32, i32, i32, i32, i32, i32, i32, i32, i32, i32, i32, i32, i32, i32, i32, i32, i32, i32, i32, i32, i32, i32, i32, i32, i32, i32, i32, i32, i32, i32, i32, i32, i32, i32, i32, i32, i32, i32, i32, i32, i32, i32, i32, i32, i32, i32, i32, i32, i32, i32, i32, i32, i32, i32, i32, i32, i32, i32, i32, i32, i32, i32, i32, i32, i32, i32 } %mrv_52, i32 %DataOut_V_26, 53" [firmware/nnet_utils/nnet_conv_stream.h:236]   --->   Operation 128 'insertvalue' 'mrv_53' <Predicate = true> <Delay = 0.00>
ST_1 : Operation 129 [1/1] (0.00ns)   --->   "%mrv_54 = insertvalue { i32, i32, i32, i32, i32, i32, i32, i32, i32, i32, i32, i32, i32, i32, i32, i32, i32, i32, i32, i32, i32, i32, i32, i32, i32, i32, i32, i32, i32, i32, i32, i32, i32, i32, i32, i32, i32, i32, i32, i32, i32, i32, i32, i32, i32, i32, i32, i32, i32, i32, i32, i32, i32, i32, i32, i32, i32, i32, i32, i32, i32, i32, i32, i32, i32, i32, i32, i32, i32, i32, i32, i32 } %mrv_53, i32 %DataOut_V_28, 54" [firmware/nnet_utils/nnet_conv_stream.h:236]   --->   Operation 129 'insertvalue' 'mrv_54' <Predicate = true> <Delay = 0.00>
ST_1 : Operation 130 [1/1] (0.00ns)   --->   "%mrv_55 = insertvalue { i32, i32, i32, i32, i32, i32, i32, i32, i32, i32, i32, i32, i32, i32, i32, i32, i32, i32, i32, i32, i32, i32, i32, i32, i32, i32, i32, i32, i32, i32, i32, i32, i32, i32, i32, i32, i32, i32, i32, i32, i32, i32, i32, i32, i32, i32, i32, i32, i32, i32, i32, i32, i32, i32, i32, i32, i32, i32, i32, i32, i32, i32, i32, i32, i32, i32, i32, i32, i32, i32, i32, i32 } %mrv_54, i32 %DataOut_V_30, 55" [firmware/nnet_utils/nnet_conv_stream.h:236]   --->   Operation 130 'insertvalue' 'mrv_55' <Predicate = true> <Delay = 0.00>
ST_1 : Operation 131 [1/1] (0.00ns)   --->   "%mrv_56 = insertvalue { i32, i32, i32, i32, i32, i32, i32, i32, i32, i32, i32, i32, i32, i32, i32, i32, i32, i32, i32, i32, i32, i32, i32, i32, i32, i32, i32, i32, i32, i32, i32, i32, i32, i32, i32, i32, i32, i32, i32, i32, i32, i32, i32, i32, i32, i32, i32, i32, i32, i32, i32, i32, i32, i32, i32, i32, i32, i32, i32, i32, i32, i32, i32, i32, i32, i32, i32, i32, i32, i32, i32, i32 } %mrv_55, i32 %kernel_window_64_V_read_1, 56" [firmware/nnet_utils/nnet_conv_stream.h:236]   --->   Operation 131 'insertvalue' 'mrv_56' <Predicate = true> <Delay = 0.00>
ST_1 : Operation 132 [1/1] (0.00ns)   --->   "%mrv_57 = insertvalue { i32, i32, i32, i32, i32, i32, i32, i32, i32, i32, i32, i32, i32, i32, i32, i32, i32, i32, i32, i32, i32, i32, i32, i32, i32, i32, i32, i32, i32, i32, i32, i32, i32, i32, i32, i32, i32, i32, i32, i32, i32, i32, i32, i32, i32, i32, i32, i32, i32, i32, i32, i32, i32, i32, i32, i32, i32, i32, i32, i32, i32, i32, i32, i32, i32, i32, i32, i32, i32, i32, i32, i32 } %mrv_56, i32 %kernel_window_65_V_read_1, 57" [firmware/nnet_utils/nnet_conv_stream.h:236]   --->   Operation 132 'insertvalue' 'mrv_57' <Predicate = true> <Delay = 0.00>
ST_1 : Operation 133 [1/1] (0.00ns)   --->   "%mrv_58 = insertvalue { i32, i32, i32, i32, i32, i32, i32, i32, i32, i32, i32, i32, i32, i32, i32, i32, i32, i32, i32, i32, i32, i32, i32, i32, i32, i32, i32, i32, i32, i32, i32, i32, i32, i32, i32, i32, i32, i32, i32, i32, i32, i32, i32, i32, i32, i32, i32, i32, i32, i32, i32, i32, i32, i32, i32, i32, i32, i32, i32, i32, i32, i32, i32, i32, i32, i32, i32, i32, i32, i32, i32, i32 } %mrv_57, i32 %kernel_window_66_V_read_1, 58" [firmware/nnet_utils/nnet_conv_stream.h:236]   --->   Operation 133 'insertvalue' 'mrv_58' <Predicate = true> <Delay = 0.00>
ST_1 : Operation 134 [1/1] (0.00ns)   --->   "%mrv_59 = insertvalue { i32, i32, i32, i32, i32, i32, i32, i32, i32, i32, i32, i32, i32, i32, i32, i32, i32, i32, i32, i32, i32, i32, i32, i32, i32, i32, i32, i32, i32, i32, i32, i32, i32, i32, i32, i32, i32, i32, i32, i32, i32, i32, i32, i32, i32, i32, i32, i32, i32, i32, i32, i32, i32, i32, i32, i32, i32, i32, i32, i32, i32, i32, i32, i32, i32, i32, i32, i32, i32, i32, i32, i32 } %mrv_58, i32 %kernel_window_67_V_read_1, 59" [firmware/nnet_utils/nnet_conv_stream.h:236]   --->   Operation 134 'insertvalue' 'mrv_59' <Predicate = true> <Delay = 0.00>
ST_1 : Operation 135 [1/1] (0.00ns)   --->   "%mrv_60 = insertvalue { i32, i32, i32, i32, i32, i32, i32, i32, i32, i32, i32, i32, i32, i32, i32, i32, i32, i32, i32, i32, i32, i32, i32, i32, i32, i32, i32, i32, i32, i32, i32, i32, i32, i32, i32, i32, i32, i32, i32, i32, i32, i32, i32, i32, i32, i32, i32, i32, i32, i32, i32, i32, i32, i32, i32, i32, i32, i32, i32, i32, i32, i32, i32, i32, i32, i32, i32, i32, i32, i32, i32, i32 } %mrv_59, i32 %kernel_window_68_V_read_1, 60" [firmware/nnet_utils/nnet_conv_stream.h:236]   --->   Operation 135 'insertvalue' 'mrv_60' <Predicate = true> <Delay = 0.00>
ST_1 : Operation 136 [1/1] (0.00ns)   --->   "%mrv_61 = insertvalue { i32, i32, i32, i32, i32, i32, i32, i32, i32, i32, i32, i32, i32, i32, i32, i32, i32, i32, i32, i32, i32, i32, i32, i32, i32, i32, i32, i32, i32, i32, i32, i32, i32, i32, i32, i32, i32, i32, i32, i32, i32, i32, i32, i32, i32, i32, i32, i32, i32, i32, i32, i32, i32, i32, i32, i32, i32, i32, i32, i32, i32, i32, i32, i32, i32, i32, i32, i32, i32, i32, i32, i32 } %mrv_60, i32 %kernel_window_69_V_read_1, 61" [firmware/nnet_utils/nnet_conv_stream.h:236]   --->   Operation 136 'insertvalue' 'mrv_61' <Predicate = true> <Delay = 0.00>
ST_1 : Operation 137 [1/1] (0.00ns)   --->   "%mrv_62 = insertvalue { i32, i32, i32, i32, i32, i32, i32, i32, i32, i32, i32, i32, i32, i32, i32, i32, i32, i32, i32, i32, i32, i32, i32, i32, i32, i32, i32, i32, i32, i32, i32, i32, i32, i32, i32, i32, i32, i32, i32, i32, i32, i32, i32, i32, i32, i32, i32, i32, i32, i32, i32, i32, i32, i32, i32, i32, i32, i32, i32, i32, i32, i32, i32, i32, i32, i32, i32, i32, i32, i32, i32, i32 } %mrv_61, i32 %kernel_window_70_V_read_1, 62" [firmware/nnet_utils/nnet_conv_stream.h:236]   --->   Operation 137 'insertvalue' 'mrv_62' <Predicate = true> <Delay = 0.00>
ST_1 : Operation 138 [1/1] (0.00ns)   --->   "%mrv_63 = insertvalue { i32, i32, i32, i32, i32, i32, i32, i32, i32, i32, i32, i32, i32, i32, i32, i32, i32, i32, i32, i32, i32, i32, i32, i32, i32, i32, i32, i32, i32, i32, i32, i32, i32, i32, i32, i32, i32, i32, i32, i32, i32, i32, i32, i32, i32, i32, i32, i32, i32, i32, i32, i32, i32, i32, i32, i32, i32, i32, i32, i32, i32, i32, i32, i32, i32, i32, i32, i32, i32, i32, i32, i32 } %mrv_62, i32 %kernel_window_71_V_read_1, 63" [firmware/nnet_utils/nnet_conv_stream.h:236]   --->   Operation 138 'insertvalue' 'mrv_63' <Predicate = true> <Delay = 0.00>
ST_1 : Operation 139 [1/1] (0.00ns)   --->   "%mrv_64 = insertvalue { i32, i32, i32, i32, i32, i32, i32, i32, i32, i32, i32, i32, i32, i32, i32, i32, i32, i32, i32, i32, i32, i32, i32, i32, i32, i32, i32, i32, i32, i32, i32, i32, i32, i32, i32, i32, i32, i32, i32, i32, i32, i32, i32, i32, i32, i32, i32, i32, i32, i32, i32, i32, i32, i32, i32, i32, i32, i32, i32, i32, i32, i32, i32, i32, i32, i32, i32, i32, i32, i32, i32, i32 } %mrv_63, i32 %in_elem_data_0_V_read_1, 64" [firmware/nnet_utils/nnet_conv_stream.h:236]   --->   Operation 139 'insertvalue' 'mrv_64' <Predicate = true> <Delay = 0.00>
ST_1 : Operation 140 [1/1] (0.00ns)   --->   "%mrv_65 = insertvalue { i32, i32, i32, i32, i32, i32, i32, i32, i32, i32, i32, i32, i32, i32, i32, i32, i32, i32, i32, i32, i32, i32, i32, i32, i32, i32, i32, i32, i32, i32, i32, i32, i32, i32, i32, i32, i32, i32, i32, i32, i32, i32, i32, i32, i32, i32, i32, i32, i32, i32, i32, i32, i32, i32, i32, i32, i32, i32, i32, i32, i32, i32, i32, i32, i32, i32, i32, i32, i32, i32, i32, i32 } %mrv_64, i32 %in_elem_data_1_V_read_1, 65" [firmware/nnet_utils/nnet_conv_stream.h:236]   --->   Operation 140 'insertvalue' 'mrv_65' <Predicate = true> <Delay = 0.00>
ST_1 : Operation 141 [1/1] (0.00ns)   --->   "%mrv_66 = insertvalue { i32, i32, i32, i32, i32, i32, i32, i32, i32, i32, i32, i32, i32, i32, i32, i32, i32, i32, i32, i32, i32, i32, i32, i32, i32, i32, i32, i32, i32, i32, i32, i32, i32, i32, i32, i32, i32, i32, i32, i32, i32, i32, i32, i32, i32, i32, i32, i32, i32, i32, i32, i32, i32, i32, i32, i32, i32, i32, i32, i32, i32, i32, i32, i32, i32, i32, i32, i32, i32, i32, i32, i32 } %mrv_65, i32 %in_elem_data_2_V_read_1, 66" [firmware/nnet_utils/nnet_conv_stream.h:236]   --->   Operation 141 'insertvalue' 'mrv_66' <Predicate = true> <Delay = 0.00>
ST_1 : Operation 142 [1/1] (0.00ns)   --->   "%mrv_67 = insertvalue { i32, i32, i32, i32, i32, i32, i32, i32, i32, i32, i32, i32, i32, i32, i32, i32, i32, i32, i32, i32, i32, i32, i32, i32, i32, i32, i32, i32, i32, i32, i32, i32, i32, i32, i32, i32, i32, i32, i32, i32, i32, i32, i32, i32, i32, i32, i32, i32, i32, i32, i32, i32, i32, i32, i32, i32, i32, i32, i32, i32, i32, i32, i32, i32, i32, i32, i32, i32, i32, i32, i32, i32 } %mrv_66, i32 %in_elem_data_3_V_read_1, 67" [firmware/nnet_utils/nnet_conv_stream.h:236]   --->   Operation 142 'insertvalue' 'mrv_67' <Predicate = true> <Delay = 0.00>
ST_1 : Operation 143 [1/1] (0.00ns)   --->   "%mrv_68 = insertvalue { i32, i32, i32, i32, i32, i32, i32, i32, i32, i32, i32, i32, i32, i32, i32, i32, i32, i32, i32, i32, i32, i32, i32, i32, i32, i32, i32, i32, i32, i32, i32, i32, i32, i32, i32, i32, i32, i32, i32, i32, i32, i32, i32, i32, i32, i32, i32, i32, i32, i32, i32, i32, i32, i32, i32, i32, i32, i32, i32, i32, i32, i32, i32, i32, i32, i32, i32, i32, i32, i32, i32, i32 } %mrv_67, i32 %in_elem_data_4_V_read_1, 68" [firmware/nnet_utils/nnet_conv_stream.h:236]   --->   Operation 143 'insertvalue' 'mrv_68' <Predicate = true> <Delay = 0.00>
ST_1 : Operation 144 [1/1] (0.00ns)   --->   "%mrv_69 = insertvalue { i32, i32, i32, i32, i32, i32, i32, i32, i32, i32, i32, i32, i32, i32, i32, i32, i32, i32, i32, i32, i32, i32, i32, i32, i32, i32, i32, i32, i32, i32, i32, i32, i32, i32, i32, i32, i32, i32, i32, i32, i32, i32, i32, i32, i32, i32, i32, i32, i32, i32, i32, i32, i32, i32, i32, i32, i32, i32, i32, i32, i32, i32, i32, i32, i32, i32, i32, i32, i32, i32, i32, i32 } %mrv_68, i32 %in_elem_data_5_V_read_1, 69" [firmware/nnet_utils/nnet_conv_stream.h:236]   --->   Operation 144 'insertvalue' 'mrv_69' <Predicate = true> <Delay = 0.00>
ST_1 : Operation 145 [1/1] (0.00ns)   --->   "%mrv_70 = insertvalue { i32, i32, i32, i32, i32, i32, i32, i32, i32, i32, i32, i32, i32, i32, i32, i32, i32, i32, i32, i32, i32, i32, i32, i32, i32, i32, i32, i32, i32, i32, i32, i32, i32, i32, i32, i32, i32, i32, i32, i32, i32, i32, i32, i32, i32, i32, i32, i32, i32, i32, i32, i32, i32, i32, i32, i32, i32, i32, i32, i32, i32, i32, i32, i32, i32, i32, i32, i32, i32, i32, i32, i32 } %mrv_69, i32 %in_elem_data_6_V_read_1, 70" [firmware/nnet_utils/nnet_conv_stream.h:236]   --->   Operation 145 'insertvalue' 'mrv_70' <Predicate = true> <Delay = 0.00>
ST_1 : Operation 146 [1/1] (0.00ns)   --->   "%mrv_71 = insertvalue { i32, i32, i32, i32, i32, i32, i32, i32, i32, i32, i32, i32, i32, i32, i32, i32, i32, i32, i32, i32, i32, i32, i32, i32, i32, i32, i32, i32, i32, i32, i32, i32, i32, i32, i32, i32, i32, i32, i32, i32, i32, i32, i32, i32, i32, i32, i32, i32, i32, i32, i32, i32, i32, i32, i32, i32, i32, i32, i32, i32, i32, i32, i32, i32, i32, i32, i32, i32, i32, i32, i32, i32 } %mrv_70, i32 %in_elem_data_7_V_read_1, 71" [firmware/nnet_utils/nnet_conv_stream.h:236]   --->   Operation 146 'insertvalue' 'mrv_71' <Predicate = true> <Delay = 0.00>
ST_1 : Operation 147 [1/1] (0.00ns)   --->   "ret { i32, i32, i32, i32, i32, i32, i32, i32, i32, i32, i32, i32, i32, i32, i32, i32, i32, i32, i32, i32, i32, i32, i32, i32, i32, i32, i32, i32, i32, i32, i32, i32, i32, i32, i32, i32, i32, i32, i32, i32, i32, i32, i32, i32, i32, i32, i32, i32, i32, i32, i32, i32, i32, i32, i32, i32, i32, i32, i32, i32, i32, i32, i32, i32, i32, i32, i32, i32, i32, i32, i32, i32 } %mrv_71" [firmware/nnet_utils/nnet_conv_stream.h:236]   --->   Operation 147 'ret' <Predicate = true> <Delay = 0.00>


============================================================
+ Verbose Summary: Timing violations
============================================================
Target clock period: 5ns, clock uncertainty: 0.625ns.

 <State 1>: 3.25ns
The critical path consists of the following:
	wire read on port 'in_elem_data_7_V_read' (firmware/nnet_utils/nnet_conv_stream.h:209) [105]  (0 ns)
	'memshiftread' operation ('DataOut.V', firmware/nnet_utils/nnet_conv_stream.h:231) [128]  (1.62 ns)
	'memshiftread' operation ('DataOut.V', firmware/nnet_utils/nnet_conv_stream.h:231) [129]  (1.62 ns)


============================================================
+ Verbose Summary: Binding
============================================================
N/A
* FSMD analyzer results:
  - Output states:
 - Input state : 
  - Chain level:
	State 1


============================================================
+ Verbose Summary: Datapath Resource usage 
============================================================
N/A
