

================================================================
== Vivado HLS Report for 'shift_line_buffer_array_ap_fixed_4u_config10_s'
================================================================
* Date:           Sat Apr  2 23:57:56 2022

* Version:        2019.2.1 (Build 2724168 on Thu Dec 05 05:19:09 MST 2019)
* Project:        myproject_prj
* Solution:       solution1
* Product family: zynq
* Target device:  xc7z020-clg400-1


================================================================
== Performance Estimates
================================================================
+ Timing: 
    * Summary: 
    +--------+---------+----------+------------+
    |  Clock |  Target | Estimated| Uncertainty|
    +--------+---------+----------+------------+
    |ap_clk  | 5.00 ns | 1.617 ns |   0.62 ns  |
    +--------+---------+----------+------------+

+ Latency: 
    * Summary: 
    +---------+---------+----------+----------+-----+-----+----------+
    |  Latency (cycles) |  Latency (absolute) |  Interval | Pipeline |
    |   min   |   max   |    min   |    max   | min | max |   Type   |
    +---------+---------+----------+----------+-----+-----+----------+
    |        0|        0|   0 ns   |   0 ns   |    1|    1| function |
    +---------+---------+----------+----------+-----+-----+----------+

    + Detail: 
        * Instance: 
        N/A

        * Loop: 
        N/A

============================================================
+ Verbose Summary: Synthesis Manager
============================================================
InlineROM: 1
ExposeGlobal: 0
============================================================
+ Verbose Summary: CDFG Model
============================================================
IsTopModel: 0
ResetActiveHigh: 1
IsCombinational: 0
IsDatapathOnly: 0
HasWiredReturn: 1
HasMFsm: 2
HasVarLatency: 0
IsPipeline: 1
IsRtlPipelined: 0
IsInstanceOverlapped: 0
IsDontTouch: 0
HasImplIP: 0
IsGatedGlobalClock: 0

+ Individual pipeline summary: 
  * Pipeline-0: initiation interval (II) = 1, depth = 1


============================================================
+ Verbose Summary: Schedule
============================================================
* Number of FSM states : 1
* Pipeline : 1
  Pipeline-0 : II = 1, D = 1, States = { 1 }
* Dataflow Pipeline: 0

* FSM state transitions: 
1 --> 

* FSM state operations: 

State 1 <SV = 0> <Delay = 1.61>
ST_1 : Operation 2 [1/1] (0.00ns)   --->   "%kernel_window_15_V_read_5 = call i32 @_ssdm_op_Read.ap_auto.i32(i32 %kernel_window_15_V_read)" [firmware/nnet_utils/nnet_conv_stream.h:209]   --->   Operation 2 'read' 'kernel_window_15_V_read_5' <Predicate = true> <Delay = 0.00>
ST_1 : Operation 3 [1/1] (0.00ns)   --->   "%kernel_window_14_V_read_5 = call i32 @_ssdm_op_Read.ap_auto.i32(i32 %kernel_window_14_V_read)" [firmware/nnet_utils/nnet_conv_stream.h:209]   --->   Operation 3 'read' 'kernel_window_14_V_read_5' <Predicate = true> <Delay = 0.00>
ST_1 : Operation 4 [1/1] (0.00ns)   --->   "%kernel_window_13_V_read_5 = call i32 @_ssdm_op_Read.ap_auto.i32(i32 %kernel_window_13_V_read)" [firmware/nnet_utils/nnet_conv_stream.h:209]   --->   Operation 4 'read' 'kernel_window_13_V_read_5' <Predicate = true> <Delay = 0.00>
ST_1 : Operation 5 [1/1] (0.00ns)   --->   "%kernel_window_12_V_read_5 = call i32 @_ssdm_op_Read.ap_auto.i32(i32 %kernel_window_12_V_read)" [firmware/nnet_utils/nnet_conv_stream.h:209]   --->   Operation 5 'read' 'kernel_window_12_V_read_5' <Predicate = true> <Delay = 0.00>
ST_1 : Operation 6 [1/1] (0.00ns)   --->   "%kernel_window_7_V_read54 = call i32 @_ssdm_op_Read.ap_auto.i32(i32 %kernel_window_7_V_read)" [firmware/nnet_utils/nnet_conv_stream.h:209]   --->   Operation 6 'read' 'kernel_window_7_V_read54' <Predicate = true> <Delay = 0.00>
ST_1 : Operation 7 [1/1] (0.00ns)   --->   "%kernel_window_6_V_read53 = call i32 @_ssdm_op_Read.ap_auto.i32(i32 %kernel_window_6_V_read)" [firmware/nnet_utils/nnet_conv_stream.h:209]   --->   Operation 7 'read' 'kernel_window_6_V_read53' <Predicate = true> <Delay = 0.00>
ST_1 : Operation 8 [1/1] (0.00ns)   --->   "%kernel_window_5_V_read52 = call i32 @_ssdm_op_Read.ap_auto.i32(i32 %kernel_window_5_V_read)" [firmware/nnet_utils/nnet_conv_stream.h:209]   --->   Operation 8 'read' 'kernel_window_5_V_read52' <Predicate = true> <Delay = 0.00>
ST_1 : Operation 9 [1/1] (0.00ns)   --->   "%kernel_window_4_V_read51 = call i32 @_ssdm_op_Read.ap_auto.i32(i32 %kernel_window_4_V_read)" [firmware/nnet_utils/nnet_conv_stream.h:209]   --->   Operation 9 'read' 'kernel_window_4_V_read51' <Predicate = true> <Delay = 0.00>
ST_1 : Operation 10 [1/1] (0.00ns)   --->   "%in_elem_data_3_V_read_7 = call i32 @_ssdm_op_Read.ap_auto.i32(i32 %in_elem_data_3_V_read)" [firmware/nnet_utils/nnet_conv_stream.h:209]   --->   Operation 10 'read' 'in_elem_data_3_V_read_7' <Predicate = true> <Delay = 0.00>
ST_1 : Operation 11 [1/1] (0.00ns)   --->   "%in_elem_data_2_V_read_6 = call i32 @_ssdm_op_Read.ap_auto.i32(i32 %in_elem_data_2_V_read)" [firmware/nnet_utils/nnet_conv_stream.h:209]   --->   Operation 11 'read' 'in_elem_data_2_V_read_6' <Predicate = true> <Delay = 0.00>
ST_1 : Operation 12 [1/1] (0.00ns)   --->   "%in_elem_data_1_V_read_6 = call i32 @_ssdm_op_Read.ap_auto.i32(i32 %in_elem_data_1_V_read)" [firmware/nnet_utils/nnet_conv_stream.h:209]   --->   Operation 12 'read' 'in_elem_data_1_V_read_6' <Predicate = true> <Delay = 0.00>
ST_1 : Operation 13 [1/1] (0.00ns)   --->   "%in_elem_data_0_V_read_5 = call i32 @_ssdm_op_Read.ap_auto.i32(i32 %in_elem_data_0_V_read)" [firmware/nnet_utils/nnet_conv_stream.h:209]   --->   Operation 13 'read' 'in_elem_data_0_V_read_5' <Predicate = true> <Delay = 0.00>
ST_1 : Operation 14 [1/1] (0.00ns)   --->   "call void (...)* @_ssdm_op_SpecPipeline(i32 -1, i32 1, i32 1, i32 0, [1 x i8]* @p_str23) nounwind" [firmware/nnet_utils/nnet_conv_stream.h:214]   --->   Operation 14 'specpipeline' <Predicate = true> <Delay = 0.00>
ST_1 : Operation 15 [1/1] (1.61ns)   --->   "%DataOut_V_140 = call i32 @"_ssdm_op_MemShiftRead.[8 x i32]P"(i32* getelementptr inbounds ([8 x i32]* @line_buffer_Array_V_7_0_0, i64 0, i64 7), i32 %in_elem_data_0_V_read_5, i1 true)" [firmware/nnet_utils/nnet_conv_stream.h:231]   --->   Operation 15 'memshiftread' 'DataOut_V_140' <Predicate = true> <Delay = 1.61> <Core = "ShiftReg">   --->   Core 33 'ShiftReg' <Latency = 0> <II = 1> <Delay = 1.61> <Storage> <Opcode : 'memshiftread' 'load'> <Ports = 1> <Width = 32> <Depth = 8> <ShiftMem>
ST_1 : Operation 16 [1/1] (1.61ns)   --->   "%DataOut_V_141 = call i32 @"_ssdm_op_MemShiftRead.[8 x i32]P"(i32* getelementptr inbounds ([8 x i32]* @line_buffer_Array_V_7_0_1, i64 0, i64 7), i32 %in_elem_data_1_V_read_6, i1 true)" [firmware/nnet_utils/nnet_conv_stream.h:231]   --->   Operation 16 'memshiftread' 'DataOut_V_141' <Predicate = true> <Delay = 1.61> <Core = "ShiftReg">   --->   Core 33 'ShiftReg' <Latency = 0> <II = 1> <Delay = 1.61> <Storage> <Opcode : 'memshiftread' 'load'> <Ports = 1> <Width = 32> <Depth = 8> <ShiftMem>
ST_1 : Operation 17 [1/1] (1.61ns)   --->   "%DataOut_V_142 = call i32 @"_ssdm_op_MemShiftRead.[8 x i32]P"(i32* getelementptr inbounds ([8 x i32]* @line_buffer_Array_V_7_0_2, i64 0, i64 7), i32 %in_elem_data_2_V_read_6, i1 true)" [firmware/nnet_utils/nnet_conv_stream.h:231]   --->   Operation 17 'memshiftread' 'DataOut_V_142' <Predicate = true> <Delay = 1.61> <Core = "ShiftReg">   --->   Core 33 'ShiftReg' <Latency = 0> <II = 1> <Delay = 1.61> <Storage> <Opcode : 'memshiftread' 'load'> <Ports = 1> <Width = 32> <Depth = 8> <ShiftMem>
ST_1 : Operation 18 [1/1] (1.61ns)   --->   "%DataOut_V = call i32 @"_ssdm_op_MemShiftRead.[8 x i32]P"(i32* getelementptr inbounds ([8 x i32]* @line_buffer_Array_V_7_0_3, i64 0, i64 7), i32 %in_elem_data_3_V_read_7, i1 true)" [firmware/nnet_utils/nnet_conv_stream.h:231]   --->   Operation 18 'memshiftread' 'DataOut_V' <Predicate = true> <Delay = 1.61> <Core = "ShiftReg">   --->   Core 33 'ShiftReg' <Latency = 0> <II = 1> <Delay = 1.61> <Storage> <Opcode : 'memshiftread' 'load'> <Ports = 1> <Width = 32> <Depth = 8> <ShiftMem>
ST_1 : Operation 19 [1/1] (0.00ns)   --->   "%mrv_061 = insertvalue { i32, i32, i32, i32, i32, i32, i32, i32, i32, i32, i32, i32, i32, i32, i32, i32 } undef, i32 %kernel_window_4_V_read51, 0" [firmware/nnet_utils/nnet_conv_stream.h:236]   --->   Operation 19 'insertvalue' 'mrv_061' <Predicate = true> <Delay = 0.00>
ST_1 : Operation 20 [1/1] (0.00ns)   --->   "%mrv_s = insertvalue { i32, i32, i32, i32, i32, i32, i32, i32, i32, i32, i32, i32, i32, i32, i32, i32 } %mrv_061, i32 %kernel_window_5_V_read52, 1" [firmware/nnet_utils/nnet_conv_stream.h:236]   --->   Operation 20 'insertvalue' 'mrv_s' <Predicate = true> <Delay = 0.00>
ST_1 : Operation 21 [1/1] (0.00ns)   --->   "%mrv_160 = insertvalue { i32, i32, i32, i32, i32, i32, i32, i32, i32, i32, i32, i32, i32, i32, i32, i32 } %mrv_s, i32 %kernel_window_6_V_read53, 2" [firmware/nnet_utils/nnet_conv_stream.h:236]   --->   Operation 21 'insertvalue' 'mrv_160' <Predicate = true> <Delay = 0.00>
ST_1 : Operation 22 [1/1] (0.00ns)   --->   "%mrv_161 = insertvalue { i32, i32, i32, i32, i32, i32, i32, i32, i32, i32, i32, i32, i32, i32, i32, i32 } %mrv_160, i32 %kernel_window_7_V_read54, 3" [firmware/nnet_utils/nnet_conv_stream.h:236]   --->   Operation 22 'insertvalue' 'mrv_161' <Predicate = true> <Delay = 0.00>
ST_1 : Operation 23 [1/1] (0.00ns)   --->   "%mrv_162 = insertvalue { i32, i32, i32, i32, i32, i32, i32, i32, i32, i32, i32, i32, i32, i32, i32, i32 } %mrv_161, i32 %kernel_window_12_V_read_5, 4" [firmware/nnet_utils/nnet_conv_stream.h:236]   --->   Operation 23 'insertvalue' 'mrv_162' <Predicate = true> <Delay = 0.00>
ST_1 : Operation 24 [1/1] (0.00ns)   --->   "%mrv_163 = insertvalue { i32, i32, i32, i32, i32, i32, i32, i32, i32, i32, i32, i32, i32, i32, i32, i32 } %mrv_162, i32 %kernel_window_13_V_read_5, 5" [firmware/nnet_utils/nnet_conv_stream.h:236]   --->   Operation 24 'insertvalue' 'mrv_163' <Predicate = true> <Delay = 0.00>
ST_1 : Operation 25 [1/1] (0.00ns)   --->   "%mrv_164 = insertvalue { i32, i32, i32, i32, i32, i32, i32, i32, i32, i32, i32, i32, i32, i32, i32, i32 } %mrv_163, i32 %kernel_window_14_V_read_5, 6" [firmware/nnet_utils/nnet_conv_stream.h:236]   --->   Operation 25 'insertvalue' 'mrv_164' <Predicate = true> <Delay = 0.00>
ST_1 : Operation 26 [1/1] (0.00ns)   --->   "%mrv_165 = insertvalue { i32, i32, i32, i32, i32, i32, i32, i32, i32, i32, i32, i32, i32, i32, i32, i32 } %mrv_164, i32 %kernel_window_15_V_read_5, 7" [firmware/nnet_utils/nnet_conv_stream.h:236]   --->   Operation 26 'insertvalue' 'mrv_165' <Predicate = true> <Delay = 0.00>
ST_1 : Operation 27 [1/1] (0.00ns)   --->   "%mrv_8 = insertvalue { i32, i32, i32, i32, i32, i32, i32, i32, i32, i32, i32, i32, i32, i32, i32, i32 } %mrv_165, i32 %DataOut_V_140, 8" [firmware/nnet_utils/nnet_conv_stream.h:236]   --->   Operation 27 'insertvalue' 'mrv_8' <Predicate = true> <Delay = 0.00>
ST_1 : Operation 28 [1/1] (0.00ns)   --->   "%mrv_9 = insertvalue { i32, i32, i32, i32, i32, i32, i32, i32, i32, i32, i32, i32, i32, i32, i32, i32 } %mrv_8, i32 %DataOut_V_141, 9" [firmware/nnet_utils/nnet_conv_stream.h:236]   --->   Operation 28 'insertvalue' 'mrv_9' <Predicate = true> <Delay = 0.00>
ST_1 : Operation 29 [1/1] (0.00ns)   --->   "%mrv_10 = insertvalue { i32, i32, i32, i32, i32, i32, i32, i32, i32, i32, i32, i32, i32, i32, i32, i32 } %mrv_9, i32 %DataOut_V_142, 10" [firmware/nnet_utils/nnet_conv_stream.h:236]   --->   Operation 29 'insertvalue' 'mrv_10' <Predicate = true> <Delay = 0.00>
ST_1 : Operation 30 [1/1] (0.00ns)   --->   "%mrv_11 = insertvalue { i32, i32, i32, i32, i32, i32, i32, i32, i32, i32, i32, i32, i32, i32, i32, i32 } %mrv_10, i32 %DataOut_V, 11" [firmware/nnet_utils/nnet_conv_stream.h:236]   --->   Operation 30 'insertvalue' 'mrv_11' <Predicate = true> <Delay = 0.00>
ST_1 : Operation 31 [1/1] (0.00ns)   --->   "%mrv_12 = insertvalue { i32, i32, i32, i32, i32, i32, i32, i32, i32, i32, i32, i32, i32, i32, i32, i32 } %mrv_11, i32 %in_elem_data_0_V_read_5, 12" [firmware/nnet_utils/nnet_conv_stream.h:236]   --->   Operation 31 'insertvalue' 'mrv_12' <Predicate = true> <Delay = 0.00>
ST_1 : Operation 32 [1/1] (0.00ns)   --->   "%mrv_13 = insertvalue { i32, i32, i32, i32, i32, i32, i32, i32, i32, i32, i32, i32, i32, i32, i32, i32 } %mrv_12, i32 %in_elem_data_1_V_read_6, 13" [firmware/nnet_utils/nnet_conv_stream.h:236]   --->   Operation 32 'insertvalue' 'mrv_13' <Predicate = true> <Delay = 0.00>
ST_1 : Operation 33 [1/1] (0.00ns)   --->   "%mrv_14 = insertvalue { i32, i32, i32, i32, i32, i32, i32, i32, i32, i32, i32, i32, i32, i32, i32, i32 } %mrv_13, i32 %in_elem_data_2_V_read_6, 14" [firmware/nnet_utils/nnet_conv_stream.h:236]   --->   Operation 33 'insertvalue' 'mrv_14' <Predicate = true> <Delay = 0.00>
ST_1 : Operation 34 [1/1] (0.00ns)   --->   "%mrv_15 = insertvalue { i32, i32, i32, i32, i32, i32, i32, i32, i32, i32, i32, i32, i32, i32, i32, i32 } %mrv_14, i32 %in_elem_data_3_V_read_7, 15" [firmware/nnet_utils/nnet_conv_stream.h:236]   --->   Operation 34 'insertvalue' 'mrv_15' <Predicate = true> <Delay = 0.00>
ST_1 : Operation 35 [1/1] (0.00ns)   --->   "ret { i32, i32, i32, i32, i32, i32, i32, i32, i32, i32, i32, i32, i32, i32, i32, i32 } %mrv_15" [firmware/nnet_utils/nnet_conv_stream.h:236]   --->   Operation 35 'ret' <Predicate = true> <Delay = 0.00>


============================================================
+ Verbose Summary: Timing violations
============================================================
Target clock period: 5ns, clock uncertainty: 0.625ns.

 <State 1>: 1.62ns
The critical path consists of the following:
	wire read on port 'in_elem_data_3_V_read' (firmware/nnet_utils/nnet_conv_stream.h:209) [21]  (0 ns)
	'memshiftread' operation ('DataOut.V', firmware/nnet_utils/nnet_conv_stream.h:231) [29]  (1.62 ns)


============================================================
+ Verbose Summary: Binding
============================================================
N/A
* FSMD analyzer results:
  - Output states:
 - Input state : 
  - Chain level:
	State 1


============================================================
+ Verbose Summary: Datapath Resource usage 
============================================================
N/A
