

================================================================
== Vivado HLS Report for 'zeropad2d_cl_array_array_ap_fixed_8u_config23_s'
================================================================
* Date:           Sat Apr  2 23:58:13 2022

* Version:        2019.2.1 (Build 2724168 on Thu Dec 05 05:19:09 MST 2019)
* Project:        myproject_prj
* Solution:       solution1
* Product family: zynq
* Target device:  xc7z020-clg400-1


================================================================
== Performance Estimates
================================================================
+ Timing: 
    * Summary: 
    +--------+---------+----------+------------+
    |  Clock |  Target | Estimated| Uncertainty|
    +--------+---------+----------+------------+
    |ap_clk  | 5.00 ns | 4.375 ns |   0.62 ns  |
    +--------+---------+----------+------------+

+ Latency: 
    * Summary: 
    +---------+---------+----------+----------+-----+-----+---------+
    |  Latency (cycles) |  Latency (absolute) |  Interval | Pipeline|
    |   min   |   max   |    min   |    max   | min | max |   Type  |
    +---------+---------+----------+----------+-----+-----+---------+
    |      327|      327| 1.635 us | 1.635 us |  327|  327|   none  |
    +---------+---------+----------+----------+-----+-----+---------+

    + Detail: 
        * Instance: 
        N/A

        * Loop: 
        +------------------+---------+---------+----------+-----------+-----------+------+----------+
        |                  |  Latency (cycles) | Iteration|  Initiation Interval  | Trip |          |
        |     Loop Name    |   min   |   max   |  Latency |  achieved |   target  | Count| Pipelined|
        +------------------+---------+---------+----------+-----------+-----------+------+----------+
        |- PadTopWidth     |       18|       18|         1|          -|          -|    18|    no    |
        |- PadMain         |      288|      288|        18|          -|          -|    16|    no    |
        | + CopyMain       |       16|       16|         1|          -|          -|    16|    no    |
        |- PadBottomWidth  |       18|       18|         1|          -|          -|    18|    no    |
        +------------------+---------+---------+----------+-----------+-----------+------+----------+



================================================================
== Utilization Estimates
================================================================
* Summary: 
+-----------------+---------+-------+--------+-------+-----+
|       Name      | BRAM_18K| DSP48E|   FF   |  LUT  | URAM|
+-----------------+---------+-------+--------+-------+-----+
|DSP              |        -|      -|       -|      -|    -|
|Expression       |        -|      -|       0|    118|    -|
|FIFO             |        -|      -|       -|      -|    -|
|Instance         |        -|      -|       -|      -|    -|
|Memory           |        -|      -|       -|      -|    -|
|Multiplexer      |        -|      -|       -|    351|    -|
|Register         |        -|      -|      32|      -|    -|
+-----------------+---------+-------+--------+-------+-----+
|Total            |        0|      0|      32|    469|    0|
+-----------------+---------+-------+--------+-------+-----+
|Available        |      280|    220|  106400|  53200|    0|
+-----------------+---------+-------+--------+-------+-----+
|Utilization (%)  |        0|      0|   ~0   |   ~0  |    0|
+-----------------+---------+-------+--------+-------+-----+

+ Detail: 
    * Instance: 
    N/A

    * DSP48E: 
    N/A

    * Memory: 
    N/A

    * FIFO: 
    N/A

    * Expression: 
    +--------------------------+----------+-------+---+----+------------+------------+
    |       Variable Name      | Operation| DSP48E| FF| LUT| Bitwidth P0| Bitwidth P1|
    +--------------------------+----------+-------+---+----+------------+------------+
    |i_fu_202_p2               |     +    |      0|  0|  15|           5|           1|
    |j_3_fu_266_p2             |     +    |      0|  0|  15|           5|           1|
    |j_4_fu_214_p2             |     +    |      0|  0|  15|           5|           1|
    |j_fu_190_p2               |     +    |      0|  0|  15|           5|           1|
    |ap_block_state2           |    and   |      0|  0|   2|           1|           1|
    |ap_block_state3           |    and   |      0|  0|   2|           1|           1|
    |ap_block_state5           |    and   |      0|  0|   2|           1|           1|
    |io_acc_block_signal_op31  |    and   |      0|  0|   2|           1|           1|
    |io_acc_block_signal_op54  |    and   |      0|  0|   2|           1|           1|
    |icmp_ln56_fu_184_p2       |   icmp   |      0|  0|  11|           5|           5|
    |icmp_ln61_fu_196_p2       |   icmp   |      0|  0|  11|           5|           6|
    |icmp_ln65_fu_208_p2       |   icmp   |      0|  0|  11|           5|           6|
    |icmp_ln74_fu_260_p2       |   icmp   |      0|  0|  11|           5|           5|
    |ap_block_state1           |    or    |      0|  0|   2|           1|           1|
    |ap_block_state4           |    or    |      0|  0|   2|           1|           1|
    +--------------------------+----------+-------+---+----+------------+------------+
    |Total                     |          |      0|  0| 118|          47|          33|
    +--------------------------+----------+-------+---+----+------------+------------+

    * Multiplexer: 
    +-----------------------+----+-----------+-----+-----------+
    |          Name         | LUT| Input Size| Bits| Total Bits|
    +-----------------------+----+-----------+-----+-----------+
    |ap_NS_fsm              |  33|          6|    1|          6|
    |ap_done                |   9|          2|    1|          2|
    |data_V_data_0_V_blk_n  |   9|          2|    1|          2|
    |data_V_data_1_V_blk_n  |   9|          2|    1|          2|
    |data_V_data_2_V_blk_n  |   9|          2|    1|          2|
    |data_V_data_3_V_blk_n  |   9|          2|    1|          2|
    |data_V_data_4_V_blk_n  |   9|          2|    1|          2|
    |data_V_data_5_V_blk_n  |   9|          2|    1|          2|
    |data_V_data_6_V_blk_n  |   9|          2|    1|          2|
    |data_V_data_7_V_blk_n  |   9|          2|    1|          2|
    |i1_0_reg_151           |   9|          2|    5|         10|
    |j3_0_reg_162           |   9|          2|    5|         10|
    |j6_0_reg_173           |   9|          2|    5|         10|
    |j_0_reg_140            |   9|          2|    5|         10|
    |real_start             |   9|          2|    1|          2|
    |res_V_data_0_V_blk_n   |   9|          2|    1|          2|
    |res_V_data_0_V_din     |  15|          3|   32|         96|
    |res_V_data_1_V_blk_n   |   9|          2|    1|          2|
    |res_V_data_1_V_din     |  15|          3|   32|         96|
    |res_V_data_2_V_blk_n   |   9|          2|    1|          2|
    |res_V_data_2_V_din     |  15|          3|   32|         96|
    |res_V_data_3_V_blk_n   |   9|          2|    1|          2|
    |res_V_data_3_V_din     |  15|          3|   32|         96|
    |res_V_data_4_V_blk_n   |   9|          2|    1|          2|
    |res_V_data_4_V_din     |  15|          3|   32|         96|
    |res_V_data_5_V_blk_n   |   9|          2|    1|          2|
    |res_V_data_5_V_din     |  15|          3|   32|         96|
    |res_V_data_6_V_blk_n   |   9|          2|    1|          2|
    |res_V_data_6_V_din     |  15|          3|   32|         96|
    |res_V_data_7_V_blk_n   |   9|          2|    1|          2|
    |res_V_data_7_V_din     |  15|          3|   32|         96|
    +-----------------------+----+-----------+-----+-----------+
    |Total                  | 351|         74|  295|        850|
    +-----------------------+----+-----------+-----+-----------+

    * Register: 
    +----------------+---+----+-----+-----------+
    |      Name      | FF| LUT| Bits| Const Bits|
    +----------------+---+----+-----+-----------+
    |ap_CS_fsm       |  5|   0|    5|          0|
    |ap_done_reg     |  1|   0|    1|          0|
    |i1_0_reg_151    |  5|   0|    5|          0|
    |i_reg_283       |  5|   0|    5|          0|
    |j3_0_reg_162    |  5|   0|    5|          0|
    |j6_0_reg_173    |  5|   0|    5|          0|
    |j_0_reg_140     |  5|   0|    5|          0|
    |start_once_reg  |  1|   0|    1|          0|
    +----------------+---+----+-----+-----------+
    |Total           | 32|   0|   32|          0|
    +----------------+---+----+-----+-----------+



================================================================
== Interface
================================================================
* Summary: 
+-------------------------+-----+-----+------------+-------------------------------------------------+--------------+
|        RTL Ports        | Dir | Bits|  Protocol  |                  Source Object                  |    C Type    |
+-------------------------+-----+-----+------------+-------------------------------------------------+--------------+
|ap_clk                   |  in |    1| ap_ctrl_hs | zeropad2d_cl<array,array<ap_fixed,8u>,config23> | return value |
|ap_rst                   |  in |    1| ap_ctrl_hs | zeropad2d_cl<array,array<ap_fixed,8u>,config23> | return value |
|ap_start                 |  in |    1| ap_ctrl_hs | zeropad2d_cl<array,array<ap_fixed,8u>,config23> | return value |
|start_full_n             |  in |    1| ap_ctrl_hs | zeropad2d_cl<array,array<ap_fixed,8u>,config23> | return value |
|ap_done                  | out |    1| ap_ctrl_hs | zeropad2d_cl<array,array<ap_fixed,8u>,config23> | return value |
|ap_continue              |  in |    1| ap_ctrl_hs | zeropad2d_cl<array,array<ap_fixed,8u>,config23> | return value |
|ap_idle                  | out |    1| ap_ctrl_hs | zeropad2d_cl<array,array<ap_fixed,8u>,config23> | return value |
|ap_ready                 | out |    1| ap_ctrl_hs | zeropad2d_cl<array,array<ap_fixed,8u>,config23> | return value |
|start_out                | out |    1| ap_ctrl_hs | zeropad2d_cl<array,array<ap_fixed,8u>,config23> | return value |
|start_write              | out |    1| ap_ctrl_hs | zeropad2d_cl<array,array<ap_fixed,8u>,config23> | return value |
|data_V_data_0_V_dout     |  in |   32|   ap_fifo  |                 data_V_data_0_V                 |    pointer   |
|data_V_data_0_V_empty_n  |  in |    1|   ap_fifo  |                 data_V_data_0_V                 |    pointer   |
|data_V_data_0_V_read     | out |    1|   ap_fifo  |                 data_V_data_0_V                 |    pointer   |
|data_V_data_1_V_dout     |  in |   32|   ap_fifo  |                 data_V_data_1_V                 |    pointer   |
|data_V_data_1_V_empty_n  |  in |    1|   ap_fifo  |                 data_V_data_1_V                 |    pointer   |
|data_V_data_1_V_read     | out |    1|   ap_fifo  |                 data_V_data_1_V                 |    pointer   |
|data_V_data_2_V_dout     |  in |   32|   ap_fifo  |                 data_V_data_2_V                 |    pointer   |
|data_V_data_2_V_empty_n  |  in |    1|   ap_fifo  |                 data_V_data_2_V                 |    pointer   |
|data_V_data_2_V_read     | out |    1|   ap_fifo  |                 data_V_data_2_V                 |    pointer   |
|data_V_data_3_V_dout     |  in |   32|   ap_fifo  |                 data_V_data_3_V                 |    pointer   |
|data_V_data_3_V_empty_n  |  in |    1|   ap_fifo  |                 data_V_data_3_V                 |    pointer   |
|data_V_data_3_V_read     | out |    1|   ap_fifo  |                 data_V_data_3_V                 |    pointer   |
|data_V_data_4_V_dout     |  in |   32|   ap_fifo  |                 data_V_data_4_V                 |    pointer   |
|data_V_data_4_V_empty_n  |  in |    1|   ap_fifo  |                 data_V_data_4_V                 |    pointer   |
|data_V_data_4_V_read     | out |    1|   ap_fifo  |                 data_V_data_4_V                 |    pointer   |
|data_V_data_5_V_dout     |  in |   32|   ap_fifo  |                 data_V_data_5_V                 |    pointer   |
|data_V_data_5_V_empty_n  |  in |    1|   ap_fifo  |                 data_V_data_5_V                 |    pointer   |
|data_V_data_5_V_read     | out |    1|   ap_fifo  |                 data_V_data_5_V                 |    pointer   |
|data_V_data_6_V_dout     |  in |   32|   ap_fifo  |                 data_V_data_6_V                 |    pointer   |
|data_V_data_6_V_empty_n  |  in |    1|   ap_fifo  |                 data_V_data_6_V                 |    pointer   |
|data_V_data_6_V_read     | out |    1|   ap_fifo  |                 data_V_data_6_V                 |    pointer   |
|data_V_data_7_V_dout     |  in |   32|   ap_fifo  |                 data_V_data_7_V                 |    pointer   |
|data_V_data_7_V_empty_n  |  in |    1|   ap_fifo  |                 data_V_data_7_V                 |    pointer   |
|data_V_data_7_V_read     | out |    1|   ap_fifo  |                 data_V_data_7_V                 |    pointer   |
|res_V_data_0_V_din       | out |   32|   ap_fifo  |                  res_V_data_0_V                 |    pointer   |
|res_V_data_0_V_full_n    |  in |    1|   ap_fifo  |                  res_V_data_0_V                 |    pointer   |
|res_V_data_0_V_write     | out |    1|   ap_fifo  |                  res_V_data_0_V                 |    pointer   |
|res_V_data_1_V_din       | out |   32|   ap_fifo  |                  res_V_data_1_V                 |    pointer   |
|res_V_data_1_V_full_n    |  in |    1|   ap_fifo  |                  res_V_data_1_V                 |    pointer   |
|res_V_data_1_V_write     | out |    1|   ap_fifo  |                  res_V_data_1_V                 |    pointer   |
|res_V_data_2_V_din       | out |   32|   ap_fifo  |                  res_V_data_2_V                 |    pointer   |
|res_V_data_2_V_full_n    |  in |    1|   ap_fifo  |                  res_V_data_2_V                 |    pointer   |
|res_V_data_2_V_write     | out |    1|   ap_fifo  |                  res_V_data_2_V                 |    pointer   |
|res_V_data_3_V_din       | out |   32|   ap_fifo  |                  res_V_data_3_V                 |    pointer   |
|res_V_data_3_V_full_n    |  in |    1|   ap_fifo  |                  res_V_data_3_V                 |    pointer   |
|res_V_data_3_V_write     | out |    1|   ap_fifo  |                  res_V_data_3_V                 |    pointer   |
|res_V_data_4_V_din       | out |   32|   ap_fifo  |                  res_V_data_4_V                 |    pointer   |
|res_V_data_4_V_full_n    |  in |    1|   ap_fifo  |                  res_V_data_4_V                 |    pointer   |
|res_V_data_4_V_write     | out |    1|   ap_fifo  |                  res_V_data_4_V                 |    pointer   |
|res_V_data_5_V_din       | out |   32|   ap_fifo  |                  res_V_data_5_V                 |    pointer   |
|res_V_data_5_V_full_n    |  in |    1|   ap_fifo  |                  res_V_data_5_V                 |    pointer   |
|res_V_data_5_V_write     | out |    1|   ap_fifo  |                  res_V_data_5_V                 |    pointer   |
|res_V_data_6_V_din       | out |   32|   ap_fifo  |                  res_V_data_6_V                 |    pointer   |
|res_V_data_6_V_full_n    |  in |    1|   ap_fifo  |                  res_V_data_6_V                 |    pointer   |
|res_V_data_6_V_write     | out |    1|   ap_fifo  |                  res_V_data_6_V                 |    pointer   |
|res_V_data_7_V_din       | out |   32|   ap_fifo  |                  res_V_data_7_V                 |    pointer   |
|res_V_data_7_V_full_n    |  in |    1|   ap_fifo  |                  res_V_data_7_V                 |    pointer   |
|res_V_data_7_V_write     | out |    1|   ap_fifo  |                  res_V_data_7_V                 |    pointer   |
+-------------------------+-----+-----+------------+-------------------------------------------------+--------------+

============================================================
+ Verbose Summary: Synthesis Manager
============================================================
InlineROM: 1
ExposeGlobal: 0
============================================================
+ Verbose Summary: CDFG Model
============================================================
IsTopModel: 0
ResetActiveHigh: 1
IsCombinational: 2
IsDatapathOnly: 0
HasWiredReturn: 1
HasMFsm: 0
HasVarLatency: 1
IsPipeline: 0
IsRtlPipelined: 0
IsInstanceOverlapped: 0
IsDontTouch: 0
HasImplIP: 0
IsGatedGlobalClock: 0


============================================================
+ Verbose Summary: Schedule
============================================================
* Number of FSM states : 5
* Pipeline : 0
* Dataflow Pipeline: 0

* FSM state transitions: 
1 --> 2 
2 --> 2 3 
3 --> 4 5 
4 --> 4 3 
5 --> 5 

* FSM state operations: 

State 1 <SV = 0> <Delay = 1.76>
ST_1 : Operation 6 [1/1] (0.00ns)   --->   "call void (...)* @_ssdm_op_SpecInterface(i32* %res_V_data_7_V, [8 x i8]* @ap_fifo_str, i32 0, i32 0, [1 x i8]* @p_str, i32 0, i32 0, [1 x i8]* @p_str, [1 x i8]* @p_str, [1 x i8]* @p_str, i32 2, i32 2, i32 16, i32 16, [1 x i8]* @p_str, [1 x i8]* @p_str)"   --->   Operation 6 'specinterface' <Predicate = true> <Delay = 0.00>
ST_1 : Operation 7 [1/1] (0.00ns)   --->   "call void (...)* @_ssdm_op_SpecInterface(i32* %res_V_data_6_V, [8 x i8]* @ap_fifo_str, i32 0, i32 0, [1 x i8]* @p_str, i32 0, i32 0, [1 x i8]* @p_str, [1 x i8]* @p_str, [1 x i8]* @p_str, i32 2, i32 2, i32 16, i32 16, [1 x i8]* @p_str, [1 x i8]* @p_str)"   --->   Operation 7 'specinterface' <Predicate = true> <Delay = 0.00>
ST_1 : Operation 8 [1/1] (0.00ns)   --->   "call void (...)* @_ssdm_op_SpecInterface(i32* %res_V_data_5_V, [8 x i8]* @ap_fifo_str, i32 0, i32 0, [1 x i8]* @p_str, i32 0, i32 0, [1 x i8]* @p_str, [1 x i8]* @p_str, [1 x i8]* @p_str, i32 2, i32 2, i32 16, i32 16, [1 x i8]* @p_str, [1 x i8]* @p_str)"   --->   Operation 8 'specinterface' <Predicate = true> <Delay = 0.00>
ST_1 : Operation 9 [1/1] (0.00ns)   --->   "call void (...)* @_ssdm_op_SpecInterface(i32* %res_V_data_4_V, [8 x i8]* @ap_fifo_str, i32 0, i32 0, [1 x i8]* @p_str, i32 0, i32 0, [1 x i8]* @p_str, [1 x i8]* @p_str, [1 x i8]* @p_str, i32 2, i32 2, i32 16, i32 16, [1 x i8]* @p_str, [1 x i8]* @p_str)"   --->   Operation 9 'specinterface' <Predicate = true> <Delay = 0.00>
ST_1 : Operation 10 [1/1] (0.00ns)   --->   "call void (...)* @_ssdm_op_SpecInterface(i32* %res_V_data_3_V, [8 x i8]* @ap_fifo_str, i32 0, i32 0, [1 x i8]* @p_str, i32 0, i32 0, [1 x i8]* @p_str, [1 x i8]* @p_str, [1 x i8]* @p_str, i32 2, i32 2, i32 16, i32 16, [1 x i8]* @p_str, [1 x i8]* @p_str)"   --->   Operation 10 'specinterface' <Predicate = true> <Delay = 0.00>
ST_1 : Operation 11 [1/1] (0.00ns)   --->   "call void (...)* @_ssdm_op_SpecInterface(i32* %res_V_data_2_V, [8 x i8]* @ap_fifo_str, i32 0, i32 0, [1 x i8]* @p_str, i32 0, i32 0, [1 x i8]* @p_str, [1 x i8]* @p_str, [1 x i8]* @p_str, i32 2, i32 2, i32 16, i32 16, [1 x i8]* @p_str, [1 x i8]* @p_str)"   --->   Operation 11 'specinterface' <Predicate = true> <Delay = 0.00>
ST_1 : Operation 12 [1/1] (0.00ns)   --->   "call void (...)* @_ssdm_op_SpecInterface(i32* %res_V_data_1_V, [8 x i8]* @ap_fifo_str, i32 0, i32 0, [1 x i8]* @p_str, i32 0, i32 0, [1 x i8]* @p_str, [1 x i8]* @p_str, [1 x i8]* @p_str, i32 2, i32 2, i32 16, i32 16, [1 x i8]* @p_str, [1 x i8]* @p_str)"   --->   Operation 12 'specinterface' <Predicate = true> <Delay = 0.00>
ST_1 : Operation 13 [1/1] (0.00ns)   --->   "call void (...)* @_ssdm_op_SpecInterface(i32* %res_V_data_0_V, [8 x i8]* @ap_fifo_str, i32 0, i32 0, [1 x i8]* @p_str, i32 0, i32 0, [1 x i8]* @p_str, [1 x i8]* @p_str, [1 x i8]* @p_str, i32 2, i32 2, i32 16, i32 16, [1 x i8]* @p_str, [1 x i8]* @p_str)"   --->   Operation 13 'specinterface' <Predicate = true> <Delay = 0.00>
ST_1 : Operation 14 [1/1] (0.00ns)   --->   "call void (...)* @_ssdm_op_SpecInterface(i32* %data_V_data_7_V, [8 x i8]* @ap_fifo_str, i32 0, i32 0, [1 x i8]* @p_str, i32 0, i32 0, [1 x i8]* @p_str, [1 x i8]* @p_str, [1 x i8]* @p_str, i32 2, i32 2, i32 16, i32 16, [1 x i8]* @p_str, [1 x i8]* @p_str)"   --->   Operation 14 'specinterface' <Predicate = true> <Delay = 0.00>
ST_1 : Operation 15 [1/1] (0.00ns)   --->   "call void (...)* @_ssdm_op_SpecInterface(i32* %data_V_data_6_V, [8 x i8]* @ap_fifo_str, i32 0, i32 0, [1 x i8]* @p_str, i32 0, i32 0, [1 x i8]* @p_str, [1 x i8]* @p_str, [1 x i8]* @p_str, i32 2, i32 2, i32 16, i32 16, [1 x i8]* @p_str, [1 x i8]* @p_str)"   --->   Operation 15 'specinterface' <Predicate = true> <Delay = 0.00>
ST_1 : Operation 16 [1/1] (0.00ns)   --->   "call void (...)* @_ssdm_op_SpecInterface(i32* %data_V_data_5_V, [8 x i8]* @ap_fifo_str, i32 0, i32 0, [1 x i8]* @p_str, i32 0, i32 0, [1 x i8]* @p_str, [1 x i8]* @p_str, [1 x i8]* @p_str, i32 2, i32 2, i32 16, i32 16, [1 x i8]* @p_str, [1 x i8]* @p_str)"   --->   Operation 16 'specinterface' <Predicate = true> <Delay = 0.00>
ST_1 : Operation 17 [1/1] (0.00ns)   --->   "call void (...)* @_ssdm_op_SpecInterface(i32* %data_V_data_4_V, [8 x i8]* @ap_fifo_str, i32 0, i32 0, [1 x i8]* @p_str, i32 0, i32 0, [1 x i8]* @p_str, [1 x i8]* @p_str, [1 x i8]* @p_str, i32 2, i32 2, i32 16, i32 16, [1 x i8]* @p_str, [1 x i8]* @p_str)"   --->   Operation 17 'specinterface' <Predicate = true> <Delay = 0.00>
ST_1 : Operation 18 [1/1] (0.00ns)   --->   "call void (...)* @_ssdm_op_SpecInterface(i32* %data_V_data_3_V, [8 x i8]* @ap_fifo_str, i32 0, i32 0, [1 x i8]* @p_str, i32 0, i32 0, [1 x i8]* @p_str, [1 x i8]* @p_str, [1 x i8]* @p_str, i32 2, i32 2, i32 16, i32 16, [1 x i8]* @p_str, [1 x i8]* @p_str)"   --->   Operation 18 'specinterface' <Predicate = true> <Delay = 0.00>
ST_1 : Operation 19 [1/1] (0.00ns)   --->   "call void (...)* @_ssdm_op_SpecInterface(i32* %data_V_data_2_V, [8 x i8]* @ap_fifo_str, i32 0, i32 0, [1 x i8]* @p_str, i32 0, i32 0, [1 x i8]* @p_str, [1 x i8]* @p_str, [1 x i8]* @p_str, i32 2, i32 2, i32 16, i32 16, [1 x i8]* @p_str, [1 x i8]* @p_str)"   --->   Operation 19 'specinterface' <Predicate = true> <Delay = 0.00>
ST_1 : Operation 20 [1/1] (0.00ns)   --->   "call void (...)* @_ssdm_op_SpecInterface(i32* %data_V_data_1_V, [8 x i8]* @ap_fifo_str, i32 0, i32 0, [1 x i8]* @p_str, i32 0, i32 0, [1 x i8]* @p_str, [1 x i8]* @p_str, [1 x i8]* @p_str, i32 2, i32 2, i32 16, i32 16, [1 x i8]* @p_str, [1 x i8]* @p_str)"   --->   Operation 20 'specinterface' <Predicate = true> <Delay = 0.00>
ST_1 : Operation 21 [1/1] (0.00ns)   --->   "call void (...)* @_ssdm_op_SpecInterface(i32* %data_V_data_0_V, [8 x i8]* @ap_fifo_str, i32 0, i32 0, [1 x i8]* @p_str, i32 0, i32 0, [1 x i8]* @p_str, [1 x i8]* @p_str, [1 x i8]* @p_str, i32 2, i32 2, i32 16, i32 16, [1 x i8]* @p_str, [1 x i8]* @p_str)"   --->   Operation 21 'specinterface' <Predicate = true> <Delay = 0.00>
ST_1 : Operation 22 [1/1] (0.00ns)   --->   "call void (...)* @_ssdm_op_SpecLoopName([7 x i8]* @p_str70) nounwind" [firmware/nnet_utils/nnet_padding_stream.h:55]   --->   Operation 22 'specloopname' <Predicate = true> <Delay = 0.00>
ST_1 : Operation 23 [1/1] (0.00ns)   --->   "%tmp = call i32 (...)* @_ssdm_op_SpecRegionBegin([7 x i8]* @p_str70)" [firmware/nnet_utils/nnet_padding_stream.h:55]   --->   Operation 23 'specregionbegin' 'tmp' <Predicate = true> <Delay = 0.00>
ST_1 : Operation 24 [1/1] (1.76ns)   --->   "br label %0" [firmware/nnet_utils/nnet_padding_stream.h:56]   --->   Operation 24 'br' <Predicate = true> <Delay = 1.76>

State 2 <SV = 1> <Delay = 2.18>
ST_2 : Operation 25 [1/1] (0.00ns)   --->   "%j_0 = phi i5 [ 0, %PadTop_begin ], [ %j, %_ZN8ap_fixedILi32ELi16EL9ap_q_mode5EL9ap_o_mode3ELi0EEC1Ei.exit.i40.0 ]"   --->   Operation 25 'phi' 'j_0' <Predicate = true> <Delay = 0.00>
ST_2 : Operation 26 [1/1] (1.36ns)   --->   "%icmp_ln56 = icmp eq i5 %j_0, -14" [firmware/nnet_utils/nnet_padding_stream.h:56]   --->   Operation 26 'icmp' 'icmp_ln56' <Predicate = true> <Delay = 1.36> <Core = "Cmp">   --->   Core 25 'Cmp' <Latency = 0> <II = 1> <Delay = 1.36> <FuncUnit> <Opcode : 'icmp'> <InPorts = 2> <OutPorts = 1>
ST_2 : Operation 27 [1/1] (0.00ns)   --->   "%empty = call i32 (...)* @_ssdm_op_SpecLoopTripCount(i64 18, i64 18, i64 18)"   --->   Operation 27 'speclooptripcount' 'empty' <Predicate = true> <Delay = 0.00>
ST_2 : Operation 28 [1/1] (1.78ns)   --->   "%j = add i5 %j_0, 1" [firmware/nnet_utils/nnet_padding_stream.h:56]   --->   Operation 28 'add' 'j' <Predicate = true> <Delay = 1.78> <Core = "AddSub">   --->   Core 14 'AddSub' <Latency = 0> <II = 1> <Delay = 1.78> <FuncUnit> <Opcode : 'add' 'sub'> <InPorts = 2> <OutPorts = 1>
ST_2 : Operation 29 [1/1] (0.00ns)   --->   "br i1 %icmp_ln56, label %PadTop_end, label %_ZN8ap_fixedILi32ELi16EL9ap_q_mode5EL9ap_o_mode3ELi0EEC1Ei.exit.i40.0" [firmware/nnet_utils/nnet_padding_stream.h:56]   --->   Operation 29 'br' <Predicate = true> <Delay = 0.00>
ST_2 : Operation 30 [1/1] (0.00ns)   --->   "call void (...)* @_ssdm_op_SpecLoopName([12 x i8]* @p_str71) nounwind" [firmware/nnet_utils/nnet_padding_stream.h:56]   --->   Operation 30 'specloopname' <Predicate = (!icmp_ln56)> <Delay = 0.00>
ST_2 : Operation 31 [1/1] (2.18ns)   --->   "call void @_ssdm_op_Write.ap_fifo.volatile.i32P.i32P.i32P.i32P.i32P.i32P.i32P.i32P(i32* %res_V_data_0_V, i32* %res_V_data_1_V, i32* %res_V_data_2_V, i32* %res_V_data_3_V, i32* %res_V_data_4_V, i32* %res_V_data_5_V, i32* %res_V_data_6_V, i32* %res_V_data_7_V, i32 0, i32 0, i32 0, i32 0, i32 0, i32 0, i32 0, i32 0)" [firmware/nnet_utils/nnet_padding_stream.h:16->firmware/nnet_utils/nnet_padding_stream.h:57]   --->   Operation 31 'write' <Predicate = (!icmp_ln56)> <Delay = 2.18> <Core = "FIFO">   --->   Core 32 'FIFO' <Latency = 0> <II = 1> <Delay = 3.63> <Storage> <Opcode : 'read' 'write' 'nbread' 'nbwrite'> <Ports = 0> <Width = 32> <Depth = 3> <FIFO>
ST_2 : Operation 32 [1/1] (0.00ns)   --->   "br label %0" [firmware/nnet_utils/nnet_padding_stream.h:56]   --->   Operation 32 'br' <Predicate = (!icmp_ln56)> <Delay = 0.00>
ST_2 : Operation 33 [1/1] (0.00ns)   --->   "%empty_32 = call i32 (...)* @_ssdm_op_SpecRegionEnd([7 x i8]* @p_str70, i32 %tmp)" [firmware/nnet_utils/nnet_padding_stream.h:59]   --->   Operation 33 'specregionend' 'empty_32' <Predicate = (icmp_ln56)> <Delay = 0.00>
ST_2 : Operation 34 [1/1] (1.76ns)   --->   "br label %.preheader3" [firmware/nnet_utils/nnet_padding_stream.h:61]   --->   Operation 34 'br' <Predicate = (icmp_ln56)> <Delay = 1.76>

State 3 <SV = 2> <Delay = 2.18>
ST_3 : Operation 35 [1/1] (0.00ns)   --->   "%i1_0 = phi i5 [ %i, %PadMain_end ], [ 0, %PadTop_end ]"   --->   Operation 35 'phi' 'i1_0' <Predicate = true> <Delay = 0.00>
ST_3 : Operation 36 [1/1] (1.36ns)   --->   "%icmp_ln61 = icmp eq i5 %i1_0, -16" [firmware/nnet_utils/nnet_padding_stream.h:61]   --->   Operation 36 'icmp' 'icmp_ln61' <Predicate = true> <Delay = 1.36> <Core = "Cmp">   --->   Core 25 'Cmp' <Latency = 0> <II = 1> <Delay = 1.36> <FuncUnit> <Opcode : 'icmp'> <InPorts = 2> <OutPorts = 1>
ST_3 : Operation 37 [1/1] (0.00ns)   --->   "%empty_33 = call i32 (...)* @_ssdm_op_SpecLoopTripCount(i64 16, i64 16, i64 16)"   --->   Operation 37 'speclooptripcount' 'empty_33' <Predicate = true> <Delay = 0.00>
ST_3 : Operation 38 [1/1] (1.78ns)   --->   "%i = add i5 %i1_0, 1" [firmware/nnet_utils/nnet_padding_stream.h:61]   --->   Operation 38 'add' 'i' <Predicate = true> <Delay = 1.78> <Core = "AddSub">   --->   Core 14 'AddSub' <Latency = 0> <II = 1> <Delay = 1.78> <FuncUnit> <Opcode : 'add' 'sub'> <InPorts = 2> <OutPorts = 1>
ST_3 : Operation 39 [1/1] (0.00ns)   --->   "br i1 %icmp_ln61, label %PadBottom_begin, label %PadMain_begin" [firmware/nnet_utils/nnet_padding_stream.h:61]   --->   Operation 39 'br' <Predicate = true> <Delay = 0.00>
ST_3 : Operation 40 [1/1] (0.00ns)   --->   "call void (...)* @_ssdm_op_SpecLoopName([8 x i8]* @p_str72) nounwind" [firmware/nnet_utils/nnet_padding_stream.h:61]   --->   Operation 40 'specloopname' <Predicate = (!icmp_ln61)> <Delay = 0.00>
ST_3 : Operation 41 [1/1] (0.00ns)   --->   "%tmp_4 = call i32 (...)* @_ssdm_op_SpecRegionBegin([8 x i8]* @p_str72)" [firmware/nnet_utils/nnet_padding_stream.h:61]   --->   Operation 41 'specregionbegin' 'tmp_4' <Predicate = (!icmp_ln61)> <Delay = 0.00>
ST_3 : Operation 42 [1/1] (0.00ns)   --->   "call void (...)* @_ssdm_op_SpecLoopName([8 x i8]* @p_str73) nounwind" [firmware/nnet_utils/nnet_padding_stream.h:62]   --->   Operation 42 'specloopname' <Predicate = (!icmp_ln61)> <Delay = 0.00>
ST_3 : Operation 43 [1/1] (2.18ns)   --->   "call void @_ssdm_op_Write.ap_fifo.volatile.i32P.i32P.i32P.i32P.i32P.i32P.i32P.i32P(i32* %res_V_data_0_V, i32* %res_V_data_1_V, i32* %res_V_data_2_V, i32* %res_V_data_3_V, i32* %res_V_data_4_V, i32* %res_V_data_5_V, i32* %res_V_data_6_V, i32* %res_V_data_7_V, i32 0, i32 0, i32 0, i32 0, i32 0, i32 0, i32 0, i32 0)" [firmware/nnet_utils/nnet_padding_stream.h:16->firmware/nnet_utils/nnet_padding_stream.h:63]   --->   Operation 43 'write' <Predicate = (!icmp_ln61)> <Delay = 2.18> <Core = "FIFO">   --->   Core 32 'FIFO' <Latency = 0> <II = 1> <Delay = 3.63> <Storage> <Opcode : 'read' 'write' 'nbread' 'nbwrite'> <Ports = 0> <Width = 32> <Depth = 3> <FIFO>
ST_3 : Operation 44 [1/1] (1.76ns)   --->   "br label %.preheader2" [firmware/nnet_utils/nnet_padding_stream.h:65]   --->   Operation 44 'br' <Predicate = (!icmp_ln61)> <Delay = 1.76>
ST_3 : Operation 45 [1/1] (0.00ns)   --->   "call void (...)* @_ssdm_op_SpecLoopName([10 x i8]* @p_str76) nounwind" [firmware/nnet_utils/nnet_padding_stream.h:73]   --->   Operation 45 'specloopname' <Predicate = (icmp_ln61)> <Delay = 0.00>
ST_3 : Operation 46 [1/1] (0.00ns)   --->   "%tmp_3 = call i32 (...)* @_ssdm_op_SpecRegionBegin([10 x i8]* @p_str76)" [firmware/nnet_utils/nnet_padding_stream.h:73]   --->   Operation 46 'specregionbegin' 'tmp_3' <Predicate = (icmp_ln61)> <Delay = 0.00>
ST_3 : Operation 47 [1/1] (1.76ns)   --->   "br label %1" [firmware/nnet_utils/nnet_padding_stream.h:74]   --->   Operation 47 'br' <Predicate = (icmp_ln61)> <Delay = 1.76>

State 4 <SV = 3> <Delay = 4.37>
ST_4 : Operation 48 [1/1] (0.00ns)   --->   "%j3_0 = phi i5 [ %j_4, %"fill_data<array<ap_fixed<32, 16, 5, 3, 0>, 8u>, array<ap_fixed<32, 16, 5, 3, 0>, 8u>, config23>.exit" ], [ 0, %PadMain_begin ]"   --->   Operation 48 'phi' 'j3_0' <Predicate = true> <Delay = 0.00>
ST_4 : Operation 49 [1/1] (1.36ns)   --->   "%icmp_ln65 = icmp eq i5 %j3_0, -16" [firmware/nnet_utils/nnet_padding_stream.h:65]   --->   Operation 49 'icmp' 'icmp_ln65' <Predicate = true> <Delay = 1.36> <Core = "Cmp">   --->   Core 25 'Cmp' <Latency = 0> <II = 1> <Delay = 1.36> <FuncUnit> <Opcode : 'icmp'> <InPorts = 2> <OutPorts = 1>
ST_4 : Operation 50 [1/1] (0.00ns)   --->   "%empty_34 = call i32 (...)* @_ssdm_op_SpecLoopTripCount(i64 16, i64 16, i64 16)"   --->   Operation 50 'speclooptripcount' 'empty_34' <Predicate = true> <Delay = 0.00>
ST_4 : Operation 51 [1/1] (1.78ns)   --->   "%j_4 = add i5 %j3_0, 1" [firmware/nnet_utils/nnet_padding_stream.h:65]   --->   Operation 51 'add' 'j_4' <Predicate = true> <Delay = 1.78> <Core = "AddSub">   --->   Core 14 'AddSub' <Latency = 0> <II = 1> <Delay = 1.78> <FuncUnit> <Opcode : 'add' 'sub'> <InPorts = 2> <OutPorts = 1>
ST_4 : Operation 52 [1/1] (0.00ns)   --->   "br i1 %icmp_ln65, label %PadMain_end, label %"fill_data<array<ap_fixed<32, 16, 5, 3, 0>, 8u>, array<ap_fixed<32, 16, 5, 3, 0>, 8u>, config23>.exit"" [firmware/nnet_utils/nnet_padding_stream.h:65]   --->   Operation 52 'br' <Predicate = true> <Delay = 0.00>
ST_4 : Operation 53 [1/1] (0.00ns)   --->   "call void (...)* @_ssdm_op_SpecLoopName([9 x i8]* @p_str74) nounwind" [firmware/nnet_utils/nnet_padding_stream.h:65]   --->   Operation 53 'specloopname' <Predicate = (!icmp_ln65)> <Delay = 0.00>
ST_4 : Operation 54 [1/1] (2.18ns)   --->   "%empty_35 = call { i32, i32, i32, i32, i32, i32, i32, i32 } @_ssdm_op_Read.ap_fifo.volatile.i32P.i32P.i32P.i32P.i32P.i32P.i32P.i32P(i32* %data_V_data_0_V, i32* %data_V_data_1_V, i32* %data_V_data_2_V, i32* %data_V_data_3_V, i32* %data_V_data_4_V, i32* %data_V_data_5_V, i32* %data_V_data_6_V, i32* %data_V_data_7_V)" [firmware/nnet_utils/nnet_padding_stream.h:22->firmware/nnet_utils/nnet_padding_stream.h:66]   --->   Operation 54 'read' 'empty_35' <Predicate = (!icmp_ln65)> <Delay = 2.18> <Core = "FIFO">   --->   Core 32 'FIFO' <Latency = 0> <II = 1> <Delay = 3.63> <Storage> <Opcode : 'read' 'write' 'nbread' 'nbwrite'> <Ports = 0> <Width = 32> <Depth = 3> <FIFO>
ST_4 : Operation 55 [1/1] (0.00ns)   --->   "%tmp_data_0_V = extractvalue { i32, i32, i32, i32, i32, i32, i32, i32 } %empty_35, 0" [firmware/nnet_utils/nnet_padding_stream.h:22->firmware/nnet_utils/nnet_padding_stream.h:66]   --->   Operation 55 'extractvalue' 'tmp_data_0_V' <Predicate = (!icmp_ln65)> <Delay = 0.00>
ST_4 : Operation 56 [1/1] (0.00ns)   --->   "%tmp_data_1_V = extractvalue { i32, i32, i32, i32, i32, i32, i32, i32 } %empty_35, 1" [firmware/nnet_utils/nnet_padding_stream.h:22->firmware/nnet_utils/nnet_padding_stream.h:66]   --->   Operation 56 'extractvalue' 'tmp_data_1_V' <Predicate = (!icmp_ln65)> <Delay = 0.00>
ST_4 : Operation 57 [1/1] (0.00ns)   --->   "%tmp_data_2_V = extractvalue { i32, i32, i32, i32, i32, i32, i32, i32 } %empty_35, 2" [firmware/nnet_utils/nnet_padding_stream.h:22->firmware/nnet_utils/nnet_padding_stream.h:66]   --->   Operation 57 'extractvalue' 'tmp_data_2_V' <Predicate = (!icmp_ln65)> <Delay = 0.00>
ST_4 : Operation 58 [1/1] (0.00ns)   --->   "%tmp_data_3_V = extractvalue { i32, i32, i32, i32, i32, i32, i32, i32 } %empty_35, 3" [firmware/nnet_utils/nnet_padding_stream.h:22->firmware/nnet_utils/nnet_padding_stream.h:66]   --->   Operation 58 'extractvalue' 'tmp_data_3_V' <Predicate = (!icmp_ln65)> <Delay = 0.00>
ST_4 : Operation 59 [1/1] (0.00ns)   --->   "%tmp_data_4_V = extractvalue { i32, i32, i32, i32, i32, i32, i32, i32 } %empty_35, 4" [firmware/nnet_utils/nnet_padding_stream.h:22->firmware/nnet_utils/nnet_padding_stream.h:66]   --->   Operation 59 'extractvalue' 'tmp_data_4_V' <Predicate = (!icmp_ln65)> <Delay = 0.00>
ST_4 : Operation 60 [1/1] (0.00ns)   --->   "%tmp_data_5_V = extractvalue { i32, i32, i32, i32, i32, i32, i32, i32 } %empty_35, 5" [firmware/nnet_utils/nnet_padding_stream.h:22->firmware/nnet_utils/nnet_padding_stream.h:66]   --->   Operation 60 'extractvalue' 'tmp_data_5_V' <Predicate = (!icmp_ln65)> <Delay = 0.00>
ST_4 : Operation 61 [1/1] (0.00ns)   --->   "%tmp_data_6_V = extractvalue { i32, i32, i32, i32, i32, i32, i32, i32 } %empty_35, 6" [firmware/nnet_utils/nnet_padding_stream.h:22->firmware/nnet_utils/nnet_padding_stream.h:66]   --->   Operation 61 'extractvalue' 'tmp_data_6_V' <Predicate = (!icmp_ln65)> <Delay = 0.00>
ST_4 : Operation 62 [1/1] (0.00ns)   --->   "%tmp_data_7_V = extractvalue { i32, i32, i32, i32, i32, i32, i32, i32 } %empty_35, 7" [firmware/nnet_utils/nnet_padding_stream.h:22->firmware/nnet_utils/nnet_padding_stream.h:66]   --->   Operation 62 'extractvalue' 'tmp_data_7_V' <Predicate = (!icmp_ln65)> <Delay = 0.00>
ST_4 : Operation 63 [1/1] (2.18ns)   --->   "call void @_ssdm_op_Write.ap_fifo.volatile.i32P.i32P.i32P.i32P.i32P.i32P.i32P.i32P(i32* %res_V_data_0_V, i32* %res_V_data_1_V, i32* %res_V_data_2_V, i32* %res_V_data_3_V, i32* %res_V_data_4_V, i32* %res_V_data_5_V, i32* %res_V_data_6_V, i32* %res_V_data_7_V, i32 %tmp_data_0_V, i32 %tmp_data_1_V, i32 %tmp_data_2_V, i32 %tmp_data_3_V, i32 %tmp_data_4_V, i32 %tmp_data_5_V, i32 %tmp_data_6_V, i32 %tmp_data_7_V)" [firmware/nnet_utils/nnet_padding_stream.h:28->firmware/nnet_utils/nnet_padding_stream.h:66]   --->   Operation 63 'write' <Predicate = (!icmp_ln65)> <Delay = 2.18> <Core = "FIFO">   --->   Core 32 'FIFO' <Latency = 0> <II = 1> <Delay = 3.63> <Storage> <Opcode : 'read' 'write' 'nbread' 'nbwrite'> <Ports = 0> <Width = 32> <Depth = 3> <FIFO>
ST_4 : Operation 64 [1/1] (0.00ns)   --->   "br label %.preheader2" [firmware/nnet_utils/nnet_padding_stream.h:65]   --->   Operation 64 'br' <Predicate = (!icmp_ln65)> <Delay = 0.00>
ST_4 : Operation 65 [1/1] (0.00ns)   --->   "call void (...)* @_ssdm_op_SpecLoopName([9 x i8]* @p_str75) nounwind" [firmware/nnet_utils/nnet_padding_stream.h:68]   --->   Operation 65 'specloopname' <Predicate = (icmp_ln65)> <Delay = 0.00>
ST_4 : Operation 66 [1/1] (2.18ns)   --->   "call void @_ssdm_op_Write.ap_fifo.volatile.i32P.i32P.i32P.i32P.i32P.i32P.i32P.i32P(i32* %res_V_data_0_V, i32* %res_V_data_1_V, i32* %res_V_data_2_V, i32* %res_V_data_3_V, i32* %res_V_data_4_V, i32* %res_V_data_5_V, i32* %res_V_data_6_V, i32* %res_V_data_7_V, i32 0, i32 0, i32 0, i32 0, i32 0, i32 0, i32 0, i32 0)" [firmware/nnet_utils/nnet_padding_stream.h:16->firmware/nnet_utils/nnet_padding_stream.h:69]   --->   Operation 66 'write' <Predicate = (icmp_ln65)> <Delay = 2.18> <Core = "FIFO">   --->   Core 32 'FIFO' <Latency = 0> <II = 1> <Delay = 3.63> <Storage> <Opcode : 'read' 'write' 'nbread' 'nbwrite'> <Ports = 0> <Width = 32> <Depth = 3> <FIFO>
ST_4 : Operation 67 [1/1] (0.00ns)   --->   "%empty_36 = call i32 (...)* @_ssdm_op_SpecRegionEnd([8 x i8]* @p_str72, i32 %tmp_4)" [firmware/nnet_utils/nnet_padding_stream.h:71]   --->   Operation 67 'specregionend' 'empty_36' <Predicate = (icmp_ln65)> <Delay = 0.00>
ST_4 : Operation 68 [1/1] (0.00ns)   --->   "br label %.preheader3" [firmware/nnet_utils/nnet_padding_stream.h:61]   --->   Operation 68 'br' <Predicate = (icmp_ln65)> <Delay = 0.00>

State 5 <SV = 3> <Delay = 2.18>
ST_5 : Operation 69 [1/1] (0.00ns)   --->   "%j6_0 = phi i5 [ 0, %PadBottom_begin ], [ %j_3, %_ZN8ap_fixedILi32ELi16EL9ap_q_mode5EL9ap_o_mode3ELi0EEC1Ei.exit.i.0 ]"   --->   Operation 69 'phi' 'j6_0' <Predicate = true> <Delay = 0.00>
ST_5 : Operation 70 [1/1] (1.36ns)   --->   "%icmp_ln74 = icmp eq i5 %j6_0, -14" [firmware/nnet_utils/nnet_padding_stream.h:74]   --->   Operation 70 'icmp' 'icmp_ln74' <Predicate = true> <Delay = 1.36> <Core = "Cmp">   --->   Core 25 'Cmp' <Latency = 0> <II = 1> <Delay = 1.36> <FuncUnit> <Opcode : 'icmp'> <InPorts = 2> <OutPorts = 1>
ST_5 : Operation 71 [1/1] (0.00ns)   --->   "%empty_37 = call i32 (...)* @_ssdm_op_SpecLoopTripCount(i64 18, i64 18, i64 18)"   --->   Operation 71 'speclooptripcount' 'empty_37' <Predicate = true> <Delay = 0.00>
ST_5 : Operation 72 [1/1] (1.78ns)   --->   "%j_3 = add i5 %j6_0, 1" [firmware/nnet_utils/nnet_padding_stream.h:74]   --->   Operation 72 'add' 'j_3' <Predicate = true> <Delay = 1.78> <Core = "AddSub">   --->   Core 14 'AddSub' <Latency = 0> <II = 1> <Delay = 1.78> <FuncUnit> <Opcode : 'add' 'sub'> <InPorts = 2> <OutPorts = 1>
ST_5 : Operation 73 [1/1] (0.00ns)   --->   "br i1 %icmp_ln74, label %PadBottom_end, label %_ZN8ap_fixedILi32ELi16EL9ap_q_mode5EL9ap_o_mode3ELi0EEC1Ei.exit.i.0" [firmware/nnet_utils/nnet_padding_stream.h:74]   --->   Operation 73 'br' <Predicate = true> <Delay = 0.00>
ST_5 : Operation 74 [1/1] (0.00ns)   --->   "call void (...)* @_ssdm_op_SpecLoopName([15 x i8]* @p_str77) nounwind" [firmware/nnet_utils/nnet_padding_stream.h:74]   --->   Operation 74 'specloopname' <Predicate = (!icmp_ln74)> <Delay = 0.00>
ST_5 : Operation 75 [1/1] (2.18ns)   --->   "call void @_ssdm_op_Write.ap_fifo.volatile.i32P.i32P.i32P.i32P.i32P.i32P.i32P.i32P(i32* %res_V_data_0_V, i32* %res_V_data_1_V, i32* %res_V_data_2_V, i32* %res_V_data_3_V, i32* %res_V_data_4_V, i32* %res_V_data_5_V, i32* %res_V_data_6_V, i32* %res_V_data_7_V, i32 0, i32 0, i32 0, i32 0, i32 0, i32 0, i32 0, i32 0)" [firmware/nnet_utils/nnet_padding_stream.h:16->firmware/nnet_utils/nnet_padding_stream.h:75]   --->   Operation 75 'write' <Predicate = (!icmp_ln74)> <Delay = 2.18> <Core = "FIFO">   --->   Core 32 'FIFO' <Latency = 0> <II = 1> <Delay = 3.63> <Storage> <Opcode : 'read' 'write' 'nbread' 'nbwrite'> <Ports = 0> <Width = 32> <Depth = 3> <FIFO>
ST_5 : Operation 76 [1/1] (0.00ns)   --->   "br label %1" [firmware/nnet_utils/nnet_padding_stream.h:74]   --->   Operation 76 'br' <Predicate = (!icmp_ln74)> <Delay = 0.00>
ST_5 : Operation 77 [1/1] (0.00ns)   --->   "%empty_38 = call i32 (...)* @_ssdm_op_SpecRegionEnd([10 x i8]* @p_str76, i32 %tmp_3)" [firmware/nnet_utils/nnet_padding_stream.h:77]   --->   Operation 77 'specregionend' 'empty_38' <Predicate = (icmp_ln74)> <Delay = 0.00>
ST_5 : Operation 78 [1/1] (0.00ns)   --->   "ret void" [firmware/nnet_utils/nnet_padding_stream.h:78]   --->   Operation 78 'ret' <Predicate = (icmp_ln74)> <Delay = 0.00>


============================================================
+ Verbose Summary: Binding
============================================================
STG Binding: 
---------------- STG Properties BEGIN ----------------
- Is combinational: 0
- Is one-state seq: 0
- Is datapath-only: 0
- Is pipelined: 0
- Is top level: 0
Port [ Return ] is wired: 1; IO mode=ap_ctrl_hs:ce=0
Port [ data_V_data_0_V]:  wired=1; compound=1; hidden=0; nouse=0; global=0; static=0; extern=0; dir=0; type=3; pingpong=0; private_global=0; IO mode=ap_fifo:ce=0
Port [ data_V_data_1_V]:  wired=1; compound=1; hidden=0; nouse=0; global=0; static=0; extern=0; dir=0; type=3; pingpong=0; private_global=0; IO mode=ap_fifo:ce=0
Port [ data_V_data_2_V]:  wired=1; compound=1; hidden=0; nouse=0; global=0; static=0; extern=0; dir=0; type=3; pingpong=0; private_global=0; IO mode=ap_fifo:ce=0
Port [ data_V_data_3_V]:  wired=1; compound=1; hidden=0; nouse=0; global=0; static=0; extern=0; dir=0; type=3; pingpong=0; private_global=0; IO mode=ap_fifo:ce=0
Port [ data_V_data_4_V]:  wired=1; compound=1; hidden=0; nouse=0; global=0; static=0; extern=0; dir=0; type=3; pingpong=0; private_global=0; IO mode=ap_fifo:ce=0
Port [ data_V_data_5_V]:  wired=1; compound=1; hidden=0; nouse=0; global=0; static=0; extern=0; dir=0; type=3; pingpong=0; private_global=0; IO mode=ap_fifo:ce=0
Port [ data_V_data_6_V]:  wired=1; compound=1; hidden=0; nouse=0; global=0; static=0; extern=0; dir=0; type=3; pingpong=0; private_global=0; IO mode=ap_fifo:ce=0
Port [ data_V_data_7_V]:  wired=1; compound=1; hidden=0; nouse=0; global=0; static=0; extern=0; dir=0; type=3; pingpong=0; private_global=0; IO mode=ap_fifo:ce=0
Port [ res_V_data_0_V]:  wired=1; compound=1; hidden=0; nouse=0; global=0; static=0; extern=0; dir=1; type=3; pingpong=0; private_global=0; IO mode=ap_fifo:ce=0
Port [ res_V_data_1_V]:  wired=1; compound=1; hidden=0; nouse=0; global=0; static=0; extern=0; dir=1; type=3; pingpong=0; private_global=0; IO mode=ap_fifo:ce=0
Port [ res_V_data_2_V]:  wired=1; compound=1; hidden=0; nouse=0; global=0; static=0; extern=0; dir=1; type=3; pingpong=0; private_global=0; IO mode=ap_fifo:ce=0
Port [ res_V_data_3_V]:  wired=1; compound=1; hidden=0; nouse=0; global=0; static=0; extern=0; dir=1; type=3; pingpong=0; private_global=0; IO mode=ap_fifo:ce=0
Port [ res_V_data_4_V]:  wired=1; compound=1; hidden=0; nouse=0; global=0; static=0; extern=0; dir=1; type=3; pingpong=0; private_global=0; IO mode=ap_fifo:ce=0
Port [ res_V_data_5_V]:  wired=1; compound=1; hidden=0; nouse=0; global=0; static=0; extern=0; dir=1; type=3; pingpong=0; private_global=0; IO mode=ap_fifo:ce=0
Port [ res_V_data_6_V]:  wired=1; compound=1; hidden=0; nouse=0; global=0; static=0; extern=0; dir=1; type=3; pingpong=0; private_global=0; IO mode=ap_fifo:ce=0
Port [ res_V_data_7_V]:  wired=1; compound=1; hidden=0; nouse=0; global=0; static=0; extern=0; dir=1; type=3; pingpong=0; private_global=0; IO mode=ap_fifo:ce=0
---------------- STG Properties END ------------------

---------------- Datapath Model BEGIN ----------------

<LifeTime>
<method=bitvector/>
specinterface_ln0 (specinterface    ) [ 000000]
specinterface_ln0 (specinterface    ) [ 000000]
specinterface_ln0 (specinterface    ) [ 000000]
specinterface_ln0 (specinterface    ) [ 000000]
specinterface_ln0 (specinterface    ) [ 000000]
specinterface_ln0 (specinterface    ) [ 000000]
specinterface_ln0 (specinterface    ) [ 000000]
specinterface_ln0 (specinterface    ) [ 000000]
specinterface_ln0 (specinterface    ) [ 000000]
specinterface_ln0 (specinterface    ) [ 000000]
specinterface_ln0 (specinterface    ) [ 000000]
specinterface_ln0 (specinterface    ) [ 000000]
specinterface_ln0 (specinterface    ) [ 000000]
specinterface_ln0 (specinterface    ) [ 000000]
specinterface_ln0 (specinterface    ) [ 000000]
specinterface_ln0 (specinterface    ) [ 000000]
specloopname_ln55 (specloopname     ) [ 000000]
tmp               (specregionbegin  ) [ 001000]
br_ln56           (br               ) [ 011000]
j_0               (phi              ) [ 001000]
icmp_ln56         (icmp             ) [ 001000]
empty             (speclooptripcount) [ 000000]
j                 (add              ) [ 011000]
br_ln56           (br               ) [ 000000]
specloopname_ln56 (specloopname     ) [ 000000]
write_ln16        (write            ) [ 000000]
br_ln56           (br               ) [ 011000]
empty_32          (specregionend    ) [ 000000]
br_ln61           (br               ) [ 001110]
i1_0              (phi              ) [ 000100]
icmp_ln61         (icmp             ) [ 000110]
empty_33          (speclooptripcount) [ 000000]
i                 (add              ) [ 001110]
br_ln61           (br               ) [ 000000]
specloopname_ln61 (specloopname     ) [ 000000]
tmp_4             (specregionbegin  ) [ 000010]
specloopname_ln62 (specloopname     ) [ 000000]
write_ln16        (write            ) [ 000000]
br_ln65           (br               ) [ 000110]
specloopname_ln73 (specloopname     ) [ 000000]
tmp_3             (specregionbegin  ) [ 000001]
br_ln74           (br               ) [ 000111]
j3_0              (phi              ) [ 000010]
icmp_ln65         (icmp             ) [ 000110]
empty_34          (speclooptripcount) [ 000000]
j_4               (add              ) [ 000110]
br_ln65           (br               ) [ 000000]
specloopname_ln65 (specloopname     ) [ 000000]
empty_35          (read             ) [ 000000]
tmp_data_0_V      (extractvalue     ) [ 000000]
tmp_data_1_V      (extractvalue     ) [ 000000]
tmp_data_2_V      (extractvalue     ) [ 000000]
tmp_data_3_V      (extractvalue     ) [ 000000]
tmp_data_4_V      (extractvalue     ) [ 000000]
tmp_data_5_V      (extractvalue     ) [ 000000]
tmp_data_6_V      (extractvalue     ) [ 000000]
tmp_data_7_V      (extractvalue     ) [ 000000]
write_ln28        (write            ) [ 000000]
br_ln65           (br               ) [ 000110]
specloopname_ln68 (specloopname     ) [ 000000]
write_ln16        (write            ) [ 000000]
empty_36          (specregionend    ) [ 000000]
br_ln61           (br               ) [ 001110]
j6_0              (phi              ) [ 000001]
icmp_ln74         (icmp             ) [ 000001]
empty_37          (speclooptripcount) [ 000000]
j_3               (add              ) [ 000101]
br_ln74           (br               ) [ 000000]
specloopname_ln74 (specloopname     ) [ 000000]
write_ln16        (write            ) [ 000000]
br_ln74           (br               ) [ 000101]
empty_38          (specregionend    ) [ 000000]
ret_ln78          (ret              ) [ 000000]
</LifeTime>

<model>

<comp_list>
<comp id="0" class="1000" name="data_V_data_0_V">
<pin_list>
<pin id="1" dir="1" index="0" bw="1" slack="0"/>
</pin_list>
<bind>
<StgValue><ssdm name="data_V_data_0_V"/></StgValue>
</bind>
</comp>

<comp id="2" class="1000" name="data_V_data_1_V">
<pin_list>
<pin id="3" dir="1" index="0" bw="1" slack="0"/>
</pin_list>
<bind>
<StgValue><ssdm name="data_V_data_1_V"/></StgValue>
</bind>
</comp>

<comp id="4" class="1000" name="data_V_data_2_V">
<pin_list>
<pin id="5" dir="1" index="0" bw="1" slack="0"/>
</pin_list>
<bind>
<StgValue><ssdm name="data_V_data_2_V"/></StgValue>
</bind>
</comp>

<comp id="6" class="1000" name="data_V_data_3_V">
<pin_list>
<pin id="7" dir="1" index="0" bw="1" slack="0"/>
</pin_list>
<bind>
<StgValue><ssdm name="data_V_data_3_V"/></StgValue>
</bind>
</comp>

<comp id="8" class="1000" name="data_V_data_4_V">
<pin_list>
<pin id="9" dir="1" index="0" bw="1" slack="0"/>
</pin_list>
<bind>
<StgValue><ssdm name="data_V_data_4_V"/></StgValue>
</bind>
</comp>

<comp id="10" class="1000" name="data_V_data_5_V">
<pin_list>
<pin id="11" dir="1" index="0" bw="1" slack="0"/>
</pin_list>
<bind>
<StgValue><ssdm name="data_V_data_5_V"/></StgValue>
</bind>
</comp>

<comp id="12" class="1000" name="data_V_data_6_V">
<pin_list>
<pin id="13" dir="1" index="0" bw="1" slack="0"/>
</pin_list>
<bind>
<StgValue><ssdm name="data_V_data_6_V"/></StgValue>
</bind>
</comp>

<comp id="14" class="1000" name="data_V_data_7_V">
<pin_list>
<pin id="15" dir="1" index="0" bw="1" slack="0"/>
</pin_list>
<bind>
<StgValue><ssdm name="data_V_data_7_V"/></StgValue>
</bind>
</comp>

<comp id="16" class="1000" name="res_V_data_0_V">
<pin_list>
<pin id="17" dir="1" index="0" bw="1" slack="0"/>
</pin_list>
<bind>
<StgValue><ssdm name="res_V_data_0_V"/></StgValue>
</bind>
</comp>

<comp id="18" class="1000" name="res_V_data_1_V">
<pin_list>
<pin id="19" dir="1" index="0" bw="1" slack="0"/>
</pin_list>
<bind>
<StgValue><ssdm name="res_V_data_1_V"/></StgValue>
</bind>
</comp>

<comp id="20" class="1000" name="res_V_data_2_V">
<pin_list>
<pin id="21" dir="1" index="0" bw="1" slack="0"/>
</pin_list>
<bind>
<StgValue><ssdm name="res_V_data_2_V"/></StgValue>
</bind>
</comp>

<comp id="22" class="1000" name="res_V_data_3_V">
<pin_list>
<pin id="23" dir="1" index="0" bw="1" slack="0"/>
</pin_list>
<bind>
<StgValue><ssdm name="res_V_data_3_V"/></StgValue>
</bind>
</comp>

<comp id="24" class="1000" name="res_V_data_4_V">
<pin_list>
<pin id="25" dir="1" index="0" bw="1" slack="0"/>
</pin_list>
<bind>
<StgValue><ssdm name="res_V_data_4_V"/></StgValue>
</bind>
</comp>

<comp id="26" class="1000" name="res_V_data_5_V">
<pin_list>
<pin id="27" dir="1" index="0" bw="1" slack="0"/>
</pin_list>
<bind>
<StgValue><ssdm name="res_V_data_5_V"/></StgValue>
</bind>
</comp>

<comp id="28" class="1000" name="res_V_data_6_V">
<pin_list>
<pin id="29" dir="1" index="0" bw="1" slack="0"/>
</pin_list>
<bind>
<StgValue><ssdm name="res_V_data_6_V"/></StgValue>
</bind>
</comp>

<comp id="30" class="1000" name="res_V_data_7_V">
<pin_list>
<pin id="31" dir="1" index="0" bw="1" slack="0"/>
</pin_list>
<bind>
<StgValue><ssdm name="res_V_data_7_V"/></StgValue>
</bind>
</comp>

<comp id="32" class="1001" name="const_32">
<pin_list>
<pin id="33" dir="1" index="0" bw="1" slack="2147483647"/>
</pin_list>
<bind>
<StgValue><ssdm name="_ssdm_op_SpecInterface"/></StgValue>
</bind>
</comp>

<comp id="34" class="1001" name="const_34">
<pin_list>
<pin id="35" dir="1" index="0" bw="1" slack="2147483647"/>
</pin_list>
<bind>
<StgValue><ssdm name="ap_fifo_str"/></StgValue>
</bind>
</comp>

<comp id="36" class="1001" name="const_36">
<pin_list>
<pin id="37" dir="1" index="0" bw="1" slack="0"/>
</pin_list>
<bind>
<StgValue><ssdm name=""/></StgValue>
</bind>
</comp>

<comp id="38" class="1001" name="const_38">
<pin_list>
<pin id="39" dir="1" index="0" bw="1" slack="2147483647"/>
</pin_list>
<bind>
<StgValue><ssdm name="p_str"/></StgValue>
</bind>
</comp>

<comp id="40" class="1001" name="const_40">
<pin_list>
<pin id="41" dir="1" index="0" bw="1" slack="2147483647"/>
</pin_list>
<bind>
<StgValue><ssdm name=""/></StgValue>
</bind>
</comp>

<comp id="42" class="1001" name="const_42">
<pin_list>
<pin id="43" dir="1" index="0" bw="1" slack="2147483647"/>
</pin_list>
<bind>
<StgValue><ssdm name=""/></StgValue>
</bind>
</comp>

<comp id="44" class="1001" name="const_44">
<pin_list>
<pin id="45" dir="1" index="0" bw="1" slack="2147483647"/>
</pin_list>
<bind>
<StgValue><ssdm name="_ssdm_op_SpecLoopName"/></StgValue>
</bind>
</comp>

<comp id="46" class="1001" name="const_46">
<pin_list>
<pin id="47" dir="1" index="0" bw="1" slack="2147483647"/>
</pin_list>
<bind>
<StgValue><ssdm name="p_str70"/></StgValue>
</bind>
</comp>

<comp id="48" class="1001" name="const_48">
<pin_list>
<pin id="49" dir="1" index="0" bw="1" slack="2147483647"/>
</pin_list>
<bind>
<StgValue><ssdm name="_ssdm_op_SpecRegionBegin"/></StgValue>
</bind>
</comp>

<comp id="50" class="1001" name="const_50">
<pin_list>
<pin id="51" dir="1" index="0" bw="1" slack="1"/>
</pin_list>
<bind>
<StgValue><ssdm name=""/></StgValue>
</bind>
</comp>

<comp id="52" class="1001" name="const_52">
<pin_list>
<pin id="53" dir="1" index="0" bw="1" slack="0"/>
</pin_list>
<bind>
<StgValue><ssdm name=""/></StgValue>
</bind>
</comp>

<comp id="54" class="1001" name="const_54">
<pin_list>
<pin id="55" dir="1" index="0" bw="1" slack="2147483647"/>
</pin_list>
<bind>
<StgValue><ssdm name="_ssdm_op_SpecLoopTripCount"/></StgValue>
</bind>
</comp>

<comp id="56" class="1001" name="const_56">
<pin_list>
<pin id="57" dir="1" index="0" bw="1" slack="2147483647"/>
</pin_list>
<bind>
<StgValue><ssdm name=""/></StgValue>
</bind>
</comp>

<comp id="58" class="1001" name="const_58">
<pin_list>
<pin id="59" dir="1" index="0" bw="1" slack="0"/>
</pin_list>
<bind>
<StgValue><ssdm name=""/></StgValue>
</bind>
</comp>

<comp id="60" class="1001" name="const_60">
<pin_list>
<pin id="61" dir="1" index="0" bw="1" slack="2147483647"/>
</pin_list>
<bind>
<StgValue><ssdm name="p_str71"/></StgValue>
</bind>
</comp>

<comp id="62" class="1001" name="const_62">
<pin_list>
<pin id="63" dir="1" index="0" bw="1" slack="0"/>
</pin_list>
<bind>
<StgValue><ssdm name="_ssdm_op_Write.ap_fifo.volatile.i32P.i32P.i32P.i32P.i32P.i32P.i32P.i32P"/></StgValue>
</bind>
</comp>

<comp id="64" class="1001" name="const_64">
<pin_list>
<pin id="65" dir="1" index="0" bw="1" slack="2147483647"/>
</pin_list>
<bind>
<StgValue><ssdm name="_ssdm_op_SpecRegionEnd"/></StgValue>
</bind>
</comp>

<comp id="66" class="1001" name="const_66">
<pin_list>
<pin id="67" dir="1" index="0" bw="1" slack="0"/>
</pin_list>
<bind>
<StgValue><ssdm name=""/></StgValue>
</bind>
</comp>

<comp id="68" class="1001" name="const_68">
<pin_list>
<pin id="69" dir="1" index="0" bw="1" slack="2147483647"/>
</pin_list>
<bind>
<StgValue><ssdm name=""/></StgValue>
</bind>
</comp>

<comp id="70" class="1001" name="const_70">
<pin_list>
<pin id="71" dir="1" index="0" bw="1" slack="2147483647"/>
</pin_list>
<bind>
<StgValue><ssdm name="p_str72"/></StgValue>
</bind>
</comp>

<comp id="72" class="1001" name="const_72">
<pin_list>
<pin id="73" dir="1" index="0" bw="1" slack="2147483647"/>
</pin_list>
<bind>
<StgValue><ssdm name="p_str73"/></StgValue>
</bind>
</comp>

<comp id="74" class="1001" name="const_74">
<pin_list>
<pin id="75" dir="1" index="0" bw="1" slack="2147483647"/>
</pin_list>
<bind>
<StgValue><ssdm name="p_str76"/></StgValue>
</bind>
</comp>

<comp id="76" class="1001" name="const_76">
<pin_list>
<pin id="77" dir="1" index="0" bw="1" slack="2147483647"/>
</pin_list>
<bind>
<StgValue><ssdm name="p_str74"/></StgValue>
</bind>
</comp>

<comp id="78" class="1001" name="const_78">
<pin_list>
<pin id="79" dir="1" index="0" bw="1" slack="0"/>
</pin_list>
<bind>
<StgValue><ssdm name="_ssdm_op_Read.ap_fifo.volatile.i32P.i32P.i32P.i32P.i32P.i32P.i32P.i32P"/></StgValue>
</bind>
</comp>

<comp id="80" class="1001" name="const_80">
<pin_list>
<pin id="81" dir="1" index="0" bw="1" slack="2147483647"/>
</pin_list>
<bind>
<StgValue><ssdm name="p_str75"/></StgValue>
</bind>
</comp>

<comp id="82" class="1001" name="const_82">
<pin_list>
<pin id="83" dir="1" index="0" bw="1" slack="2147483647"/>
</pin_list>
<bind>
<StgValue><ssdm name="p_str77"/></StgValue>
</bind>
</comp>

<comp id="84" class="1004" name="grp_write_fu_84">
<pin_list>
<pin id="85" dir="0" index="0" bw="0" slack="0"/>
<pin id="86" dir="0" index="1" bw="32" slack="0"/>
<pin id="87" dir="0" index="2" bw="32" slack="0"/>
<pin id="88" dir="0" index="3" bw="32" slack="0"/>
<pin id="89" dir="0" index="4" bw="32" slack="0"/>
<pin id="90" dir="0" index="5" bw="32" slack="0"/>
<pin id="91" dir="0" index="6" bw="32" slack="0"/>
<pin id="92" dir="0" index="7" bw="32" slack="0"/>
<pin id="93" dir="0" index="8" bw="32" slack="0"/>
<pin id="94" dir="0" index="9" bw="32" slack="0"/>
<pin id="95" dir="0" index="10" bw="32" slack="0"/>
<pin id="96" dir="0" index="11" bw="32" slack="0"/>
<pin id="97" dir="0" index="12" bw="32" slack="0"/>
<pin id="98" dir="0" index="13" bw="32" slack="0"/>
<pin id="99" dir="0" index="14" bw="32" slack="0"/>
<pin id="100" dir="0" index="15" bw="32" slack="0"/>
<pin id="101" dir="0" index="16" bw="32" slack="0"/>
<pin id="102" dir="1" index="17" bw="0" slack="2147483647"/>
</pin_list>
<bind>
<opcode="write(1151) " fcode="write"/>
<opset="write_ln16/2 write_ln16/3 write_ln28/4 write_ln16/4 write_ln16/5 "/>
</bind>
</comp>

<comp id="120" class="1004" name="empty_35_read_fu_120">
<pin_list>
<pin id="121" dir="0" index="0" bw="256" slack="0"/>
<pin id="122" dir="0" index="1" bw="32" slack="0"/>
<pin id="123" dir="0" index="2" bw="32" slack="0"/>
<pin id="124" dir="0" index="3" bw="32" slack="0"/>
<pin id="125" dir="0" index="4" bw="32" slack="0"/>
<pin id="126" dir="0" index="5" bw="32" slack="0"/>
<pin id="127" dir="0" index="6" bw="32" slack="0"/>
<pin id="128" dir="0" index="7" bw="32" slack="0"/>
<pin id="129" dir="0" index="8" bw="32" slack="0"/>
<pin id="130" dir="1" index="9" bw="256" slack="0"/>
</pin_list>
<bind>
<opcode="read(1150) " fcode="read"/>
<opset="empty_35/4 "/>
</bind>
</comp>

<comp id="140" class="1005" name="j_0_reg_140">
<pin_list>
<pin id="141" dir="0" index="0" bw="5" slack="1"/>
<pin id="142" dir="1" index="1" bw="5" slack="1"/>
</pin_list>
<bind>
<opset="j_0 (phireg) "/>
</bind>
</comp>

<comp id="144" class="1004" name="j_0_phi_fu_144">
<pin_list>
<pin id="145" dir="0" index="0" bw="1" slack="1"/>
<pin id="146" dir="0" index="1" bw="0" slack="2147483647"/>
<pin id="147" dir="0" index="2" bw="5" slack="0"/>
<pin id="148" dir="0" index="3" bw="0" slack="2147483647"/>
<pin id="149" dir="1" index="4" bw="5" slack="0"/>
</pin_list>
<bind>
<opcode="phi(47) " fcode="phi"/>
<opset="j_0/2 "/>
</bind>
</comp>

<comp id="151" class="1005" name="i1_0_reg_151">
<pin_list>
<pin id="152" dir="0" index="0" bw="5" slack="1"/>
<pin id="153" dir="1" index="1" bw="5" slack="1"/>
</pin_list>
<bind>
<opset="i1_0 (phireg) "/>
</bind>
</comp>

<comp id="155" class="1004" name="i1_0_phi_fu_155">
<pin_list>
<pin id="156" dir="0" index="0" bw="5" slack="0"/>
<pin id="157" dir="0" index="1" bw="0" slack="2147483647"/>
<pin id="158" dir="0" index="2" bw="1" slack="1"/>
<pin id="159" dir="0" index="3" bw="0" slack="2147483647"/>
<pin id="160" dir="1" index="4" bw="5" slack="0"/>
</pin_list>
<bind>
<opcode="phi(47) " fcode="phi"/>
<opset="i1_0/3 "/>
</bind>
</comp>

<comp id="162" class="1005" name="j3_0_reg_162">
<pin_list>
<pin id="163" dir="0" index="0" bw="5" slack="1"/>
<pin id="164" dir="1" index="1" bw="5" slack="1"/>
</pin_list>
<bind>
<opset="j3_0 (phireg) "/>
</bind>
</comp>

<comp id="166" class="1004" name="j3_0_phi_fu_166">
<pin_list>
<pin id="167" dir="0" index="0" bw="5" slack="0"/>
<pin id="168" dir="0" index="1" bw="0" slack="2147483647"/>
<pin id="169" dir="0" index="2" bw="1" slack="1"/>
<pin id="170" dir="0" index="3" bw="0" slack="2147483647"/>
<pin id="171" dir="1" index="4" bw="5" slack="0"/>
</pin_list>
<bind>
<opcode="phi(47) " fcode="phi"/>
<opset="j3_0/4 "/>
</bind>
</comp>

<comp id="173" class="1005" name="j6_0_reg_173">
<pin_list>
<pin id="174" dir="0" index="0" bw="5" slack="1"/>
<pin id="175" dir="1" index="1" bw="5" slack="1"/>
</pin_list>
<bind>
<opset="j6_0 (phireg) "/>
</bind>
</comp>

<comp id="177" class="1004" name="j6_0_phi_fu_177">
<pin_list>
<pin id="178" dir="0" index="0" bw="1" slack="1"/>
<pin id="179" dir="0" index="1" bw="0" slack="2147483647"/>
<pin id="180" dir="0" index="2" bw="5" slack="0"/>
<pin id="181" dir="0" index="3" bw="0" slack="2147483647"/>
<pin id="182" dir="1" index="4" bw="5" slack="0"/>
</pin_list>
<bind>
<opcode="phi(47) " fcode="phi"/>
<opset="j6_0/5 "/>
</bind>
</comp>

<comp id="184" class="1004" name="icmp_ln56_fu_184">
<pin_list>
<pin id="185" dir="0" index="0" bw="5" slack="0"/>
<pin id="186" dir="0" index="1" bw="5" slack="0"/>
<pin id="187" dir="1" index="2" bw="1" slack="2147483647"/>
</pin_list>
<bind>
<opcode="icmp(45) " fcode="icmp"/>
<opset="icmp_ln56/2 "/>
</bind>
</comp>

<comp id="190" class="1004" name="j_fu_190">
<pin_list>
<pin id="191" dir="0" index="0" bw="5" slack="0"/>
<pin id="192" dir="0" index="1" bw="1" slack="0"/>
<pin id="193" dir="1" index="2" bw="5" slack="0"/>
</pin_list>
<bind>
<opcode="add(8) " fcode="add"/>
<opset="j/2 "/>
</bind>
</comp>

<comp id="196" class="1004" name="icmp_ln61_fu_196">
<pin_list>
<pin id="197" dir="0" index="0" bw="5" slack="0"/>
<pin id="198" dir="0" index="1" bw="5" slack="0"/>
<pin id="199" dir="1" index="2" bw="1" slack="2147483647"/>
</pin_list>
<bind>
<opcode="icmp(45) " fcode="icmp"/>
<opset="icmp_ln61/3 "/>
</bind>
</comp>

<comp id="202" class="1004" name="i_fu_202">
<pin_list>
<pin id="203" dir="0" index="0" bw="5" slack="0"/>
<pin id="204" dir="0" index="1" bw="1" slack="0"/>
<pin id="205" dir="1" index="2" bw="5" slack="0"/>
</pin_list>
<bind>
<opcode="add(8) " fcode="add"/>
<opset="i/3 "/>
</bind>
</comp>

<comp id="208" class="1004" name="icmp_ln65_fu_208">
<pin_list>
<pin id="209" dir="0" index="0" bw="5" slack="0"/>
<pin id="210" dir="0" index="1" bw="5" slack="0"/>
<pin id="211" dir="1" index="2" bw="1" slack="2147483647"/>
</pin_list>
<bind>
<opcode="icmp(45) " fcode="icmp"/>
<opset="icmp_ln65/4 "/>
</bind>
</comp>

<comp id="214" class="1004" name="j_4_fu_214">
<pin_list>
<pin id="215" dir="0" index="0" bw="5" slack="0"/>
<pin id="216" dir="0" index="1" bw="1" slack="0"/>
<pin id="217" dir="1" index="2" bw="5" slack="0"/>
</pin_list>
<bind>
<opcode="add(8) " fcode="add"/>
<opset="j_4/4 "/>
</bind>
</comp>

<comp id="220" class="1004" name="tmp_data_0_V_fu_220">
<pin_list>
<pin id="221" dir="0" index="0" bw="256" slack="0"/>
<pin id="222" dir="1" index="1" bw="32" slack="0"/>
</pin_list>
<bind>
<opcode="extractvalue(56) " fcode="extractvalue"/>
<opset="tmp_data_0_V/4 "/>
</bind>
</comp>

<comp id="225" class="1004" name="tmp_data_1_V_fu_225">
<pin_list>
<pin id="226" dir="0" index="0" bw="256" slack="0"/>
<pin id="227" dir="1" index="1" bw="32" slack="0"/>
</pin_list>
<bind>
<opcode="extractvalue(56) " fcode="extractvalue"/>
<opset="tmp_data_1_V/4 "/>
</bind>
</comp>

<comp id="230" class="1004" name="tmp_data_2_V_fu_230">
<pin_list>
<pin id="231" dir="0" index="0" bw="256" slack="0"/>
<pin id="232" dir="1" index="1" bw="32" slack="0"/>
</pin_list>
<bind>
<opcode="extractvalue(56) " fcode="extractvalue"/>
<opset="tmp_data_2_V/4 "/>
</bind>
</comp>

<comp id="235" class="1004" name="tmp_data_3_V_fu_235">
<pin_list>
<pin id="236" dir="0" index="0" bw="256" slack="0"/>
<pin id="237" dir="1" index="1" bw="32" slack="0"/>
</pin_list>
<bind>
<opcode="extractvalue(56) " fcode="extractvalue"/>
<opset="tmp_data_3_V/4 "/>
</bind>
</comp>

<comp id="240" class="1004" name="tmp_data_4_V_fu_240">
<pin_list>
<pin id="241" dir="0" index="0" bw="256" slack="0"/>
<pin id="242" dir="1" index="1" bw="32" slack="0"/>
</pin_list>
<bind>
<opcode="extractvalue(56) " fcode="extractvalue"/>
<opset="tmp_data_4_V/4 "/>
</bind>
</comp>

<comp id="245" class="1004" name="tmp_data_5_V_fu_245">
<pin_list>
<pin id="246" dir="0" index="0" bw="256" slack="0"/>
<pin id="247" dir="1" index="1" bw="32" slack="0"/>
</pin_list>
<bind>
<opcode="extractvalue(56) " fcode="extractvalue"/>
<opset="tmp_data_5_V/4 "/>
</bind>
</comp>

<comp id="250" class="1004" name="tmp_data_6_V_fu_250">
<pin_list>
<pin id="251" dir="0" index="0" bw="256" slack="0"/>
<pin id="252" dir="1" index="1" bw="32" slack="0"/>
</pin_list>
<bind>
<opcode="extractvalue(56) " fcode="extractvalue"/>
<opset="tmp_data_6_V/4 "/>
</bind>
</comp>

<comp id="255" class="1004" name="tmp_data_7_V_fu_255">
<pin_list>
<pin id="256" dir="0" index="0" bw="256" slack="0"/>
<pin id="257" dir="1" index="1" bw="32" slack="0"/>
</pin_list>
<bind>
<opcode="extractvalue(56) " fcode="extractvalue"/>
<opset="tmp_data_7_V/4 "/>
</bind>
</comp>

<comp id="260" class="1004" name="icmp_ln74_fu_260">
<pin_list>
<pin id="261" dir="0" index="0" bw="5" slack="0"/>
<pin id="262" dir="0" index="1" bw="5" slack="0"/>
<pin id="263" dir="1" index="2" bw="1" slack="2147483647"/>
</pin_list>
<bind>
<opcode="icmp(45) " fcode="icmp"/>
<opset="icmp_ln74/5 "/>
</bind>
</comp>

<comp id="266" class="1004" name="j_3_fu_266">
<pin_list>
<pin id="267" dir="0" index="0" bw="5" slack="0"/>
<pin id="268" dir="0" index="1" bw="1" slack="0"/>
<pin id="269" dir="1" index="2" bw="5" slack="0"/>
</pin_list>
<bind>
<opcode="add(8) " fcode="add"/>
<opset="j_3/5 "/>
</bind>
</comp>

<comp id="275" class="1005" name="j_reg_275">
<pin_list>
<pin id="276" dir="0" index="0" bw="5" slack="0"/>
<pin id="277" dir="1" index="1" bw="5" slack="0"/>
</pin_list>
<bind>
<opset="j "/>
</bind>
</comp>

<comp id="283" class="1005" name="i_reg_283">
<pin_list>
<pin id="284" dir="0" index="0" bw="5" slack="0"/>
<pin id="285" dir="1" index="1" bw="5" slack="0"/>
</pin_list>
<bind>
<opset="i "/>
</bind>
</comp>

<comp id="291" class="1005" name="j_4_reg_291">
<pin_list>
<pin id="292" dir="0" index="0" bw="5" slack="0"/>
<pin id="293" dir="1" index="1" bw="5" slack="0"/>
</pin_list>
<bind>
<opset="j_4 "/>
</bind>
</comp>

<comp id="299" class="1005" name="j_3_reg_299">
<pin_list>
<pin id="300" dir="0" index="0" bw="5" slack="0"/>
<pin id="301" dir="1" index="1" bw="5" slack="0"/>
</pin_list>
<bind>
<opset="j_3 "/>
</bind>
</comp>

</comp_list>

<net_list>
<net id="103"><net_src comp="62" pin="0"/><net_sink comp="84" pin=0"/></net>

<net id="104"><net_src comp="16" pin="0"/><net_sink comp="84" pin=1"/></net>

<net id="105"><net_src comp="18" pin="0"/><net_sink comp="84" pin=2"/></net>

<net id="106"><net_src comp="20" pin="0"/><net_sink comp="84" pin=3"/></net>

<net id="107"><net_src comp="22" pin="0"/><net_sink comp="84" pin=4"/></net>

<net id="108"><net_src comp="24" pin="0"/><net_sink comp="84" pin=5"/></net>

<net id="109"><net_src comp="26" pin="0"/><net_sink comp="84" pin=6"/></net>

<net id="110"><net_src comp="28" pin="0"/><net_sink comp="84" pin=7"/></net>

<net id="111"><net_src comp="30" pin="0"/><net_sink comp="84" pin=8"/></net>

<net id="112"><net_src comp="36" pin="0"/><net_sink comp="84" pin=9"/></net>

<net id="113"><net_src comp="36" pin="0"/><net_sink comp="84" pin=10"/></net>

<net id="114"><net_src comp="36" pin="0"/><net_sink comp="84" pin=11"/></net>

<net id="115"><net_src comp="36" pin="0"/><net_sink comp="84" pin=12"/></net>

<net id="116"><net_src comp="36" pin="0"/><net_sink comp="84" pin=13"/></net>

<net id="117"><net_src comp="36" pin="0"/><net_sink comp="84" pin=14"/></net>

<net id="118"><net_src comp="36" pin="0"/><net_sink comp="84" pin=15"/></net>

<net id="119"><net_src comp="36" pin="0"/><net_sink comp="84" pin=16"/></net>

<net id="131"><net_src comp="78" pin="0"/><net_sink comp="120" pin=0"/></net>

<net id="132"><net_src comp="0" pin="0"/><net_sink comp="120" pin=1"/></net>

<net id="133"><net_src comp="2" pin="0"/><net_sink comp="120" pin=2"/></net>

<net id="134"><net_src comp="4" pin="0"/><net_sink comp="120" pin=3"/></net>

<net id="135"><net_src comp="6" pin="0"/><net_sink comp="120" pin=4"/></net>

<net id="136"><net_src comp="8" pin="0"/><net_sink comp="120" pin=5"/></net>

<net id="137"><net_src comp="10" pin="0"/><net_sink comp="120" pin=6"/></net>

<net id="138"><net_src comp="12" pin="0"/><net_sink comp="120" pin=7"/></net>

<net id="139"><net_src comp="14" pin="0"/><net_sink comp="120" pin=8"/></net>

<net id="143"><net_src comp="50" pin="0"/><net_sink comp="140" pin=0"/></net>

<net id="150"><net_src comp="140" pin="1"/><net_sink comp="144" pin=0"/></net>

<net id="154"><net_src comp="50" pin="0"/><net_sink comp="151" pin=0"/></net>

<net id="161"><net_src comp="151" pin="1"/><net_sink comp="155" pin=2"/></net>

<net id="165"><net_src comp="50" pin="0"/><net_sink comp="162" pin=0"/></net>

<net id="172"><net_src comp="162" pin="1"/><net_sink comp="166" pin=2"/></net>

<net id="176"><net_src comp="50" pin="0"/><net_sink comp="173" pin=0"/></net>

<net id="183"><net_src comp="173" pin="1"/><net_sink comp="177" pin=0"/></net>

<net id="188"><net_src comp="144" pin="4"/><net_sink comp="184" pin=0"/></net>

<net id="189"><net_src comp="52" pin="0"/><net_sink comp="184" pin=1"/></net>

<net id="194"><net_src comp="144" pin="4"/><net_sink comp="190" pin=0"/></net>

<net id="195"><net_src comp="58" pin="0"/><net_sink comp="190" pin=1"/></net>

<net id="200"><net_src comp="155" pin="4"/><net_sink comp="196" pin=0"/></net>

<net id="201"><net_src comp="66" pin="0"/><net_sink comp="196" pin=1"/></net>

<net id="206"><net_src comp="155" pin="4"/><net_sink comp="202" pin=0"/></net>

<net id="207"><net_src comp="58" pin="0"/><net_sink comp="202" pin=1"/></net>

<net id="212"><net_src comp="166" pin="4"/><net_sink comp="208" pin=0"/></net>

<net id="213"><net_src comp="66" pin="0"/><net_sink comp="208" pin=1"/></net>

<net id="218"><net_src comp="166" pin="4"/><net_sink comp="214" pin=0"/></net>

<net id="219"><net_src comp="58" pin="0"/><net_sink comp="214" pin=1"/></net>

<net id="223"><net_src comp="120" pin="9"/><net_sink comp="220" pin=0"/></net>

<net id="224"><net_src comp="220" pin="1"/><net_sink comp="84" pin=9"/></net>

<net id="228"><net_src comp="120" pin="9"/><net_sink comp="225" pin=0"/></net>

<net id="229"><net_src comp="225" pin="1"/><net_sink comp="84" pin=10"/></net>

<net id="233"><net_src comp="120" pin="9"/><net_sink comp="230" pin=0"/></net>

<net id="234"><net_src comp="230" pin="1"/><net_sink comp="84" pin=11"/></net>

<net id="238"><net_src comp="120" pin="9"/><net_sink comp="235" pin=0"/></net>

<net id="239"><net_src comp="235" pin="1"/><net_sink comp="84" pin=12"/></net>

<net id="243"><net_src comp="120" pin="9"/><net_sink comp="240" pin=0"/></net>

<net id="244"><net_src comp="240" pin="1"/><net_sink comp="84" pin=13"/></net>

<net id="248"><net_src comp="120" pin="9"/><net_sink comp="245" pin=0"/></net>

<net id="249"><net_src comp="245" pin="1"/><net_sink comp="84" pin=14"/></net>

<net id="253"><net_src comp="120" pin="9"/><net_sink comp="250" pin=0"/></net>

<net id="254"><net_src comp="250" pin="1"/><net_sink comp="84" pin=15"/></net>

<net id="258"><net_src comp="120" pin="9"/><net_sink comp="255" pin=0"/></net>

<net id="259"><net_src comp="255" pin="1"/><net_sink comp="84" pin=16"/></net>

<net id="264"><net_src comp="177" pin="4"/><net_sink comp="260" pin=0"/></net>

<net id="265"><net_src comp="52" pin="0"/><net_sink comp="260" pin=1"/></net>

<net id="270"><net_src comp="177" pin="4"/><net_sink comp="266" pin=0"/></net>

<net id="271"><net_src comp="58" pin="0"/><net_sink comp="266" pin=1"/></net>

<net id="278"><net_src comp="190" pin="2"/><net_sink comp="275" pin=0"/></net>

<net id="279"><net_src comp="275" pin="1"/><net_sink comp="144" pin=2"/></net>

<net id="286"><net_src comp="202" pin="2"/><net_sink comp="283" pin=0"/></net>

<net id="287"><net_src comp="283" pin="1"/><net_sink comp="155" pin=0"/></net>

<net id="294"><net_src comp="214" pin="2"/><net_sink comp="291" pin=0"/></net>

<net id="295"><net_src comp="291" pin="1"/><net_sink comp="166" pin=0"/></net>

<net id="302"><net_src comp="266" pin="2"/><net_sink comp="299" pin=0"/></net>

<net id="303"><net_src comp="299" pin="1"/><net_sink comp="177" pin=2"/></net>

</net_list>

</model> 
---------------- Datapath Model END ------------------

* FSMD analyzer results:
  - Output states:
	Port: res_V_data_0_V | {2 3 4 5 }
	Port: res_V_data_1_V | {2 3 4 5 }
	Port: res_V_data_2_V | {2 3 4 5 }
	Port: res_V_data_3_V | {2 3 4 5 }
	Port: res_V_data_4_V | {2 3 4 5 }
	Port: res_V_data_5_V | {2 3 4 5 }
	Port: res_V_data_6_V | {2 3 4 5 }
	Port: res_V_data_7_V | {2 3 4 5 }
 - Input state : 
	Port: zeropad2d_cl<array,array<ap_fixed,8u>,config23> : data_V_data_0_V | {4 }
	Port: zeropad2d_cl<array,array<ap_fixed,8u>,config23> : data_V_data_1_V | {4 }
	Port: zeropad2d_cl<array,array<ap_fixed,8u>,config23> : data_V_data_2_V | {4 }
	Port: zeropad2d_cl<array,array<ap_fixed,8u>,config23> : data_V_data_3_V | {4 }
	Port: zeropad2d_cl<array,array<ap_fixed,8u>,config23> : data_V_data_4_V | {4 }
	Port: zeropad2d_cl<array,array<ap_fixed,8u>,config23> : data_V_data_5_V | {4 }
	Port: zeropad2d_cl<array,array<ap_fixed,8u>,config23> : data_V_data_6_V | {4 }
	Port: zeropad2d_cl<array,array<ap_fixed,8u>,config23> : data_V_data_7_V | {4 }
  - Chain level:
	State 1
	State 2
		icmp_ln56 : 1
		j : 1
		br_ln56 : 2
	State 3
		icmp_ln61 : 1
		i : 1
		br_ln61 : 2
	State 4
		icmp_ln65 : 1
		j_4 : 1
		br_ln65 : 2
		write_ln28 : 1
	State 5
		icmp_ln74 : 1
		j_3 : 1
		br_ln74 : 2


============================================================
+ Verbose Summary: Datapath Resource usage 
============================================================

* Functional unit list:
|----------|----------------------|---------|---------|
| Operation|    Functional Unit   |    FF   |   LUT   |
|----------|----------------------|---------|---------|
|          |       j_fu_190       |    0    |    15   |
|    add   |       i_fu_202       |    0    |    15   |
|          |      j_4_fu_214      |    0    |    15   |
|          |      j_3_fu_266      |    0    |    15   |
|----------|----------------------|---------|---------|
|          |   icmp_ln56_fu_184   |    0    |    11   |
|   icmp   |   icmp_ln61_fu_196   |    0    |    11   |
|          |   icmp_ln65_fu_208   |    0    |    11   |
|          |   icmp_ln74_fu_260   |    0    |    11   |
|----------|----------------------|---------|---------|
|   write  |    grp_write_fu_84   |    0    |    0    |
|----------|----------------------|---------|---------|
|   read   | empty_35_read_fu_120 |    0    |    0    |
|----------|----------------------|---------|---------|
|          |  tmp_data_0_V_fu_220 |    0    |    0    |
|          |  tmp_data_1_V_fu_225 |    0    |    0    |
|          |  tmp_data_2_V_fu_230 |    0    |    0    |
|extractvalue|  tmp_data_3_V_fu_235 |    0    |    0    |
|          |  tmp_data_4_V_fu_240 |    0    |    0    |
|          |  tmp_data_5_V_fu_245 |    0    |    0    |
|          |  tmp_data_6_V_fu_250 |    0    |    0    |
|          |  tmp_data_7_V_fu_255 |    0    |    0    |
|----------|----------------------|---------|---------|
|   Total  |                      |    0    |   104   |
|----------|----------------------|---------|---------|

Memories:
N/A

* Register list:
+------------+--------+
|            |   FF   |
+------------+--------+
|i1_0_reg_151|    5   |
|  i_reg_283 |    5   |
|j3_0_reg_162|    5   |
|j6_0_reg_173|    5   |
| j_0_reg_140|    5   |
| j_3_reg_299|    5   |
| j_4_reg_291|    5   |
|  j_reg_275 |    5   |
+------------+--------+
|    Total   |   40   |
+------------+--------+

* Multiplexer (MUX) list: 
|-----------------|------|------|------|--------||---------||---------|
|       Comp      |  Pin | Size |  BW  | S x BW ||  Delay  ||   LUT   |
|-----------------|------|------|------|--------||---------||---------|
| grp_write_fu_84 |  p9  |   2  |  32  |   64   ||    9    |
| grp_write_fu_84 |  p10 |   2  |  32  |   64   ||    9    |
| grp_write_fu_84 |  p11 |   2  |  32  |   64   ||    9    |
| grp_write_fu_84 |  p12 |   2  |  32  |   64   ||    9    |
| grp_write_fu_84 |  p13 |   2  |  32  |   64   ||    9    |
| grp_write_fu_84 |  p14 |   2  |  32  |   64   ||    9    |
| grp_write_fu_84 |  p15 |   2  |  32  |   64   ||    9    |
| grp_write_fu_84 |  p16 |   2  |  32  |   64   ||    9    |
|-----------------|------|------|------|--------||---------||---------|
|      Total      |      |      |      |   512  ||  14.152 ||    72   |
|-----------------|------|------|------|--------||---------||---------|



* Summary:
+-----------+--------+--------+--------+
|           |  Delay |   FF   |   LUT  |
+-----------+--------+--------+--------+
|  Function |    -   |    0   |   104  |
|   Memory  |    -   |    -   |    -   |
|Multiplexer|   14   |    -   |   72   |
|  Register |    -   |   40   |    -   |
+-----------+--------+--------+--------+
|   Total   |   14   |   40   |   176  |
+-----------+--------+--------+--------+
